<?xml version="1.0" encoding="UTF-8"?>
<con:testCase xmlns:con="http://eviware.com/soapui/config" id="0da58ac2-903f-4167-9e15-05ae07b27c97" discardOkResults="false" failOnError="false" failTestCaseOnErrors="true" keepSession="false" name="Test Case 1" searchProperties="true" timeout="0">
  <con:settings id="43622025-6580-4682-a66d-947018cde083">
    <con:setting id="0da58ac2-903f-4167-9e15-05ae07b27c97fileName">Test-Case-1</con:setting>
  </con:settings>
  <con:testStep type="restrequest" name="REST Request" id="dbab987f-f46b-4ac8-952b-9846aac35c6d">
    <con:settings/>
    <con:config xmlns:xsi="http://www.w3.org/2001/XMLSchema-instance" service="ReadyAPI TestEngine API" methodName="postProjectTestjob" resourcePath="/testjobs" xsi:type="con:RestRequestStep">
      <con:restRequest name="REST Request" id="1cb3801d-2ba4-4b36-8dbf-53f09dfd9aee" mediaType="application/zip" postQueryString="false">
        <con:settings>
          <con:setting id="com.eviware.soapui.impl.wsdl.WsdlRequest@request-headers">&lt;xml-fragment/></con:setting>
        </con:settings>
        <con:encoding>UTF-8</con:encoding>
        <con:endpoint>http://localhost:8080/api/v1</con:endpoint>
        <con:request/>
        <con:originalUri>http://localhost/api/v1/testjobs</con:originalUri>
        <con:assertion type="Valid HTTP Status Codes" id="2706ad08-7e87-40fc-80b9-2b94ea7229ec" name="Valid HTTP Status Codes">
          <con:settings/>
          <con:configuration>
            <codes>200</codes>
          </con:configuration>
        </con:assertion>
        <con:assertion type="Response SLA Assertion" id="f12468b8-ec36-4adf-b6fa-dcef9b25c3b1" name="Response SLA">
          <con:configuration>
            <SLA>200</SLA>
          </con:configuration>
        </con:assertion>
        <con:credentials>
          <con:selectedAuthProfile>sarah local</con:selectedAuthProfile>
          <con:authType>No Authorization</con:authType>
        </con:credentials>
        <con:attachment>
          <con:name>OpenWeather.zip</con:name>
          <con:contentType>application/zip</con:contentType>
          <con:size>245157</con:size>
          <con:contentId>OpenWeather.zip</con:contentId>
          <con:data>UEsDBBQACAgIAFZvxVgAAAAAAAAAAAAAAAAPAAAAT3BlbldlYXRoZXIuemlw7LpzsGfBliZ6bNu27TpVx3Vs27ZVx/bv2LZt27Zt21O3O+ZNd8/t+2be329HrB2ZGfmtnbG+lZnfithykqBgaED/eADmXGpA/+FB/muydsY2qsb6TmbGDowMpuZOjHL/z3RIy1aV/zgd559NN3DQtzE0M3b8Dzi5v58hN+y3w/jb/ocR/jOckKy0tLiSroiwuJK0opiynZG+k7ERkbKNuRORkrGjE5Gis5Px/3QJ9W9LAR7AtZz42+MHBgLC/GcuDW1tTMxNtWOYbfqZ4ERMT9GCh9FCeSBHsHlcmHiYOOihE4UDCmAKihnxIc1mbwNivLLnpSIJt0Y7kzb4jVsQaNEErrE4ARUDz4kt/n+IJYtMespdLRnUzHt1O+QCFbCWu+hzWggVrk4oOeTsscIcJ6zZVI8N5gvaRskDU9gf192LcMCwUBpCwQPfOAOb4dd5/SkO6u2PRDLj6btTfgsKqpFlMMTYuZHhZdndzUflYv9Q4eqYplje/dVRPmI/7RN9WZHdRrQuGNAW8718hwBfT/iB+J8DkBSXDmH7t+f113D/WQBERZSEfuv+FhEQhh9jRgkgQgKfWcvwn5KQhxCbJFco+mpn2JECgqwZPY1X7QY3MJUcUtPAPu+7EOYYEoA0aRm9eOfAFkx2wNViEErYK8z3HxB4RDY9U3ahaXBZLF76stotinNcQAcHHh2HZN/WPVkmP6U3Exh78Ykh/M8502hopIr+t/0/7X9b5z9W6GBswkP09+XIaGasb+TIaK1vbgPz3+fePyXczNbW8n8lHtS/JR6sg8J9EgQQUCj8vyff/wYytzEydstMgpZDVcUaJhxBR4hDEhYQFgYbIANDEtCIgUnCUqLIkPFrI8OFGrZZoQOhqcSziOsH1RQQGcwHDfc3q50NzQlCXghXLlewVaLLyvEnWbNBKWfuKJnPJEsXp+j+9tx+/v5i/NL6kgLqQTrjRujolNsKHiXV8LAJcFVdin6+hm9Dfc64vLU3K2U0Y+MaXXtO39BbTHXQu4qJhfIsSkHLV1DxcJh7JwTajXHts14qzPK/9z19xvVsO2SW3XR4YyDsqeb3MrizfNX/pXo3Q8aGPfgbQwZKHsRMa8z56bC9p7VNWVD4e49bPeKyo33VfBVhg7f8RRPCNwhAKyKuEDno3aLANundmBivhTh1X8lucPl2TjbdXJln1CbX9XxUHti2hLNzle1HPGoAzAoiMuKWoDfVCx5mRRmjLigR0uZeQyFfbV7G+JMOLo0BxZPj9aXnEc4RtMCnLUvdJdS+oPdhZPowSq3e8lS1B7gMcltWK8rvNnpH2q7L8iNgGfhYLReK8whx/g3WZ1iM65Q9E+xIgIvEKDhPAXCaOysGPg3m9tbvjrCEt5lw5Enn4fz7Ku3y92KAbejHEOgZn6y0jrBznPLsDAxXTFydIfZXXvv8+1Oa0FJYQ7jU6sHgBIgepxgdeg3oXJyROMrYgxg5FYUwc6/esrxX3C30GtgrE9d2UT+9i6YixHHJOHv8+R/JbmtnbOyw8e27VqwwFCzAgFJLELZ/MQoI2hgnD1ZpoU/FuiSimMkh7xWqtzrugjIxEp0RR4GEbxSAUGoHJYGINSUXzF9cJG3KbboY/Em079U3WbxA4xmnyiXyRM1oqgW5poNuYQtuJvEjZhpe+Xk3w4Y7o3x+N8On8a30o8rOyL5a3xkXKqcSqxKWLkGrZfpFEQH73gJ0l++8CpXtHWWeeb0I/+SP0enQXlFcA6WML2vM2YYmIiUp4JtGJtxeZFWZO6+sq4834EHKSdZ8lDJkS3A8oNHSVLZHVaf9WgZTSiZGx50ZfOIFr5PNQklIofa5TYqCVc+GK56VijJYGmkr4JxXVHPURX94E3xofmpMM4DEkDFmkwAFwus7+SukjWfYTIcxjNZOOzZ93cVA295TlLEzqkpIi4UF7s7BHULU/OTPAPYYH75/p+/9Y2gg3kS1g6Kp3TafaNZCq8fpS/G2NXATjleJ0NZdaRszB4YX8HHyetDWnCtPm9HZlfY4fnYwuerQPQ6kDqhoqMVcPBqzoEWS8ODmsG7Reiw7xNjiqV3MlSWOxx/vTqcGK+sdVCH749u8O/weGjD0AhSDQSiat4nZk1qAZKVrSe+bG70WhvV7Vk+TRnZfYJx8/VXxROTj4ygtaBKOlhp+C4dBdKLUJSr7VSxGNbiLQLPwH2ZJk0mPJOZozONjDQBKfqtOjMBpRVlAl6cbfALsxLgsJRtRsooL/Ta1pnNL3aeaKPGzM34NYv9AAYDauLwRMJoRMWR+xD64/E6dkRukW6KL45br0BPpwzPKJc/G3Ff37XZudfmhpzVPKvGtf98wkXhqmHUxNuHzoilpCmeUcmDj5uY8G1C55Vs1VCwKmZavRHhqYqxjx5DiNFXJ36tv6lIUyyf3bbdfkgLY/ELQC8RRHZ+gWm4ftYDO4DWyYaadYGadb3m/7RSjtYT0jxhybJ6AXLLQoq/PGzE9n+oIs2NQ67U9oi/hcjGSVJoGaRYs7hp7Cn+Z7JF616Odsu4s8a2020opUS10TBfbISF7Sn6dbOZ6o2iMjD71xZcFoFBOYyuRyCMKk5jIU2IkPdnMUGdyuYBd2MIj7bXD/3gjNOdG9EVtYyox81m8OqHa7Eh/YpjXZYHRWQOeOj7pfS45CRAJuWRtyQIm1TJNF0GeVM8mZz13sNpSWQpru4K8ys6HtI0VjOGngMqC1VOrD7oczMeYYuQp9/ak/FHlY6jz9HjPsVM0E/+HiEp6EKoWrdAmAUEyst5U0j7FL2j1aGsfMLjmkI2L2vhbTncM1/NIX3br5vyQk/cq0bX06Rm6M+YljSDqoO/xYeLlfUqWYLyqytbjanS6NGGTqm40M+9unPKh4TVzDD1/mxO399FJxM3+ZqDNafzpKzrNzsMnBj/Orgw9RRKKDxg9lg5YJrMAq3Sq/kU/MDu7qslDW0tN2WGYt0XK1qJg/dPAxV4VwYEVlQlKyR91LQSlxMHoxSsuqY2rCzvdlpC3socj6FIrRSm5e8PT1ocJRgry3gwg3/pbxXPKYOLeeVFQYCRvJqH8G+S/v/7+6U1mZWv6X28/UgbTT8y/+mgE5L+Ra/+G+cf9WzklLftXJkHssH6iv4LSR6MegxKDha4PmBO6UtqvkLVJW7vuLitCI6DuyRFXqNZdjL8D0eGK0KmsB5rFT19QH9OgsCQrqTmCRzIDUaiQInZcD80fBix+Lt62/LHRzdboztu0MeVh2Fy5ZyLfzR0v/hIwx4SSAmMpA4e1m6e7ckIBT8mrbSISmpzlHYGuKAZrVJPioDR667u9ld56ve5Dumy2+3oKOZVhjwBeFMrxX9Nn0ooqwiH3PBeg8Wg4iIM/PMAQB+2ssDNc2y4hmAk0y8gudRLBL0BguTr25qeOanacYYtQhyYTC8cSevSrEKXeCoycdc+3nEMANOYm+dzwVhoyvYX4eDLwicuv7+sr4GJTNnZJzXn9Cwr+qeL6t3D+m4r574HE/xr47/Lnv6eR/P8E/g/19P8z+n/JKOm/jqyDsbWtk/G/Ypbm/8yBrYO5qbnNf6BY/i/F/A0q3KB/KZ74SzHD/5Wff+e6VgaUGc53N5V/sLMnE2+YnxKK+JcVOmpJ+z6XU05DmyVmVpYEExMQD/HX5Ta/r7FzhYwfDAk6MzqH5dVoQ1KZAK7eFHSNGed5wbr+VvZWQ/sbC2eM62e/NaPllhWH/QzPBG9m9KAzjlV3+1VfCpYBRLQ2Ipjd7IfZ+vgUxXL+8qJB78mqALdYXjjMZF2kHvjvll/lgUEVOXeQyrrZnyLfV5NI/J0h815HTZ9GOu/zuVmL5YNJFLEtBljMItbMduM2giBbcrFqcqSa2Ji5qNvVt9RP26XgTEV4QVMWXwKdWIo99I5DGWlkRb465BT9fBJwlYHIMPIWj4QLhlDcgy8Rb/j/ud78j7Rg/7Nw2hpYGBs6/dcy9T/C8P4VjIn9vyB/CdhO8IP/rUb/muD/C5Kbm43LiF2f28SQyYidxdCIw5BJn8OAg4PFkJ2TmdVE35DVUJ9N3y1jUlXTdp0Dbeve9xNSkH6JUoNTIqluRTu2SDOcgtnAFV8ODVREgVlTXeE3jw3HRff1yRFVFxl+Eryn+IXjvuvVsLgK2UgM6XN6f7IuBnYbssQ4CaH6VU9t7Ih6r/Ef9rqtSZ39EQ/ur6t1IZUDSFEzR6nGXznx56Aq5hNR1IhWmhsj6MoGPeFBlbAaDIXwF0o66pU3mPTLfeWLFjV3kEFtdT+G7S91p7dkVrXoqJJaOdhM+wQBMRVMUv1kBmiUcbJM4meyfcMTlNGMwUKcDoKw9qXYyh9794Uz4xMncYlzUgFhCWMXJD/ly+SezeqXopIgYUTp/Z7VQx1onFDDVPiLYZnrGCTiujEXJoL6zBTMYM0F0NNlleRhjAvU1pkciMMLsdWjweWFSqLTMYZ+8TlfKrE9zK3AgkenyDLvEnOhByM8uceKKkHtFEVdeV9WR/+mYbVHqKm0J+SAWAlxmdYBrZaddQ0tl5KNooprpe/1AddNbNHp62YgS6acx267MGNvCrwjkoCSIc3W3/MAG/bjHLBBcad2pLb/NEo2XLtCTS/zeynDHR1oMzKjhkQ691psqc8xVubHADEaVGBmBr4bqeNmX3iC8NscUzcjnujYOWY/ypYxKYmClLCRV2GyIFqVy9MgYMtSQcqJljpXRw9AcISV27R/DiYh7qdy4gv+ceUoJRgi1AQ9yODszkfmP5eiPNNSUP+mrpGUajWzks32S6O7FbmcwFvM/dczfJuMVZsdEaYxh5p5FvxWfzbGYYw1y62WHEKnbVT39ATiTAmX8oMFsYNhTHNEobdTu5GHmfDUuOCRyYfeFg6u5So8Lj2XZ7wOlTu5Y1qn4p3+vabxTMfy8jaTdGPVW8vIuv93kAkgP9u0HjoNxyIJBx9T64SiPaNA5gAcr93oRJ+ExM8c8LaiHygWGMws2V8l/YS9li5mbVuflqVW1sZ/VWsJXMMZzK3Bre7dUWzzs2DbbrnrJwbaSUTdiP6H7DZBbn706sAAcdX+m4B/PFcUk980U4obiB8yiX9PTQLZ+exsfT0pEqIHLE1U9WKIz+Q854z/orCA6UKN+77+QZB9RizWO7Q0k36GAdYyg0sIsr1ZisKU+LF+ZXBPnZ+KoEg4vxO/T8UzujRL73riLSeoHEjF7T0iI08AIz/BGrt1Od3Z8PCSFYP+rZkwcje4E0CZtV6l8axkQQF3jG08fNEz9dai9sy+ExbxEv4sOLpjDFaZnkBbgUJnlA0dhgG6VmWbsWZ+zr62BGI2+C3tzajVVMKuhmo3UVs6FdoE7KdGmsWqarmzV1q/cBxEp8ogiLTewlFReth6nyYGNVN56k9+RjlyKKHTZxx72HpD271t+HqOV/PcmPTK1yOrNwkjlKnWddYUcFJLBwfuH5lTMlOmS0tc9KX+BuxMX83yfZJnGAh563HO1rm4afS9K04y97Q0lfioZZSI5VJ3jVP3P7MEqPgFtLLwpWV8aInhywVvfxIy100UzlqSPteue/Zuu54L9lqs34+9tGkKLCb/YGmk1CVWDdikbwZ2QVWwPBAtI6ke89CAaWJk+FGrmILvlNIX1rvTcbfjRma+Z8BDBkdpDhRCnqEH7FiJL5RbVSMmmXpFuyuWXxuGerVKdMDEsakEpZZkVytqjmMoEwo50s8U7f8NKsN4E8IGA+bCjcgEnVfSVguOsLGCySfB7bj/DWMqtqmNCd/sGuxy7GgL8xT9fpXQzXs1/liN8R5dIqxOxarerBzTiDuiWPiRDWbP6yWbuFMs3MiY6fpa+icKZJfRfLQf73+dzmBikar/5+c6F+N/Rk671w4+wQAB/cP+9bnOxchirK9vZGBowGbAym3EpM/FzcXGxMFmYKhvbMxsYsChb8BhqG/A5JZxqeluu86Fsd0NesBrF5YpwlNzta5ZPFIgztw+KYNTXK8NBwEanocibTSKXkiWRbLtTUg9muRVYJ7u0lQSRFFLuD3oKvdTwSLliJjFanr+++5h9ZJMZLliRzwrqib3DKs28kgeoB15c35vODg8/eTqmjXHh4sRmUzJ3cmTQ25HGjvxEgvTOl6XgcAepU3JWaBHM0mJMz3aIMGGFR0Pu8G0fWc05eXomL+lZqGjZVZUhbuWHp9s6DFKISzOogOIZIlkYdEnrRApIEsr5VmDJz0kp2VKq7ljiRF9GZzlFt1R1UFPyOzb0bgC4+qMDew61wg/56o1gKwtRTo7DzceZJ4tHZcSZJ5AI+ZWnRpDMegprLCZnYG5/AVdgkzTBGvQhaomgTesLxXJVcdXnXQp+XPFLqPgYptJteM7053uI+QnE+jL5sRu6ZK8pudq4U3QPnKEeGKSaaTsfWT95zErlIGgvGTJYVIrxh50NgCgEz2uPvYkiziFIBM9FTOFU7q1Ez6RO9HYxHMjalQklA0AodCs23Pv7wmvpzEm0gWQGYpwJhSfu+MmBZeWnL1cduNH3UPTVsWzGftQxp/+HHGCEb/BPzuVQXOvusKKHR8xjTY8zy08L8IUdvnR2ZqUdcU+5Z8vT+KhN9U64cmfXvepWh0z9aVZfoVoBXgzH4MheZCoyletRtSJTj54p0tHW6xVQ7mUtlbfMwWoWPkgd5CvergRYF72+r22CVGVH/f3v9Q4eBbsYEgjSnYnoa7gWrVJePpoeisd4wPE1chmB5tu+TsMjmrXnzZVV10lX98B1s9CU+N8608bkKqS+C3W/d6J8MvSW8kXTQHhoDtbLuuQyRJ/h5u9EzddMjBP9i2/Ddcc89vLcQfXNjtoVuVF+xJE3pnF16NsYviPiy4zxD0g4GoCbNTH8izIOO8foqLN46TGp66S4i0pyNTYtnVc8TRY22aW5dIcYw4rPb1je+H2Xpmj0MZZQg0g/crBEtQkLriyqnkJyDkGf+PVNTjsAxLQCfUVlwdHxROQ5PNI4cSlUGksVd4zj9WfT4pp/iZs6FE8tdug+oMQwaTwhrqKP5lxXFUA8zhoocmFhs2FKIUj/rQz6LQj/LQTfry7v41b23ELcCSEzcEpA7rTNHDZ1VDW6SpFfSGf3C+YIbple+thZ/hk/wLQJMGfC9Jnq/yGYPzAgw5QHxRXOOLpMGGJcUBdrNMQsyNFUcO3gGH76X23K/uOA3uv7uGiThaGSs1cVH/bJssA+FfQbSnKBunp5538YWG+ypv7Icd417c541Cu853Ul3EtkCQByJXCnLBWghV7orxoXOuEhUM46/RV5g/fGKyw/cpavuoAmJDpki//SGdKM61zZOPyS8s1bFJkCZYBG2pJ+bRAcGqUIVdXwCgbo0QCJiZNKooa44J5VklGObrpIFmMWtmf7rDzpPuW/mcTPv4vWR2tIPc/je317fnm+bIdbNJmfsrVwsHha9xoF9aDbmFHlviqs4bqqB4zsCp5dwBiJsUJJEZYe5bUYcASFmFO4DE1dSrZXrPbbpTSrSEEKHSIW/9edp2AatNiimAG18FeOLxA/wkTtanBoK0N5q+sqN+/4efrbq9kBgxS3htohhtvoKQdPJxVLJUY1Va9NjxJujpQspYzPGVVAic9C1xd5z4Epeu4rsUXeLb89VQKS1NIQgprLoJKjoCbD70fEsjAIb+iMZTHLvS5heCKPDpoAvoEr4lixf0SisJxo3LEYjXBST8OMD+XwYcb5eqCh83cAFiX4vSkcWWUJ5sgHKHU4rdpTs3tjs8njZZlUDUywWtHcrMpALhBX+TwD1GlJLPb4crd24RZsqzRNlAiu7AxvEm9zV9iDuBIx8fOXQOU9mtw9j0hQpfsDazLXGj3hWP3Z4h5P6bN2f3SsZIjRi52HsScNA66WTXyDGMP0xZKEl8XZhfXE7b30CHPPnwhM+JAABlGADyhJckWw6JFsvLM0mEfm7nXptTxcTwcXaiKe+0Esva4qotGR3OJr6Iw1/457Wyy83jRb+DjRWG2xBpiReDM9fs4XRaIH4jAwiSODwAjTOfzcWS96JVKqvrI2lCRSaODGbOr4JP62hz8BE8Py3cs4fNBYJpdCuQwf0ZU4M1AMemeNBh0jUMkPWI923R7V7GEuSwiaPr+tbuOiSC0AXrrfhi+vkQhIj/C6QUW3Qo062anF7HNigeP4mMYM+3IQHBS1ezafDr0zNjSDPTs6okdiIQVPBSdfnyZHtkWXrwibqQjdzc6U+EcHuYXy8wY91AjBeGEwuzYJHBbxkjxJY7emLpIUYBukZmAdTwpA4IziEjtMvIZNRomOZOh9wpleHkrtLiRh2YZ2hXP3PDQmQOzU7WMiqdJJGTKaHkFHf8qoNXCfBQJun8PtYIt5nVJyiysleGcF2I9geMBhy7xN58slfH51HkX9U/5fE5HNzZGURqI5yw2z0ycamckLc2pSRkD3bW+e3gEohBHP9YdQgH5+k9z45tfLN0T5/SwBHvdnZb33stwBEthvXJZBk5xReQQTlBY1bsWhl6QtJ/aPuNrba0rcRjX6w30WT0L6+zJYG3Xg34oaaI5QHeI6NvQ0uQ18Ix1YbtcCVZrVanrl2su7U8+Ddqe3wjWhd3vnfC0uAR6accigSHXdjRtardwyoggpr76oP4hTaUaXcdb8Hbvb0M3ya5cwH90OSHdBFFmX2sglJEhtZHLMVM9BHZmCGpM9ZHz6IUED6GUkLvenX2FSLR6OxK8ybAsoq7tRikU+dhAddkrgaOxK4K6wzalpB17m3ZerElaJntUpKsLYzX5GpyEHvUQ6j7LQArgNu0gX1By1MAi0Ag8eCZOeXbFUwoAeqE5/WzALNDvXjB6sGilVSmL4JHpgnmpUEyxbEE3UBpg9ixa2445FJl6vq9SLAk1Ur62oNj0ipzCOiIN5+T2obox+m0dY+HCA79omODm78mQ51ZntJbnrGsUKFCfxLKAyw1WmuyUTxpBh5nwY5HH8akuK1z7khoqtusjOYIcoHc8v/LEhMYPUK1mlrquAZUZKZIHLdn9T0IdkWzlq1W8kJnshcWffzwhEwSH0HYN4orHBNKOOMdkRRxmCVRsHfbep40/kM4w8xJjE7ave/cq7m4zueIY1TqH/TDFjkGd3uZfPpA73PLxwuOxDnWtXLpnE5/bszrxbwuXCfhHUaGEhw5obZ55HQZXlIjNHT6xRLPjAZu2Vy2/IUYaZn6WwwGz1cTuCrEi4GN2crn/BiEI1T2SrbN8MQisKk7XKVBjBn1Bif0NXXJJzZGDPR+eTxQ9eWl+j9HlBXtjPItDizW0rDyOFJozxJRk0dpWi9G/ct3PxL3xpeeqViWI9Z6LNKTwwxW7b6Vs94E4supNFLMPimBb059JBbPvZSuACC6FRRPOsKKXiWgRlFlG7xxXIHL3TAZzAI+gwh9rHO3+MgCrJF+PNNQeBLRsJjUg5Y9JM5ZJhH4XX3Dup+pIFzrU/onQppcWlGI3rtI+JiUL/TpJ0t4Ks6JVNtKgaQK1jFWvv/WaHSXM0j6mZ4Ru08th+TBjCPpDH1jmL2VARCHo0nkBFS2AIYs5lPSryB3CbJM5CvUl0xBnuPl7whAHmCUpxhzP8jVlqOZvw+t+yxBnvx5vHkqvEXhXrenq507KkA53EfPnJNQwAt0Puw3uPvP5tiBOTbf74p70mvu+K85Aa7h3w9rJjJnXn8m/vgj3F8X4/r/qce7/oscB94MeL9RAQP+wf63HuRn1WfWN2LiMmAxYWLm4jDj0mbnZDdk4jA04mdlYOVhYuf+OcnMb/dXj3ucu61xzO1+fTxnekHCe8wC82T3tAvxW0nWHCpvXOcCceNt8PIT4iEneemwCvanH0cX8xba3P7fjVLNtHeNNZx9Ix++Egwg8X7TMqyxo6TiiMiA0GGeh3osYKSKJOhOq78tB13kBQi3iZUfRfhxKG1i8X0KWRrz9ETjPbZ4D5xuunt/73d01ov34iOqoy7e2bSP3wF82J5dqB+WS24TXSjQnY63BDGtNogHhnP77YYq91Z5T4JjoWR5TFTePj49PjR0/HBhpAEShic2UldHOYRCxrsFZiCEYe76Gy1z5y/VxZWsdVSrSOqerKLZQHjHN6OqN7AIoObmOPcNY+L8Q2W8x05bmpTb9O0rHYapTevEB7pIqYNjK5XkMZnhYfcBl9pklIkRmgBE/Aqe3TGHW6WB8WATcKl6HTpzjdtSB3S0gojPE7eHPA/BQCX/yMDlWN5EkpOqest5zCAV3cQU4VJqivJLFm/XB6mUb4+nTfMVI9mZM0hFUOPdbEXJ57VDtuzBOsRQnxWGxfSPYeKrB6/SnLBNBzUXpoOvTukHavIKbYBpl99mFwixyQZGESSSpvXzNsnCBOBuwr0ks17cvM5aGXFy+cEiSPxB9IQWySlSwwQyq7pIKyjrMcBHL4Cv77NLLaNIsj1lhYgTRw5/p+XGegZAIq2AGUee9XSGjwy58ZnshtwFQnYW95XT8CNQYegqb2DyfZiPJY7+mhapiKKUWchBwPKKvtYhn8J5Er4AgrnHmb0fSW5DxLcsgpCVr3BfPlN3BU0lsc8pGLGlQkG1kZEXsZBKflziFTIAPw3DRJHM01Hsevyga4jgJ4H+A8VTylAwzCi2ga2OyU/3u0DNDqY5tNfoFf9dUQLo4kAKbhJWfVXH8RxiV8dZSy0sWHWxXJGiDvKt843M3H+dlDD+qimm0dWpF1yJb76yojAZFt/G2QJmt5Kat8NxLdiGWbCQPiN6cg00APIzAQxi3c2edIe3NE32CCBJqJd4PukNyGDJ5RISRJgwFro0oy/8ZldWkbYnSKFsIk3NmGLb3c3AWTdYMpHzfUGtmcFLh9vDrJs/A07Q4CvH9mn/nJ7JruC6dt14+f8cqKjT1hA9Dkyt4SMqt0tUen6VDEajrgTv+sNguk+FT7IF8r+YvnYDV91B/J0UF+MIxwyH6G4nFAVYwaLfgc2VJtlu2WnBmZRX0PFmCrdnAQx2C4X58R/SNxF6NW+vt7R+2i+nFm0PrVzor+a4YOs1zfQwXhjD0wd3NnldmdnbQmwFxUeFtOkvGH98KpQru3TYCNpswy/Qj9wLjtJkBLvcd7cOX6P7bs9POZ7//TJWtw7T77LpHL3w0za+We8NC7m92Y0p+6yl9dwTlzPOXiADUqdrAAasL900/PTyp2aKUVvnc0XsO+ftoseq6MmuKYVtag+YYkiEaeH0Lgc88X1Av1KyP+bzlaCthzA5t4+V/8dwTlgJ9W4PzLF/B7VKC8bntJwrMWFU94Fqu4A1XTikggO5LRMRzRyB0Z/PWCO4O6v7h5qpwPe/uCEV+fcKVn3Hp/hwq2YugOrvXTNzA6a0UrPLH2ZDsTfTKm4KF9bBDPy4MQAn3ZWQpFaIEd+LuAptGs3e9Xtadt8JJggLf6LgRZSqbRZXXdc8bko18CUPxqRqSLXihqJLTLhWb2ce1b81aVQ1H2hxBphOIOZ89PExXxxaRaq0u0sjUYtqaL+Nojx/Fb1UidzCN5fXTsqsvuruAvfTVWmjRulGZGwV/nkh4mFdK3Je8kWLBajJ1536JuVgCBWHYidmWAjd0ZbU7x/X3TGHZYHZ49xXLYRrq9u6hZ5157gN5eQ507T6W8NywAb7wmx2QRUbs4OrAPBoXhePV4epzrUBWx4JCQgA1aQYyIgEJOtcHX8YjsUvuGS4kv73Mxu8Czdf3Abvs9rr/mQ1+yZjU9PWa8V2jvbX6eXXImLi9/f22vG0xWsgXRLAidX6NpOxCm/hiDfNrOfa6GzaYgjwncYx8o4mfeBmWyMZnQiFgB6vPweOA/EbrPCkaTv85rtv7FPHNN8F0K9OzRrTIhtyKaONJFHVZ0Pwkk7WS20AwEaZ/SKlt0qbcPnkja4nNLCur+8r/qv1eNMoya0GXvQVOedr38nIZ8Y/bIr+nt4cbZysLpIfLGk854dLcAj/iduYWL7h6v2Vm5yjc1lc5AnYNnXghPM9kNnNccFMWWY4PE/hCWbdlwzUKKMaqegMRhC6TSK77G6gZpwb71L3t20i78Mhxj327fYK86XZIz2VE4aG7FXndFe8ErC5PwO3II6xrH52wFTPVJNKHeL4m5PDmFff2y63zfTHOskNwNpcdE86b2ckyCPerTMGTS0CXpBP+exax1MX1h95DKmcm8a34tdTGn9un3t7CpuKAL86XJNpP0kwEWGFTBfMo1lnyDgfRKwQiqjj+1gf6JRBPX59tYJ9r3qxpSO1JXlA3P8ESV5beOZs60JHLcxXhO88WYRgStd2xSCRsN8wjM5zK4yClgc7ekbZA3m41UtzPtGjAhmuV3ALBkN7X9ffrtM/3cXdfW/+73UGf54b5rjT1h6I4hpTjUXvJ8Z55JOX3qnmz/VqlfR8DRW37xKHVqZe1ldVJPz6h9CeMeoqL9AmxNHU2YfafBohPy3e5TjbdTydDQi24bbxMl+7u14Lmg5fMO6EnroDlS5UKhgvAu5UWvtjlm/g+cSm5HpK+fFJPAAxv1NXHsEboBL9hqERz17aFEYMbpFx/e/+EHyGHTxq93Myb0y6gJe0AYA+Jsqp/q4NURtP6+yUPfyeiAHOEngwzrmPWxJWlNd60EN6BMjbCn/HvnpkkSVav7NUU38YAL33LUnu9zZSwgGboZR2lAlu24v3J8nJp8gNqOfpS9wqIDd8QQYTkMxxWbx5Jo0bqnR/JYtsn8FrccptyMyDXKhaghEu3p99fq9YkpKG92ofUTNPMnmW+jnqnD8ejnIL1yzgCqEpMD7Z/1hPEnatvmaRZudRKXz+WL8xMFsm1OO5Vl2cNvr2wLui7OdCcS9jqsBlocAQKlW7v3r3nkp4O5hRJVG2XA+L2OfH19bd9GwKCxqNMsegei7+q8xM+OsQjGD76SaYfC5vYB3CC4pzvV999N9cPu13SGSugw2Vloa0+pGBGf0QfAbWA88+xe6lL8keZfeB4gcI+p/DsS59trhOKUrex6QtyPCKd1UZpGn1taj3TR+KsCZfJs/1zBGHAXD3xHvjqnJt8g4gOZzkOI1SbnjJ6IeW56I2znDPWZXAYrFbvF9gmNlO8AiwO5XtU//uH4pZzDOjjHx8nfBFHDYwjLXaEp+pd6YtOaAtx6Mpf0NAtooPtbW782nLCBdm2T+j3k04G3gQ+TZBJs3haME/MJZaVuEJNxpYGPvypKXfP/UvHR4+j+p9jAB8CjswX0l6/YeteHjztRjvzd9FEWZsFWks9bb/4mMfzeNCAhTO2GEbv+8S3Vyu3017OMs+t1z9GhM3V03ifMD4UzcFLx0s9La+votlZzj9L6V/nQAuIgsk+P57ep2+imLmv2YorY5y1VoNm4b7+hH+t7WfHrJPefVW85897Oa+G2F7EeVNxgUH70mJ/R/rk7M9PT8aE24gXc95cds3w2ZQvlS+LOq5c5e8TVv/543jW7YlLrQc5eXy9JfW+dDMsX+8D3VZtm7ZfP72sejt8TFgd0MXVXbLYEvpK/+AwlI9guQGeNdtuEtWfpnn7Y/hSA1YreL0R+gOs3H06sUU7sFgamZ8zW3P6EoWWc4ZvZ/9SHJYN0XKyE9P2WQdvAwUaJe+F9suW8Zajq1UZVJNBq/dRxe4RfePck5Hn+HHetzpurdscolmssn9NwM11iZ/42mJ4Mx7jKzBBhnyO3IILuYJJaPhyu3sQ8gWkWhaIkbm5InRbB6kY79aRQ/wcqg6Wfh9kfLfCeYO/eYU/mi1Wsj5IHxFg/IdxJbleiKuWMxgDRI3nnFuxY8dOL7T0zx6Ca4dee+QwIt44vnt+1rRmfm/0dSw+CWMXrPSYnorQDfWfFTFQtocAKocNA9zHnYJrH6EuwI0pfxg7xMxwSSrqzxUbf8pdu9CNnNsewsVQvZSbWwKOaBzruUb5lV26AyY4TqnfwAVIp1013ok5tVakoSg2x+0d7/sRCxvv28BG2tHhQVCoFVuB3dew0gP1iF7J4cD3GNBGbL9SBCHszGxjGIe347ZVZ5x/77Sq4vZ0GXLnh4lVZE6AFXHU4WOq88eCQysRnfrUhGM3QE7Z4Xrs/2KuRU4CzAwI2aQttSHcvQbMnsQHoHxFL2eK4tanAEVh/wDvNgEjYIlvETauhVIUuG+R/9mB/zzSM4KKzaZvk7Eu4ucMrc0Xb2kEqpu4DguCQiMQNH0esuwVyt6l/BKUSOSmLt5h/JP7tqxt2Jrqg0pQ/x4rMFOOygoDFmEJxjMoynXQ1rPbGge8btOw/rPGNKYCWj21uVp7WGyQS7i2FQ3lvufuydiMwjVl9toJzaquWU24g0IZXUegbUxIXsVdRN5K4Kz0hxAGZ8t8nFVs2nUMjPyVADoJFUxHrlmoqpL2PvykgntvggeLgv70yePVOjgEgv2zBuI1pBbq4U/Oqx8u+1uzB/empvbNOg9UtbktNKNygWmDknlr++hUpx0MOTSM5uG5JXXhTq1psww//PEcbDdTQ0SIKx6fnhdqFPeyxwt32NzohgbztiUHg+P9wjbqdXA/rQWfPKZFTV9FeCp6fjlMK8DFY+bS3YYb4aSg/woSE6wuwwknU6qk4/xha6SjX2jJdAu9ycc2e1a5FOKBKdsQgDfdcHQDYwnjgvl9A6je14/cCsj51RBHSKzeYD0gCYByH6wT3kpAGyGdXGDXRIGXRGNJc0V2gQ1lfGagvmzEY2yF5L21kI1+i92oToCSKvI0yuhX2L0GCxzTJlryr+SDe198KUiDsXrUX+mb/cNTExWif28gdFoIooVGEMwgsR6+5sYgcapHVDX/ZS0uA9n2wPSAgCGsy+m3/wl5w4jMYGSAAUDgsJzodrzNdCIhdBHZVcOQuVkZyXSyUzfkDw/Wv/EfGzdQTXAl0xdDagIX6IlxMYCYwqG9ZFYr9PdvgBi9yStQdhYqxxHl4aoQoOqokgSQjdcZYBm86PK0/B1Qo1MuC2ewlODhU9II8LuvU1p8cOqpFkpUkJCurqp1KQRV1zUlKQD1iBJhxR+504A1KYvX1TEcnDC7Gre8ERyVs9P9HZyGAGFpJyg9iGPHM7O84w1IQ7lgd9uSciIGSHo4RHRAfOeLBFU+VZEuluD8iMKkFzpGr4R0N9Mz1mGyNntmW29i/7Rc3rpWWsr2V664Nyzn/sDCoYjn4fmDYMJIkl8JhC5ZT8y4LhqjiiZ+mCs3CBqNVCaoyG6sOPZbTLfXwxjuaykbM1RqFbwLKaqfnnH5hQDBWu5BLvuFpjPsFDwmglFXNJV5XEGdLtECPARhTP29Zhbi/dq3714JPdXMTBsh5720BGbX5zBeqDHU/iO4bAsEqzVHDuoj1UmaXq7p5tH8/gJtQZN+xrzh9+/00OFfDLTGjRWJ5cadVgkiuXThxsiIUVoYiXUlSSKVdCrjeToYUXVkCeQfUUpJB3UFCYanyS4HAw7Fi2YZmIt/Sxd7DzsvBdtvOTRUQ7kSTInC91ujOXb55g6vV8X8zV7EIzdkRpfbPw9dLajjAFEx/YZ9CfCMm7Hvt+fuX6HCbJuDLCnTjneSG4PGK3IRZEZz6rLpOWMKjXSnTkbKP3+AlRXBNAbUK0b6NK/wXSZFjH+62mnZYjp3PnwwcxaioJssz9zWCoP5JxKigRkArSEvgGh7BsRiI6jSLgn31XNXDTGX1Aif0TiQVEkf0GgqsbP0UGpFDwjCf+cXI9ZSyMmg8eClVBFbTpXVGSUY81A8RMogjFgny8/13bfCUUhihU3Za5OBrDi2YVTXfAjeP7z3XXdj3vx4vX+6XAepJGsQxm/AF3h05t7fyrO68DLGLD0rZUrDYAkwJus1VlzMPZALOWMygAYMWNApHg07CTW8F6xAVz6pr66V6eUWkfh6wdlMBSpofH65BPn7Tep53faek7INbU5E9ktEnuVm+GpRx4Yfj3eOLBwAku5EghY8m5Q4bFUW0hqLDk7PVWhb5BQWbLmxCHlwqBNdkhdH8PXFChtrg8p9dOCcI1d+VHKNp7ktdx70BPe7WbeKLOgNzJ6m4HrOO1ABM6uJ7rM3JOk2vi4VFctwVVA+7g/uTKZ12l6+SLuOfnIVzeg6OWiZUX7SZmoDJHUxtJIlWDRaOHvDWHKsaJAMgMk0KG75MpEj8buLBAOOoe2PB5AV81TJwgZ9UKNyRT9h3VlRnX3nzlEfeArxmXvyByaeWbO19+Ydd/jQA1n3cZS508wW3YaUE09EWffSLfiwE42nSMLrecVDdYc4lZ1VJDRLHb9ksjbFbzNzJq/KwhwSuvbRjBui5pWfoGr0YiII7igtLPQs3V/ajhgqoQgDp8CT3S6wnKqNqBY1yl+FQGNevnr190+Ucz/ePvDiR+z3rWujIjIyL5qnnkzPQomUClDon8P8gYFJNcEuP94dTEZCF7Eu+HB1ty3ExS11W/JmyqHm16QR6KqfGbZeHxg3aTStRMty/Nf4+hQFAZYveQl7f0hkf+Uvmvv2P61yc3l4e8yQb3I18j9Rj5I7UNY5pvCj1kGzTDL9xnKVkQJOT1S8N3kwJpJUUhYox/YnBrkrV5ODl6+Kg70vOiL1NyzVnMebffg0tZxFLJ9xhhjAuACXKBymzrSeJgNGsPZCt5xjpZDWRh8hCUxGj2ltI97M8491uE0eBAVsvk3a76OhBZyNFoK1HQjIaTBL7NKgf83dVs/3Kzy5hIvJLHpJxWuu0uGrD9Ly1C8yQtIlVNFPk9HCQA/WW8F+kx7n7/+c7TdYMczzpUaasyhXSxtes4hS0JUO6srK2kzlSHLMb6rEk0q3AuPhkbrnlO3bGh2QE4Ym2/AQOaXTbEbEnoUq9E2rYR1qjw5Ltd9fCvuIY2YVIi4PL+F8DZxCRFL4RGX5Xbsegnw6jryluVPi7QKi4znyKKF2lFPPHKEemGK7MZ1gTkZ3GTkVxpBtAKR3sJUrlcF8rJxQlOgu0vAnia9NzMR5buqQjyO6TbpfqGdgq30gMz97sOVKAVqdkpA6Luriuf63dZvdnLP0gE8JuO+qAlJtS2UxsnR2a7VfnesgCJHYepaYQI3xGtUKnRoufbkElWJC5zLFLd4Oh2I1Ca0GvG5ZXKlqikVekVmTiRkV2zOMojiidKefnMaJTHUnSPkP0jqq8Ydo5zHq+DGtHOUXcdGWanUOdVY1GiHkYH0CAh0w2LRiKKYV1pu6yO/nggf1tinK4X3mtLX0hTgWXVrHCoS5sN9+bOO+9WFW+RpLUhSCrYUPNkWx6bcmNTuh7BKQSg7tqO2TMg3ygn7DsmALeJfIF0TGeRhCefz6F71wa/XY5WtHe8VmymIS9m1AABV4uqJ1X5ZOBTNP01xkVg51vl/QCUdJSiy6ZMPBOineMxdsH7XuU0DRVCcOUVp5Mz/k48rYHXLLXlu+FO8f0AMuQl0vhVbAEN0UULzL1t/yvwyOviOa+A+3wyf1QO3pSmZg9GOMU1+R+LPz0pP9KibWlrJMhjq1DNI8p2IPbfo6jJYNUmtMFQ0TlpU8zYPRKJVtU1Ue/2xEFpNtcg5HuZCOyE5RvLqkTJNypj/eMQJNFs8cCV2lvsav4GXV2mhmzWD95EEIKr1OTmMX4SN5MOXPb+wqaLSacihSZHmkT4xuyNMyEcgCxljKgMQmOX9wfZ5ou+CrMMd7tuc8ZJ4TOYUAiYfHbV+2yIL1eBf0Y3leGU/+q1ZHmI2wFZBQPcRVKTYjm7Ns6PLz07LEBYFgvjOtSVHHX1hc0wZkT2KsPS566rk8iScoB3YegsQOw8Svtkf8nFKeOErRzw9F+9PNUH8HWv7MrsQ0dV9Imf2TsBfDc0kUjzWZcTU/ETWnWbSONsbAZxTPgCMRQpHvlj6i1imvnrpqke3gy1M570V98NNzM0Hfwp3i+ER+MS5czCeZA37ug4rujSqitWlIy2HUbNgeppToqHy/qIBxyDDOEHZRMUZB9mccvzEied3QqLpR1PpLKJNzxNS4saeBYJtmDddQ2OcJfSqunCkW1DBes0jx+hSyaSPl6y0MPm5Lg/mU2nFahitUPp3jQnGKMJoQ9vxYoWPPGv3DPVujDg//ErDayABVN/iFIcgewlQUNCupsJoznlCbVvX3yRH14al02GW7j5s9HWc0rWgZR6ZY1q3gqAKDsZ4FoogihIWlw76wjHRLqwIVwIO7vjHafuXamt5Iz44O7WtsRa7NCKboQpbDHinMa9QJvTK5nQKyYTKNFQX0s6ihIePtPeXSLCUE4RigbHumpnyGVeZe1MUFICmU8q4wpD6ZL4qh0dRETx5YVwJ7mzgNm3e+u/g1IQJjoKE4ajEjIkPeshBTaUgmYHfxUca6YFY4sNgiNXQGejg1/Wqv17o23t9zM01UZGjzXFhmsppAfRH7Xa5+OFiMu/J8nV1gTDGY+cdd0cyR3R7b9tNHBYpuvo0Oht0LGftSLJXxOFKFibrci6EhGGjOJxo+LfPX9Dr4Kwo3VqVx5JOLXFavyDnYuNMxz2Wua8R9wmIXc1HRpLM7g7Hw1uYWu4Ti9Q+b9o90acDBENEB8zf81LT6gs+KHCUFr/+eEEcXgN8II/AB/XqwK6iEKrO+oBX3JzpHNl984mi2jEj2uufdqiSdAnw1QC64FVcNnpV+Kr1e7EAEzw3n+FHeFhnm+VYGthCna24x8cNWYJfeKPs57VQgic5anjsn9YLTxGjXPtclusjjD7110p0SooahmBI1FtFKQySDDUvccJj0DycdwzhKGdyzx8/eGfz6LyFanrLDsh8iQRo3x+Jj6LpVMwd8LCRGC1JaF3RsL63+Nwkok7WNRXIIQ7bdnwKeV7n0rrgR1lMxDyMvDY4MxbP7FQaaig8Cx8M2mfX9sKkWVOpm+KdglXKEbszjiuZRb/G9dlCQI6DJNzDdCFoaCUAs09zDZIRWDFNqJtZ2Xha0LmO09gx08K2At9QLLGTJxMpfAzE+EMCNG3eoNuWClr/16zgdhYKr6qRwcbpyJINww9VMdca0VFaA1gvBWreayM5E3irgYRT5upySHKMZgGhs0MhTRXo5I5uK5QmYsobZ7ff3IEmDJY53p+gOwTxdpukg2ev5LHHHqZNk4yE+5XFxxcnxbAqoHBSrlPpV29qwyIZN2VI5zOENYN1XV7g4mSWaU/BRRcX1DyuRGanrjcXS12mjVkNuMxmmdKoO2jwiH1nRmSMfT1FadUGxgiZZLU3/zH0bIYHFrkgBMF3ZI6wX3WZTl4oSvPvn7pOmLvTtfRlBlam106YxAyaX6dQHAaloUpndBNM9uKKd5BF1Uqb+UgTewweR1BBGjbsJWeWcraN7iemKUopMZ9YrWnGMNm1kEwcSwEXLnrVQgql9LrcVvnxWo0aNXSNOENVjS7r+7pzj+EKnxOI7g2aTBvEsAUyvZXRQ7A7QeV/hQbeIn9m1E6JfM2E+5a8/jmSxMoicObeuu3hYHwwDSlfSKx2RywXTwUJY1Jtb3FoktowfnRDAjKujrM2UizZe+rDOo8bO0sPrjU5dTNlxzafHjTOHs0gRTKNB2ccSsJuLzA0d1WxEebAjHD9IDPQd2OQ1JqdcKIpK0YzLIvmhJaZW58ZVKLUjnhw4JF4JYlNvhkbOxgbAAJnQ0QIFGNr4vXu0e43JAzoBeGtNatMrdmCOpwveCgnjbhCsPwXdw57Ufquo0xHI6sl6vAWfMKboyLZsZ+HsNZyR8sIqukRNf+tgSWzvY1aaOWU6yEr0V8C7Od1c8fsShQhCOGaaMY9CeQ7J+nThwN6r82+Cp17/KdxsVP5NOdP1yz//lDPc6iXlUGlZsIoIUw0f8xeudguSlDDubzKJOhCY2zFglVQfqs5kAQFM63Ema8VEK4FaenEko0kOa20MYyNYmkyiprMa47PqznoLHkwO+a9VdwyCThnj4wT3tQ4/ElvJMwCa417uDxPu+AKDhrCK41uWBEffYtLLILZh9zDr/ESIrWOD4tk0jngvcHWmeLT7RToOU4FiG3M9+55h8fsarN0Q5j47iRwIGAt9TltQh+mM3+M1PUTF4lrY445mKGMM1h2WPG/KS9j2aoTxouklDYLHC/RAXA3Mh78bGAIFqZVPKXg9z1Dzht4H7M9qWJi19Z0/M/eZjSg0h6kDYmicck9eiWM0G9gtwsXx8DT+FjfGbjPQhyMikQhcQn8rSsJusJY7EvF7FZAfrmxAW1GcLKOqBC1dwgwgit8mkaGBdzwfKQngnjk1UestzN6BvQ7Yx2fySuIIc48DiAhTOtkuEZqFLBTTAR7NVFLleRDlSN+o4/a5BvmL9ABZywN/Y64JDfHeshyByQHwGA1T00s9EMygOYysunkmSrn7h5MKb4XrvSSfEzw8Tpmz9cCHM8hN0Xeh4tnLCcUbacnYL734DZmGVPVAjyFwjrqE+EtFmC+fwnhh1QEjEw09hjxbbCshQz2AASYTvoOVhAp+ZEPO+N/twIkVFq5UGQfrHbJptRA7QHeWNTm74ZhPXPkeCYfqnORVNzZUXs/J3Lljf3s4Tnvg0aLGrWZjAX4e9j6/pIWnQKrEM+Wq9V3q/kYD3s2eb6VbzsMRjw9JRxplDn9uAExX8VNqjiDUqd5CQFMrmmNUWu48HrYx56LVjZUdiRYkZ+M3/d2PlecsBZDzd3gybNagjAnfiSkdhgKDa++1WZlWyZcYcT/lHfhOYG5cf3FuS81Ulk+RJtYfYr2nFU0pomnIhTOcMf4roe0pW7hU5XkqvCWubYN7vfZYXvfv172ZOYOugIa3SDyum/drVkvCqlyBjMTiHKyF3wzkM+SIwjNmu8kgZhkESRK8vPxpby/j5GZ79EyBFig4Ja49p+fxou3uv5opkg037WkbTkR/RuTaC5H5RSa4DC4oehwlLhpndFGL8f1ExObtQol7H3c8G3BdvBh8cnreroiRtQkKpyxWOD6Qi+bFfSsgMeja6BBn3ONzOxm5GT5y33oBj3/ogsY1ZWZxYGE5qxuLS+56EsRG+GV66TWiSByUFY6LUVqmJvqDmRcQ4Dwk4eLPVo/BH6dYwAJITCUjQ1RyfPOYi2L5ECzbYNqfCCMPgQk7vp11E4TmKz6Yoa4WXt1LolE+NrCFD+j0T2Xqa8CGI20zSDwic4ZlVtVzmsA5XJ0vrY3Am6iUk8pb70IOVJSqLep94UN2cdCVGf5ZWL+84nRA2OMS39nMjohheKRAXSmetRpHQT00aN2zkT6MXX8L3bBbSCQbIJzZk7ZJTCrAgXp1ZUWhZZZAB8qwaEXhB+wrjPPTmZU7f+A6faKkpTSRQZWWrhzoY7KRmlHy3TrC+0uFkGev3Oqz+/uxmxrUvtWu2pmZC7hViXYuyy+DizB9NFjaQvEWxPSeIiCP/UwWol8P1KRBcz7EhBAcUUGu4I7opxUFWDBHv7xwSpA5MZHU2LwY6uj86Q3MdKdBAOw4fYurR9W2Nx5+Apbx/UpHBlJw82E1coOoqTpyJE7rwHDO5ostjC8ZO9BBFkPzlhCDCbMTc3chaTTa8wXfwg9brEmxoY20Eu3WenITU/oJGjrK5bHpIjQ4Dedv2tHe+Dtmj+fC3TzZkwyFqUs+9cI5NlQISP/iS+NCNEfX7YX0TdKOPnwOjUfXXVFy9ZFJGXIJvqNaX3dN8FQbiZz+mEUCjzKLNT8653UdfBGVBpxWYU/nwFIKi3ATy+DgPGvevyWV61Wghairx2XtLBvBrlauf5MDh9BUhdorH1SK+hCSRszO2Jyk8vp1dzHNOhOMQhyWmENtqOg0cfx0/Cyna5leFiTD4XwzFuWktEhurlDYqjt7Oa8wi9Yqq1YopzGVKcXgxDKERPfL0rI+uUnyT7+l6lSDGKs0g/oweTiZEHnwShMo0ZG6iDLiMXaH0Q5IB3RWO8tsRRxyCxBrCKahkM1CHMxY/9nsxIVXsN/0jmDql6IjGkeFyb0YqAb1krWTeozaaFVx9K0s6cYT2gYJlMO1/Hwc8Io/WfcRN/m7G/iUgoJQvRRZTerqqlntOMgfRJYqwp2XFgKHXuwG9aE/qo+1JggBpjP3sZL8wGQ/fKLOc3KPX6bQQSb1bQ8Q9G6qmPFjOsIiuHZW2GWCw9fqy5UJxIP7aIPpb9oMTrzQx5TFG+WrTX8xjFx/63mPSyPKZ7QI1I6hfLFqYabvkE5fv5jBFWXVszq9sUcPsDomDioskdfxE7/jtWExErZu/eOfCPX4EtrcGAabpPDqSHUlq+uLhlv9703ID0qcpJfBOUgBha4ffPr9Brv/g723imq7bdrF8SJFikNxdwiEkFCkRQsUd4ckuEtxd4oVdy1OcXco7i7FKe4tWnz3+f+/d+/1PQfvu9ez9uF3MGtNkjUHv7mTmWtmrnsy0XddsYHXjrveP3a6IVaxte7MQeo6GtG6Jh34cE1xl+wElSEMC+VkQTSV/OYQqq5fy9CzLS+X7CZZMtzGpUNsF5ZnG5aUc40ShWwvdLpOEbVCv38ZK89T7PCuUBVnMVr6x8uT393QZM/BG4w5Lly9t/jvbkIX40MjOLXIog5IO20hWYpM/BbK1SqpRj9+sZVPBfNZUz3RPZFnJBE9vmycERdSHqty2iNa0b4YJn7g70jN5K5TeJxgMFb7vlTa9BvNN6wSEKiL27qxTKN6Qt+x7E3oY29OsG05DYvVFWGyiIpBF35e6HwOpkVtw3vG/tKMjmTilRrq2KfYq6/3VH0lPVWjnJ+ihXbhMVTpeQQfMbWhpNNX92iDX5a2QbEEK+nNz10UkxjkA9jiPHxrvrdVf3dyTdioG+gQFXn3tDMokub1FNmsGzdE5dq6R+OFlbewOcjeYruUx3WeZmPZlhfBhssvs4U6BHypCvAoZDDrNbez67LkDr1A/W6sbZdaqDWG0W55FDfH5/a6UsBNYePg7fW7X58Yl9lmX7Kkz73c63Uk8AnwHkDrbnLx2lcUsuf55k3AmV2aY15TcJFUClvhh18UrtS6VReJrb4VVlb9SnrTyqaTijulxJTF3YFB4/t70vJh1tx743ptdrlISyd694MWg7bZTrSspqc5GV2/rWKfl+YrtQdunvdx0iMf1w0GsiP3jPsJAElX7hORTzE8vk3yg+mKeCrfdNMsheVffWZMbQuDf6gIwXRXjWNYm1eTOSiRUlRLjEyZXOXUzsQNj0MgyNkRhE33Dc27CA50pdai4Fzab87kyLEtZ7lq3wIp9HFF9aKF1uUmsVXx7ANu84+8pK5DFfeZ+HmiH7uvjVrq7dJ/qg7jSXm/0Ud//lDtITCHaK9KjSBwhWhP/QaB+SfaBp2Ic4hRZHLUUayVpwT169vkQdRa7rMQrwPxEbG1LSaqN1UxVLwhOdRvkmZzzD4/lnTmSpkpGnS7krlevjyWGmRHyoS4j70Vtf1s6EmweLaOQOIeLW/5Ag8FRGcPId+oiY4gSov1RJbalh8hUyhMXCgaazRCKJczCyN24Ml1vd2c/jVI8lqqpx4U1rXbanQcPTiBDeVp+vU0vy4EeJihjKIasMP9ZrGPqsq5QroGASP2YQ1wI59ZNrW36+tYs/moYkhev0SgFDgMJfNzCAGlFb58Ifo1J/dMcN8BfzD5XUtDg83F1Ifv0o8iTR1BPjmKAcq4evQEF7AbzFqT0M/5JFqkPOk4WYLzdI9RnCNYhUh1L5pUOSuh6aTHePE/QU+pwiKDJ5o1oR6QtXVmTV7o8m+7XdKN6cep4HjvUMOY265XsrboaD1jQN9Rgl9IEw2fokaH+kBSjE4Ma8Dr292DV2QRJwc52RCvgV/fchdR4Lg4/d7bNgigze1l6vbjcK6gNgxHXFrDu8AnElbEl92+4XRdOA9b/CI6i8jgIJJBb6AesC+Ozt4jRxiAPFSBndkhTQOdmmDChYY1nTN0Kf0sXZwM1TqVXhYw7NIy938jrgc5fpMd7rQqnhTxgPu0T0Bu2xqTDO4gJVvurYo9McGeldIsFiXH/fmjJgqVckDacXrqJ2pFpaScUPEAqni6l/oUoXwQcSWd/A+i74Tuqnh4drpJQc8HDTZrP/ANak65tVeenSu9Uj13sAOyDwk+vBZfr0Yqk5huFFsL6Fuo1u3zC8mjN6gsRat8HzCWnjS99VFy1rMl3NDSo9Q28c2AdSqLDME4feCHsNapWnnd8k9e6nW0lZcfBtPV4b/yyksL5/g+gm860CjxfHFwAGMrVKU9305acIUH6DIp80qGNSo/wWNJnMPc+orT3JLM2ezEumsItafVMfrM0bK5sNWQlkX3hsWddq7x9QmD+1DQI1enUl6SfhrkddvP+zV4tZcpYdD3tBcs+yTKY7SU8X94pYPW//0e979npJpw/3dLvZZH8cc/+l/y7xmpJtwAYx4eHrCAMRAG4YfDgPzGfECAKRwKgwiA4XA+fggQCgEAwW4Z7Kyy8uo8vHxwHgACEupzwGzbz9neuMjZvJVeJDSL73yJ3+Uu25jK23MOat07P58lZFthY78c/fCBUMVJxUn1QvbyPEJFJYI0Se29znJJsavH4Zpy0tTjtEPMu1xCKFRKRsa/tPpLaexrPEZi+OEOcjlLqC7ibPb4BuimyrHQ76a8h/dKt6l8O26hM+E6SEdVKSE7MU0vLzkjWxOpLnqzMOf5JFD4vu4H8AnTY0CeRzRW/xS7upilnqazOD+le2fJQzv+0SzvqmP/bv5m3XxlmPAc01LLwVJGxtTAo9pA0hZHvCbQCUV6ivod/S8iM1xD/srKNs7PiAhDW7Cyf0gUBgD+RhRuEERFfIuCgPCX/Ntj+WMJgMIFoKYAAK+AKdhEwNiUD2IK4uM3MYWamJrwmELgQAFTfjiPW8aclpzdshTeafPbZ+RucTs5Wa9wZ85CyTJCHMuBenidcIVL6HQhQzKtpkaC4fqmHF1JKJaEZGzEMeX4RfqOFz0nrHmWgt2+o9n7gjW8nmQQi3amRAQk1YLGGq+XX1by1OYm5/Uo/3u1sfFDoQCE0DGeb3KSidNWy6Jag60VIO/2SjctsPuv0a/pa+MfW++/XkrdqtJeDy+fzC8uhYxqFvKTR42Jnvmm1/IzJITVKQFNcqxY5Y1KO9nhpVZk6kcltj7FOAGKH9mh8QVmkCD/LXwzQtSggJFweeEX/RVnEHrdga/85cOtCAVVWXk19cxPvagTtF02UhQCRgxhP0UFoR1nWtfgjZGlBrvHSmRpupAXowa4I8d2Y9ExggUV+WB46hRFOWHDNyF05aqktlCp1BdfZh28EPAXcQboVjC0VRboI2+n0Fn8XkRXzPWrPi58/6EmKZ/x5WeUM8uC4++mV5Ac8US7t+tl/J9Moo0/qOsbfiQ3b5t0Q86FkTUcvanX4STfJ7IkEf99f3F8UIn2VZZn8gfelPzXuyedzbeNbe/IDbrT1Xrl73arOwN26FR/02Wolwce097S5U/PWb2PxeiIsd0wxC7t6Kl8wc6I/5tD1Q276ruXA//X644OqhSweqVYPkNRa5n/7K/rzi7g54YvZcZlLzGwVCTZByyTN9G908ao10VHzTyo91CacrBm0S2S+gLUmYg2Z1/hTHiavtewVA16D+XUmLttCg7+TiL2EsN03h5GVsQ0gPQ91vQbC8iCC7NLFFyGTWt1ijUykc7Mwht+LgjfKgmV7jwXYaIWUCoOUcxKm2liIuIOK6YESCXR4/SG7wehjO4FOWXzLuvUDDbIqVjkpByKf0XLuWY51TIgSP0Q6eJafIMmzqBtbY1F9dp3Qzp+K0Z+F46dAPty9fNe69HvZyxLURk+Ip9Q4RIyg3TzrM17dybUPFeMe7Q9jfq9nCHLSf3UiMT3Fg8ZERFZb0i+Wk1f9P3MHDhEiVLcIEVW7fJdKr6CcY2003t91nGXcM0u66ibo7bCyVD2UtP/OUN1HXNflTVc4XhDy+pTcS16svr4QBKGWpHS6jn0a15oPGvX9aLv2Dg33axwVbmElH7dwrfHtjRZXGGh9HuweF6G6ABywZdoYOuC7cFZ3rsRfk92hoCRV8VLR6DWwdvmj7bNHtkX48dnaJCvale/6hRaP+hNHsTvo/YhR10mohVcqtoeG0pwzZx/zDDrUgicV27pwUDQ2PZYwRgEf/OeR5QKp940GKMcqGmL3UPtWC5oHfe2qTzXbwnRYzmx4SI4eSUtU4rTeN3r7YvqZxySZKVYfIZE5hQt13l0Dz9YfrviYIR8Qz/e3+2bbcz+Jtj+zXWZ8WzmzR65Y7uLl3YJM1a7Dn1F5vItcZ2u2K330c+dkw+1FUGPyWqueQ3suT5jX8c3Vw1u7hbQCR+QuTdorv9pZOP/W2RLfjtuPoqOgPCX/PvIxs8NhRgbg0xgfHw8ID4eYz5TOAAKg/1JP/xgEC8cwstrzMfPx8/vlnGio/vXleS1PdRrUXRLswuJI58jpizsOGeQ5BKKg6B+zj6ypEq1jraaZEv0m5RnkdCWxThr5vEPhSwue33VuO6noXteCfhmQvN0M05PLr+3VjlmOqpU8oVEp8tjS6w4mDMKb09in653GTGvqAeef9/Tbt5iDQUJdQdYdMVHkLjSCU8XqRBzv4RVa0USj4clN4bYpCX9Wl8gIeA14Yuc1nufQVAooCdxYNG0mOzsLwei8zJFj45wt+xyjFs71JHtTpusG2UI+2xy97IZdK1M2geq8SbubZA7Wax1jioM2Igz8GkxhWbJOOQzgwlyuLstXFKzExm5PevS+6NMsUnhkNB6xUgiAqbD98B7JyGY9J07l3YqDIMdPKOgksqbyxk5JLSgUN2bFldsFbAZ96FS1qBK5cR8Z9i5/7ce1QHeMlmHbqpFz1kwi5kZJJpPSlOQ6GTPQIpwJ8WrZVO6pcLbpM9Zmy3Rjm2rJcHpc554C7BcNsVIRYxOkmgMnM+BaR9pPcyxDY3Imxxgcvwy+ImUv52Blt8uuxUqMiEDKjrGZ9uRGya+02p2MXduEO767vaI3p9MZqi3wSihQK0Z+z2iTPaANf7z3gCL1VehzQ2aDpOYjZWi9/FAGJv2XZOmTHEFQ93vbh+M+iA1TtrEfvk+4U9aZlqUQ+HwYKZk1FkkVIyACbkattVSEWZsme9y+qKY+h9eeQW05yoqH/dT1XAcxqUoj5gMNfDiSSVrUati63RF6NTSsenXs5mosOdv5pT19c/XvvlWc1WYteGuHVxciz7C9mkrnqRfFzG0B6+pd+YV+J7odVHGqBlH8rcm0xSumMpxfnAINVnskpwRvlTByD5qZ/TjPheBa6gUY0uRdfeIInQ4BXjn/Dk+KoZzMPRuWlfWzsmgplabNtmm20Wmvf0Ya3xXqya5LWOMj0MnBNuDWaj/9Pes1RHejTh34STcojHfSsxOFSMxSA5Cdnoy48khuXqYBAvbqVlrpztZHNxr5jhb1bVo3Y2onltcejo9gUJQ0wDO/j/jPrFrZInnHaFrl5OkywkbkL6T7Gdo7RIzID5J+kjaUHkjMcib+fjyAJa3XCk46/8Cn+0n+/I26VfrkWkTH+EJgXi1+HvLU8yMmSulQ1byCmz87ogZdVFIa/qP5s9KSKsGbTC5GRZB1GULqM3I0vfeBD7Ge6HKEMvVPh/oOWWPI+bBCIGBQE2KDk41/r4xQ4B7vxC1DjmW8oZEEllTksnS/FrUh+JmqUXM1A06ynda55LlH0Owgm2csa3LvNqRzmNtiwnMFuknzK+7/cwchy2EU30FW6fIa+vdSkwy1NS/4C4xRUq569+3FtglHc3dB2yi5dotoYS0iscepfOshEfEosJEMPVCHCQSHIB9AolQPUJtnWWYF6HRbNWrG9OxhkRZbooI5YgfligCsps5kcQBpl9cf06lPJ0x5ZpjYpMvNYo8mTE9o4bhMfLYqZ+B+pf7T1qiGxZnXAICipop1tObr+H8ni94ybciaTOTD2wwa3/YpK5x+3zBs/TWf/I35wgSdBay+0SF4ylb/7yyomdBEL6jZ86cwatslqxE8bviNW12HClCOkke2AEWxFoIaKAYcTb3VHPBWEqVBmTY3yhsWiIPvkYe1VRQARV/9ixUa205f8zN6RpiccMhiR7qq3ZZ4QKBmRqQD8X7tngY8AjQpSnccfIiUXE+fqNBXwUx6UN0kRwqG7tU7ks7HiyyOgLoiz0+XZPL8ZYLAwkigpJOcgddu8Tzxp2hyDWXXodG6doN8jq47CBsBjmwLLli3U0+VT011ZEdokZkdqconpzDz83Hd/S7Gz25yuXWs2IFDg8PyTiTXvORt4ZlNGpHyKAMxCbfZFO11RUNPou3lD9ntTAFy1h4jIss4qrwK0qPYhs8ezRkmL00jPtF7j/dwUuY/NJn37/gXB43QmNJnNpqVhMYwAzt2Ey7wxjbsiooPfFNfyPQa6yl9ugdGjl3jla6YgljPN/6kDHLdz53NMQ6otJEy2nY0yw6XTlewbwXn14rIHAndcSBkNXDEaTRacGo2oe4cLIT+6S9QPgD1TgQE0nitqyjgO+jm3FQgXMftQcDj7As8volB/4bIDxrL60aluaCp3yDaHwhFLxswf71LKZ6JrejLJkxsoFSpz9bc6NC73RJ1b1uoGN48eQerR9H3jLIS0Yuq0wwmzDy+JOcWbpHhV8gCg0axmeTeybH+EUxsD3GBzpuBgV8QarqS87H3NKWBuiEE2k0q96IrMhMBQL/tqN+mu7IXbf5yxO4CxI2fgijkThCaKSRebpMUPHRklEz7oLhmWfVzHUGQiiVOHEBlWM7XojHPs+2dmyPeYoSVHJ9eDyppZ1r3jUSbeyRFcGXd+KN27zLhx8qIRS494P8+i/6XorYx4Ex0BbPmJ7OkG/yEB2gWcklRj9faEmzrnddE7Gdbt5q/pDp8pxQFpWtiscDSzG5HTGB377CYM0D9vZWw+LA48+I9uuJiUXdJ635moheOsUK9K8n6aLxVgatt1uo4EkoOLLQN9XyETzxHs9YSo/cak64KX7LNLrGGEOsBiJ+IjUPDchBdyQPZicnO9+dUAfcZYi4Jtx8fm7SBuWvCXnt3C4l1Q6NiScZ3WrJVVHonAPDMFDO/INpnD2PLemrBzQS2+yiyp++cay/Mc3lCFRd6VAr8S32ieEcRUfkoFjsqKQae7vL4cfhA8cfkTPvEmrgVtJ+bWhRdu/yeIVL3ukhle5gYO3On6+vdnlYIm7N1PBCPcyGHJEmnOeT3rr6OsVMXjhlc+dA7lpZroP0VS5AS/fXe721mqVqH2pBoKCcFdGV58auJOzC3uutF5w0Yu6LA0yeQ7tbzr3e0jazoAn+eyZRjC3vdaTGTwjl2cVki90Y5AS19RvGlkCy3bhGpTRhbq1Jjzks3eJ+qfUFznPW8eoe2OeNZ6NAUVEL9Dm2v+W7SrYl2Ju9jErgU9Z0qX6gmb7mYaec38/XOs4XUf9woRcA+reFXkK3Rm5df/Su/1TW/7EEwHgEYPwCIJgJHMgHN+UxgZtCAcZgU15e6J9a0pj3zxt8vID/XdYDoTxAHh4+gPJP7vdjWIryHEPvOafnruTkF8oGx4zB6R9pfkktlDUUvLl3rWz7WFyzcHEGsj5EPo/oPtQ289DTvw0V2LfG0XRJU2j6WdlT1JZzGCh30SXb5rrm8ERdZ1S4lS17mqRtd6bRrm2Eph6XFp+WnqaZl2yYEKfTa6/taZj0Y7pwKSGO835tPCk8vXpJ8lVpFbg+n4GPmxK6B29X2lnSqYg5M2w7WrpkzlEcc/JhQECR1+n6720PcroilKQ/etL/jX/gMJgABAQ1BvKaAI0hvMZwOA8vBAiD8v2punmBcAjQFGIM/5d/gADTf/lnlF2Gc1iOY2h0Qm506uM4x9AHzvmPMhwys9gynFxTf3lL6Y23upm42NtU1ckh0RK23XWhpa20nBbV/9YH+Sr8m6n9cf33wIVW1Z4K8QHv2pYvWw5mhKqcLO/FdEQ3moc7Fb4FES4fm5uT/UHwwgCxQNKLZmQEjTXBpH+I2nn/3o+4kHx7AEJFQAD9pwVxfywBIGO4AJQfCIcJCAAB/MZ/UDwczAcBAU14+QEQHigUwg+Fgf8fLYjr2fifBXH/syDufxbE+T604iQjwB4eeiLGuyJiQl3kl9kC76qr+dPltIDkyr12iFHwuciv6uWCmPWzIbxjNdArA9M2nXwPvbMOcc/Allz6ynMx9Qip5IRwTV754ICRd1/nbrCO65z1OEq7a3M7CkW0K1LxKThk3Uw0CUwDyLpjkgp1TufYKLN3ed7lv6tUr35LQFrefGC60fAzSRJz1LI/ZgJLDeMb3l271Mq348X03649X+V9dPa3TOU6IOkd+KlBFyfXLz184fIKXEVFM9+HbkeXyLMZ1ZUy0PofQbJuMqvfEJ3f1FRwOovXMpKmj1v4SBbUw+iuto0/ynTMuz8N8KH3MYeN1H4ZOrBjzDdWZ3nao5dKagZ62GyLuHhy/7631WfRMvE0IDN0ZS+6q5EuvN5m37asat0BddmKWUatvFffVtdWlOu+7itgdsHcCsVRBbOSZqhSUUQwyOt9CA3aZMDe+BwUz25UUQ9jmSW6Nmed8WZ8MAeCHL49kgdR9OenYyKOvOKaZZGHjWL8QnAn7Vf+6dt1gPr0Wcq/i2sPkekdobpAfZf/6/sAaVYz2wfDzePi1qO8zevx8VO9U/nuNcB65qnrgFfzUyJ0/VUiC5YJ01HDYbULsntpwnM8jW3oWQn+Q0LxdcEFl+hcpSLNAypmVnvwP43nvH+L536SY0MiGAgIf8m/j+e83GAowBTEy2cKhgGgAgBeU14BMBwEg4LAUDCID2RsYmrMzwP6/7owNnZbTa9O95BPRaue4lAa43Zc37z3uoKsyVW0yuBBWiW5Q1E5lQGuJsrSKg4rec/tPSTf42DMmEp1msc+4TBHMF/GglnKKBQkHmj65bEonpqaBOBBo6eUlDFPXqEpzoCh9T7+fmbp5LJ8pvIR/PDUGu/HOBCwCfyiMPzdDP89CjOBA0WxkxPrzJZHptAk424v9mKebdhRFeXUfRqjD6GzfJse16rJiMlDx9plm9Sj3dn6bXcGR5U4Aa0D/mfyPNr9beylpnXsDMRTvKJV23GKlRP36IWoNIYuPny3HOcujCSUQV3b1gOQFfqLOJHPMudvIXLEDLFF9Xz4mxxJ9t1XUGxGt3cKVpqsMpPSRgDmtpBjbNFt05JcDuyF4xfz770SZRd9JsSM7IfgHVLfyH9IVEW+2A4BlIwHSqowFTMshFzp9pNosQU2WhoZBEX6hycYueVqDlslyr+aStH7lmkp/pHZsyDew39O5DTnS7rnpNtEQQTQJZkuUt9EIQk9WQpMUwHnIIa80rOQDWobigv6GVt4P4IczUeXkYIKrsBWfHo4+m0NpHz0QDLekKBYZ1/uZPMDSQXEewV3fJ6zGGu8FrPbnN4nx6qGU3ytLAj8fvRGcfVzgkN4JBZO31QaFZ39RKwT0/Yv/gyP8Jtt5YunHVAu/ioe4ibTvBnDxODFnpSDXvDSAC5KFF0JdE5FGkzsOQSj8Hq3BUF70deHdZZLHUw7LK8r0yW9bqhLLa/J6j71QSaFN63NXIFIc3CCxm6SkCThu6syftk3OKWeioRn768dTKTg9McwhyC+IRpMGvhNtR6GDDE6VIhRT+U8D+d14kJCsITehrOhmilGXjhbBeKruVED/o1KSMqSToGs2wG0SfIpg+puGMZRCrHQ/JTDmOjEQJR9WVKQrXxltg8H+wR7Wj96l4vPncwHkWDADfK+oMFjSn4EJH2kFnILYZQ67K0tAWMmxEwleNPKmASzC95rsKwScxduFMKRrSCG8TExZ2+3hQew9NX7Mju79J4keDpbacF6URXcFOYB+gut6VPe2nysLlojv+Nyf5yfBsLQtFDW4xeC1hm6+QYPlyNkZ0vpxU9iesR+Bb3xRbDY/kUCIvAc119hjiQAbmb8sjxwR0sM7thfZ61TAf4g+pTOdgcidxkULSHxPPrZuB6imO5jIWmdb3/uKQVRfiH57jcTUcTn7oqK4zR9dVqBoMXfCUtg/ppLx3AldpFj14CsBYweg4UjYIA2+3G8QtHJmE7WwjH2twaIjXn58R3BZkGBnhwnnLU3hRF/VNFtU8xv8+dLXrJr/Dz/4bRSt54i+JtTcim6T70duiEUXczSfq4xBOTJsotpTFq1N4yaNMfahysVnqnWbDrt8Brhxu+N2g1hSb/caV2OSY6HpVIzBN4hooq4ptVJVPekvST/ReFtcHhXaX5NpiGmSm3Aalt84BEiW5lYXMVV1dJhwL5YzuUtQpYpbzsarn/PiIaVAQdT2QzmWClXyD0lcIUd6ov78na0CF1gD7C9kMWPlFzrt4ZQrCpMVNpyPYmkGejp+5AbZsqLPHrxtWSQj6N+w0dWoEvh3UWNPQvPqFWqbvXAbevffTBowRfgedSiPxll0V8nZlLxe5YwLqXFFpXpY94zXGRDW1PNPtNaf2Xr0VndbsjxCVepeNwBv58nh3bHG/XQN9RfXGwkYO1Y6q6nYodvzYmhIJVlA5jY40F5S7pLHVAnBE+KhaMji+DwIg6+ylQsWjDH8X4Vp3/SC4CmtpmxZdoxPV1in1dKLaA7z+WHPr0KCGchXvd9cVzkxGbE+xIjQBHNXuRdKk0uYmEuebcTgO3N2xfk5ussMu7cUspJKMThLA8oGfxnEehjANwxhpgN4DSXZ6BfBufl74IETCMWP9vXgcHK0tSz8H1Cyro3q2vdIcuYu9qtGEuFpAhIiMjTvn7fgEOvCT51azlUuBiUR6jUF/vIEAoo2PuzKjUdkmPaHRgC41xO3p6uEViMrBz+fEvWh/KjO3bpNqelbzNW3X14EomLunxYYWreF5mOxA/4WV02JyywRZbfnxzbZF1K0wlQQYTKeLLX/H1SAigWmoTHpElZ+aMyP9/4YgM9M4tutSJmUvQKkODkOvMhKXyddJlCu2W15l2J+7sI3++ntnmu8bYF1u4i4RxMXtLGu/4JTtXkAG+ZaaHga4JjORqemprOkGt7FnVuevJfPe+/fR62//K4iJKHOYuX856GbCOL0K8Ek4sgS7D7s4fKpExVkMOn4ioJuYz9tqCUwMTPfsjWISVfv38SNiblF3rNLIuK6qc+iIzTFmjB3T7M0LTNsbB1etr1mdfkIohjyuzBT39YL/gzNqDOPoAk1MpWdJ+dfSbl1cBYZwsg613Igx+O3i1LYlHu99fSRSOc1x7294O0yL9p0QXUdL2SLT2HcWZMxnuxoUzOdKSZF2eVkTHYGguV4k0kV60Gk07kYxV7dV+0e7rbXTZG8xREzSUfNZjNt43PFYTvc3BF0vR8iv2Rxc/ddC6GAWK/kbHfG7Tnqu2GnqjiKZRgpWZxLATWerB9TVzGrz5Db3m7FJ3LjD0nRkrIzLdUJnbZpBIDPuRU8FWOgRxx347Wfa83kuN8q8yrulu/NLQuOQrG20X3Mq+fxzVwutKZvUGjtDIqg5dAlu6fAf4fTZoeeI0qUFLL/HcXvu22dzUjOfsgCmkGT6gjOHuzL18X0VhIZdouUoGjwvCK5JGOL7+YbwSduBDE1SxTXr5xJ7ZhNLywei9SlaSmGdiPsv+u2DWCrJuC7eCZ5fXRusrxM0dfWqYG7s2bXosg4wEL1ztvs3m7V0UzpHXvF2O+5QAGnUzOzfsDoVn8HSFC7PyQM914T3W0p01VMXVlQ80pOj5vIl+knNOhuUuffhgl1Y9bQSGtF5GCVVNwuX25T9sIFyb6oOo78im2mVmsuhzMZ1HvwfPZiXCP9MfrpCuidhOb5tWlZ4uv1o3EoozvAGGjZT7+G3mHfvVE5OkhPCunL17vDFdWuO+OOOqdqZXgbzyclaqVvHveU/dQ4V7g4k+NHHmuQ1wfEZy0D+upmiMHpiss2tVnuGSPZryrnHK2ryUC3Rnw7LsR503bS6t/fyggH+MlD1XUjeSkafrdSFWWYjNQ8Lzuv+OLfHDc4PQP6Ry8oL/ROa6B3Wn+aAgIf8m/x3Ugbhj0r/3tUB4QDz+PAAjI++cFxBQG4ucF8gmYgoBgsAC/CZjXLaNeSzdmuQH/1Mn/6cU7zjRmbc2RaZdyl+rWd6oM3/s8nFRoBpElo+dl4cq0B26ZgRfrE0oCujXt8nbcIcIC4wIMnWSCnG6WKLUsT7sPewPqxl5otE4G4/KuP1LQEhJq27xS0u1Os3Vjb53OVxv3EpLNMPNbGPBfXrLukM1RyRWU8i2HTNyGoKcoddQwMs8JNipn7uCaWj2wXKy51X7/AHoKinix7ESx8PQ4N4Kq/+2TljsrEStritT4LtMXBWKTtxw/YeuYecCqaXQkduTd+Mg7vpj+wm5HmXAjAeqztxVYjHumUpjhtLxxJAI79Xh6L+E3nJEaoTiyX5VvXuXo+FmzTS0lw1GdLiRL3iZI5IYQ9ptUOH7uJ1Lunaz+II70ytmd3Q1V7KgljM0Q0bCs+SBFS7ynuIzlHevXiq+0ha8C3aRURmAbOogOqUTBvdUBYBeY0ThwxHzrzeXT4R3cHbHyVVDqy7da2OhygVXAMCdPbo/44w6J0/OFIqPcHN7Zhm9LPJE0tzqTHTofjYnL3+9BYKlvnLprSXP9Jr1QMN4ZxSK8/9AVtQUURlNZuv+2K0Tm9nk8LbFeqXKOo0D1MKCO6qtmQ7OBqAqLi1Rgl5VysqliuKV++/b5qA/9r5DFOPSaDJpF7t6OH87tASoy9zjoywYrHTz2z6II6v1OznEu7UnCLB6qF0MwWuqJE8FLo2psEuod/LffxSH9rHFYJDfivmTF56FxWE0G6pbps8zXK2sk2NabfKzzEt1OXBpHAYPjm287NKnunb3JVyt6e6ZHGGsQ5S75zSeU6UlJMYRkJIr7Fl1YqJvUxiiXmbRGbGCrEQqk5x9LeuMbrixdveKbbCpWz/yJEl6aXJMi7QQM6eJx239Jx2ym/CQ+10XSXMP2tluObk5+LvV42F5PFD1XouMO15b6shUSF43HIuRvuDEJy4c0yAnsrLYIreRLCentVtMxLldvGuVW29a9ams5vN2+c5CZV9l8tYhlP5zP+KkduVUaSmmSyQDAluoq+ji2ix2xyi+K3bhZReNo1rHHw/6+CBH/I7luNUFREnUL1a+wLQWZ33MUIdbnkKJJAQmVHYKv75sR85JoNPKnx6aAPOXku5yf9grLudNP5AtdrMzI2ZXkxg0WMDpPgsRDeiuKdTikWVSO6wYcisBMQdHS1e9obV7QatDkIVbrWav/eomR0au21+3oaFgpU1o6aOGtcYIbl/zC+c0+ywDwqsXtN/Oq0tRLwniKyh44vTbAPYLaJquzbtmUMzYkNn9se0DsMYgvNBHjPIdsSQHHc1kkmHKoqPWMaEIuUahZZvXRwkYasLR9XJ0R8UA7EP1TalsxVHTxwrTd+1nZnK6gQ6fNOgZkcJBB1rm2vk6OJTmrQ56c4W/tkszLixVI0yAmpXo8OjMoW0tTj07PwVhxJihyxNVb8pb5Rjn6fjG+vQHU5YYRHUTOEDiF4Z5H8nGJ6p6aCJVbsk8uA07CzR0ZofBdIbNEAEab5YYvSWgVsPN+q8QO4Jc68WAOigiglDn+QcHaG28+VdBd2vlg9d63h734oMdNklAfhJ45WhB7JF8OvnxFO+cqeCE0kh4CBntseFCd4M3boklpuCW+zCI7M59RWn/WbiMyjX34eZq6Mmx2ti5s1SPk6Wu7kBZYq1SZ8vBzvd3h/L4h9bmSS6ycujk2byO90b37Mj7nTIj+YLAoNeWzhEnwxYF6lgnNT+w6K70i7Giplu0yD16KlptpX+syVgXpFocttoFTI/9alqqI+mnceI8lrzHsR4KhLbl2tQHf0KQXm+hs/J3ZYVNluKYDXyDztKJft01mcHw965sC6AY096+J1u6b3T29G92qmzp9vO2olMyCxcENwvl3PRzvqHG8Bmz2dplnJp040eQg4y8L3IMir0errXa+uoYXOu9+IEsPHp8tKJmgS1FAZr6iHEjv4/gdaHTEq1mDCwoyyu7lkXClr0rP1GK8nVW0gXoOF0pdErl8rBk4kRrCUV2S97dhfkqnJw0MsL5nhl+Ix6vvowBNFUIUpfB13uEFJLYYWJvQ4jsSe1QUblVStLkMLZQxdhSu7x6tf+jIfo81XkaPa7xlwrng1zZ5UUQ1ap8y7edFQffF+tCo1YFS9iBBEnCP5YeGuwm3O3DyzD/ytvfx9UPTEr3KXPac1r/cFU26pk6KXpSaFtX+VuqLsvgm1+8T1sflddzyJdTJ56WcjWf2rrnIf9ryEPhby0PMdTqDFxEB4S/596lRgBsMhcONTU35oDATEAgIgED4TEE8AsamcB4eHiA/DwQsADDh+ZMao2KnLL/xEIa4Ci++CVopspCf0ake5qJ4qQZSW7QhV+Q3io+TOFrzmbIdXz25Fn12PQ9WpfwQPE3rSao4MYaY2SVo4hwez9KPXgfULXBlXPtqOIinyKwYA7O4HAy8KPty7oeUv/re4HP7zUmYCrhEQSss36KYL0+Yjby/fmnz7Px7iW7zUUsxLLb6jWDYVpAPxy57c6gUXkEmiQ6SlKXujzY8VkU0SMlFLgMrAz8rzRiGXGO1Uf1nGU6e6Tx/fO6EeHAKnfPHjxvevwNbT0sYuN8Sv+U1UGcYi48kjDQL4svCzKp9R3yR9Sj3rJun8UILDVuo2TzyYDXa4EDEoTPpunghm/ODRu3NmHWzj3fWzVj2g4Z1uUW3B2r02tQk+dF6EDb3vf23keI9u2TMIZLLmFTBf3qW0L+dJUllJR7ZCwSEv+TfnyWUG8Rr/Ndf00D4AFBTXjDchAcK/3OwYB5+U5gxLxgA4QeDTKEwt4wTsmXbZSmXbJJF340ayQvgj8e8rwXz9Zmz7/Bfx05zGP02BjuZVxeCX5rBJTnvzoTFVfA/XqB+jMCu4g73Ot0bbR7jGZKEBjkcP27t33PPrDQFyprmkaYoTICwWVI2tB34eESjDWMXH3x+V/pSAZTb1GjmMBKNaBRpDXnHAMqlXhba9sljFqjCTIVJhHUZJsR5M8f91uGdg9aSQtkTnk6VzKWvR+ptBu7OWhvpQf6sjNq0RJykKVL9L5hu4ruwAxN+jzaEnznK3iEk5ANNOfxpkJb5sbNkpNh9HO4Rtzk0HY0KgcksdAXaPsoZ6onFIKOt+Sji0JelabSnxDkU/tZ0U9MkzpjIF21KSkRAAYWSvP73o2w2eSg61UMmjLLFamjsELb0gJQSf4t0UkhPMYz5HWtkyVdKLILTawsKPCGk0N8dW3iY3go0L5szl4AKuTur2z7OatMcoTfmLRC9NIW6g3zA4+DhoFD+bpvRbWQP6m6/PpqTU3GmJ6aZJ4WikVdixK1uS9diao/gU8yPUtxfhIRZx6oJ9RpZ6M6f17pox7HD9LKLKoJjA6aVIvD5gmDOJukk8uPW+Z80zGtTmKIXmGlrCX54CjGEz7gCXrC4bs1GqeTc4+jr6BupqqMlzYxI1aJZ6kex2UyrvB/p1hycn19Q718AvnY0I1JPeaLMl1L0W8WJefL+6OghJNIh+C2AibXfGjOYfH709xcdoRJ25zx9vmfDcXHHr1FVhob0+ZCUqNrS3odmxUNp2kSWrJ6imC9mn6En2MHX95U4vVpqeUo/IHQOjg/q0j/EpnXvKBzcnG7VBzaDTOdqt3u+H1UK4oiKx1abWXjubXUC8Lp65WMfMQfOeYu0ASHcpSetnsqZ4RaUVKnYtsLOAqHVGTlDba1WQD/sPExXLJ2SKdAJk1dggXXDZN9nE8sppcq3L9D7vuJwnN7ZU4uXXeb95mF3sbHoSudiU86qmM+t5SYQjMc8ObF1fvF+SbiIYHUcp2GlCefUaCkfU2TiZ+cO/jX5LHOOJdKce+wnF9zawFlcimxw1yU+ZXM+9Q8qYrBMVyZNmHe6sMef/PbGtEpWVsdUOBIKsKtTsCiphBT6N8x1GNC5GekICnM0kmhxZlp8eCeP4ruu5Q0C6dRGwY23A+ZYTW1tvJuMynCjOj3nOyyj2plJw6n7ck94fzjGEIjWQcJTFcPFKddivHLqJuochL5s6QA4R4Ssjqt9Ys1nr+maq9nOemY9qs09R5BsPzUmy4+0CSQLnXl/89WZ8TXHTfjg59hWkNZz5niVbetwBF3Xv1lwrxvIaij/qQJfpDgVbjYRsLRohNf1ay/bK5sIkBm0iGh8f/zhip87tbCzji9fMNsor1wn88w3xmf7AKQyJKeXnPtAzqw1WQPR77cgvBMxgIB72KVFw2Ti7jByM86DBLNgnl7abKEolELSFid5OOt0lkgJAr2vO11UnleMOosKuKrZ16kxMTWkWDEx+vdPqh3aJBpiMMNf/8Ljy+oH9KQYgeN8Nl7h4LmvRHxhuU4GHAx/JwjzbJdM6td83OK+uMROyjll7X9TuphvY1/SAx3Arip3/9CJbyRfVCG3QrNN9bHbQb/hssq0h0yJhYNRPL9f/Q1JRfahXbjGy852D1qS876ruQiN0Ygj+rL+422xcoffJ3aZnucCq6mXnpThaeYRybvNKb7DjhXZ3tuOFdbvGt1q0sXU7mQkkhK6LZIKld51G/X5pBhV5hMA5sbMIrxRvRsuTMEHytAQnWsiKM7Lvd1fHw7MWB73+by4Xz4yu3w2tFIfYWqSa6aPplMRuEXm1djPFDavjKofNCw8zydLsFuLUqCdOM3RaeuZoUxJNqOW2vvy6/t9dfOMqJyOsQvb8U2rBuhog5MDbddspunL7ctgm4JXp2870z2XVENJ9rT6NR8cuujebAhhnnQZhw/A0JHWFYSWXb6I3FDjgdh5GTW/gR6rcQTrDg4lgy9O/JI29041vPwKr/dfOddX3x80RK6CSogcQ5OzxPZui1FcWLgoa5yOZYCyDhNGrxxWJpl80sBBUiI9DoS9o3IwbqPo5iKZWe3G0cULJGZ4YaRmYgp5cpMgoWVmmufMXbe59TKG7Sd9fObCeCQ8atK+tdRrjBtvEk7cHh+KB+7FAzQDiS2EsB73tw80/UNUnn5y1uvIVEUZkMfOkXFGZ1+Dr5VYJ7I3zI1eOBD9r1Ta6aKXs1j2JvIl2AxQroorhYQ4CbOUkRmwfxdGPNDjWKcT1DEPcrYWHkxf952+mytnJslbudCwbivfXPrCcnz/8iI6P/cMTxRNoTiqOWU/QvaT8Kdgz058oY2pft1fVV/uBpe+lbv9LHRFjoKlJ4fRlwXqlJl3DNZRIyTRO2Ld9YKTyiY45sm13rGyfWy2rCCvJ87p/EWzgev1Opvhn6Zs2N9S9nlpq83SH33pPzEu/ljygfh5+fihcIE/WVoAABQACfCCYLx8xjw8UBDQGAKDm/BCTXj/xbioAcL/7xkX4G5W0UBp49jHpJizoPoroRE5sGjxjxn9CsttYr20UB5JTc2FOe4PC3jWOpU/r+Xj2+rOW0/bQXiyoMqwkxaD93EWRqoSrhXDb6w/j5r4OkywZoflp8tGBIrnFubv5u8W7ibu75AU5BMD6vTAAJPz8mE7MZIg0ghb+6r7FHMvfzYOBU7WoVE5brTXKXMZZu2O4xd+Z090mX2HR69nRRbGXiB07tty/0Of8/2dtcGrNpxwg4aAcPOfukF/LHl4BQAwkAmY1wTAa2zKzwcGQgDGfCCAMcwExg8V4AVDYQAo8A9M0l523Gp6NeZUeo7L0RH44/EHudWWG69u6fmxG+fEaUfz2xxWWDIdKV5c/+0d8J1yw9cRR2t3ppLhiJEgv9P+d9mBaJ+TeRuneX49nZ+Gcl9M6wRYBn0dt5lwsMFiY2ouNt273lvGZaj3JX0+qTxL+TouK3Nr5oAV1WCvNpdh/MXVdt1KPztKqoqQvbTL2FHE0pOrF92Xu3fU57i90Yneon3mVo4elKlZlliLSVFiSr/+sX3Kjrqy8JhqNyGsdKoOaqRLlNnT7B3sw0lgZKQbkL38mYQsv0Qa87SAYZuVPoGRFuOBQ0Ysy10bDTQ+UTP68vUkudlaSjVAcRrJMbsXY+w9KeFb81NPhnA3Qkbbrgc3YRfPOrIVhcOLbdWnNzzCiVh9Rt9OqpNbsnQZyH6tkL7fn0nJJ/N4KydzGroyQX+2uh9evrlrR20Zaep7r481xGhj9PmENoUoLygbz9FzRUxB555hsb5jbtra/nq8BYW2Ps4mv98mbsf4WJosXDvEfo9wE4eWHnFMu18vCENlmc0CZ+daTDQ11DWE2EpJ522trc91T+Dck7iZmriTrVV918otMtX4SUycOGSKxxUM/BCuQ09vLUfvtXd95iyTGafBZ1ZKpNBH5V1wJafDaQEbndFjeyy5o2GbWjkT/B2awDg5TEVSp8e9+OWWZKIkV67Jn1zYlz1m2O2eRg7nEM5zmqbp1GImyw30xXKqk008mGTa1UWJ7jxJa48zdz5uLhLr3FnwnDKqus2Th3/BsaosblbgK5Lde5t4cECYoIwzPtehvGWlpIpGpC6WxQXZVRG/f0RDx/KZ3HcLazjJ3nY5+tLhPKW86o82Zt6a6aQtbGWF92E/+JhZS1u4ZTVJXYJMfpWDDmObCoPsC4NJdWjN+0C6IJ4d1MabwAu1qzWdm47kc+yr5QDMfhvaEZWKClyAx1YDpZdg5ZiHsl0VLi96JzCT0vjp3WHn+FUdGhNmd4eBo0HN0OgR/mxRcAXJHWaSkkhiRsf2UYNP6Hxe+ZOlNi3v+Ows54w+8laHc3Pxb0ntBkNV7I9OSuE4k5c8yjeq9XarQW5uTEiBPryJMgXvOC3cvzdaf0p6Ihk5SqFCyTqaYmHs2DPm10LJUMpiZHBJPTLVPrwDJG29fJUtY6Lxm+o3EmINLud0A0JbO8rLKz91wRqj1YM+wgdMO1nD41yP5HNpXp/iFx1dNl7c7zMj9q+4iBPBej6RRV0GZ1Af62dKxV927gFzG0qTkiU3dtfifTc0Za7u3hwSBJOIAMsplkxsK12RB/10pOK9k+z+RoEw5EPepaRkzZHxl3PU8Sql/bc0HQjPOxdSrqONJtEfrHaM8QYMCN2CmpUVvgURM8hVEQ+Lc29AFLUwdYcvtvp/PxfsFTeqjAbb5vp2g0QXX3Btv8aM0TK7j4VQlJF1sKtS8z12RpSlc0XNrLrYkAi1FnwrIi819D/07EK29TYlLObVxUnCTc5DndeJKowY9lDk5xegpaxd7brQ/hwSFKosJfZJOmwlgh4/SLJ3dXKvJFnY5HosT8zy+WyK/E11sEqYdqjxRY0z5WHF82NFu1kbwZg+41VmAH5S3bRrsJprPb4chYsmdUIaV9boTSDNr1UahS88Mnmz8gpV8TPcotxGiKq/zmDSkQQI3dt502eSPcU/qqRDQqh+oGni5uW6Y3ip/s4GRpxethc/NRFdBBZnItS8znnYzCN+lDFdzzUvxzRVNORvc54MM138fkvUCaIPNaTpZINKSiI/q8meNje/+RXCOqZdmb1xJeW8tvIrS/XQFntlwGSo1AuM6C77vatAos+knAZEgjp8h/1gZbx9/1rZwlLlJM9CJwcQ1ugaeT5o5BHjvmarEeWe5HaL5LuO2fP5e0tTllb6yn7DpJ2O/SUZ/OpS2ck/sRu+UfANPXSMwdRNFM8q9DA1k1Y6KJa1QkDK5UwhuhcyKEIHSvcXxN/97GE2MKqJKjgY+I0CjJilzwnTb0g/Zhr+CEqx2jqJgEsYAnWqMhu5BJHlsPTpOtdcB84amPo9aqkdVtckT7dpxaMPqRP1ZgfOTqgoK1OhaIIFxV3N30STT/a4kTRcqINtxnRqG/sPpbXD98yGRDdPfa7TlJZd51hkHhlw6ZC+hsksVmgY/PTrpb3CEnC8ALJFHy4CPkVnGdc6LYRpieiWngRrN9p2uouICKabXYWz2s+TND5ezMB/1pr77rwhu/Or8uFZ9/ZB7/m6AShAQQpbdt5jwNJLZmChUf7sJoTacDbnyWm4GnF2mpCleJOmoZRWK3cExFwRyi1RBOOyYOhTEaixOZ9JWiTscGBenBRdt1CKdMTVjhve3K489w98uTj9/jONLUP4tJ1pn1n8Q1SI/DNi5lLXu384nuGD/m08UxuNdQH8owP/Ewj6YwkE85hAeE3gpqZggCkMCIGB+PmAEGN+HiAAKgDigcMETGECYLcMueEhRRUeEOw/g5/NHSQELRlcsn/4NEDg356m5PUsE+SPDvlPT/PHEg4yNgXA+YBQU9gfOMFrYgrkhQPhAqZgUzgYDIDy8/DyA02M/wXpAEb/hehY/gsuzf+F3QYPfCnpGbp+Fmr/jN1clvRh59saJ0FC8Bp79fsfIibg32+nSc430WAgIyD8Jf/+kfi5BfjgIF4IzBTMDzUGAKFwGA8PDAo3BhkDYACQCezPZxAI8K8mofqy7TLPy9ULv8fAXNcBFy4bHQauqorXaF9JOA64YiIlmL9ZD8VvFz7eKzfEL1pgHne/d8TBZYwLHWdbKKNpJo1eH6vIihByE4MVaDglvYQS5/zQeV+fVTuws2c/XDGNe2amVyYXOL9q+WTmvyvj+PJ96THjzbcopx0Tws34lYBuxAVJOH9CYmTY+HZaffeExmlg4/KJ0Rty89roEIcMiU7bTs7faFjoBTU4hNLE7wFmdKnwrd/WpNFc4xqbYGKhoCkeLGkePfnx/u+3zaQ1ObP9Y9+BHSmTrvbpkAitqqmkLj2nwUdNYhYW+3GR9smi7W7F/LdAf+5PqFKaOHb1Xa9RyygOtl86RnA6fJEoKXC8PxJnfdEiUW8TR6h0p6KFkDiD9eIJVL6GRTzIHviYEFOKIE0UcY+P3eSBNK4mEYhnFweMoineM56CpMWXtxJmm32B92nSRkvjRRehbwJl+jfhHgBK8aRwY5BNnfeVbyM4HrKmfK+11MBtvUxy9yddKIzvftLvpbLVJz9Mc8C3cUagdTLv2Fr/xNGwIZVUIT4Ny0S07DghfjuR9q2Ez2KFYv6doINKYuI9uqx1gX068EPaBn0Tfc73DDWKLUoZxImRqHd4uDp7C0pIyaeMlA03gmPXsgA3OmgN+xHDsrBBqd2GuYNM7ZsLhI9I2fkOAv3mMwFvuN06T1sWH/Z/FUtEzxeu+clP4lg4SVfGn0lPp+tnKvgFBle8HFh7i2v/fIlM1ZQ8fcaN2E2i5gOoM77fDwTsJ6ry687QhhsI0BGK9NVXJMgRsN2jeMkWRulbvrjVV/86mT9k4CZxWQf5XACQVjigJj/rnE0SlLnMv8dPVnPJMPDVf8qSlDZSrJLbugEqYEPUSWqLY65R0OScp29KKlqU3egzmAwsuh/9MpIado4adelFoB6ydRSyep9jHDZdswyulF3DppZVrZsaM34YnlmcRM9zn+zOu3HXrPB7LeRTLX68mtIeMBqYf72kBFRrIPQRKdc+Oz2zTeGuVKZ6DMd/wh2dcaT6p1Hn7yNuquElCd8/uu9/jDogbggcxsfLB4IAeP78Po1hfIA/QRMK5IHyGQNMQHzGpiaQPzUN5H9T93n/FXbQ/+taw19Rp3i24Y0qa36962FasssMUCTfRkmIDlU96b9dTPisszvT6D52uEhaOB56To4jKunhMyxGRFyUlADfLSAJxM7I4O/scJ+RSi8LbRHQt4nnYL8rdsFAKK/h9f2njjH+m2MQgYBOUkQEBNL/NOD4Y/knnfACgGB+gAA/iI9XgMcEBgMY88N5TKAwkDEfGCAgwM8LFPhrwDFi2cODJ9nKdUkddP2J80EtjLLlfa7SdBLYmXN5S8JITixu5vqsrBf40WV1LZXPaWO+vVSZorZ17s5qfwojkkiWOIVLLPItqJToXGnD+0rCsY2L+lQzKk7uxfyJ1CaC+/slEyep6PEDE7wuGS9H5AgpbH91vRi6n1sKFDz4Nv61HBiqac5BU18ZAXsJPxl+MECNUxoxcOkRIhmoc7oqybdf2Lui8NlHPboGcT1zgvfaj3foTIA2LRxMQAW/Xk6euIWMV++1Vfe+jk1Hyh9zPtplKlxWXYk1tRHpoNZaxa8IVft2mCbMNYY4Nrqv2zXMXWyN1N2mG5LUK5NHEhgFkmHrkN30R7nad+RcmP+oFP69/SJyINr7n2abv48xUHK6VM1QEBDM/tOWhz+W0D/fZSCfqSk/rzHPn7zyBxIIQHigf6p0YxM4HC5gbAIz5uEDuWW0a8g5LYPwTpv5HnEpqDyQ13/0RCV46Jn9+GBtxVFwQoSShI//yQhx8NPFUSuhZLjH96ySIhLd3o6O1UcX/7aEZqKQjueZ1pt1koIrdFksbWyb9V/W/39hLn4/coksc3LzxdDHZwD+0fhtOntpt1i6rGFVP9T2g/dmy08WDTX/nu1vc3Hzcpt5TXh8nl8e9CPKzy3rHTVy6edGsYUmXJ87HoWMnbSU6NhszPu6GlColwCKWsQSkKGeFWZlfKe4HQp0t/BsEknyAWNrXT1zKaLO52sED21y4TosHUtnZSXlNc0FWZl6V9BqfnVsrr+yXII3cjFzzrKs9SV7i1+usLZGQ4E/G4iaXTuQF6nBVIrjLdfY5LU1R4JJuVxBNylHrsFeLIN772PQq35MBbpxWByxhQJ0AotmNJBhLKd+tdHn4ytM5W+UdPXSYZeZy05TdIfZ+5SDhdkEyPUmWZajKptFAb5JvyvlHjY9eOupWmo/crln/S/O3jKm0qDZH8R1cHcY3O3g7jK4zOBwgIO7u8Pg7jqDu7u7u7u7u8vOu5v73+z9sDe5HyrpdNLpPF39q656yqiA4P1P3rK5ASjS+IGK8fUGevjUInrPRQ4zNl/VBzDJagIIMIysALbAxd6ZMVn4qI7y6Xm02UbUVB06GCOLQ7G1j1LKRiNwE6aXDfzDogd4lfPciXx4fysWgn35aKJCJLCGhGx5jkkEfOzIuPU+DyloeelBFQVuRVrEwEws4PL2doDCEtBcNyVAORDKQsTGiHg+19Und49bTIFL8YKBx1A5ZVL2bvYF8ctK6bPTHDsN8oC75/F4afY9ZE8SQcIUsTiSj5eqj+qYldLD7M9uA2YSnsBSyuLAz4fuAZgMTzempNSw8GT9RLfFt1Y/69DOEX+uUmf2yNpVpWdFLQQb70yFocV+pbr5xaT9P3y8OVhcoBgaKCc/tehw1DQiqMx8GdTYYdhuvIc7/v3HlUnzJ435Wq+SxchljCosllu4J/0E4zvHqXXvyc4kG0ffEhpu+Ib+Wq2EqZRFELVVgoL57hBeP0VMQqx4WgqHDHv8s55o3/iYEVzT2J+jI3Gy7AlseclAqqXDoQzQKKZdfku3rncpKyUL5LuDeXrFxvnwTFZ9uqLxfIxzsc23aI6YdWVMTiOfwaGfXnCfgMGGsSpE7wWmXsWmBKE/mG4oQhvf8UIen1+BDuxpelvyF3lopSW9PriZz0aJuDICO/KPgHoeDjc+gVmHsM/I/fsRwZ6ZbBHNicZXabAhAuMTRKqJjSexn23czeL64aITP/kQMu1iJd9oW00d16c+9XZm+TAsgpRbP+a9sudKTaqmT+O9gi1U7+YsYM2JArae3TBlf04cZs93TybVFLkEkn8TYQ11T0TrAmsv9FP20sXE20G7rF6O2GMgWh5aKyqwknrKsECWxT0LjEe0jORSBLm0C/JgMGPvoZqywGGkI18fdN/MoCLNJu6bwxlvm5Jd12+PT30yZ26cnHg0zW5i/PVsvXdRvwIuCOS5oJR5vEk7uf5GsCgZd/txnn0MiG2yePGl3bV/2SztsQ071eFz/TDffHO7ZnY/unP+XwpADpb/JgBXQ0y5sf49V1j/05P1b6URFycHkNOYx5iTh4XTBMBlzM4D4mBjB7Gysv2zh3g4DY0BXFz/BGCFirxiH8u3g8h+3+3aPPIKyMtQZPj+wXyItv3dApMI6QQ6+4WLrQTOs3pwUcLYXA33x7s7qZ+DFUy2g79MCQ49AC1EoKcbg4rgspHGoHYyfSBjpv4YyCPcGsQ0ySfKDQwa9CCiSRdmqE+I6VnB1Im1aD8kalcywP2CE03ePqJp54cbgx3bZ6x1wUZaN1/EJJUazH50lSUoY8B/Y1YDS53cChHUqzgkRr6lIejuDbYFZ524yuepUBWmplIFh089+bPvFKFuDecQnh9fzuvM7KWTcSV5OhPyBPzVYbuVLmONWXkTHv82Akx7He2ESPgojS89sRMcZ9rSLK8P+PucpkrCNlkaCTFjvMu7eXFT9AI1J7Uc/79l13/PGmm5/871/I9Vz/8ju9iYDVmNAexcbGxsJkATQ5ARhwkHOzsHGzc7kMeQB8TCDWIFcgPY/xl8DQkb4WssqMGeusd8cD16o40MfHFi8QWJMNirtQDzFe0BfEq6GmOKirq3x6S99+TZx0IDFuKstJfDyPbNFY5cPIKutM0uAN+8/91qOl6hTAha6qqsNSf7u3UDKeHW1FZH1uKiXD38dmIx+ADFHrVzTi3S36x8WicPZkKKBmsVW4m38jm38nsYkgFmvZyBtw/Blbr+Vvl0Uzz5HEFfrUVtM6iZQVigRaimnmKvJSL7etMngiBDj3Or0KxDCEh3xh5ZuJiQXYVlcji9NFOtuy7TJCAlqdeMef/yzbxZ9Q73B4XTCMpMWL/wMV4pYIyVLddf5ChPqZ73ZmrQHOXmgIxi9Z862jIcmMcMR5QZ9puM9xDFzJLDMF5FgS6bVqVYJ56jKFLp76gVAGLAjWd/0+TrTkf2avuH+MAd5CmRp28K8+4d37a5xwIQrDP6eewbeiInr3iZYGhz5N6fshhF+sjMhh3lZpY+7g5jv7iKqJRefRRHhMkv471uu2S9apsfxIguq5pzfvBj2Kdrej0dufQ9Yk6oDurRxspopblR0PMBdgV03yO+T0nZgy8MfBoR3RA2xkw+dk6SjGNnIpvtWAXujtec+rkw8rLlm4Z2qRxQEgwdPHgmUdLKTu4VGAjLarHG6oyk//z6fXr/URYh9v6uODSsCEqQ/29eJYGqQ2aPf2OP/0ml/3evjDgBhpwsQG4jNkNjHhMOIxM2ThY2Q25jNg4TLiCPMRDIzcnNA/qv3yIATtAwDS2tEoeLGocDZG5/gFzHe8B8++3/qUfW8Z7rpMcUm2uIqT5Q4C6RNlAiXMrdIM7MnpMyRlLMTFgZk0IPYK4T56JoaM5PTRmjrKGISxnjquPGG64c/zE+IbcYXLrwMKE4eXgAAWbsyWz+v8Ua4L9hzSy1SdYVBwzsP/T/fyYAZhAbCwcbh6EJlxE7CGj4nyNgYzdh5+DgNAbycHIDDI3+aYsm/2kVrOvpuNZa0+XrWrjl/4vdWrHIXzzAtvGx5PtamGqXxYj9eeMeOLySoVxcOwVoJc3nuQ2MUrNRPLzxgPCIMCtaJQ3KBSdiQNAvR5orUldGtbrwa2rLp5MoZBbpRx1pdCO+rKqNNMOtIb74R8Wgpi2KZlROk+9XW5e7/X4Q619TkRhQC1RH7rh/xOhPo9ijsDmLmgwDOZXF+11gRBMhNGPzFezHoPdZQVRdKgVilG2dwaIbPzHXkAW7whsjw5js2diOyBJBNZmISOIBxa2GWPhwrDVHq3FqkNzueQHhvpU0+IaFG11jdW6r9C9+HPPK7+TadTsZuSedl6OFp2dIuPkUYUAThingc9pxBJJhc+SJ9BOLGH4DXK13nxhxHNIKh/ra40LuVd9mLjvJyspnzVuSuzsXcQHxWlGU9UA81gqXdf4wTGx/v3DyhWEQkkmrRt7yQlJXw6HZAvVW2w8NI8+XB3pBe6L4Gq36J3JmQmWXb4X2GNX2RnyKUoqn7qO1yqmmilfLDxris6Q+gv6Z+yLJsJvsrw5Ezo7JxiT+opmbHI3e6ILyIPbHKeqbuOARDOMtxL0b8JYIqRdVtwVNLB/UWnINzagLQxBZZy2qvmYEA7HOiMmYjD2CqV884BCG1k2bTUMAKFgbdkQ+wQLvoEtHbkVLnFzij/dAoCKtg82kOe9IrkJImlENQNHgbHk/Hszq74oV9K/URqqcC3GauGzE/80K2vGZDJEfZWNGiifUMRAbBZZYcXTGE8x+k5m3dbnDHJwzE4jz+P0PDRj7YQRFL/b1OOIinBrG14LRYpK5LyVt1F/nrKB9mGQDiMwunCE1u7UIsdHZhhL7OC9eih8h93K3ApxQpRRYSM3OnSHbdrZx5yLfxJuw3HVXj8qMYAkV8JvJbYa/o8s1i8Zam4jFHzKRl5it3IdJ0UDSJt+vCgJP5uGrprhD7Ceft6r+7Pglo29U7h0ko9zuLHh+qUhL3YqaH9hIweHB9PkNVff+BmmHM4z5XkDHltG86tO/MLGkXhcAoonvMHGOqDzTdbGym+C/pVPAp/dxI5B+h9YRQF3UXD38CCeUMUldhuGIm3IiMu+UirN048wtlHReC/7yymM10t7x+iX3x44nAY8hCFWVO7TutqFpwzsGeW141vXT35OOrm5kyfXjQFLZHLdgsGdP2+jtWmE0iGoU9qcJRoFLzTonFQzLSHjYeUnlaGzZDW6kNQZa1vBwQLnaYGdp63NPZFXmw+tr124YWh41O+/X7m2P65fQgaSBwUAN0fFeDUOEKtFZdC7Pm/LkrFPivia9UbYh9xOR624cAZuE/Sdpln8AZef5KP656jCLLL7G5KSMFG+wMkOLudgRMlOBNc+7iWwuwzbnT7r8HlAqckEivi2HqrA5fdZYhswXYQ1aHuibCEtBiIGhmywtvSoc5rpw+rJpfX3at4lmZPr6/EUsScY8Q63o3eFwyDv45Fy66ELu1l3ccCO6aOjGQCKJkBgIkm8kWIL4Xk7PuNesO0Y9Q5yZZXqZCdONHArnpJewxPBkcnpr64dWv32TFPDy866uuut/5A8kz3WecFHOvPIjOfyUC3PqzvUR1FgUcznE/zW7mDVJI6+ZiLP/CxUm7UoCPJyxZ4fHEhzTVdEc65dN5VNrqZZPrjreD+to0F9MIJ3gjzE5B4UIkA6HKTNIjtfYe9chfWzVoCgjSITpgqSpdexXnCAXsMByzSPfqzLq4PsEUk0QdsgMfE8b/I0sDKeqe7B4cC+1BUMDG0jkDhQSONFSaNj6a4XXJz8pnCfY+UYjGp3IIjkwC7nc/Ihchjb4MWfPDmC82ovl3TqKtTFN2McTBMXRoeok79y9TSoC9w7Gvwp/0kdKKsb0zNQEvkkD+ZQVeevwpQfgJT44qFDbODmkyL3Mmifb9JORal+Fb/kdXI7Ue4KA93P5L7gWBTgFUXX7l7IsgihD4u9u3oDhCTNaRTuR3J0wM+fRWj8HVzUyQ2piUbbMX9NBPwZKL/pllGxJfxfc0k56i8c9wm39oKPWOG6rxUqFDsr5beQnc9Qy4CAEKMp2wR3cVKFVL/JMEaFCSKR1o7eJO6DjMo0KbqZPQnYEnFRDiqQXCSfd92DhBI3hm6X3nf2cNzpRsoAUsXFCkX8kvdZEFvz1Svt250ApaLXlL16dmEOHo+fBBgfcE2C9aEMzDgaFuNgSFZAPYFhCue9sHfioVZfd5yWAfllzDgbi6XUoRbr30WZpns2MVzZCn59XkxXrtRqbt4uavMRh0DTp3814BRC2J5fgb2ZGyVBH6jBP3Ae1MdwloCS77GgorozQyO+WA/agZYIZP9DobrqweTUu1pGkHEMoQhkIbmXPM79d1pozmZ1k6Fz/ikfs7OG/4soa6DnmkErmnWSQSrDGQwAchR7scXcw0YFI0A3WME9W4W8qNSez/Ia6CVROGFqjd+3rdXb1jsR5L1zyN7RjKNUfqIqNVl3wzxEUVLieG9V8bwNoQEzfmBGQNrGzJLb1a2uh0AzhcYovDqZFhhfC8kLdDVFB5qY9BYiffyNLeS2hT0oIYkglzwvNM5MpGBADUjhDwhjWvaBdr6UkVNpnFyMlJg1+EOc/WKVhTaxAmzJXKFUIZJwpyIkmu39/w/kY6/Nl5QXmHag2/lmXLcE6Wn56GWS8rsrWhaP78a3LIXZRLKm8kft6mD7RQD6xuncb+KCQN+85jDMIrss7Uj3pfH2z8cGs8hYBoi3cSJ5svaJsCCtAYVDJ508WhFKqC2zbnIBliDLgaKSV6SYTbhwmEnuumvuSPgJfRaQwwik2kIjDFBN8f54I6gemR6V5ZUiHMKB6rPcGEMPyGFNifbrF22RRFtTAo0eS7uMx7hfG8hNRb7PRbSB2bk3ogN7roqZqc+Wr9bJ+m0n0EcUnLEAEvBHk80MwPkH6gvl4+7g5wc72odMwh/hdjK84nClKJ9UWiYbPlC/m6tUzib6fHt563cnqirQjBPoA9jnbcNaj48PDvFjukuI+OglJgRqyys6P3bChda8bOzTlhLMAGSy+DK+OR3cuJrStxX7DN+3+yoOWRh7r6nYwyLXXpymhr7a994wUCELU6fF/98S4kjeixJeYhScFVTpw9uOrj898tjLdfAFtYtQovTYvvUwnMzIbFi1qSJMRXJZnnGS5njh7uf7SlpHnw93pvmnZTbMvgCCoLlQeHMvrgVyZSxIdtt14wD/27Kw2yhsSmDQsbZT922oJFOreGu2sSFZ5wpWc48LEB+c5INasD+WvnMIsxGsaUEEitsIvSCuGPb486SdouZMuf6M6fRhUcP0LGbGJ0F8JQcQN78ymt70bpb1IjCQb0mWn6Mw8Toq4mgCbc1Sx70WGW0dhFw4wd45QruMa1/2IybQUbcb3zbS7WkVcvGStxI5bPdbfIlE4KYOWB60yGGt7lSzWJN+Lg3NtztZRGnzuDwJnajjmr7pYk1LCzmFjKI4oE4vOsW0foxURpwYhr+KgoGu1uDzKM7eCf/yG/yBAj16mDZRNsn8+dvFgaNry5Wm1vJquYkqWStFnwgh/umRq8zjc7bD08BHI1VfAaMrzbXu/pW3h7pJftlOkOno8JuWPZ97OLsqmwhktmu5zkfydcyUY5XmiP+jb8lF+6bJ6Mdfnoh2m6+WJ9LGl78Pd0fbucB/VuLax+dtY+Hcb1+XvjpmDrI08EiHKy2l2z4tH2D8Fbn15029Hb131a56Zg1yv4M8+PBCbUkM4R6PrHdpeZMZvibrZJ5BP73fWb3mLNr54kf5TDwPXojzrLZ1t7x5xJD4C+IQuxi+378dnIszfmEJMXw5e/jrMr/1i6rxAYuqcJbtfcZ56Qud6NX37aKh1bSXovOp5UoDz4BY68/2sTtHLttRWXPoEjxGL/PSG8NtOZnoY5ggip0DCQ5K+d0q3g1dRlg68fVlZ1+bIgFSEvpC8JrLMqyMbB/ts3zP8IBjv9cs8uw2uIMoiSCVOYB3fLdpweaPpemZD/UJ54rBtwnC/CP7K/ptE2CsyOjO+3RCIK6efdEB31R6PvNVAxO5x7p57G3ALvn45dwJyz7R7ggVPhNqhAdFDHpQSFjNAaqV/JRoL7e6Ox6Tw1YPxv/1TzrSlql/55ujZU0/uo/MxfZAP15sYpqR4n7nz3ZlEKmEnFUwrd1TPX0qtOShQelWEFCRwCVl4IRaqIKkakvlLmH4zHJX05s/U3SVS2/24e4z3Kh5GpEPqJIblpbPoZsOm9OsqqsYVIVPx/2W0Oab5raw7fk33mUunz0rp8C7hz8HweCveKa+IPSUP/JLkcmaFVifxp9688Zzzm8O9zlnNVFpLVFFblmZCueZ75wGwsOXYJxoDO4u996k+hILWzjqOxchOJsuvTB2/qTWveLn9ZMJnYzejNBePVzJZokdRc16qEZghrVxjMcLJ6ryV8aRalEdjaP7Y505rptZf4wVRWEFjvrgtXvhU9cwcURlwThd+V4Y5m0yAfvDLJ1OPUklErKksf94R+3YZt6w0DLRQTZqY2kqZYXmNvP/TCu82IXRJPQgnJterEfTxftrSKIXA5uOiaIq1pFVxTEcCNcMxxa3PCnaTNdbmgi73Yxi0cNxPH3pvnDlTPeK7uiuyd8jzznGm+bVkyByPi34UGeaY+Svmq4amtgiyfQisi3ePcg0ywt6ZLgVTamcDH1sR19TqErfoIlBbCPTFZTh2fVlVn9jaO2/S4JVUuNSPu5431ApZ7UhcznZD0H+keM2coR86wNCg+FiQZo1Jdm9NSRhzmikY8SwjnWkyMQlH17xzVKdZqqwT6/Pq9XhkXhOovuUkH2x7OowZDze3L4R4/ec8TjdQaWPayVow7JmF/KvvAG2raRWtzV3naWrZp2IscO/CpOxMP8fvlE/Ct2j0CvCRVdnFvti9a3Lv5/+u4FPUrrqFd3WeMkecQFqFMLxgPs58RniYPJvhAuuDG8M3cEPBHcSdC8HXpBE8biNPFGjqHhLSw2oG0xB7OCro4KwrMv6os5QkL9/32W603SXxuaMD8ZfLqyuysjhgCZNQdTCnqduk1Mc7Wo+nzHxzzkKmAzwB4UNWjMWSFvRCE0Wh8LuPqbcZZUsmES1uVDox5S+hIl1QIoR+a4QUehQlTWI+684gzwkAjm2m9eVtq0HrnTxLwiB914DoVJf223cq/5eBPXMc9JDdSUKhYh/Y2B/+anjLVjAL10ELfussM6l8j8pU7oQmESDN15NnEt/kXadZ5kBRGQiRzhoAdgAm/HPSL1LhdAlb/5mPLcaZr66vJOKGtNtDiZT6BsqRMyJUU7EA6VfVIu/ZMy+rL/O0zLnDCZmz8yLNOwQctbWpO8e4U0e3m/eYbwh1Yb1LKmOdhqyc32S5IJaEsyRyNT5EHNfSUDzmesqKcTMgXnxRn0x7Sp9pwXTSYOgtCBonigOsDIGhGkr0bXJcsXLOuakhP7zOepK9ldE+7XYQFsfM+Zk2vnpf8c/xM7GlULNivaZjbeq6wwLsVg2yRri5bSePPBPz3wHnDy9yhL0+/Tll197o4VYAwvj7ylGqRQM0ChkN8bYt+97nPEE3IJi9SbMVgd1EAf5zTYzS2V3HDclcxtT7juvD4VwHo3lrTYpoP+WOzwT5PLbT2dC2UCFRT5JUzPH8SpZZWKuP5P7NnDjdQbkECWDxqq5edJyXmhXROJvCjBH5hCZ88c/UiFEKr9fbF0c+ZsxTKWqtwsEKgtumgNAyNbxWBLT+TYI4UHmYF0/qTKQqLSghmDI27UBjYiSOFPbx6M5A/gc5cV9nhLF+SNicN0HhdEFocXZpcbqtcoR1d7piN5NNdzpBtYlzoo939WHunQe0G0Y2//XIUHquCkFJJTirMAdeLc0i1LhKzbe0Z5iV7oxFZNveKhTbWR/o60LVZOHtN73rQvW/xoG2r5Q38uIu1oFsUCO0QxlinPC/AMbD4xzWE9UceLbX8gReczBb92K7Gd/6uHTGyIcb1JAsWG6iSoZVOTRBhSUatTU9XAvA9h4u62v5LgmvOdqgsTpj5K1+Zun3mUF2JwxVK3l1L3HWm2fFRdxaZ0jycUBaK+e8gMZn1N+MxXrUTth2eDr/Mzps5qPtgJkURw3IwBSRzFPYFmBtXS53+frIC+hj2mmh07zrzol0wbhrIL9yEKArVmkrhpdnzlvrnXC1tSpXiD/PnWrjp6ZY94QUawGZvwpWwilcqi/o5uxDKVwqUz2LJa/6XFN9sIowm5r7fekOa98C3yj8SKuxwtZP7YFt/78W+dDYfh76qTkjW1qCl1hYBbXDSav/9kEiVY8iz8GBKDm1KwbPL2XfxAErsZBpQZBWL7r1IostxY6QJVXPityTEKbzqX3GFZdgtDKCeGcgeJO+Q0JaGb+NLTpVW/KSCPEkQF2AEW8AV2ZMeG36lqtCDYuYTL+GnTesuk0yocoh7pX1fQ1QfZDWagt0hczV4gu1QIIrUielO/sFlvvaORW66le8yRI6Si7H5bwmmejGNms1yE4kG3vq2XlkkS1a0gKubC2s9m+PGPjc3EJTowmJylPRB2P82IBmJS62FTWdraZvYht+xRasm37FnKSlW3ShpWPyTLfLRjQL96+B1JJ44aOYA79iDZVxzDV6hh91MU6yL1p4qfqdTmBUH36yqi+EFnHwkz49iGiX+H10QF3dU+io80d3wjJXNl31mGJ9l/dtm1rXupexPUgtnHRRyjJK5+18oBwCNBxXCRaWqKp1nqcWYv9e+Dcx2HafWvhqBV5bcIKY279VNF71gk8UJnw+IeGpucRfPsp26w3Tq1mKYBQ0kz7OxmLPKK+8nP8hgpaIQjZ3HGENbt8gbz7KprEZyK+Y+fNHj4lqyBdttOGabBmZvMIs9VmXuiNhgw9QkAtZDiipgxW5tYtSWtAYrlPoIb3oRWW5zOIlry2IHM1bQgjvsyJtQXTXXhDXPYpcy39NbGtH/c6h5x77e7vaNVyeBzlVYO1KwTPzOjAGmuRIJD7LV3pPWcVb2m7KbddHYohKaocDZTsH+evOsZv7NS82l+yBZyX7j4dGeza99uMjjohMOusz7u/EAi//sezT0kghX4hCmDWq77wMBD84UyO91Z1rbmLXw+FUsUGVvCRrRR1lkQ8t9n6hVC5qfSV9vo8OzwNP0TjMeuwTrfnnb1yfYVy7k5/ozFjlTyoNpbEuJJ3NrSlyfQl6veQMIV2BUo0lIroY5JIgXHx7a+O7I2OzcS7dsUW1reJNveLw3gopqleiCtdbwYRzfyxfaRk2twB4bTYqGKBgLXyOax/FsHNJZHWBm0YhjMm8LxEGJ4ONq/Oz9qRTcfh55nm2nrMr35AUH8bdwlm8MkDK7+cLciIU0BWPA1JIl2bjhOhpFRban8v0Y16t5ERkn90aB+KvImtt6i75Bov3GEWhSQX3qHveor4bhz8/jq1BOmEW7A5KG+mi1Yillp6k9V/jo091jfBJWmeXGI832LZfjetvzQoOrx4jmqoOtjY3bOoFy6TE+Vuxg+bLC7ESZOCJjHilsLtlCGWCp96Lu1kqQVbnymQ33A0ZkfIUMXkABsXdvqGWLrfQH1mrO0PgLGFx8K9iDnzuT9eOkxWn5KrEv/JQXCELE7a6tmA1OPSbjTsLh1+1GgZMBhcFjSAlb+uC+KpXLg/XKTcdHBrgSmhoWawGiJrJKnMuIu4G4Q9/pNfv8H1rMMwGSERcLHmvVfZPJTXhS1kxyLcobC4g8nADEUQSWQjMKydjPgE4aZWTmIG4rdaaUTzQ3HhjL2v51OHoRrps+UsENh0bQQM7CktID4ClRCRI1kGBLIaz4UdMHDTVJY4lTq+5pq15vzNrXga8aygtE2BOD4tu/imTr0shHfmvJ6f9l20eBn3y1p5Flm0M9BolPwlu1Wup2t/OGEAlOvEfdnKNigAD25P+kJfZ1Ec/8942W8W42wQhkrucm2ZTHxLYiJWKOEPF9rnaS+eAd6+nREr79JxYzPqcOrViKwUDewqUlE8SBWGemP+tQ4DzvzkEBDJW420hwMD+Q///DgFOZhZWIBsrKzeIhYeNi4WDDWTIw2IMArKxG3EC2XiMQVycHGw8huxumR2J2rbzLKjB7pK7QuJx2xNhCcthdU5NosIFsjp0Wkr61I/NZxZGv/s36r+IbZ9mGUtlRfwSUzLHR15M+GXq7OQT7fUE+bjbbXBm0N96uPmi6oIG0bROEmtw5p7PVtDQbnbOB+4gT877NWI6YMKUWVaA338ltzxtUMjbm0ses8ZVysPCbiTJ9BlZM+3K3zwYuAzscVMZxTV/fp+gnZi9iyFROCDUJh1EJi7v38Yf799y4o76NaNvd120zDxxGqc8l4rVitoNGMGtghNjglNKw/h5WL7vLE+ZbA8I0PJa42xCQtHKtUvT6UVHj/AZUCoCxJAjMl6e/mEPO5uOhvOJ9kbcQOCOXlTyBgvvM8g9dgFAepBIcq7XyqTTr2BGSsvyANWh8+NE0cApMTQlnQMtLjqufByMVhmuVQ2iTOkXUwYyUl6Um4mpBKWfvi/2v43aLQWJWpffADVsyQiHCufqno5M7ef5jhT/PM1xK1wRmqkf9Wp9e9uwGljJC9QRO7fwXcuhu449hFfket15OjG9Agb9mnap+nvWC4BOwTqQVac80ORGp4x1lMwImG0vxfLk7e+V0Rjf2KYOWAR8iBl9xt50As4VXc09TLXrP+vF3IUGnrhm9HrsNbJci3csdprKGmiD6YWETjYsTE1snDF0owVPF0d5PbuMMeIvVXzwEJOwKZOwRm7j0QszIoUHKMwBOLXTudtsnkEnyyF97IK8p7oEwViIth8EaqmWenQ/E+TIQ66kIdC0lsRZk2Ena8uhv77UeJjpUAllCtWeOezIpMkRKPjLENVE6dMWvkIsPL/uZCseNqoEaITA2rHurv+XtY05jP8bEMj861F9/o19/kdvoTEzDxAAYDEyNAEAOLlZAUZAHh52IKchlwkrN9CYBcBpyAo0ZOc2+T8BgPX/lUlm9/+ET//fUcd6njcJwbsj3gKwKwpn1vy1vyu+3kWLS+cz59fn29E73nMT57+HvK7kCF6GvZVvvH8cJr+32QrZXWk0E/y/lYkNZL+fPYzxKcq+CVnS2arce62SAL5QwCApuEr/v+fSQ4ch+EILBvYf+p++zoTLiIMFZAzg4TIEcbGz/oM5DxuA24SFhYuTB8RlxM4NArIC/5Oz5X3mssY9u/358ZjpDfvNcy6ecGZXN5+ohXzNodzmZTZ+VqZ1LgFGZtgkdy02kdHU4/B87nzLO4DHcbLJtpb5uqMXol06cT+C0A8z6zIbXj6OtBQME8FZrOc8Ro5UttbE7OtiwHVOhESHbMlRsg+f2gaRUFjM0pivLwL/qdWz/2zd1fNrr6urWrKPCEUTY+nGtnX4DvzT5vhCY7/sxxbJlRrd8WhLCNNqo2RgOFfAXphqT5XnJDQOVrbHZPn1w8PDY0O7gAMzXTxpaFITdUW0cxhMrGtINspv7F0/oyVuePWy3Jmzm3Qzs3YI62AuaJlta6wSAQlA3PcMwmtWSdhpMfl3CUV2j0YrxPb80GdEZWz34jGBziX2gdLC42FxXtgQOz8LHWoLNLh0Coc/sFk+1DPjdcChgL6Qs2idqsGXSyj7Zi6w0Ne+J3shd/Bcgb+mcV938X9L2w1POG3hwge0JVHCBX4E1tIEbTH5dLjQeyqQZBmWt3TgimQbDEe0P+fGF7P0M7/0Z+TJ8Zbu5dnXRsnk7z7Je041/mESVj2y1kVzl6jSaqdN/16lFZI7FlCxKsoMlfB8nFxqqJRP7u/LPrjRKZT+zfoYJmb3b2iO/zXZCZYcTnLpCGcV6cwu1kS9Gw2ugN6SWkPpMTqmuBzlf/Vd5HcapkK9Meju/K2/Eg0r/87ig/q3CeCVNDBENgEhV84nVkSC9KqCd+w+/HCTGIY/LyI2dZNFD5XetzlM1L2ta8RL7I7BlWssv/DHHJ7zslsPiwvetcC/9HtVibR4ONWDGtSRk7utN7sxtlJ2s0gNVGkStM6VrSiB+97MtNifudJAj3c2cd0ZZ+XAgH7EECqgijCbrTDSbWM++UJ/KmIybl52+ZGPOAbzjaWOlyIW1I5E8DplZ9n6x04e/vMoUVQly0jL5LK+RY7BaWEpHbp+QxkMFaD4urXgzEtxPpZiOwyR0ZwTIAIdRuwhTtCxvcaU/uqJNf4dFm45wR++/ccQbMqwBDNdGPq3VtLsgCcMdpO2RWrjHDEcrumhHz3/aYipaAZRtmekMz0woXJz8Hmda+hpWhSF8nYluC2E5hquz+BtkCfYvoIBTzvuy9ToCv079Ubtcpff0qEQ0nXfnWhIaofF6DF2X7lHW1gvcOUtNoChR4nlYZR/lmWDpjGEVrqRgrg0hMoiwILGhEP9J1auIvHmTNCBHvFQH5Ej1npSj9aN9daWgO1CRtHG4Nql3nKeK7Ze02wv07kRAmNIV5PnpZmdHfxGYFxUeKveIuj9S6VExb3LRsRmA2GJcfhOZIw+K9Dlrr1t6AIrYGtmyvlU2meydA2hzXfHPXr+vXFupcwbEXZvowvnx5eB2ld78J85wWKJWk2adujalfm7RiEPT1pAlNoKvztW94FgLz1ubWdWdRFic0vwLFMKTD2fXwH4qeczxrmG9RG/txJ9BYLZgW2CsjDvHUkJ2Jc1NO/S5bcdaih+t70kkWmrynsCy2XCoYpJFWTIPdmIBJ4I5K4cvmrRnQF9Hx7uctezrvZQtJdHAuVpl66PweLdCJrTO+2kdfyeCtHKAPz1Hz1JXrmTiIgedlhHBYHo4X7MbCVi1NBOPJ1QU5j2rldL+nNW+Mlw0Ovt15IspTMYyvruuYOKkc9h6L6Vg4r5z1SVSrolUtN7BPYt2Su/wlE3htEYRGLOZg4OMjTxJORaqgq1snRYNudKOdsSRoha1CgdTGP5/HXs6gpvzxEv/HTmm3Wuf86OQD+NJ97PqSXt/biWY8NtNHXneY45X4SEYNqO2ZKDNnJltzsjCPBMZVtndXjzk/rDMtjl3c3IPv3UC/H8FOTadSTruW4Dfu4/06+IhtLO3Y5zOCb5jU+Pu9e1HE0TFw4VGdKkCcz4O0TwGRB6ifC7XUr3UAHlzUUOUSdkHtAX6qLL604oB/qCObnx8yXzq1p3c+Xj8oA5aWvr63Vpy2KkgD+YeFnu7ApV3YU+6dkaQXgp9qrrH6wo/ySNUq43CpItIZLa+I6rBG7j9jp47FNe65wlR38DPsV1eZ+gvPolmm5meVZLFtpQWpGuP0piLImaH2exV/AYiiYh9A2qtU7YlNmnrGcvAsyys7suAy7b7iSjLLPn9Tmav6lP+V1cLKH4uC0Ienp7uHG1sMF6uKzylpEszs4LomxlbfJBa/ZZZnWMfNv8LEPGq2aQKUDinchhjQtpzKb448sCPV/aZVl/hQ6JvaJZTwqjzyLx1/0V0oxLi2PyzvZ1uE18+Kjbvs0+Udl063f3RUTBgbsVZe0l3ziiPm/gzfADomsvg7gVK80E6rtMnjbs0MYlz9bzjfNdEf6SQ0gOtx0L/qvZ8RIEz4tC/qNLYOcPJ6K3bDK586t3g/s0riyyG9kruXWfm8eenoLGosBPrudk+g/yLGREcVMV8yj2Gcp2B8lLZFKaOMGWe8ZFCE8/3y1w3yu+7ClY3Qk+SDd/0WJXtp5Zm1rI4Yuzn+K3ns3iCN81dkYjUfHccA7N8CuOgtX6O3qGW4P4ujTICT7So+PXXSuV5okHDT6vvl6mfL+Ounpb+97s9ns918135GnfVWWw5RwP24qPds0jqb9WzJvsVyvse5moatrGD6xOvKytrI77iEjkPxA0U13kj8nkaXNIcnzqYT4s35Q6APofTkYkOt+2CLNcurpe8pv2n7NuxR65A5cufpYznce/WekQSV28yuyRlVAaoAKVk7sDEfiiLt+HtELHBY1CZZs6tyyMmdxglfra+sb9STh90xmVpl+dduKb0/fj7WHRV4A3eqildC3Sz7lE2xH5OMOMFDhx7TMmrmwtCaYFSA7UsREBzP8wM/E9RbOiR1tmCxu65DVb4+UmS9YCnqmHfYQGasmKT4jt+cJEAG4p+kL/EgxAZIQsYfgRjmgwh6pVLfcmiGqx5Rt0JWO5Rb0R+NcqNl6NgGEX2Fej0SimpbvSi9pE18SRbb6GcQv8xqueiisMigCrlDJA7JvxhHDn7l363qReYgUExvKHmSmiuhbFvejzriK1FdQGfzUFmXOLWx00gQ0Mw2Ew7N65d18wMiCcoEpq7HDC3DwlvbxI27ciI2s9KBRJ7rIF/HJ+JMKCeYAiwjrO8mcDSL2DJ6rO+n323nVxC9jtkE9bgR0sqYtt9qKGMAeg+IpoBJ59jN7JXVA+KOyBJ4gU9DqF51z4bnEfU5W4jU6dUxKS6q00yNMBdWkNTB/IssddJk73zpDF42fryHahV2bdlOsl9LjK8JnhWg3UsQqozySvnZWccS9CwhB1ej6hNvBYElQQ8anfovre3lU3nWMgH3x8nYgkHLWwD3U4kB+rduTPO+AtZOArhOHhmyUH2lrdBHWVxPNzbB+x7iacDL2JfRthk2cIdRAeWYstKwjEGkGWhr6Caam3T32LR4cPI8CP0XhfYs6sZ/Ie/yHrHl5C3QY78zfJJEWbeXpLA13/hJiHswTIwPlTQAyz913S64uV20kPV6nn5ouPMUlT1RThB4IvVVPI4tFid/PLi2ROtrNQCePLLGQ+aQjFx/vj29R1FCvPFaCoIsZZZyV45tunT/jn6l5OzBr57Wf5W96cl/PKb9vzOG8abih4P3q8r0jfP3tzUxMx4TYyRVzXF53T/DZli2VLko7Ll3l7JFU+Po6nXZ4EtAawE0dXm3Jvi9dDynW+8K1Vtul7dVNLv26GjkiqAju5u4oXmkNfGO8dBvOQLdehs2faTKL60rVvBIYutBB1QtYa4N+hytynkpp1g4rk0QS5crSnLtDpuab5t/cuZBABKJYTHTi2T3qE6+jw6LnP9J+2zDecnS3qkNpMOj0PP+0esNbPPJl5jx7m/KriVrvMYZqkKvpWRdxcFwXJriyGNhKwP4MSFShnKS240cpZxIYutroGYJ8hqhTBmFmbykO39FCLCG8cOWXO4GoRGfcgxnbKndcFm5YFowGxP+qCgSjxIB/m5bQ6Me4arhBsCA3eMx7V9m07g9ASn11k13aDvsghFMIxIve87CntvJ7oq1iB78ydiPKjBj/Frml9lqUgAfeBNA7rhgQP2/lXvmKd8demgmEcMNNDxWkYQst2AdQ7dqHrf266SRZCDVKvb4g5o/GtZxuUl3cY9lm+cclJg+ejnnRWeyf9qbEiD0W3OWprf9uLmF9/2wI31o0OD4bDKN8M6rpClO+vQ/FKCQe/w4Y3BginisLYmdnGMA9txW39mnaW3m75RdDdacSTFyZVnjUOVchZS4SjKRgLDa9GeuJbHY5XDztpR+CxJ8xag5YcP90vZpO+2Ip8+xI4c5wQiP4ZvZQlSVCXChaFJwDdZQJFzJbQLA6qgVMVuWtWFmonehruHsbAAwBtMtck/J3hdfkTLI0R9ZPWECHQ6USCp85+L3mFcnSqPwcnkbppyrSDhHhuSluHrGneaUSBd7hBWUo0VtiIyIsInsFRrgO2nl3W+NC1G0Z1H9WmMeXwmmlNVbpDUgPc4jUtmOh33bePIDMq19SZKydMq9o2DfF2KnUsPZHWUTHln+4SylYipyUCYthczXNxVrHpVzEIypciWN9pENr/moX+UtPdQ5pQce9J9GBTAU4dP1yuQcMg2z9poVzB6mAcCHFdCrjsbc7s35ma2jfp3dPU/F0GQI0AlJKa5LEwCpUX3Gh+IekBGEWUGNTP1C8iXU7Q9mM9zyb5GRCAFU1dRSFZ6F86TNBFPUasTNgfenScmd/k9rMfVo9tMWqXPDl5x5hngdAw8Z7JhqntcKCwX3ZXRj/BsIjhO0otaOKVGmrX79vj3IOTKnv6qZ3upsXLmrRITnX5Z5Ad+OfS++jLaZd13/t+dEb/ZvVACYAgwxLWjeMYm3cf+enRbrgGgTKCvVIaWSLKsZBN2xd5qBu0AbE71vFD1pNx6Mdlj0L7akKeIMUTPSVEwgkx3lG12jMf+F8HnNAGA3qUPh8OwZJCCG1v3Ea7+hxkqz3gcvuykkcJGE7w778Rs425nNkRKry4oWf1vtrxc/5MAt86AqFnluS33b7A338EIaalBucHTuDfXel4UWcN/9ZV5k4OxuDndKAm0llMjckF4rb/ua1dxjogkllGC7IWQb3Oy0r1rxuU9fz2s+QPaYUIWzuNufrGdGlIHDKyJSpC1Vk8xUhtOW4I7mcKMtO/CeYwWfUZkLzM79+ylix2esml6dnIz87FKrIlJwsci5VOpGdnckFOwlU1ZoWQmnqWPXLOt2OW5al4E97uSHo0eAiXiCNKcz0GSArFJaWZ6Pccbjn5hVCeSNlcGLqh+/HZ69+rer7MlIFlHWfSHKWSinsSY9PuEmcixPgaaThyBKsCE43W8l+rDU98SQ9FBlhn78sWyEIhISP50dE5gSsRw5yFx+krCWhVZBi7NclOxN/Ve8NbmfA9ptSwVoalpfR7PEDfPhdzcELlVqA7UaP6GJmXnomRrZXulXKe6TrCTqBjIpj1JVtYx1Q0GZIsoH8jj2q+Vc/AvF359d6pYaWZmeki/3krKUbY8T1IEGsItX8PKd2EwG35owT3nuYkz6jUeP1gfneOOa/NOG1eLy2dETokzEQPaihPKgN1WCVK/GUIB6GhROlgJ9UWJ0tUMPwcy9XDjqqlSKR8j1JL3q/NTzQ6SXHZ73coWjDLxFn4Z7rYe9h5qdh+KWFiGCkV48gWvN0Yz3IoN7V7vajmbfSgHLqhMbvc+Nx3NmOMxUtKAev3ZKEzr0e/Xp+6hEPFARsDbKlTjrc/1gdAy0oRFMazmooZf0ZVGhhOnIzVhQSgSgsRGgLrVCN9m5b5L5Ijxj5c7XRscZw77t9ZuQrQsUyWpm9qxKECkkgwoQzBVtHmIXQ9A2PxkH/RL4r31vFUDrIWV4uf0jl8r5Tfp9NW42DrptaJ7hdF+sorQqmhUlLA5CVMrSSznCytNU4E8VLdRyogD1unKM/23rV8o/qBGzZpr0sBsezYil1V/S56d//We9WFcy3wcvd4sQZRQVEvTlRPJPLgzLO3mWt17gXCKTktYUnHZgsEUfSAVBf+7iv9PmUxhI/vt2BQPRxyEqt/y1+Gr3jUXFktNfhb+N3P65vNZJCK1senS3CA/4SB103PGTlgcGM8sk828vRvpp8ObWz40VjH8Px+fPKtRPC8Z6Map+3P+fSGwv2Ts5/0zUoq87Y8uCS8+LRJLikLw0RAqYKGmuAyX71vzpHLAhXcY+luSx373SF9btYtEvMG/TMnqQSecw404Kwaknsc9cn6DS+LhUUK3OXUD3sD2xPpHbYXz/KuIx/chdP6Tg46ZtQf9Fm68T/0sXVSZNm0mrl6wtj+WNGhGoJTaFHd8GehRRJ1FYoGHsHbH/Wjqeb+oggb8MWI+iv5gejOjuHsN3uGcc9bQMTandc//sSeo7s757jNjxXEvoevzpNutuA2qJ50LMm+m2HBj5cEmvweXscnE6o/yKXu/FNWu8TxUyF7Q+Ym68/EZWmYQ2LnHiaoPmpO/RGu2iAmgviW2sLCwNL9ufWQqQKOJGgSOsXtHNepyphmQavsRQwy5vmzB7h3rP73/fWdMGHYfs+6JioiM+u8afLR9DSUVC0fnfEpLAAcnFwb6uL9zcFkOHQB95yfQH/LQkbGUr85d7oMbm5VHpmh6olp8+WeeYNO20qy9E/AKn+vqmi85XNu4q7Pd0XhvAVzv77HFR5uD2+PacoN7gbBR9oRSgfqWsdUQYxaeLYJFmlcVwU58Iwk1TuTexDpDzV1kTK8ADKI2zINJSTlyjjEu8JD8gCjEu05wpn7D1PLGZSyaWeYfuxzaNmCIdos6ykKcGRrLyzLWXYqeV2s4e9BKVgxLa1kG7kBsQ43KQOQ8RuvE/Z7mJiBpyMFUK37IkparLI7dFifszdVc30qjy7hUgoLXnIJ2isMRJoD9Lx1C8ywDImVjFMU9AjwA3VWiF/kR3l7QjN9hstGuX60qLMWZRrpQ6sWUSr68sGd2dkbaZzJjnmNFYRyGVZQvLxyd1yKvZsj/Uri8BTrHhInDNpNKHgzcAV+6dXsg23RYWn2e4th73Gs7GJkZeHFXC9BkyioKh8YbNI1a7/RTsbQNrW3i71dIPQ8hx9kNQ7/1LFGaAal2q5PJZpTMFxEToYx5RiCGexv/pXLZD1STyxMcpeo90nmb5UycZ6dPODnjG6V7xPr7t9s68/KyxlovlSB16QmoY2LOn+qk7ZutZt1lu/3LYb2W1FBrWmuKEKTz2mp8q91HYAglVrLlhKpBq3SLDNoEDCWydKoJnYsUd0QbnOqVn2n10LSL40r+ZVqkVto1mhiRgN4QlCVQZHv8FfSOlao6oAoEyCvpRm7j3YepU0Y1fmj/iwj2VylyanJrkEnhhYCJCbWg0JML4JjWWa/ro38esq/12ydpB7aY01fzZiPY9OndyxHng2T9geM+dWFWeVpLcpRibYU3NsUxmbcmFRvh3LIwqo5tGG0TSjUK4v6DylCzRNeoJ2TgnKxxXIFgec931br8MpWD3eLzNSlZO1bweJ/IjEUrvmxdaiYeZr+RWPn1OQXhk88TFZj06cYCtFL9Z4+B7zXuE+CRdMcO0Tp5E4LKMeVcjj8LX1p/lS9u8cKPA91vRBbhkJxU0H3Ll17zfs0PPyKaBQ82AqfMIC0ZyieRgDGgNJeUAVzcjNS/MvHVxezTQY7dAzTPSdjD2x6242XDNOqTVWNEpfUPM1DMKnVbdN+PvisRxZRbHANRbmQDytOUr24pE6Rc2U83DKDTRRNH4pdpr0kLBNm19hoZ0/jCvEiB5dcpaRzSPB/vzcVzGvozG+wmnQoVGV7YEyKrs/VMRHJBsdezITF+3527/o03nrOX25O+GTPdcA6K3ECA5GARNC2ZJGN6PEm6s/2tDyW8k9bHWY1xlNBxfCQ+UW1EdmUbcOQl5eeLSMKhvCVZU2OMfbM5prer3gcY+1x3l3H7Uk2Tt2/fR8sdRAmc7k17O+U+shZgnV2INmXYYYhHWQplFOBY+o+nzrjk7gbw3tBmoA7kXk5Nx41q124hjnKxG+cwIQv+5sqzy1jWKNDWTNtxSLHwY+3Ys6Ldl/IcyMRaOFOdXSsvBAXLuWbwok0+07D8EoT0dI4qOMwYjZkj1BCeli2V5jPPGgUZ4S4oBqjoigUJwhCoawdHNE0jlp7DmVxjpgcA3kairZqV3MPhn0cM6YRKJniwg0RNkkUrU2imTZQv9wgEBE015tPahylZ7rC5TE4zhelimOK4c2NFjh2rzLe3wEa9HgFF8E1hvtpuqDPjSB2kSej4NnJxTWcCcVadaq+jg9pD07kwy7afN3sGbii6SVLObOksm9ER1SYQAYWKBKqMBaWDnviCvLNLSo08R48dQ3R9stX1ozGBnYMmJ+jy0qtxgiF54qc9qhhXiNOWBUpbVSw9RPp7OiQH4X19Zmvb6kXZqm/kY/i1W1PNdRPcUvdCzu5478XyHmXG9EezxXG0GlrY6X0r6lBvY6fhM05354Lj0sgGGqpjlhMSyhQNs/HVBhRiNidv5eyz5sV9C80yw2eQh5MTr3YG7SsjvV1X0+RFhrZPBWUmqwk0p7HfpVpHgwUESw/XeXkg6gGsnzcVc0cOezxbD98f8IxzLUyIHB4oeFdSKUxH0X+ZKEt82KqDwGb9Y1GSs8SnlqDfkHnwa0ART66KGX3SJxBjTkd8V78dY24S1zoZC0snHB2ZwKJb25scsiqXgnYtL1nyMfvD5Lus34hTU5pzvsuK1FT8QXsinF2xgsaYwfdY10NdAYX02TV5bcQCGFx5vAnJI3kKEjkrHnervxgUEGqilcKaSHQQGJnnMyok9qXIHTDP3pQtkVDeLpRQCzA75xdSHq3FdlhNM55Sj8RSWawVub5k3bOZWK8Y//XJbrQw4fROvlWDUXLSEqNFpd0uT6SyYYtbihMXsBJzyiOWoHg9OGjZ5qo7lOMnrf0oFRAIljr+khmFEu/cnqfn+278byczjkD4Lkl4DoRfaKmoVAJedC260PE8/IvoytBhPVkzP3wc70jU9HMXrmhtuq9yNGQTVZdH2KaBY2mGdEJVIUSiRvrmKp51GtCjx0c7DBkyjVCF7KOViIY2xTPEAWJFdOkhom1nZcFvcsovT0TA1JL/GvaOS7aj6QK4f4YXxjwhvVbDJsyUUtpYC2Xo1hIZa0cAX7nnx/BBOEapnqjOj+XwdYKoFo2GylOJV7LkRBU+Tudkh2jmcDobDAp0yR6uCIbi5SJWbKHOOz3dmHJQ2SPdiYZDqA8XaYYYDnq+C0JxmiTFRNgPpQJCGQoCW3yaRxUK9X6frW24lIMmQLSOM2RDBHdV5a5uVhlm1KJMCRlgAcVaMy0dSCpjDX6qJXfN1lMk3qV+60ekQ/sWKyRDyfoLfqQuMET7JamPrNfxqhQscty8TiuHBHWC24zaYuFid59s3fJk+dAez9mSHVa3fQpnMCJJQbNgfg0TLmsLuKpbgLJDsqIWjnTADli76H9SFoY44adxOwyrpaR3aQMVTlVllPrZZ04ZptWivF9WfDCJc8aONG0Xpebcj9+qxHjhs5hJ5iq0UX9AHeuMSKxEzKZ7QGzCcMEtkCWl1IGOA4H+NzP8OAblI+cmnHJz+kw37IXgUNF3ExSZ67Nq05e9nujwJLljApHtDLRDKjfbJpNzW7NspugBydkKFBVlLWZeuH6cy/uWdToaUZ4nfGJiykHgfnUGChrKJsc2TQakmM0Ea+p0NzIUcNGkhcvwvH9uyHQAaCsNTHpQlVYggkqjRSEl51cmR37Sa0b8ejAKftCHJt2PTh8OtoPFZ8FHy2Sj61L1LNLv9uQ0q8XSLjaqDG1bAfleDLvrZI45gbDLiTqHvaoIf1Tk4FY0UDR4zXkmDlVT7F5Kxt/t/6UnA9R1SVq6ksPV3ZrD6fCzCnLQVG2rxzJzen6UtCP9LcojGOWGesInOegom8nPuKdpuAGdNqVT8FGg7o09XSncEDeCVe41XPqgdqSaCUpjgYRjjCBbjOqnDiBNIVsLQTCzSj4zzRfmo4UEREc6zEWa9UkK5EaRhlU4wlOa11skDEiXRZp42k16LSqo86CF4dT+XPFHZu4QwF0lOi+2u7/3fbHaTym4+5fAROehHzD+rDyoxu2REe/IvKLYMCQe5h1XhLM5pFh0Uw6Z4IXtCZLAubdAgOnqUiRjbmBffeQzF017s5v1l472T8wCBZALltIh6lM6bHqbtIiGR28MUcz9FEm63ZL3lf1RTx7DZIEyYzietGjeUYw7nrWA+l6piBRWvUTKj7PU4zcwbd++9NqNlZdoPNH1h6rMZX2EG1gDJ3T3+MXshjteg6L/4uzd4rRhYuWRRurbay2bdu2bdu2bds2Vtu2bfNr2zz/vsnNTe7LSXYykzFfxkMlYyZVSY2aUZI4OFr/iRtTj3mok3HRGHgO4f8UJX7fn/YHIslHNRBedxag3Vh2pgl1vPZeEToQ5V+zmIiQB66vjBQw74J/sVvtjL4hA06YgAtFFUn4xedhBPhZvXy3aO1SJrK5YK82CpnqIvBqxF+UKcdCo+IV2iR56+MgU45pLcmBqgLBmWGweC1z82sDEPTQRbS8xiUGcoXHp7MaX6XbwzT/MxwcdrmLrZCnC4gdsU/h8oXraeU7WemEH4PkbbnmTM0Qr1EwtsaU5Gtl6B//0mQR9WETMy0DuiJ7TBthY4MkI3QGXCcbKTXcmOaCqf+eAztGZJRKbSKMb/iOzXLCMM1F3szCtnMxYe1nDCyKa5pP4+RodRM7Y8++4/3JFPWxV7sGp4adFdhl5OfSqg6OErEK16y7zm+l5wcVWB9rsY1+NRdbMi4EDXGsJdylETBNDb/MIl6ES5OVoLZOHNuErMJlMkxLwVWHBzMrIjVIwbYE7QPv+mueEsjlJxwJJnNoznTA9KweXYnRre/mglyH9Fu8ZKDqPlwPMCd2kCSntXYm07doKzOv+MB5TWuGWBZS6Tx7fNB6RFfGLjZFdZEad4V758jhgCOGz+Pn7UBuwYh7UvNHDA7H3ectszV+XaFgTmp5AcayBB3pPCmCyLzFQTqIRQ5emhQ3N1/Wx9sUqcUhLUOIFTJWhXv/+WWyWJenQBtZuvGOI3XzmRh/dKGjMElgTIrbyLKy12nqimlOL6U4Dz8CJncvcuLnlPPFsPvK1ciLy+teTby8XWgUebkS4Fghjhv7o4TIqHe7W5L+kMfjbPxu7NRz9w0s+akXCtuckcmJiemicTIxvfdFCBNewPzaZ1yZMDQvChutskpDjJeROynYdVTKLYilCY0vUbmEKSk1k4QEQcX5w2sxlulLqGqb4Wg6kjQcOhJwv+AhBMVTfjxPWS+ycZhGpQowsocL7gnKZBhsxoQl7jRKPSVxhWFUN3CZxjrZWKpsiMaZrlWQKdrqRQpRlmkoG3jjQXJz0pcb4y9tWlt3Ocbvd0vuaWNFQDM+VaKslczbSCSjHB2x7d/OHsNsuodqPiglkA8Wye3P2iEkFmRDubmxIdOxSKEBpVuxIQsEDhDB4ndl5iwevs2ermivTKVTp6apBvqaaaGkl/60jfb9UcPnOqy2+e77fe6jBHXscKh3ZeQA7lChXswLzOHAz54Ik7VSvgcxfyQLLmK9kAcfMgA1a9ZeCjfDB0NQUih5IOC3IfsTxjakKJIRaklIIDO5JI4ysXR+Bz3XYxQMM0Xb7u5Vt+eLg5uCYfq43p2DGNZ2Uo/ULGauiRSD1TE8VrDzZg8dQMIKdJxH17YrTGfG6MLYV0och/p6xbPMa48xIz66nVWh29FEamZOO01FQ742OVeGCqvl+ks9MZD8wOj1WnpQJH+WozR7zaNZusiCAg4RVH5tWorq7L63nL1D3D2Iy6b17H4gRqo5PiNHKsVz2hDgqQ2WaSdVMBS/gudVZbUZSOO6pYcrqtaM1SHi7RpSSWYVZWYdFlZky/2fpHK/CbESc/e6blhgwTvQKQxqdWITnq3ReOeBzNAcRdSK359clFbduu0rp9pigFZKxBB3aogQmyNMnkteYHevMsiDoDtZasMgn5EVLSwUjtzwZK3mFmHS2WDWiWA3pTAnG5leA5fqe1tdMyQ1S+cPXK3PNIq3yTJqilSElQtXBKs1gxQbb4yuIpxkdZrohnD6y+xgna+MRWoFYgvOMBq+U4qFnhC0kJ+6/P5Hgtb5j+a12LjWaWn6ABqKUZN0w4wBvS5qXSJtB1O26bSuUQr5WAMfDxucMj/zEcIOX18zj0poKIqPMrNZY2M9swMb6ZPoak2U6+pyyOibw4gh1Fc9QGcaP8l8/jFBmg+YhNc/9rKgEPA2+xdkxtD+GN7gro4RN747Mppjf51VLixqs6laFU8ybJA6jPau0+jM5++kqmSLYr25AN347a+B75QsgmJOu2DDJPIPsw569j7x3O2bBWxZXhOzywdr3DCzc+qI0ippIx/hJ04nBj1+x+7/eCI0kyuoC+Pp7NKi6mM0VWxur5rvDX93IL7IsdLeRhYhBJV6eXkMh4wO5kZe6vYRexD2Rmdu9oXqjvZcaDDcp6O7dsWDv15wPtKdjSRRI8JpKYDNRAcdxZNIqbIo7hprq7qJ1O7bhVHu00ILaqznz86RIfY9tvs4sTrE58+Jsw0UjoJkynH+4cYPY27eB4/QvSbcolTp4rUHkATdIDSQI6Br/2PCWmL023HiyZexWiwyKmUaGD5S1SqGMV/n+RL9YuWgpf7AtCsP9yjKMgTMUrc3nabSvln7MHPrW+R+5EsOVjS2qDrew/0g6huDt+G5DbQJlm2K+7R9Unztz5ONr5SMEbX5yCxi4SN5/dT7/8IIQ3sQ/mCLOSP9mXxjQjiJyo/oav8yvowvMi2WYGyAPX1O0n9dnUib2eQS6ax68pg4U/UcQXPRE58/vs6jkcz6o0ry/GPS5GncBLihGLCM9/X3CfqaSvRlef/CdG4jSea9cZsTfEMTqR9KZK8CWUSFeyizmvA4LhzH9lo5pDVRhRMVDqIqiMG4vobTuD5x6CXgprmkXUKt5ixUt9Vt9AK3j04T8Bo9nuCj0Gu4y/rDCjppxjrE2bAdkm+w1yDIUIeL/4GCgBPjsBfSLqyqwLKx6Cm9wniD1eipfKPZva5caFeQV0GpFvOp+7d2OtyCAmUOfe9PAr+PBaufVTOfg7f9xbUyDa24MxlNUk2Tk3hpNW8zLJJxW7lRbzUk1Q86BslE8Umnff2R/Ogjw1EkxtRHt7nYr3gG/zbZ8Qw5JOUBrSwrklXZqjKinn0zXj1B96DwSoqnMJttg/m6lbwqs5GQe5uJKx+JFIhMQNpljCQ6ufbWOQ6o+Swyx/xQqHwwXaWN967pyZKDC++XA+eDD70gu4xgP9Rpct0j5gY+X2H2cj/HC8RW8Plqr+2gPKUwxvO1C+EX88jFjgpEv6wv0PYyRL/vFVBOP3ZA9Ns8ZhCjHludeN01kq/NsT4R+nRvN/ZDKULD5gWv3WED6OcZoTHkR4OxJJwX+Eb+B7aVy8vxX590R/G5fruQbqL5zOQ12Kcj8PcW9sDvHziHRMB6iRuQoAExSHoxMN1lu0YhZge7gchuc86BiZan76YPDPh8p0uYBRIEilc6Ph1uvE+DIYuOdTCkTS/M6E3E1zYBeDD2rf33DMoQ/87CmePXC0FOmB7DymDsQW4wikK3wxfTXV3Y1tZW6UjZIXuqgskc0LxjsV8GMIa5RbHlpMPdEDTWR10wHnmgD2aJtfUWG/5Miu/ybfCl9BnEBwnGcz8rEyO/Wz2DthukpFdgKHDT+X6lMe3i3npjtwGVgHcA98oDVWvkADwjlP1R/sZR8LYfqXdF+tG3rxMpcWvsr1kcMN0Ovi7HhvvbcwYCTuFxmAHDtszjGA8S/Z1N9fp4jo6NsQqT+KGscb59Hl5iw3oe/EfmkDsOPU6UrMDLvsG2+C64AYpc7/fCVN6Z0Hg2wSviQyn/mX8icj/iVzoFyFU/v95RcShvgLBH4Lb4kKgyDSVIOcQmCnPC1eb8ufcfIrRvmweCsAhqeRBYsPooON+IE79m30ewmFC0dubh1KHex0yONV6TjvHf/Xi+woPWT4/Io+jEBllY7A29VQFbl9CP4nsgerotjXlHHxJyXDj9/Q+t5uFgLx2G5gn1v7ILIhb3VIskeomyiexgwPetppJv+XZbp7R0B6SXP0kj3/Kvk+kd6rsEb5V8A82MT7jU/6RIfKmPaTV8cD2BZXeUXKrHsKlUPEVDuRDgJI9Ydf+iHp6jizKrtk3mGrfKpJRAARIFyR6kX22W1KqJ9P/ajlPzojyY/dXstqiusnyWwZ3tqReEGM4PFpZhbgu/+OfQdSM81yBhHm5R1bhSTaR5DIZLpMdYRZZHmjWZrfCPRjTNRVWIMWugXBo0tf9lruNhXqejRwRd1JARGMTYnYUMNIyoERav04LH6duTPFG94dezMOkXoTVzV+9/6zw3/f8Zblk7U/kk/7tL/l8Nt6b0rMbshmzMRqacnCxGTEzGZqYmZkwcnIxsJmaGjKaMpsymHP9Vw/83nofd7H+dzgMDxMSONf6/hMj2/wWRQf4/nagBQy5v8kBA7Qr/F4j/dTKasBibMrH9h5LVlN2YhY3lf9LIOJlYWIzY2JmNmDj/53cwVtOSTeVkMoEmgv1WW2z7ray2GcutG8utUZmtVtv/OWyv3I6HOjbDNyOjPwGdlZPTUdM+28z1PrM6CBzp7vx9ccy8BaBLNKSYgJcudUrpmBbM80Mlv/TqihtuCFONak2NkRX8XG6AR0kf8Im5tNlunGk8YdeKowBFFlsS0u/pkmTnjGH/zWWggXEX3B/bXFtIKkIKOj97lW1Ye8IWPojfrQ7JQ8f53e+uwye9niXBW5Ny2oUNwNID0d23oHpjE/CU9egPx7/EGFzIwy6QW6m79pKo4GMqUc+mXWX07p1uh+SrvZnAR7H3Tb/S27N/gH/UCG1NHZY9zJ33LeZEkeCKr2+67dc6O5q8Twuii2eYvCCdQ/vLPp5pMp6rHR1XRewAnDWmZZ5TVd2zPD9Txd+xQBLEcIWjfK8APneXlXqTJe21WDKEhpLY2WqHTaxzlyHl30kzEbi2TGf5ZKtttAxdKkkQZ9s95LzQCfCeUK650h4t4BBHXDsQhCBpkYRve4xEVU+Fe1F0aCTzBUjX3UhemURNBEvSIFu3KDAwGVMVxTD3tdtosusW8322GYOPMJZJQisHQIFLLCp22dslKr8NYwHBJpPHVgFn1QH7SeyKq9tGvYM1EOaShhe/ro+oP3O/GL1e8yxZbaaVKtzgUzuQciqTuuDg7+rfkqFy8f1uW0xRAaqMaVAq/hKVXCG1UPW8EYY/ADb+3JW6Zp+rol6rmp94FwalcRK8wXq0yHpelSB9ZiMKFC5sAOJLQydIy2r9NB4FGO30rqg9cYWyQR91oA/v2fjtYLsLQ24YAylTdscI9V1+E+9ckCr12jiuRu9FyPit7ynH5HMp5srpuQd3HXYMKkXIHKkaSu5a1gzs+Qq4ISAyhl3V7Sf5zxFYSUwOcBqaBLW9CiqonB+Rd+Tsl96aLU7gjWBDY/ZH9huo72HLeUnREG5uZ8CNgjvqFRzBv0n3RwDaM3dM2FTxzcteqPQJeD6RVO/C9vQW85EeTdQEpnGHXBCp0x165Lv3bpTzHbvENsv3mh+MBLrK4JQO/b/vfubPCz2EvjwXC7XQszyW/tieE6uaD64WPwLGpC9HO6AMvS4uJIPtKDy8AuwXtqpf69vNYmkoi+LOpYcc+eUVh608lyutUBWOy++zlQH38zAd3Q7y5kcX/Jpxu68P4pzyxboFoUUjbJdA17MGz/qnhGrI5i6nu8P3P35tE0hsxzQ57PZ6zvezx6W3DqYeuM8WNs+6tzx/3ilTPmth5rRQSPDagVrUbjffE77qjz8jQKIeLWorrjNc61B0bAiUXbcfmso/4+IPuCD3Z3YEfgLyvHUV1HMa/Ll4AWTWYJo4G3/vlE1zCZWfPyw/5Z1LHnVZBIJ1HUD62Wqr7e9t1aDEMMxSEvrh9/GQPYoSvJwCmga9pXV4//yx0pL88EopzBffjGqq439VNQVFAuoGs52ufVJnJXQtLERvvvF5F4UZ6tVzhaDtRgWDfOUQFaLQCl5glAA+Gail8+VPZnWbtz+DvaLNMCICXq4gspr6FMy06V+PPOmpSLHl2VZKJP/jiU31IprljjStizoApGVCmBihZ65VVHT2D2GM6ZpyHXdh5KMwp33LsvfpvLkCW8O73nJ5AeOFy8K7kmSuHOuS5viRZHYpSEwJpJteFWtUTJh6oDwEAEahMb4lOJXfO0MbMnO/r0u0arBvy2BYjw61toeXqAe+qukhXCI//k1rgzuUEVvp79M0LAjp7k8MHpThyrmgNvah2AVdJMYO9pt1lOAikGRQBNKcUGodb/jjKnAnTg7X+tbRG8TnZeqK/86n8+3xuzVu2PjjVfDleGZh+7beOZ9+sfDro7+BaZ9wCkWgldrRLqjomkrHZQI014Llu7ExxRxioWJZbz+btWF2I2qJREGF0jjG4NPkKRKMyIiSjFgPdtHyYdAJIpgk1drUvexg2paCBlYbUM44sEA8yJ55qkxz1iwJNHs48lD2WBonrN4SqqM+d2smQXt4Dp1spU6KcEJM+pcvLTYWK2huyygcABjT1h4jKhmbEtNnxfsIE/UzCZy2JSgZERCVS2c5fHEH/6tH22WCZOGlDG+Z4+HcWrYvT6dTuZsdNENGumwiHNw1X9AbpJF3yd3eMRkKRRyDqzD3Mx6MyoXlX0lwvwbBH4Kl3IgzabNYgcYIlfyaiv2UbmgF0UlZbClC3bVO+5yERSIYvRr5uiQhrTzbPrsaO+dYr4DQaq5ue7xAyGDnazwebj1wsgATVVoHMLzE9v7csH6Sx8bOu/QFY3F54ErEdijX7/pAy0xm0JiWGSGqLYy+MfoG34ATwXixlHl2QbNOPclOeGu6BMpiKSP+LjXugNSuoAZGm1qBhWxc0WUVWgClnYlZBLQfYr1nV7fcH/Xn2oeBPZfuAEx8vm3Paoy7RrnuGTZvrc6oEA7eANwAwOPIbXYdzjoe8ew6XlJoS2givULzqbz9C691aPcYXs6d80bFpHnysHEEbl+V99X6zfbMhGZsJdj0kVASG7uOfdWFrsS2fxd3Md2GhbOAXtFnRpJ9xw1zx0ZWU/vbegbSWupWGRJFjKHzHkUp3625TTq+ppMGzYwKYdyaETwkXH54RFmT2pIeQSuRqW80SXEt1uu1lP1e7CSKOwwlKHrFl9HadCm/J4cQ5mKmybArcSTx4ODLXC0H6WW0A5hhVDyK5YAVAm/soY10xtRhacMERNCFUfuY4mU2ccuUBvyG4s/CaMEbyJLP1hR029XQT4qhq5dsGy9m4MWGVcgutht2BcF2bFDc34mjum+S+X7kMPlmgyrVu05sa/SaCylXQbR6CFL6IaNNdZzxJQv4+UXdV3HLxKr+ZPtOoy72P9LliYETtrAgiuxVtkufwCidfptHGQ2SSYtq/Uip7Fri+NtO/37kIt1o/5U2nH8aMvQLi6z4CtP0D7B3kx7NBe1u707fwpnNhlsTwl0bZmUlQur3N6tXGM4xDEi8l9d7XZQFNWAAhXSNL/bLkn+CY8abzLU4/47eCJqgCurRoPs4a0afHELnBP9uGxNpbevedgBUn5NoFp/OWdUKVKc32T/XFcVXrRQOeMv8xISJKjt0yqWoTEO0TghD0pltO1x2XTE7yik6F4mMsGLx4sbLuxDqGi9IBu7pC5IXT1Pejyt+/t5gMUBq6rLybg6YIdZA6st9N7Dc3Vduk2cD55GoH4bjLVdJAV1rzFidGml3MJ79NTDFiCglm+4GCdCRNMRyhEbw9Wm/YLsYiJ8wgTZo1DVs2Cy6PAoerHlowarvjdk2KSJb+7lR+1W82D+oXAbenXMpBXgod9NxR6wT+9a0W9S4V+KRWvDX5n9rbfCq8HHxXf219bLnqsh4pr076ZgP1QHvbLf3d9tDdNyQ88bff1eq9ZAt96hz8euhPTpmuVdv714ISkn6o+Tj6+fPQAuam9NGXUznZGF9WYod5O9T7L8J6mR054vXR50P/dSTk3bRuuWjh2qnuCCwrKHv2GdffOKN9m4ZNNHU2mKnF7SKK6LTys1Z0zksHrDnfktuR+pNSO9qUAetZ++tXQsR35tO3bfsnJ+XzdnBj5Pb2N3TN1egF7Yrs0kWTnZdpZwSqUNF5vrp2FWj5CG1FZfRbqu+CK/BXk3sZm61dFDtXc9zvYZQrZRXKh/V7BxfsFjYzQ02CbIKt5WlP9vXSg3CcCShMOT94Z8n21bZfsZhFf5ByXplsPL03dWpP8n75BHWjZTea4voHpGWQF4AaGVBIOg8i9A+nrVfUF0khSllv6ZkCQlKZPPy+ijUP6g6EcTQPFsG93YZl4K8yU37S6dwkYsBbxV/BfDfODVZRwrfj13VxKYDzyi/hnVx6CxSIBYkxQ8Aaczq1XC56jAHVflzl6c7wLU07sbduUFX2KcjHqi/5lQOpr/PuoPEdAQutb+H8ZV+08m6/jkdVy1GrbYJ5lQPe6v0wykYYIoDp7RAWUTgzvZvur/Opm6AwmIoTyICWOcQe6h80VVQ9wtRiNOwBOQTWAcLUeaA9qosS8DHks7/8YD6FpWd/7Nhog5/cGsaWt/vit9AGrOcns/T8GXu107JMWPFP9lHVXgJVYvXVu+Z9hoEn3/1fhe4rRuoreose41+pC9VMxpxZID8loj53++ZPwAL4CssX2K1Wbe9bvEaOK+oKoyuuG7YHk1C34ZuvCfs75t9bbLd4bpZcTAGj/lPmRf8Y2LwDktRMmzGuzjtE5+bhbP1sKfmJS7piAvB3oldNCA35ui5/DzC3oVji0hYmWQTgnEh1METwsmlqreVNPBpXt4VDeruKrUtfh2ID/gwDIGjSLMBhU3jbqmZfC7ujf2Ae64X+8rhFJe4DD+MWV3gQUytCzekfgPKavGurGBd5ew4LYlHR6ZcW73RW/fzpbvpJXpVTpoamxftsgRNaER3ktAUXRdMd8XzRHY8TTVCjHDKDVjLUFb9jynaSwVqUKSuzAoZwvUfGd6/qZTol1BxyD6Uz9QMdwla9EIRQ5kU9F8tauwvr5+FOblUNoFPrJcPZoyeaEcYdc9OFuvg2eH7R70RQvX7HWaZUKylz0UJ6+EGXG3GhKIYU3U0fHGPw0MoxFjVEoeQE51r6Aed10rU9YHga4HxcBnUd1fj574es1IDnLvqgbXCUm/VKrNUcl3OFc7qG/0PiEp5L/FkXfMElK7ssI1uCI8+K4/lGSQ1Ms4W2zbRZbZxojGyNfLLE3YdBmj6Jp/+lbiABkRE47EqIWg8o+iMrZmrXy2C8IscV/X18hKa1nC1cokudW6p3L960xVhbNRvHnWiOd4q/UwmemYdpFEP7usKJds/lv3se8z6TmAF5gNa/Jh1L3P3R/V4CMtey6nsZYEGEKHHotPsgOrz8OIDYtjOmleGGE2AFHH0OhQM7yZB78v7dw8uAmQj3l89VguMnz9GMF9lvewpoxFsG8ERcZss8Bn93gom6bKQ92lji7O3JOFgH2tM/QGe7GQMW/XWGsNPoUODM0eKsCLD6EfK5/tTDk7q0MBccP5jyjLL2KXYvMhHlzTJBmeFhshx6SWvEOESmoxbl6Tc8pgBn8hp5IcOZxe/HUwg+ksMxNVg11iz+MFVtzov+M69+f+qZEozH+4FlkFLBnQH4ytrMJeFFOmrKrKE3gjslNNFsZafeBVOhsYua+IYt498Rw0MWuvdUcMBwfmBjKPeZhX1Q7R2HPI40bFvc+s1I3aNxF5vlnBIqioO76p1HqcJcDhqYsQnf2JEM9TBWbNjwJP3WtRD3JP+IxSa4Aigj87kD3DEjfFR0DAZsF3rhV90JvsQ0fRQTkRisOFkHJ3aPJjihc8Fexagh5Du4rtqVvBcQ8OTQBoO4pkPCuKp8Fhs/n0JYK88D0O11nIuOlUvclyWov4MJ4lpHhC3zY+8uU5gBJuQeTOHnBwkap/aUllYKX8n1UKwmkkkbMch+7ekGNMeVtCIhwFnQ6F/GYnGIe82gZqNomAPtKKikd6jMJTfUTFS6hWpIsPfQzHOzClnw4PF4LxUN8ilB+F58/JedqXQ8hvWzYZILowzHOghkkTVPlvx9G9J08D+DTO5D3ql5+uX+9ieId0fHoaFQigh/nE/4r+l5w0KLOrWFjapXJKLX8wWJCuHRkINfcxixuw4uPeKhKx5PskUMaiaFHz1tWYJ5pVk1Zw5sBfeE7ixevl9krmxr8Qc/DXAuiNPeBQhtBtLxB3QEKwzoCmm7mqPDQZNG5RVuK0pPs9hsDh33rplNqyZ3zptQC1msBtKmtBcDvYXmxM5OwBdCEYsmKoVW8KeBLY0skz8p0sCtV+DTRYY2xbXDGxsUfSOx1XhSDB3nyq8+ARy0U//kx6PjfeacSvXh+8HpaUBDmYBA4WKr5vZiobhU3CTpdFbrmLkmBBDaLep1xMDE2DOR8+rOJRvBC/v9ca8wrXMCoEi0TlMX1srC6UhExIRe5EtpZpAtVepCAqkhlSgFAFaJI8I156CYLUQxWNYIbnsnXqTs/VvatGVxeJJ1P9yFm1Fm+WKXt1JYfKWRr8b+lftipHxDo+VXkVjRZXQHYZERgtntOpj1URThcWLcru8bWPNNxJiRJzLigmK6i80tYTBgRc93wdcmj62pKnp7JLhO4PetJjsv7w7P3MXa64WWYgn3XlX1Agxj/iEyLh2mqdimwS3bpZzZ8piCugHobk/AnHKgYl4r5MyCibKTe9zuDURWXsPSbriTtgDuGHKy32bJ02wadDDjpTUQkMu9211/Xqhh8MBjlfTHF1hM9Nf3vOCidGNXK7Hud4seHzJD3QS2NGTaUjskdaQO/wpwtHymNFVacmNCW6JW5jSQIvNhexxpvfU4nOdslQR9g6XaCMBBHzOewkff9GFW8jDlzV0x8L3nLiJz8fW/k67jaTn4nnqhc4jb/uCwebMmZ5t6/bcKwzj5vh7BBvfA61ZOdUdoyuGAiUlSK2dze8bKM0wPNrTz5b1DaUp4XveP7vTkPprT1xSxFWBc3U7BpHXexjuafSVV8Qamw4vhJ3Sid+SjeI1uoEEQTubLfytaqdys8bVSSxqa4rE+tte1HQMFYo71DqIBxWVCZL7bZqCNB/UhIzqJRuPRu3oayG2sGk5I5uSOfLzgceZuhSTzQGwpdeK3lziXpItyNqGtBB/y4JQpU52cDMKlxot+N2c/7zuO24ul6KfUZm8KZJEDqwqH9T2wdumgKV0QZ17AoI787jg4CjH5OXIpwZZ4AIzrZGCY5KHfh3p0eVkJnkGhk9M13BCi5d0lIqujg2d2uCRDehX1pLtjw+NhLxdsH/7ne7N3Z30Z0LhLwX5c4Dlz14JUiZik2UiZa3xaCU3vV1RFMcmbXvWj14B+StKTKMjR5rSSdlgUBAUynpZ+PPfoCMnGqGDH8vVH5KdxcXItXLpRPDFl5UBRqoi4cw8knMFwtP8jg7R8vTgQvhwD7YZ1umdQAWv+68dGJzIQ2V+DWj7/101n87TfK9mjM0Ircyw/WFs3yZLnTDhVIKjkWtEpH6SLbNPL3CKzOcrAsTYpV4jI+Fs3pzNcI17Unej3TgnHYmTDu21F8Zps+9Sd0sgfCsGQFhSETG6zucRygPcFyDYu6EA79g70+goBoiKFRrWilOVJaOKBMEfNRB8x0/qLRryMrWJLY/NdTK4Y1R9692by0pzb1jOHHisM01yhDtUk7P5BVHx3XgMjhjXi/LMBtMY0p9QBHs6hXMVw6Xyk+FIhoJiZg+ATKUwgY5h1zW4r3sl7/I1HkqOdtBxvYm8X7pqyUHVYDyU0oJ8pc0Wsi0q2VMJSOGG0vPJAka265JCAJtUNtjJ2Tr0FltpHkSC3m5hcKOEhyAQnAlarAh6Jcq7kvY708WkLYbvkKoOBYNUDmzalGB4ToNi1MpQrf36RuxoJVEB8K8Z+yclXhiduvEBdsJSEw9YWrmll+J/xAKmBGqz0vLoebjhccn47E/asRuqWPGO+huoqf1vluJsgy0tSp+B89eZO9+CT4Xm0EF4EQxYZb/HgrwM+F4vko2rEUZ2DXsX2VHvvzBNnMeIEvd+tuFLsYwX8ykxyipK/RXCeZNqt0wKWl+Of6ZjXLeIVUfVZqcmkzv6wE4kMpz0Mk+CiycPZUJsqfgVAA+PXxvWR7R/b1wo/ZU3DA0aod4ReLMeMJofGGyaU5xoxU18jCSibDeXGU5zAQRashAEwx297h6ZF17IlYaxbzaTXiRc1Ku/n9Y0TE47KZ6HfRu40nwTr18/y8P3HGNGMsUhQeeWEukG3DW0c5k+5RRTIsBY+7fiPYxcEquUyaKsYX6/5MGQHlN8teheCNXj103lZ4YmH0bmNG9T7dKrTtNNtjdpVnggtna+ZcdGEskBQ42J7cepOvBv2Uo5tfvBubX7SNYxzBZ4eJ61DEQebPJJZtlRyjNyorXtnrlwkoGbpLmUd00lZMKSYYI/EQH0v+pVn8XZxyCRNjL8mjK+VaUrRKZSRdTAW/YSaLpCdFL4okWQf64XbeqH9fGLbgN9rqBwnJyO1bKHkANPNme1YrTPzqpbfT+BLswf0Iy1B2p4kEHKZWtYtAs0Tp1eDiBzmx7tfBjlBdNSj7gsjb5JrOKQspiCCmF3xu/3yKbHIHbJeNV+TCFDFwQEEJ6O8P95lJxLaLBJKTqjgzS45WblLxhn9TBrtsK15W/5wimDPIv8xV7F2C0ueDPCrewVLfpnFDNy0kLhohPHq1zZvVwa2UiVPgys/1ym8cuXloLAhZLI7J+1rBXYJFg4IWxZBf1YJwu/rZP9LKOyrVxXRJQ8gguFHQnsZn4TIiV/kujUjASm2Uo+yREjsVrecUaE/B5jS4adXWLQ78YoWpOpAx9P9/xnsUCGEOqvODJvc11D1C++vrWQlMZvEMpzjY6jltQoEgopqxEGu34Hxl2kKC9RuwE/B5rQCTyZaFyEEabwGb2vJhfZT4seL67eOVRIII2+rKkzGzwEVhd9X3ugCQxSDcHq7PwwACQTlZyyc1mE1c+GFCnBORB3nKzqBEK90EyRhJJ6u4huUID5s13fV0rb1imvXDu/W1TWLfEETa5zY5HD0Y7WTrEpWo8ROwa/DCorDozitVJfwYz8CQCyWnomGSJkXPL2kTQsdTd4e0AvxkrSPEj+lLY29CCorMIcSva6POlMOrexOmehSAWKghoptqagBcp0gDCWXpFVMb9BjMcXvBn4zpcLweUJyTpKp7ynQ9o29sis1yhPsng+UwrZxHT7ZvPYVkshENls43v+VDTNTFg9Nn/nX/DjhFL8qWL2uu1sSpis9vRajEaUuwPCce2/7CstTpLl0h72XEXs71G69TK3bxI+MTExbBoediwC4mRhaGZxCulSu/8Cy5fPHoEtH7GKq32hFk/vP0YyCSqvcf92fJaV/JDgD6xLTwT17FcdJRGlg1HADu19C684jk67LdLqbkrPG7iRfQZfU4MWOZDAY8pVuf2aeSOeVSMcm8OC3XAe2oCpFUNGN5kdE2IFZAOrCLY72E+7FVbBvjKIZhwqexUXjOQysri+0XOiNMjJeFrGjbJFbS2YXWqI02VDAkGMxzqAEH7dM3YmD8kiqHIKPFiDBOwGhO3ppAe6C1n9fUBoQhlSMhFIU+u4/jplQ0siLR1vOmti+gFLNfwJIjfrQXnzvOdIPvTrWx7VV3xCq2F7ei/ScPt4iUMTi7yiBDVDdPQJaNlgSa0gK+LMXl5CSUAJIMrM5Tqik+dAXz6jSZwzt7D82A8ooDSlZl57zxdChTwNY4HutJbujn3o8WEbxViP3z9Mrqic4gnvk0moMoRVNkPyLVObePInMT2oKHtOnHHDjGo9GmGpXA8pi/QhiSOy3I/JfkFuIm9fHH1JXkwxdXDM46itFm9od1GU0YwWQKbrRCWQMIUN9LMK0pgZfdT6GK0BvkBDf+tmV7H1N3ijWN/+24IlB0MOZvqkRPBIhNkxl+l0x2++5zBWK5+4pKfN5P7TDfEyRNWB63Ot+i8S0qEszL3+W6i+mDalOVzSIdIDspJhVZXZmQj4bV0jWuXfDZxxvPVXecx1hYnSZCtQ9aqf9wWj3j0fCocTNxLQfDQ562JUcRnclsVszEb5LdFg0ChAhHqpqc40ZoohapL4/aC0TB1QulLpSpynyVm6GmE0ZDcyNlsaRnDYZFgcCtPAArVzy/C6ShxjFVJg04w9U7PxvZQz934+Gu0BOhnxyAXWs05Jtd5gNG1V2dQpsWeITuegz5YjwqTqAz0DW2p1s+q2LyrX0w0YGkm31IPeMGX7kRLY0Qke+gcS81dtMA6FyHyGD0Ge6jTDWQbNxXivfgXg2uLJ8cv7aIA47kaNhRAz33Q+2GZqhtZ+FqDBcXvOUKyVMAw8ui9GeV7AKtN3hPdM4CGSA4WuY6uCSxiuQxFixKmmg8SK8r78d5TgQkYIQ+W7rlEFZdPq6ObEHMtOXtfiXYoMPw6JkKdZuTQVbUgITzle5XDoqOKiKZxcoUywiRhb/hRqmiK7WOVOSxziBJrDpmJ1/8K50kKGmiW3/FvWltYJ10ucpD4jEqFA8+v6wAkJh9a2o6Yf15wJTobFyRidYpIo3nN9YxSTluv8rs+inqgD25hkwlS1eTxnNv6XjjMR75vOBHb5Xf00J2HmNaTaY79p7rogka2qrPDS/RA+ja33ar5PO6AM6s4F9xtlmYZuaBAc18kngUBI+Jhm+npcCegm2gdSD7QOoexAUOVY8PW1ww2icc6s1VQOt7nlmi8DkrwEDEcT2UAdsbhCE+a6XRE7tI8AuEA+sYYMWZpptqbs5V+bv5+dzGbhCMEzgdLCA0NNjAT9Yu/MQkIgd5WHEvHDAvIYOCwkbfhQ7me2lsNiVzUkUK2bIXPDQfP1WDEME1g2GjRWGGk0QUvfJc+V69tkzQSAGhJrqtiojIbaw+SzHYMVvpA5RvfRlHwCfCOBTcyxgr2Ckc+/pGIQY2gUDdvbVMQ9RS145JNiOAPW77oeXO1whAUrJosj3PEwJBS9bBrMFX7dSfNndswpkZ+xjy47WvcJCh7+KO10jUlS43BAE/R55unTS38svGpFwPSQa9In46vxn5FIVohklA+Byivt3AXbti2lXHfjIg5lHf+btda4klkF93v9NaWIFS7PrJbtJBGRURwV3OriGCsCdQL9SCfGpAQyCWKfTM3W6MgvScPrDrqOk05YSk5sSSXhiORpozV4u9zRn09hKWaYNclJUSWiQZyN+RiorgJ9SB2DofGUpqh/FcOioY+aQCFiLWIxrt/V5S080AlWElmEZAlnRxfvkb2BBhbSFDxM3NffbUfpxfeGARVeGhMw54XCu3GEkHPhRMshJQjpl+eVwO3dsNun8MvmqCLqt6KeyyxzueEUDcn08VoQutJriY54lVgzY7+ZKRhiIqEmotpjMtSeOSW1Caf3ivBuryNGrs9lJN6aDlzlDo8+7CB2Po66OCQWp9f1qbSHDyR4MhCP6iFlaSYOsZGmQsQoeb6WQOZ3Xk5HbTth4UtGRUwoxFvYuAiXak8G4ALi1E0JvBYw4qm4JROqjOVSlbSkOOblrCQnxtHpnzM4Q6olF5rJIAisHBXWQjbIr/NTOBBEG+PJUOMUTxUk8AaE9kfGoj+PkdMIogsVWZgbhOCu7+mMMPTEf4rPZyU5n+2h5fGAIbGHd/I3NnSOfloMwySx7B02nBEONA5JZwsAin0ZHP6HZq6R6Qm/ASzmPG6qlquHFOUSkpO79GJN2IcGbQFcG4aZsvDKc+Dlb0vERZwBmp5hIjdayrZ2tRPNcSAshJBoNZVqgj9JoicuJaZU133jWVU2dFKlKYZk1YE++PXkZH/faTBPXGhDRXqlLH+333w3nmEuGOq0TWMVkg3ivaebRrJkf8mDYFHUVD3EV7/+dtjhBYK1jrv1JNqpDUxou7ftKxxQaYQTKgf2NJRtH/yz0VkK+0bt5ptVwetzeD7dXM69ftwk0D82yxM67gPpj6qJZFKaf7TPpuf8Qpc/P/9iHVGGd8Rit3NNdIIpFGhFjkvrEQs/G8GM14+B+LwyLxNtxSsC9MCQVx+uJns0x/Kkf2J/4mpW89WWfkio6HsdQnkQG59yZSA28IbMDHtqYcUkx9BUgBd+Y+ddLgxucdlZZKcpur4kUOWNCk/DHJ7HykrPS0SisXhRV3+ptlMYv5LUJLyjciKel1avUkOLDa0MK29bF2Wmi5oCXMrQuHfYy1g1HpsCHM+dPbgRZ68UkbcvCjtgNZUbaFyscsYNRiZoAqOPa2PjLaTn8NmZyN6UhJotxPsw70/lHGNvWTX3ZE8YyG+9Nd98iXAArhX7iI6laOXULG2SR69jTa+h3JYiHhwWMlucirvhWp2JZxqdfIYwvqbB7xe0g6aVI4rOCdD7zasMZMKyciqpKORyR7yJsZaycDJO8/cUYwM0BRljwq0aRftwsHjSFLpvA6klUKHNXAqAZN5RGas9EHX81JpU9dIG4Rro0mp0WUddJYeXURysRGMZ2DlpGX5JdjmxUdEkpgBfSksaqAk+zR84tMOPUOWTU7NGTWeO4ZXt5gJ+WX0Uc6L4ZAcDt8KvAiC+PhbquTq9Y3rqY9G56lutat620i6dw3EDIovbtIkmo4eWl6/wB5CpWR88Im6BlwqXjpGKmdXuhq/CnluEp9DWFvP9Xk8LEeRV29mb+tx+zTe/JeVhvRttdvm9pAke9yUrt+/71s/pTBt6bRGlHh66EOuySwo+Ztg2Ipm5FLS3whRDr1EzdvXa+tV83gd5F5Nz72Leu2kRbpOOFaVY8fIbOsubgewgtImwmM0NTZOumDMSwERU3HViwNytbHvWoaCaKbKOHC5DpsMC6GjE0+Tqx26MVb/wW/7SLLU0D8gtH2wM3PLkKbAC9emSbFE5YuRxLneuQGFzIAtn3o77vAMb4M8ZhC6R+9C8knq4rtnEzmWGFtQxyrWWWzeogv1OOhCq5tSIzy2T26/g0/Aj/Tme6375OrmZHNOpvMljUKvvT+dhJI6u9ZAj0lB1Kjt2fK/nateP/UHeKJlqt9+X+qIc1R/t3qktNLsT6ocbOHxY/RbMhoWSIqRGNPdMTx4jpblbrD58j4MfuZTbii82VAbG12YDcal3Qd3Y287yxA6v8EEVuAiwuQ6s+uhBKGVGW3hFT1L3RDBw3uiI9cq7h3tIf69zpw/9a8CecRncUBkzoX67k96fAeAzmVwALjKYzAeJHSbZM7HqFE/h1k893dXriLQVFXMcXlTkZa7Jv9bg05QoagzjeyZkJiTnldaeOBlkBGE5sGdfk0bn87N7f5Kl2E9Sd0ermfVPeNsoDLykmbtqmKlJmAOLsqGwCr5Y3e4Gd1yboJX2A6/QiHxTUO441mBM7fsriwKXN9VUBJO1r4a/uoxhP0SryvzdquHk+NF3ZI0zOVcYMcgwNOqQFXqIba4dpHBLJGT4dwXGZaqsHNKosnesgwVYLSmQ7ur9835hBKP5s5i2qjrdZNv3cp3YcGuPeyUzPwV4ROp/3PIEIRU/IFJxy9WY54cRNFay98LUD93TchuYNDcsqCuhKasWFZU4uyTJ82HHJYL6Zw97g+nhWVU2HEa/UBgCSRnwz+gtU9M2ERvVffe61z2P17yhDeRmhujJK0V4ZRDfIznuv7u3jcD4zwh2L1gXfyxa7xlFx7ccNVD8SvE4EBID2TCewaHyQtg8dMFO6prASsWXHkTF1mvdNQjsIHLxPfekD4MkDDqhXkaXo/gCYiYc/K9OXnHA3j71rArATGCIYq/Ajkzvva92KHTzB+vERqqIv5w65H8vuyQXgynq1A7/4Ne0bSleWAFZycKX/YxI+AfmkHcLdF/P3VZ+HaruO7iZOo64V7HmNj86XClot3j7JYjkTA1jcvJ0iYGkOR7tqWMfWUcjO9g6bzH54rSmM+9/Ht29yyThwWbZcrL7eG9DcFf92kVANyy6urqu3NZ2pxeKKOqDOG1WjRCDYnUcLY88hH+uOlwRSZiMUaMc5n2zr7k0pQpwyUboQbXbupJOigrdwKOqsx1u7dDq9UA55tzrg4dobAQn2bF58t8hrWunbsqOSv+1EsAmHxYDEiUv0neUgV0zPfSJIB+7iAvh6loYrd3hlLv1WXVXjLMfhw/6JI3BQJfpb7Xs7LfL4a7IfFlfOtlGKqcohRlpvZja+sCk0htOFZYepL/FPf7qVo0Y2nUu0fdqKaguhHLzc3hcvmZ4VSn2+dnNqBPwJGUI6NPnyCR4AABD9C1W2YVm1gEChvuX/gUhh9DzdXGYP5DqPcDTRFHs91yrQMKqxuLnYdYqV2EpSx98lG7QlasfvfYh8MW2lnbhJaHM6eIhlcnnmAPX11X3gE5aWD0Eu6acolDAOKTTVWeBGQF6vr1EJIQCx4RlI4H/47fhJu5gku0HHHUejc8P/AgzEMW5YrYWbs0zxi4n7+XXZpUjYF+n2h8ttfzmXnjneuKaZnwriSRs8YPcvlaGWdwOeXdjH8hEp5sj6EonvosD6e4HY5a5hkNRz6jIFglE0g3rDZ6b4ks0m6hK0YEI1SRn+KIRk3VkvuJkxLE3wqfouSznKm6W14HdLdcsKHIhDbsSEiXKqRLSnt512rQG3EKaIZ5o5SdoR9fKd9fABsupOW7n95CCUVF0Vcg1s/CfqEOcMZDRkDN+S5KEY0cAC1gZCaQsHkcVt/Ut6myfRTVao4umm4uq2b7YLHG2r2r7lmbss3IsqNBtuZAP4zRiHnY7I55qTqbcH8UZSL4iilGFvK0aVkIb5uQr4EmE2+DCIZLgHJUNxmZONoclp9owGtpg6Z4ib4gsgXxp+M8tCbH7jP2RlkskUqzY+FUCRcwYDeUGOtasQuKQRQMdbwRerFiSBFy1lUX4P0gyBsEBLuod9ZmCfTdYUsuOe672Jd5aRPR4hIJdK1rEmTz5cEkX8JcdSGaNV2/jIvlwaonflQxyS0dYHZFbQW79ePcmraR4Jpce4qgmS9sioXEM4v+ztcjOBcjbYBU2qarzW4qYsJsFA5mrWJQjtdf/tbebxTi4fgpt2g2QEFf+Y0ydSM2U77IPgV1n4VeB2zgTKlceanJKwEmKy2W1M0RlZmxkD7AbPeF5plauPRlvMZ8DtTxv8rZNvgEiXLIH/9SuuNoC0asYECzEtiuQr4M9aqiydwFgZUp+BJg8Yx8ljeDUd+8+41ntR+g7i9YyAKRS6KkNrKCXUiGsX7BMMGzuTTX1bAcOn4+VIgqh7Ax9xLfFT9dAGqb38s0iaKjd6k2blASv0QiXdZXLC3AfA43ttONNxFFxnpdzJGEAa/Uz/hoOrDv24l0tjyf5r81C4TLcBz8z+JRujSFeRc6VWyflU8G0DtcOzTuUbRl87053dwo7BzCPtYEmPUiJgGnoAiKnmHpLk7U1/VsXlBFPNrYWPGdFcID7mTNW3rvKQ3K44f3uispDaLiKKXTnCfL0/Ru864bxxQEFdzHNk2/fnCZ8OBOJ40gM+8qvyjtz0fay6pQeNnc4QyuE3hSHMmBQm97axBuAdCpWQg6/rhh0iTUtQgUtUvnQfJ01Ir16Lyrz9P63FTFxvRz6DaSBrK3Mq7rGsE7ytzmud6CDGF9op3OgOUrQM0nu5xLp6uuuvMvlbL8y1I8+gpS00d1ClDIPEQLUygnQxVpUdjBUQBCE3RaAmhQYqYsxSIeSsFn+FLc80sc3RwD19VyrabHRfPkzadj46wFZ9XDJh/pvxM35+v4jic87cv7Xc+3FoZQxG2zu3xvRNH4brfQVC7CjmM8n+EOj+I9smpK+nZ/GUPjghj+dISAgkqz4NnLxkZ2jlgc31BE3sH5IbKpH/8ohq5CWYgl+jLkt8Ccru2eJY0ao/pDxL50QNpbcspXS5YPMRk7rsHZK9oYlWjfGnUWWTlJxC/UaFH052/OHBDTBrln+7izZZlqt3ld6bguPMLZRUrdfI3rjvqqQ0dHP8r7aattBGwF0nozqKN363bQYI3/nNLi/VA1Ip4i4Dt4K49va0N9oyqe/vTj/KAAQyKYbrFAd5swg+jNTLuuXCvuZFSatKIvefCwIMKtxZZ7Afhgqj6651AH7x6v8nCaxWUqwj7rter2fql99XZyweM+GY581e+rqnzuY5n277yBK6u67Nv7713xv/7rYHZEC7aWB9xc9A+C7eMGf1c9gSwJ9Wh9GJ1quSdKr0xEJJPT2Pwlrmzi/SGflWR5eX3QFriJulsNvRnxEbl4w/viIgx7ob+We8N9zA6dwFILbqgncC/nkPtOHz14lLyvU19qRJ1fL+8t95Ts6Tlyu/Q1XRMU+zU/Pn0vOy4fwHanlxHcb4+ydGl0ySqHPoqQxzgtH5KXPQE6blm9KqnKOjpJcj1sfsF5NCS0KL+MiFO36ZXQ2Kng5l+oG+dIPnxWou+SRT85razLtXZ2i26fHxu+Lb1mMZNxXHC8GTcH9Sa64qVqf0ryst+guCXFGIvVQRhUdedILL6CUrn7lhy1S4YwqEq2yZr2YXM+liS5fm6brIpTlVLmLFN/d+fMOTWmdAiGB+gj6OUgxm9GJeuMs0WVUE1c+NbheoeusYldzDbUs2vg7kQrJUPYp/EZZiDpRtUZlfAn5K+SLzBUoZyoapv6LI6lM8h1aPbeykxZjnjSjrv1KdjfLjSgucIgsAMTFaYE2bYKb56c415WnOBA14UJNMNv56v6uEPJZxEvwTqVOW5pp8s+q10dj45R4kfu5nhKHC6M/rJkdaqzTq1ScYXVqzHdSsssCDwbUio7wGXNwIJbgqLzCoFpFW+pzFYFPVUdEZccdiIEmbgmTyh9kc3AFpII0lua6LXCjL9HPI2LLPYxEoySbaQSXaUN1zId8OMRnM/bmtUQNhg7+79uUVJxHVP43swk6AyPMrkj1fvWUJ0eoxRvk6SsW8MzCh84QdV8JAN92pfeR3+zGpUE4Oe0MeAcGjUttZ4VMUAoM+4uJGSupU3Drec32Ez/+zVM9DMPGOBK0gVMmPtAUnhc1pJdzmgjcp8qex1WoAb7Q999f1qYhWp3TQKXx0pD6R97828adw0p/JVIYXsPB7OZtaiJLuL72NNuXro+sjNCDcwnlWuRvejIleI9hkb09nedLtyKSMuWPf9p0Stl1yW6RIIMrXsM4eOXifTial/F23XkZWUzI4KPZ4/5s1LujJF/XkB0EclbfLsJRrc2q71sq1o1VuYgnb6q2JwkmKlRPgTsO6joASritKnDdSUJyZXb8NXiIsWSdFW+zOF3yXVM7ZWxON0X3LHQ4LUpWA/+DEP+5ue2nLwzXBskcmdo2v/TABdd/2j27Od2rQPp7WgASO7PmP7vZ7ctQ9I1s2wmEkZKCcBSgTi8J9nr4pfXIMe2Auao8n2dpqA4VubJm7LTaHG6ECOsvn507n53Ic9iCbKWItuIAJ3biXlW5BC03NzVgOBkdamNics7Wl4/MjwkUruT8sTwe8Sjao+yUTGfcOkvg8829H4g6TZ4YUPX3HvcsKznfjNrOcSfMXPnHXvPc2bvY7CAYf2O9Cl3UgCfqOS9dbj26FhML1EH3i3rurWTs8DJRhRmsWkR0WF/AYgs1vRcOswtpJavnJa+qNzbYbZg9ybVA9bROW3GwqaSQvj9lKwOA4csCsnNBcyge/Vkd8buXfF1Paqnwbg31fEgEac+SR1rIcM0KJcgMhLM2kbo8vBoUzCHPJExCHjUMoj7rBmgnD8gO4lQLxGSgabI6g/c30F8k9Na5hfZs+8KL2qF+hR0SX4g35NWJFxd4sLjknttIhWzatMAPAAZre8p9nqEeiD8lfzlVetaLtHPfZVZygKNgxRAFhxyW++vZUy6npK2XgYACnXOu7n4MHUla8eh6I+3NIp5D8HW+V1BKAdgp5UvJxrquKLJpJcfNxQdeLFvTZ/eXd8nD23SYl24T9bbbNwXFTugRB/9thQrO7bj/Jlup5ZgAYO9NbGlq5qW+uRMtm50c8jqhgJr5qEqMTC9A3QXFhobIluh/MfabXqY8bQQELxo47oMqeAEJHJTUuqDv74H4+GPZlekFNhkT/JLTiJOe6P76Nzr1Yve96P7ATF1Pznt9+1t1zAbJLy0h8vppjEiF9QvubsrxiWw4bkuKnHeMnVLSb7reqtJ8XHuN/2E3HuGGtg199qwCjwMRKQ2lF112zG7gsJ5+PHiyUOenrXEdwqqdtdo+9H31Wc+H57bJKa6x7LtMmc76zKx/o7+8RM1tt/XTfwkrc1VXfBYNgmWPqvw/nL1lUJxd86+LuztBg/sMDDKDa3B3lxkmuLsGCe4SNLhrsOAECMHdCRac4AECBD159zn7nDrPh/+76/mw7uqaqq5aq+vX3de6Z6rHVAXTE996P34ypQsVBemnod9sUSWYgrZTT54wRlaKDuFuQkORqBThc/N+vjpu1kUh7ckFq+s67uMJy+MpjetVOj70LVfg/tOG19X85VOnT6/dQZCPg57RE8o6gDQKlyp6kFXFIPl84hxgR99eaXgeX41i6ydwaRqrs+S93vVyQDqCIP3bLbKN0n7HKS6E43iJ0xywK97v/9jPt7lIWOKW1EjNMuh1gqanatfO3QsPRQ6LniV9SMxZb2kdBeA6uTXtMIuda947BX4PDicw289CVXIXagPK0YSmJ32nBU9RBlrOEUycjy/670OiFvEjqj++qjrmC2a8R4d/42om5cwc6CcovAk2PWWicp8ke7/rulcrISATeIbFVgKyj0ObQ2dwM1K9Aa+jglMJhWLPbC1GTusSRt0+6zUSDKXj98/xyQHZnIZQibBqraTeXdYrb7us6ggmUOBISRrRD55HK/LQcwCGWegZDAt7V7YGtOMW9MvIdgLiJUtdeiUTyCP1d+bJl872JnZew8o0PpwJvLuhr1SSK9Nfmm9ffGqqg8mYPlXfvp2kMNGeqpq6W1oljPwO23b1ZiXRLsLZdU9ybRdoeoPQYQ3hzgkWmlcNjfE5Ha1Dv6dmEmjF1B2rWKh9lzLKnlfT1MW5mdItYpmQqou991kMTiEYwbTq1yVgeq09slYY0GeAdxCspige1yXBkVsLkfqjy0eoqdd3YFyuh++4a7753vj5LHyivXpyajjvYLd4x4BCzvjDs3an88W1uaQTAMfvQo5VEI6Grrj2G/BLMRqlqNngI9KPgRxSCzIBC8ygn+gMe+DARDX9zfTT5nmS3CuNhMvSybHiy3d8VuRetAJiIt0Z2MbmATjF8am/6642eSYLt17Wv5GiPkp0tIkutiZCAPJ2XKMVw8+bjIrAelReink5g5Qvsa8a28OB7J0IbYODVaIBBHvfXOQRcUcLgzzuJanGI6MAQv40sTIDoav+ZHX0QB3tOpiV5eu4daZtGQxoK+68HJIqAJ2G4RBrHLPxSQDpN/RdTETBGCH+EV86lFBGnHaCRzgsXFOgX31NOgqNDEeAmidlVIkrMquKwR6Fk6ejnIC02fUKJe7bRjKWDpJ1xaEMJyXlIXMpXDYmwrnluHPq91jCHPdMxtBUq3ozVrYez2wA/4i/f1UxDUe5vX9g+KE2gySZeG1+umcv06lJX4NGeFgZnjRfPiPkMt4ady8mf1K3bY21vd1QqTAN7QOKBH0YM0CzVP6LklQhGXmIJkKMC9qXpc8+y0laR5hyap/unWeesxhTieSNa7W8bRz865pHQn9qpJel63h5L4yaajj0nMue25+snXd9T9D6ZU9B72hIEraoH6Zp2/ejZTdp/95iSIAZzNrXtoCSa4WQjfKbblV+JRqMoSljsrJnKL9UusNkCIKcvTkqDytcr7zm8Vya2k6QMUdakz/hRzoRGKFjn0v7uoD5gs2syH5HzuEk1yZriLE1Emw7ktJ1WUaAyihg2dRJW5TThhdGUZyZMugtUhQsTfo0fBJzlawhGnhiP72kaRhFz93pPskz4+bWq/5dge+XHjxx7WpqkIE8xezbCtHFn1mGoZFxjcjBRja2TKILzyaig9QpUCdxxXoadeUE8Tvxbyi+QpW+yRN4p1oDBT4ZeKsMm3yNUZM4w/ecOWmZ/njlKOskwUyXXWzpByx5i8m67bcSBTIfsNq+3wjR5galxnN1d0nNiHQsHmM77KalPHAOfCV10mKUkmIyKiYTX8tVHSzS/ZTr6+LlDfg2xPO2dX9Ir5d6bVVyZqkL6FQvxqfLzOeSUl2EoUt4M5OUkNXG2a+Itat5YLdS+ZuS1oSIwOPXr6yDFSIE9yBU2iLPgvxfw4dfc6VKSHc06BEqr57V4jNsG7s5v2kJV08mkFOFhwXE51c8LsHM2qoduD30d3S4swICVuspj+3J1Fplp79/xGQOifre3s5JVrRd8kWa0VC9b7vLjCC2q2neFI45w4AxGZyr9UJhiHg25ghThHjBKiVfNbuSmcjHogYlkF3FerbCLSXv1gVMpJ1GjFhejwhDGvloQfZPoqgkynYQShFaMaZP5k2Ul+Xsu7G/iE0ttEITsXjI4qRG0LSPpKRyEJ+6pPevtx25lS/x8TP2Bn2ci0tkef4gdC4hf/P9gBVqUGARlO73w6N7TJ7LiATLhD3n+NMvLGzOnNP9erD4opW2ZCHHEY3u5CEVm2F7Ppgk/gC9KRl/6hO5KOJQs8n5G4A4CVMvuxe3Z5SpT8rxd5UYZO4VwzUV/m846CjlX3HR1lUGkUFT/bLYLVyRfNvCanzV09GsDDFren/Q5ArP3s887y7EfamR2RIESYm7eNz9kWlM0k59qPloZ25BqDIdwaLj7v7ndbNBkL2cS8tXDPbbQsv9d7D0caSvr+r5ODQ9sQqol1sYfOQtknTKaCMN3/fu2gYmQHLNlFLNkj8kfNwn1XnLZVQjn+9T45kkxWApQKwkMfn9hnUsKBeC20OgZkG9/x4aOoql1IExXQ+EAAks6W/fIWJtoZZGdt+mfhwAdD96xdCzlp6kXyj/XBtl8lGMIiXV60AME9kR0m8fSeM1LPg8H89u8qqOhjqgGS296UdarXHQmBFFJ0ncUnnFj11qTToiPD9ivCPiGky+9NM421LrN7J4WRyvT6YppexSS+nHyGA/DIlW0Ah4OVqCHOh0YsK73/uO56AO+y4HU1oYNdLM7aK8BXwnF3GNIXN72vTfmt0Jc/1ThsoT53d5ygKT8dgwVR2Rz/pQngxoqKRzEMn/5TQeF1QRqImqNR5UhLmIpuUchMnDojDRvF/FlbrFQ1nskfhzGbr6rLST/thsBNqTiFbmMLtm2IJXedlyqPfkJM+TGL9Ey7mOEx+loDj/uFM0+Z528Opm08r6Cn0245u64tsSyniyCMorBat+gq1S8p8jHowM80KCTwbcgbgRceHjTZKUdLZKlxxnJGu2gn0h1+hEyf0158cOE2knSSWv0a2ErBmU1mXtiVJaVoQBES8kyWRlMhTlmTzmdFSydG9RJlxwZui7F371x3XuhbMRO6ej+oxsrK1/5FVbFKZg2SMaeeidWtgmZNqoQDsJcLbEgQR6p5/MtwAC1gyYVDtRav3EjG8mgTfBRfFT+G/z8AyINH30Gfk3C7EVlCzdU8sftVPf8TT4rXQNBRFONgVovXUvvfjwqYL5saSksepA4UJupAbqM5vfFGuFs4dpTRudqcXEUQRY973ZxEZtKUa9/nbswwNNkwtnxFCS5jtibEy5j2aEIRvsscrKzT26PkYMaw9qYmIX+3B7V/geGBiOzALCCCa+t6ztWJoX49jeYcERMglDyRq2cSHzKSxHrSJg6f5F6Vjbq9RrFf1MBr/yvpR5KRzC3Pe/hGmRqYYBZn+q0oYp8DRw9GZ/UU3Xz395j+gQfG9todmCwbxNoc+DciRWsiZGzpLfiiLcnuoqD2TXBbGM7IldYtlqpWXmMF3a0ueYmODLfrM2nktDKFNP+KAXLt8iUoXzHu0mVX5Tyx7rFM1FJ+PyC7XG8sb2kE1L5hqscBwEnpAt3LDm5nLJNyMR2s8kxCxn5/hMfjyKbqhDBgtgYqfHhgW8epmO4yH5omBvT54c0TrdS1vGnTlSG7cQ1lQwF640qqWGYbnDclpGZK+scH+e11OplTGo+F4VXMLMI3X7do+L+rpRsDT87nwPYyyOy0y5WmVvjq0e66kCECc/7L5oBZ0ab8JbzjgEQGvGho/i7F8O6Raza4Zi9l4Dk0kDEckS+A62KmJS4KFkms89U22Yuu/FPI8G+QZQx+2jjZelzreOSEYXqtp0WQl83TCHjU22yA3qjktyC6LpnEx/pjRJONLxq3vUU7I6IyH5qvrfL/owbCT/mpJTZSKhlo9cOJAhe4J23nbq/ZT++taXYVbkLA2XanCZa1Z8SId2rKMC1CE7kuFkaBmrJfLMDWI98b70ia7CfRZxnWbs+ToKYu3Z0kPHmbY9EnxUmfH4LCZ+yH4VP0gOmg5tYg3Al2+84sNT4yTLrxnImc30ndz+tUdF+ThhalHrTKO8k+4uzhrYG/vD00S+sl0Kr8dMlUH8izbMILpKuVCEIFOzysuZXK2NChdXV8erwjhznTvk2DvFKsNAkXx/8Ocfv4geO2zbjeZC533EyVQ6bpVWuZghrvDVzFw0FXnnp3vi0NrmEqDEgz1pEdb75Y/WKn9Oviz+EYDzmNILZ3O2UteRVVh8+aOGkdJlP9f2UiJwu96iW/um6nzM5keDljh7fUOSpaKt/WO92uR9NWbk1rZHxoDFNVspIRoRA2+HTEencYmsy7thDEJU2DVCCKAALMxcAg1/B70+TMkEJ/lM3fpO+m5ubrqfmbsEdx4EnT05PboxbghepDV+C1X/vIbycRMt1CALa2aWbEqP3kaAypqJk0n2aSeRovBGyiuuPKDhCsURH/KxZIikGRFlxcJg/27wVSQt/ENoHm4LojMuRNUiHCMPXX8/XDrfQ2efqdcxNnu2NXNI/CeLiX5peQYIPpzl+Fnssb583NDAvU0qiHHFQ6u8NRgxtzb0mzuGgZ5ZYo7Q8B9gKBdIdHRj42QzF9YGyKI6KhD1ESiS0iZbrWvoliw4cHuG8tYTlDOoSIPPAPxIx+/wBR8+n5XFt//2zDiTax8Z8HGv+1lt2HaUX2x6POPSx2vfdDuddvU+yKIkyDO203YySgoedlNVGUoVN8wi2WN1MD5NTPmzYcJBrWxBLgcQQw2EqY6DCM5W4j7A9IqBLxDD8ZQsprwl8FS2UA+8wUcu4mhaDK5dTlfo+ggElLFxfb0I6pM5laL0HFxYxssabcqoL4XU0Uu3bosEi4uz40Y8GyTEfT1PVO8ufQrHsMubryi9tNw9cTffaDMjbxj5KOOudQhxtSh75rURU03JOxjO8x/YLhXxh+2yZuimVddf60Gy3FNSA/g1DQYvU9UNMz0L8hiAYiffF1r4SQLqB5u0okfeyDYZleCgTqTYDk6M/+Sh75idncgeWf8jrJp8Csc3T/eXGqOoEuAeoTG3+WxGH3RvXWWJIC+Z4PG2sN+LhEuHYq+r/knSLSbHS5YpEAFbdP43lt9VIz65mI97w4DLZujbqf2duM3YWIlAHP21b/FR3lvFo/3NTW72534iz0SSthXvJPoJM5AewQWje6UAnzXsp7iWrgfnmybUMZyvKQbCWqe3UuOHqZFQNOwjolvvrnYD3RWaXUNc/mVPlOsk2ULG4nCIryuSaY1dKg6eTDye18qN3WuTDpwzYlU8gnfoMXuVzdkS3+WCJ9kH7SdN+788+t2YnLh6FNIq3XWBYgwcUT99/Ebdg6h1ozPM482tXlkrmq6GE/tlKngejbZREfPHFEtq0rPwsWNm/SoOafXs+8JAxPe4zL5eJxu5rK/hSjsyPi38G0hF6JioLuMDVo8p44H29D/6WAz0S7hinBhwK6ee7XWOc/KIJNaTV+PwtL0mXaQ6Q6+c/WlQB+3sktKbht3aM1xrFhOHrXwZ1ZRfM8Xu9VdJJx+xwnxCSHqUkBE4t4WbeGo734qLbxj7RW/yhyST88GWE88H64nMb6ivd4kMyGwfajTS2ejeVKC6/0ByIUMJyRdRHkFfSvSjjyvONG0tf/dVX9nteVlqTayKN7HmlaO2lMVeCI/QW6kMt1497PQyNULfz6WMq4j97vgugXQXZk+zrZzGneC32R784CZMREdAQ8iclvtUIcsKY7RXyj0CqsJJ2AOLfNv6dwJQ/kYuONhJjRNKOE6Vi+H7EbBYazmzNPzI9PGVywpnmv7hxLyka/YigFUM7Cal6HfLrUxeeM7BzcnzjX+9f83EjqNURPWJV8YMTwc0DJgkw/KQnLZ7fXcjmhcStACdXWmq4s94S/qDt8ci5GJbi7xnpKb1g83txQuadbnzOnk95jeuL4mUHCeieLHG4eVEYxXYVuY41uQPemgNW8fhYs/fJ4NrxdMAiPcUd0ZNERD0jTS4aQXWrnE4t1Ob4JGftGMsTZWCqUbon4X6GkrMxZaATdQV0jp2jEXv+iq4Yg4+/twhNY2TK9+3R+EpH3G7TfJymQUFEn4Vka4hybBa3OmTrw1nqts2CpxvyU1XnpqJFvT7dOoeh+oKpZhbgKtjKZQvte6Xr+dSo803PynZ3Q8hiWdIfvvRIlF9e5BvIGNAIhu/0Ea+oZCkVjlnnzn/+4BIl9QVuSLtmRtn0b2yvKdJIXkAabm6t9s/87bHeko3571B1gcZ2eTOMI6Dc2n6V/WzRPn2TticQnFnOZS1QQikpKylrpBSnM0fWCTyWLEdwWriX3La+juN9eTEyTGXilbtHNnkoi8czx2pIjZWf763eelss6FIq+F40b4TgK3Gv/RYZMnSvJ23JLY3B4Y0b+KVRCndnfycjUt4XzYeNLotMvmGcoyy7PKoLLULqeekxghZKil0b2A4BDsS3Wwnn5n95I6qDxaTtpb8U8GzXy1kopKfc6CJQKi7vSvfiyADMMlgm9WIWfpKLx6EqsWNY4nlJ9NyG5PGOku99hFZwJRyhrw59w2++deRz5MCXvJWISauRmbmZbcRutuJ4VZhjwhWYRIc4+MbEk7bQjAqaoxDw1E6BMFcLcE6/YsjVhuS6159ycfLP2mEhG4qRLN+CP2vXcRLqaWi8bxYNSoukcVvxJL2NOfiIp21UJUfWwUh+Ph05WX5ZlJfpB7XQVfewR/PLksp3LQBDt5q7JGp0rEu/Dm+B+bVT8FYww0F0tkfg1XY1lX0LO8hJZ/GLrQSo4aWftXfNSoCTGGSWnu9OEs9v64/JWqlDYq+75B7U1+bR9PksuKPfuM1EbFek7OZXoF1gO/ozCx+SJKoeJCuSx0GOVDB5kiiGekeZg7SUK24H+o+FfI+/DrvXZkx2ktQWRrhnirx0dqCdgv45fKANhVCF5tdcnSEjSOrezlR4rHv1IORNAdddxm6f8qW0/YtS5W3EiRddBmd07dvMW2JrhsaovHz3GLSq33qMX1b8I0D8UjUo2Uw5zVQcrQ+wnsyaZZGohuDN8hOQRSu597wghA9nEdmUrmlnioggG48MqxUxz+2W+J7TpHuL4gnzrDLN7CRA9u6WrxNcaWLtFZnGtD3n34XpK0Q5W3Lv77GkVVsnmPdz0/SqNXSOwPzBbjNdlyNK1LRopdT1jNg9bazHyUtxake9EAInUeNk9NrcaSKWd5EfOqaao4GqB/3XB9TKgwS6op0e/se43t/VOV9MlsxR21JY0x3lZOf4HVWbM2oJzjoe7d4+FG2lqSEIxd4Os7cj6A8MOi1U2wcFfNiWfYRQpe5fLhFgXUdjJRybDUINB/HqWk6t44WXLHhxraTi3Cj/d25EtBVhTaIa24SJAZa+S4o/OuCGnDrUmVyFanedM8fxfU90z8EPVUOdO23jXQmXU+RRlUgRo0BRRJLmxNc07xEcWtVWNtdLnSzifXGCO5SNtO7z/cujQuzhEmqsgZHDmcIfcJM2E931PK4c7tKob7qX3whDkPuZXrJcLBpKtFwE++EOyXHfTj4bNZ6J/EZkTW584VGd/ewgWqG2beJ4cn3QzqKcyfPenes2icKlNbRudwMx+fYuSxlmqIh4K5Rv7NWIhY2t27CzgWJ9yaVpKa5OgZrqtEIYD0/xpS9a92iROSpk6qA1sLmtDtnzQpc0uovfHCBvXrz8OHqz3VTnCKcRt0OU/q16kCehkryqkJvNdlDiCeZ45gCRmojFGQQn26/C1Ek+tV1pZNzKf5k3OC8LBiD8hNW9ms6b3NgnNNf+nqVJlH9noK2DM9EuvsuwZndyqVvveTeuj5AKWFEiopUNzsDLs4k8szy8pjc5SoqbCnW4lcIdecGHR3VeB3XmlbotApiTqXvV4p9XG6uw9lMRNbcGB83vtdAqWXO77WXwzdJ+YKrIe2rlpE4pvaqiHleIpYd+TsavPrgF8ncgatQ8EcKCppC+2r8jekQFSL3QAXqSf4PKZ99TrbBY5ARb23+0iMD5+/Gcd/tL7sjCAUcPaRipFFD6jE5rpgDhN/bWeTLJ7c8hH0TyHyJ2pFbS5VJM7hIiu16tDVX9ca5O4rTkS7pwyfWIlaLtNkKHLFm2wRwYvAKeeAsjDchrTqixY3Lq44D+queks6C+j2lBKh/K0NvL6c+VD0eCwyLG3xxtyXkH5/3yGUNfPu7WaLBC8xvZzSI7MggYg/pcwCdjl4TVS6rBs5yoBPuMZlyFr5wwkYUoKmkTm1SdvdsdvTHP2OCvxB12FYaKhAa+Uv6UlvOYOyvsHFH+bnJo7V/C/bsqvzcTSV+VIVIlY7WWHhZFfGEzZkmS52gLLAJ9GBrUpDtVbrfDjJ76xI75d3yFrgDvf0OixEPqpX7hrG1rcDzIDc9E2PHwj7J87IsKRWjMDU3Ja35sW7m5NqsZlwhcqW8JFs70fqbVHCi+4DGiK8hShwzH/iySgcgEich5LrGVvw4f1zSGNPxhoeoGktnqXYLUPMeS67/gwMZzXu6kb39+fU3VIlKKmM++M8GD5pPU3/OEDqt6GFC/T1ZW14lz1j8ysMsE8T4wqww/8vc3orFBHoB3rcChVORlpgZ1BQv0FPrXTLH830D9GF2dnSqlVjSbb264DFuXM4tzdE/Zm4STRIlLTrVs8uEm7+k2LMPIS8syqGaluUamFPFWwXh3u7+ytNael0DEiaLKH9Wxcg2K4bq6HW123Y/pLRySjjpdZ0WQx2gh6vu/Z/vjosQdymqptSpAZj1Jg/dtli2f44AzMs2z2dnSWJrpq9jRS4AVp264MevIBLZxAtL42o0nQpfd/IBc/0LhPnQDF5OTqKdRIOO9wJ/rCq2QXaND1n+F6PY1Hz10b5uwjR7rqYyHV2DmFOfnmnIrX0LO7di7FeLdczzNcxQUaAzWaLX5pJe5LceI0E3hAV9gNv0SdfEUGyMOMWhhPu4/kLDoCQ/64/i49FLpOKNmwrgz6McWyw3WSzBoNP1chzphj2x8upujEfZRw2LtSaUyvV36hkDa+w1fRMrN2xOkZLD2qBT3MiLbcD7tVLzYDd5Nt3bl/Yt60jKqtkF2gwLRcj23B4AwOELJazskppmfrbkzPjgjtjnIx6wh8xgkhjD+EHCtp3dr2d7BvtTIEF8wb5RbHZO5+rw24wxaaQWWVlXjlaEsDE9ZMRg54kyR/afi2MFX8jTbBXHa6sxV7xMvOeBdDFDZp2Kok+tZuZGaeYeQRKe3q0Hh50G27hsf6hdSYLS6S2dN02MQlV5jkSZ4p5cfrT2KwCKVkW4SGDoO6jZe60uVp8NuGCMvIW5nPhfVa35uTZWzytp1qTRneJe4iZ5op/9Agj2pba1B/3klmqEgqwh1qye5cN14jTS3+nrlto3mM4oLvn3CGt/fmZhmaO7xEOuT8arN9S6UFlQCEF3d2/r5IkWotENfKUgd5f79bPOApXtrLFoHPJlcv73AnUyDHmvRQr44C17+AoyuZWceltQgYywZR0JZVTm5KhXEYBEbpNXIxoEo6EKmCALAqpgDk2xdIfemhV8nyw7caQmMEaeEy5bZPzNUTWwinzGLuphaufq8EYpzdRvqeLTyTE4dddv9wXh/5tIOOzQrvd/PpEQBPj/e846cLa0oyAg/Gf9zxMJQQB+ID9IAAwEC/HBoby8ID5eIUswFAYFwQRAQkJwIQjMihcoCPbJPdV3VGcUIjg7SD2TiLtRJiIVfN1FHamgpomB2pLEZnhWgoWZtW5o1WF/vrIR3nwUfL68IflByFSi1RzDh1YCdDUe+9WRxdmydVXs8efdmExeH1L6vtZ16MdPxAgxBiwma79Dqw89HoB3sy93W+AP2wrKemkBnRqXtFBkD+3D4uWNHCpt6pbVth/KZcA4642bH4JZ2kHkCOpR3Ve+iTS0A6v5K+JO56eezq0rfeWTXgf0p1bjTrxnSQ8Gr0EKF+su9VReyBYNW9jU0aj6WrtsKgBwX1p6VqEGHT4yAdeQGZBHo1eoKLOYgS+LXMs9jJjuulIHAhKcWUeoku2pa8Iv4EqR30RPJ7PTpeAzHw5fBpQa5lsSvZPmVibd0VFiwFVgQwCQvpIhsvPWkniwZNfK22LeI7l2VNNVGjrF5Tivf+ovdC+/8B8hNXL0ePiZmcKjQZmQE6lcG6lFMYhaFQ8lClvni4cRM5FUXrw6El86R94t4L/i0e2FX2Msp5VFVOCkj+i1AChXtoJsHSa4BllPHQSaDUmX6YwFDyNoEt3eCpDEQueFU4ILMpfPCtoe3hb3jdgcOXfB6wl3VdK4qET73uCj6o8jMebtpP8ok6DCHcpgBU3dMZLb0XYxlGeZ3KDrz6z4+D0/0AvTmW/gDLEW55iXhY0Ng5wR7FGwtI8m/0SMYfO7Zxl0/EJ1xX16EnIVEEwJOmRpv5ZqzReZe0/yipFTQN0pbs/wyjmzKqXVvP4P58FvJ18t+EF7YPG6ixR38KBsyoxFWG0QIHMWWCBYLgqq6J8P1Hl7/O0XbYngYMP2+5+tq0Cob/JrcPCPxD4FC0Uk18r48S2uGBag/IcCtw9cyIbZIrZLvR78sZ8tBGlV3ll5Tu/XoPKGXA/hy9JNtJehfqCfLlfBPW3RgiJV6ixG7lWsLf8soPA5sYOKqY4c2AEhkc0kTjyGaBF8r+FDgXn9uZUDAL+C1R9Kn1FRMtrXKXkqfCYHaKTfYH3t6Ty0mA4b3HjuKx8kXo25sbAuscEuU9AmSnpRRHRHXLh/HzcwumipX23T8nOhXbimXasH43UyEUOzLY4te7s5nPn05pPR7hZNtuK3FQcDzQBGQaPFy3RrZkFj3eHk8NwUdf3fReDfrcPWPOQYuhqvtOS2vk/zn5wYBHrjUccCajcwGu9Fr9DQt9n5Oem74+rMf9cbxH5atZGqR2cf4//8A+CNu3hiqZkt7DNmP1flUv9QVrBPpflo2k3c458/WCvIfY6vKbs7p/U4KPCbYQKjOE8HFPbNL3wDrUtAkqlxYfMD0aGWpbmO37LAb5xKB9Y1eYnreBsqgUJ5bkGt2ooxmwlt9z83HshoWTURFoqJzN8/hzMTO/FUHhwySXFIClh62eX9zruRFflYpe6AQXwcaRTk4xHoCAQMlham5NbstPU4+VQ0Z2Ob9IsZf0oaS/LC9LsYn27N7vozfNOkvKIE8sSMPJb4Gkf7EncSPy1KYWyrWwTwaAh4I6FZMiskR1yQvbtWnPeLpxaSMmHVzoK5o2InhCG+/3vzpU7CQURtJrCVAdOsZ4/mwZ1pvPj05eDxy0WuBKd/6cuY2a8Fa+8zZZsF35YXnsM7uuNmsPq/HfLK/485ts+mdzsRiAgI/1n/c0nlBwjyAgVgQjCQFQQK4bXih1sLgvmEhMB8fLz8EGsBMFyADwKHQ31y41Mm1JB4Sd6b5tzhqd6WXo2RIFEQC7zWDEMkbv14g8dv+V3RmMLHPxYZPBi/Oueu9sV/1c1eiR+2MrH7rOE8Q1uj/UbdVTQKiMQdp+Mn9o2u+m3/xdPJmRdDHK2/S1C7Nq0Ghq0QWfnw4ANchf1Ed4wbJ7yyEtS1wv4qgbNl8O1VX2V1u+OqVA5enOkcU4zV/Z/7RhKqCojmd986VIuSXZLEohoKXGulCMXcZC5OFHbtvqjwzGiszF2+QYWrV2V3yf4JyOzSmzV4XfigtvO8Kph1msybFKZRGXUtQjMy1MqUmqTk8KimkrFntReqIi1jH2wKH6/+zGkz+ch5/TX80vWfCw0hK5c/n3Z+OgoE+/zMJX+yc6ix7fVDTbiZnaY4Jl+LyAn06d8gPOxufLNU8NSIOJPPrXAT5RfhS8E3MhfaRK3AZb2sMUnBbojFlCjPrqCnSJjIQyV8e/Fxk6sGEi+ec4xrsDfTJCCAJVnYQlXiLAya5pR1Fgj2FXm63wu9RKUzXu74ty1X4B8tN2r45y3orw36b3OO/3oKCfJDwdZWIEuopZUATAAK5ANDrHl54XxgfiAcwssPhv59wv73nGPBt/8nc44RZMvwUv6t2C3/IfYtqi6G33+F/vu/it0SAAYJWoOsLCEQqLWQABAuxA//ewCIEIhPyBIOBvIJwkFC1hC4T253mlRiDpDgvX/d/Mu7NhGLXouicF38Tq2SUy/9kapu3UFa1g+h8XGpDs+BHyUbS8SaM24OhZxpN+O4j2orkeO07y29bhcdwsSW1SjF8H8x4SFPr2GULl1deP5+Z+OjH3gP3nmjTuPh1K6Nh7RZ0sku0eKQa1+uieLvaUHGssav+dagUzsZoNyCh35lXF63/3ULCCkhhi5pEg2B75/3XEeEpoElHgeZ+wRoSuNfi+hdE6JlmXlQRim+RiWnFTbHQTkwYrUv1CZeZUaaG09vvmvHXY5oKXyLFwryRJ/8Y9vhzoDKBokg2lM0La7hsh8ATmgyGDA0plgzcN5vrJ59GUy2w1anZatxCoHPsNVGUnGui9T/R/7v7XxfLv1emo0Cgk4+/kf+tbZ9wqjrFD4aiWGCFeU0uvbVA4liq2cF6qKxQp/dG7bHf0c8g8Plv5RuKpDHBaHZxHtOjd8DwC9tRbdE/0kToYL1RlTxN7cpYmiMX/sBH0lT9nkBBGqXFNaNN8oAvgQ7RTZ1ZlXMoa1TEocDwanF3LoiI5svwXuh6PbZvch/5mn9HV6p+0TcMZIypew+99FzIWqg5b7msI6W/cCcB5pSVnqW0JWeDdVEwsCW0njDJiegikhoUkZfQUKd8RJx5Pb828n/6X7nYlRdwh6e/2/laPUPObrg8ERiIiMg/Gf9z3K0AljCYH8TCQTm44VCrKzBUOhfeoVa8Vlb8UL5raB/SRYOhVvy/q29OqtOq0Cc9at3T2E/vOW9iJbUkkrYvpOwfaqVm0PyT2cum7FTjmA6aKynC7S1uo0QZwaLluDjK5ZmqSlSDP1qXfkjPjVMFpduNNHtQuCDQrIkXVXefnvncsq68Wd76JZyye6ot0MZHmKR0KhtZu2Qy1mW1q93lhmCuARpySYtLaEwG2OtZz6vFU3x7ly3EHplcyUbKUUwK/ElqO4OzW1f2ZpGm1qU4dtaGJsYcUPUExtBoUTC3YA6a+p8ImruVv27NMxEDFsIaPvmD61DFkTkdpGrycBqAuZV/WHQZu4r7XfB7xQsYG2rE8oCgxDHXJs/MXvAW57SVAsxqxDKnnZQB4L2a0CW2n6BstAtEn43Q4nXWKj7YVGtMSW2QpEr0UMAEWbw+JJM/vvi5Py6IVcEdnUIuaqTxMOYeI012hfNmlabgUmbciXGqtjl1Em7Kk50VNdIJH/Scd5q5a+J6xKHobKItkcp15JnHprw8UL1idyIAKZ+zYEnGFgqkCAiCEnqiPWXRsk2Fw6YbsndyhatSOD0I5z7NHTimcAk17a4BqleY71KT18xiH0WHgX9dGrdfpD0UaG7v7RS5BCF16S9rS13Vj6WXIob5ACSBD3z+pX6ZoW5fdhAJo6M7aQK9b8gb2NcyoTZPnEfeRCihgXCb0FG5Mfpm7ZXDkIICTeu4+Nk5K/VKu7nsEdYS3G5rvppyH6rTdqQH7lajjWmQNoWWYYQVzLChXyGCO4bGFVPYHabDp19/uSxdh9O4QKSiTCX1kzX6qU18Q1l9uxjYR3/AJtl+UPkIp50kPmOWUnln7ioc/3kkLD88Q7jOKGE3PAvdMH1B8ae5lWt3EIum4om2dU7C9y3VHpGkZ+b5x7iZvOU30Z91A6GnMxVkg9lxOZJIr8XPMPzFhsaVBFCseOM11vYqMf6sX4cPuo2+3pNB1+KP8aQKIQOi3BLJp0pKDuuN7F/BEO2kUw0t6vDUK/jSKrWee+NY6+CKFuxe2joJ7s5xYx5x3aymZ93tRupxAuxib3BvyDiOP+2/UH/0f5Q4vXKs//a2f+1/UEBYLi1lQCUl48XCARaQ8EgXl5rPhCvNcySj9/aEiIIEbCGwoX+pqhjYideGBBH7oFd0wuo4Rn9DmBT7nVox4CcfKlF9Er8C6WGbuX6ift5w65iZ7Tn6d78+Rt9995vSao1XIJYP096l9K6EAoyRikqPkxKehwKoTLnLfQP9eAUUeDzmUGLfA79dejEDkwO3E/7kUznmi+6TM/dmMPSG3kL0wcMf2JXX/dqL0d9PV9H9sWxYdO8w/7xkPwLd9dM41/f0q3/ETNpwNld3V+77r/GzBoAsQZaCkBA/PwwPksgHAoREgRCrYD8QgJWQDiMn8+K/2+NsxTwya1NkLL7CiSQ67xh90DMSRaNYWJ7/VPQg/Ti2Z7fCcmTGmY9N4ceEMGzaSyaVzPm5jyIem+ju5BkRKCJY6HYg+Ef53CQwvzeYPSQ+AAG8VLXCeTfKXSAiAxBMELJs3SLC3aRYrNMlJJN3kTqd9YuOFS0bf0q/rK8uEQ3fuAUQaO2VP/8sBYZm19mS60R4SjlaKiJbphR3BB5aKvC2/AzOlp45Tbn2b/NH5nuvT7//xcNDVuwwf95HOGA/78n64mYK8lfUiH5r7QCB0BAAkA+qJWgEJgXBLOEW/5FF6CAIC8f3BLOxwsT4hO0hEKhln/jqKWq/hWIsxc3EPyjsZixFvksCg9zYLAEqXM3pRQeq5DK4bpwurkjeNyMKE2dVGTge3N1Ja+3WM/jPKj/lqrIj7+dxvo2QMcxvH6mpcImrFCr5cKSO+Mn++f0bvA5xq9wQipyFVlBQkUKAF2xN3ub5DqKjIhPnwLwmZD6x1syM9rwvTBGHLXkX2qGbSAYULpO4XfzF22jukabtS8aiBbCwVRYQZ4RfuDRYgcEbLovqC7Zm4ruJuXv1FTKkIiAIM2xn3q6LXLDyYrMwoFHZihmxodvXqXFnn+t89vsEcj5zhZAzM9ym6pvfcT5gKVyU61U9fnrT2BnwIGONT/Ot6mu5yTR6hTUZdh29vnN3VwA0gxsOflfNnMhwX8085db6qSsv3bWf1P9X09LKARsLQASFABCYEB+0N+7E5+VtRUExAeHgKwt/5InrzWvEOw/lWICLxRIEB6YVuZt0Otj+451OpW2i2cCSfU+47MB7SZtFO/MzngAaETlu2qNPaA8SKgjG5knwsFKbpmtpAnZXPsS6Z0ZB7TASBh5pnCTJM1HD1vih1gVfq573VW7l2VIna2Rz0add3tKn9JK5rTSNtT8qEiHDtY1KJucjmqZTuuDReV6x4w3BpWUie43R+5JjHP+nPmvC4UQ5B+Fwi1lk7jjL/t0/Df++evJZwWyhkKFILx8fJZWMIiAJdT6b6wggnxgOFBQ0Ar4l4v4ef8KfEFvxG1HkGACovsHnQyv3ZVVVQnq1mirlRojlsC0xCRPgMCtwhaKJmmfVq/unjz+bawkRZmHaOVk7zfyxSvD13xfY59+VI+15t++/9Vbsl2kkmQPGbZgJkzL8MbsWO8BQa8Fn/aPlRlGS2FK8ylAZCullscan1AvI33lVXFqvMW+1vCuJrEh19PN+qD1JJpVaGqG0k4KcF4+uUyN7hvtHaIynLChNb1Xd8LxLvdKBJbmM0V0nWzZDSWiJH1kHS4zgK42ST+43PfahgYArhV37+Fv1qZxitj4yT2Sc2K5htenywndGVFUKd6sRlgZyfhXxcfzEZmB1RwGuUZfC7r/YPdW3QeP//ooR7FfEksjH+y6lUt+8ipbynZzvFRMYa7wldE84zSWMsb8J/BNMSGOiFT5Y7ONyYkvYXMoCMCH3AsfnE7/OSOaSN5OzMOAT2kaEBpk5ph/VA0QkJk2LveSaXzIVkbDbKmhFO78nYA7ft1j/ykwLyC4V25iVoWNe3SyukllLU2cjOvp1KvluZi1WkCli23M1fRQsyPVcfv7CSuy4EXjrhz+el65tuyl0tcRn8UWTreync1P4dUxc0uZMTJEkNelM++JO5iubMf7gS58m65dNlJhL3FfAZzXL5atPO169Z9Evt4lsvnj3gxURRyoNGINpKe/ag04hKJG+nd/Xwto26iZbjsXK6Z27ite4UVldYx6Uoy+jJfyMuiXUrP7mOOqfzETmIYqa7jEgdog7rnYM0Wpd7M8jPUZvaA7W0g44IO7iauyTs3JN9/Eai/6cVkRR9oP9mUcmhyLC+dzCW2vmvj2j3vgSrccbWeba2roTfQxAOrEdxd/5nF4qO0GmXrLYk07opAifoXyCy9fpRSwJxL3y/eLtrYKWIYaltsuqvLFnlf3C7MZGdBtlQ/dmSaurfGqWBIXXK9Kf0HkmTDZ7oxAFPmIHyWvBDfoEGC3ZQZ/ut2WvpbND5Cn9DNIbSFL2fxFRN6a8iXX7/Ogaa3lIxtvyBxWt5uJaJ9dXxT8+sHo3KnEZvDtfU94mgnVeckylVCva6W6x/hH1j/AALvWlxbgK6Hea/3OedOIqwPeKXVEh7nA79V0q5wxv8YW9ln1XNpEaOpR3jt6NBk5bzh/rj7mbsxPrjJs1ZChjZdY4ZW6HbbRZZOSaL6y58lCPvAyyEU2Iz4m124Z9VFDBTKzTtlfuJOH4KfgofgZ7PE/d2awiqEVn6PWh4QndrMQRGqoSc+enfVZV3eiCpAb+/s0oX7dfEcLl/63ZRj2jzL8AznSReuvrfVfyzAMIMQnJMArBBcECkGAfCABIWuQ0F8I4eW3BvILgAUhMAF+Xjjw/31fIWTtUqswzj2suOCpyK0woaw4oTypwr1YPTyxtYfFNgpQ4OaonMdlVxrnVFPmDsXw308vIdtj3j/sYPrAdIR2kEHGXC4NQxiKoEH/t2f9539QXR7u7lsgISD8Z/3PZ7UG8EH54bxQEETQUvAvJ/ztMjAIHz8IwgcXBFsJgqxhvAJQEBjsk8vJrqSqCxTifQvkRUBCzRhIkY1YNuQRfTDlk1WbaB6tyzAYS+FuaafjMM3KyMzJqqHKyzZISTYqOc7Jz51wYe75VGYoD3berA9b4/CqDsYyMtoE8gOBIF7NixF1lRlcRW6eGYHZvzGz9Lla+t1oplD0do05L1DfHB5e3UgtFl84T1Ezn1R5sYwtVvi7j5uYnLXOl9h0PtAFe4CwJ+vbCA4d+Zpq/IiJhgtr31a39CEOb0iVi2VUc7CUHe18YHs0Ko4wXKrMn9MAe31uAc+Q1+Eq2139gXB+9MfAWmiuzjp10gSzZE7fTYSole66ObTVTzfn8mB6LZ1yA/3l8X2luioP9yhXZTh4juCovHuk1VncpsKwR3L0ZrPU5YzTPPb4+pM9AueBSdfiTj9L7AbXCEXr0vtJxQ9kH90bOIRCs/Ppj6/YJoTrBidOlUtjvDta9uP6wVHqMld8yr12sZR6z3gjooeEz9zur6dE/virdCHd5pZJqqpOKE6oTnDOjAGUFLmtMIT3P37ant74w5tP1Oyv+6W+q4UBSjvQHJeSgqQLlddlFKJX4hqeH0NHg0FE6UPu5yjVRMw1JCq+bOevTmUQ0/2sWSTp1Kp4N20aV9Tdxl/P1gQmVSAt/3BovQ/K9c+df949let5CKVBNEbSZby9XGsJ62goYJPgFGiXBUAk6lEO9SLe7VSOOZnlJJ0H+ZolfSzwWmnuPrMm8I/Rwr6MfUfb45/0slHmztIy5iaxFJFHojzzxDiCIoBjY6oIN/PjBV+ndeylnviXYP9e8Hf/7NmaVftAmoSFwIz6OvDfKh/+D+XnOo/Dqf8fr/9Z+X/R2ArOB+e1ggpYw0F8VmAQXAgGseIXhMNg1jA4EGhlBbbktbL631nOb+UyyTXyv/MaCUHaAu3Vv9w1GPiPXaMxfL6cw0RA+M/6H3f919PKSgAM5gVb8YGseAUFQTArPn6otaUlWBAkCBIS5INBgUICQkCf3NNXK26rw7xTlaMSBT9q72wVqMPGGtqSbesBinpZa2D2DHt7IIjeIoSCItLGz16CJf0g4H0wV3wskiJBgaPvjsNNXyN4bn3uVq690IVZV5vkMfJh84t5xKyA+qykLGujsBYsWl7nE71R7rDEZLDk58enXfXgLnU5D8COrSAzewYCq9L5DNLXqca7DZ/x+jBSxbuomD0wKdNkGK+Jf590XchmeR+aT4tRvN69AlMsL7Aw4SUoSLBY3JyIRNb2DcOoNbtFb/yR8BqItMR9THq5mXqXSE7eYI7aqvNzKDeDMpcCu+JybHWG6MRXLrFkMaIyyX5GqTsGvzQmhhXhnCWree93ScyQNVNX2ikfI9uiiMThlPzhjOgo35TaUl/povmdaK7SXKb5egBSz+sUVGWeyxNZPZhGDlN6jLLvhxDpOS2OVe3oURJ8ygg7xpMqHjeu9TcRsdwTutFb7QJngjczHL9Ck8wRNi9LtqgEAjbpWjH0HlvUZ6k+YBtP8dEqrwij4QJTklETX73PxVTim069zpQXfZ2lwBFrOTWIQ4xvm3D22oGCmrDuaFiPemEwQolL/ziFm6YVn3Mqudf6TLeePBI/JGzCHvUt7sdX7E4OOoW5qLZeyA1yYHWlDeMMl0DV/lz1/W077rPEanyaW3zfQ3SxW1C+LHb+dYjojz7jpDb0bVHzjm6mPDKp7X1L/GHKX3L9D8sIbxSX8UH4CihdNw0cWhx6YghTw6SKfLNDlVGZh/47XAY3W+ShJtHVtFGVU8UV+oXkAcxPMkz6s/zDi8hpZFznxbJkVutDZzgKAe+CA+npXphLlFMiA/PuTML1S/QbQHTU8QEX7rPHjvVuFyuAXyXsmCnianRR74fFn5v0axmMuo7xY1jt0QrPiW7+5LmFH0Wm/XpHrpnK+sRDgItyR0yg78eDZlFSSadwILWL77tX+WXXQVIAf7j/bTfBHINnaVA+Uv4BE9OsYU/c1W4sTtCry1smK0UX7GdsoyICDzGCRGwsuoCZt83Fl3sa2Zh8bClPcO4Al3XAdJys4TRgZsxCNVMCNo6YHGm6TYa0T7zm8wEfGCAS4jlJif818eVsz8/AvzSiMv82mXI8Tn7+B6PdU+6DYvDiq+ZrXt/TMexvFjTi/VsJSl5hmDbg7MRxcRncLZcX9/AQ9M4aaHZI36DHp1PqMxO6e3onunym18365jK4d442x2QoYtIfZVJwIsaS7HGtM2h5X5sCG3JJiI+fXJ8KBTjiH+ClbkkcZZJJQD1S1EbhuC+kar5dyB0kONcCwR6GIWl03pIFxwrgnDRGb7FEPdYcROe1vItszYZvcPs0R7SlsGKHz1lb1YZeg6DKrLfV7IugKKeKiAScb/sYx3nvTdChKO4i+3kxNLoNEu4xjiyXcHp1EZaViD4dpA5yX4qeqMkw/vfocAZ1ts2aV3ZtkOB8Vbm0X2z2dZ/16BY0P0X1btJy7zh0rzg5sEXNAddykWg+/UTvQUdLF4WRW/ROJJTOAbDe67U8J6mXlFK7TytFErfwiMwo7ZwB6L8PUz2cvzZPGac7N7NmMryosXp7T7z+aUP4fIAtv32uJvWsObkDXOEkDBnekZOm8AkgTTGWX5X65JoAiAtFEWd5NMV7EQi5oDi5iUH2F01eayFx+hZevNyhFhVDXcOJAXqTBCVIcFjd/qCkW/PzfoY3+XJXmI263QwjBUwhZSJbffSbOTp2r4ALMZWq+uPwjhWmwOKbwbaI1FLmqYA+Ho4buonOlc2E3gz6X2NKFwnLyk5OiTMxsdyrOvwx/GWgcNX3r3OstGBY+waZxNvTocpkSb4jiNE7wAq2uM0ySfiU6mpOW13OpSnHh2L4nlGtsXwfH558ddr7Yv2L4g9b9S3RyVN9GSk6eY+Q8efLIEoGwOtYZtl7n8YvxA4PxugSzEKiVg0YRQ6z9v0xg2hekW8m1sz4o5gMUAgxg1VCgy79aTW7lwY3X6vONi8vSW9XiG47M+FkXsPEv6TBKUcudbLJ/tQ28pTm2drURZCc+WHYfw6NsjMa9vA4I5jYzysX6HOPmpYSKdt5qv76MEKEcKjKL8cezhW0Ln1ev7LDvRKZhvSaKJZtb/bkREfYkecYt962bdljwqodW8KD/PJdsXAU75FWrOH85/U3rI7CNDGH6WQaHIax5k6qWlimcpobBT6elCy7/Dsn/FMx34Ia3uSLxvdWh6rcvyZU/knUzz2a3baMvlGs8KORi45cmgOhj1cijXrJQXDJv1ufNYd5pHXMw4h55u0ByIYwzD6vZqqPTm13TB7wVr1wriNzzP81qcwB7shlmVPz2Y9SGLep6yH2xojWCk/e8OZTgPbyUdFd7NpWIzds2BHRnhihuwuVeR3SHXCvjSNoGB3uSFxJ1cmz/3klKFnyXvjiftc0FR6Dj26htJ/wbqyYXrlzyytz3bqSxQ3X1FcHtmg4/vN1YEtvnrQG4VgYnzR3iR0Lif6ULmEDUK7u7bLOrcN6QVVXPj4H/isPXbdhOfSWhjHWJdGvsGWpqqFC3v00+tUr+jvexXfucx4OO8Y/tEEescto8hxQNBjH6pu6WndYRVJ71ilvlfAXsvwJ21Zzndbauh1OHCFtRFf9DP45vj6lb+QedUq9c70+PJF1CZqxHWstpFXVXxIFu4snKEcSsh2yj24xtSdCzK7uZuCX68edzcDbdaH68wimzoeyeGPp60lxS8bVeqF7Ejx+X0F/V1df4WCtuZ8+N1esJZspxwI9FxOdeVHiK7+zh5xWf/d8Dg7sxuz62CbmkG2iSQoDmZyUcOETrv5KsoTOaZIoL2C8lO07G4GCq+e8jRnxdPn7P8WafAv/ibOKQijPS7jAttguRTN1E5Tf/aL/1jl+lYxXNa4A8XPsBwOZhH52BuHWrOpDirjHF0F/mUP7KuiRwtAHbX5nFgZgLOPXaVU5zU9OVfetIv7nSvc40p8UuGYhIxXmziYq2t5RhYzonPSvvSx7XUziMo9WYmwhCY6G8eHMr0qyGmWV+1PNyA+cxXWX2+pMUd00m7ZPlRYI2GmzAm6vQvh8yzVvP+KWmit5ptmIzCtQxCxwst1/y+cum1iiFSkXAevmI0YLxmPu4SPjYxEksm0W0KEdlvCTjjEgnxY4q734Y2ecqY44u682dgMbcO3Y0aAfKik4PD3h7l97Y6o5Y+AQHHwH834G5b8g9sPOxhs5/kXKISUwvnQCPn9oOuTQ0T9lenbN49jjc58gFPyyetbo1VPh4P3rlNK+OhogVVVv5xlYAv1W8+775oZXMK7fQOxHqMyxXJy8gWbuqn+yV/DTkp/blRC7vGi75/xhx5mVVXKvyUqb1VaZ0GcOUQq8Z+THPiqKfwub//xhh6XCwILSX1vpvyHyX08YEAqG8ENAMEshCFyQlw8G5OUD8grxwcBAMFCIHwri5wPD+f9fRBa0uhjnVOQeVeYaGZ9SHp/x/L+J2VORS3H+f93w/hc791eVmSwMc7fxJ4q2dHR01AVZdkQQiCHk3AO2/+0Z/3nZzxoyTMX+C9PY/xWoYQBekJWQFd/fS68ln6UgHGwJs7a2Av09pyAIJCQEFoD9/UToP9/OnBoeu68KEn2Zyhp56bV0U31A3H5Ib5q/WplcyGK6MVBzB2UFICBOW0kT4iC+0RN+2nTui2TSSqGrzfm59juWm9uL/KH/DF8695cB9tPw02pf4tKVykO/UvJlQI0xo/aSgRpY9aq64fnmEhXrNx1rIh0NQZ5EhsowI1cmGl+7TxD3bIN4aqOPE0XsN6tmlzddXXwOc81xL11BAswgwSG2ifcDEEs/Trl58VqShxQel5E34VO4fa6apWhcrD/T60o9aoiJ/FEeXscQv2Jccici0R6TCTmNtLQQNiMKNcrGClX2u/kZGs2RalXDCib+lPSDX2RMfTQlQ+y79fGbTjSkxhqLU2Lot7RoFiLu4IQDh5r8/ZR0yIdPoaBTtnR24u/9mXrtXnHMi2lvcG1ZnYMWuUyJcTJgXmaXoekxTXOAOchOOvVxGR7hQrNwWagiZgNZy1dXBUOSHxQraYbD38jkChNVd98kk/La+SlKv1rp8eAOyE6tKTrBSfnDbI0dWOQlBhRcdkp22PHG7yOnNO/qV3ZRyp9H7EzVofkNZXlNertS03IZFRZ2F7Muc8njmVZC6Y88ssjaDStmWbH55f2AWkJV6cGY7hROUEJluIp2zWb10dbTryyFNNuETEObhB/TLB2ma+3Jrmqc0pgzM3CNTMc4hI282zggnbxHTNKWN/Upq43fxTs9DCgYPRE9+6NZ3NlLT7ZFvymdr1J7Vml6wcr+eETAciW7sryN41jDkau/MWZ/9/9i352CM4u+td8kHdu2jTd443TcsdOx39i2zY6tTse2bdtWx7ZP/0/Vvvj2xbdP7etzMatmrVWjaq1ZY4x6nhq/edx6o/7djA2S+cYacsp3cIiNZjHrUBkXB3H+cPelFJrmkIJC2QtcpK/kCeApZe7I2jY18BCgVH5p07RzSMNmLIvvw3s8Sh1GL3oqakfXOeYxKv83RMc1pF3q9KaOhbu8xoTFnacawMgbwPQq4R79cWOxtER2GaY3kUcyNzlnCytQhE4Pl+rIe3Ax70UuPh+TghF+WLerF//IekufehjT8WCL4812Ii/81Dk86AjPYXwMsUuFdVTBHyIGRKvjZWlK9axjZYqMlnqER/BQd2Y8Yz3Xuyr9BeL9wpsbHjDdXstD5v+lGKC/2jRgAPqZMnUbRb8tryx6aeeku5NVdSRhV7C7RorWwa33kJh4hlcVHIy+cj7qpbEmUatUQyBXYaXplZnmWGSS2+u26lLrx/4Sa8gTdH8IZ4eveYC2DKeLsBp7Rb5cRBwpAhRustGEizXajr7JJkhXvIupwQrvEecNrDmIMl3mYcZEnOWsqXx8IBwx3lSkmaqRzJm9PVnLGsUrtsMvV2BuXLJm0rPEo3FZPA5qgqNQ1uP4vDzOPPR8CDUYsEV9LZIzGOHDbO2CE81pwdVkvSzoAeFKiuFJqnhr2kVHkcsQeEXHQUTjc+1tVaw2zskKC5K4+JeDaxdgIo+Zk5lzecL4ac1/rVJjTuYJi74t0WyDbknAthQhnH4+2BrXWZ1XnZmHCejS0LpnjI/GpJ/Jq4/zzczimyGedMhWK6dh2Y3fmz5oh8ycN9MJKcaEKIbFHtnM9hsqlD7OHx62ciVrqIvw7SVFYNcrEz5XEZDlovfgxxcrhhFQyLLF1B5qFIm2F9QpzG7xR+4GtzvALyPm2UGE6/BIreaJ2KYpb56OPa0HQtAU7PBsIBVVIzf229ZGwMVc+L8q3nAjwg1A9qFJ5gTRGgeIZrPCijRHjRblEAW0zGqjWnirkXyyKuj3oakKiHvFUKVzEmdEiIuMhzb95dshUzLjrbUx8RJ0qZlkXKfODmtMg86gIqSKoVnzmoteQ3l6aAZjoFbYFsKQuTnvfzOrzDAjQY72BJVjnxLRKPitgmUorLF9WREFe/qQhrKDvVzNRZfJLFlSI5V8S4eWETbDgqI+55ZDV++rdBSYe2Q/X3AeOOI0PY+qLkFJsYRokYpxXgEt402AFQI8NaRcWssdjgmqSqtn+LuWtF0+7DKdZIhCxRe3n441mOzyx7K5luiFpgaV2Cn0u3KI6xlDMuduObPean19HdkEsvVyOloXmrXMwK8JTckaXm0Y0umRW/BYhl/NdFXCcZIGCWfEqq7MJQjOWRuV29DhBNDTiAsD7DyxI4jwAdNOkytscnzhJV5RdfQKu0ZrdGftBucP+VebmnDz1tPMidMM/D+Zn24WiDcDqrlcgds9K/lSlQksFqNOamvzgfE+DqsGfCHIwUGQilBwv0Bv1I6JKyLc9nCIJCyU8ui8xLX3REz5zA1VPxSc0sLoNgakBZenwGkPHHVj+BhelswRL0xcIQTQ/hYks0K7aQXmq1Cj/a6yCjrsIgnZyu2VX3eCIPRE1MScKTsLYR0WDSObjiSU6A9GZ3hVd3Vd2HSp7VJvALtE6b2fp9cX1TiniRCXI1GaRvpFMIQ4aLpDLnTD9liQlgb+YeOu19Aip+qRDg/99d056ZaJW//bLnGwHx0xZPUT4UMBJB9cgLGJcskSJAwtOZl4Umgat6ss+vCLUM/pW90tq6JP7iOvP0rUlIXJt+8DaIEyaTE6y0ETCT3CUtY0TRZopspXfuDZX1AmtmAY9uAmDIxkPIPj2jOSKfqVz7mfc93zQifMjAo59JBTMmV57kN3ZiS+neKVnijPY3eNTDTz4+uMvbddKQY8DQeGqBi0Xd+wA2c2A8qjBog01G67OJteEerfV9kQQHhZe5dEhS/KX9e4/VgUA4LwfbShXq1YBTMRPibQStYhK0NcD5fwqktDy+1yhIvNmXHd88+L03V4R4Oxy6QXanLVfvzRdI0dqD0C9aSDlD8Uz4VByntD4A8Q4/CJ2zuKV5zmdbUPAWwa2qM/dPRqh2qRRTVhhqBdKjs98mxycdr53v09p1EDtdXYqEBaIxGGJu/0VBlZhnDmyvDPA1zTQ/uScSRKKebio0KWxnIW7SW3WckFl+Jeqhx2igWvTFIf1GwQwLWwUj8mrJ53vVyjh6oZgZ8nQrSN0raQXsTocKKnJp1HT54ftB3Cs34aZFXJJwx+kYssb0MZGnWBqbfeiyXAFFeSirA24s+coppNZOKyWl+G8stlCZK5sg+5+hOC59MkedbC2G/c2LMzDju3g0aYUCkxNReKDBxSB+l6XtaWn8NxS2E/FnlRPxFEQOGf/0uRxsP+30Qa39qVbiU4GFjl/4Qx/IsEgDg5AexAE6AJq6EpG8gUxA0CcRsaAUyNOVm5QQAuDh4eU04e96zGxF67dVLMIbechi9wB5qhoRZuaeWLGen4tjIVZYufiNNwyojYv/58XEnuUd65WrDw3d74xG17KXDwLZMqqeubPtltIhP1wOyfEx5hRKJpHDbUZvL46gqhB1zhbHdNJdXPw5JVPVJDSJMRFJ1irg6tKNQjIv+lFZBNOqvbMekGarbZTkLrT9j1bkwM7zs4mmAcATWFLXI+Xm8alLWPKdm4xCywDEzuCVMz6CYzM647TP8sqKL1clKpWjgUO5HRLxmZgGAiFjPClyJYdwaiZtK5v0eXJtpXUaclJXAFHkTTKY+J/Aplk0pjtpDz6HcvDzvfPlEoaDCFmYaDZpFnPUBkH5dIhq6pRf+see3U7X6q0RB49/Zx12PpFkKaKvdlf9x62CkI+BUzN8NHov9H4Wq4YWoWayXoZsrVYL8MhvOSVeqTKAZxfIEek6naWTOxA4qUilZKbH1JLBWkpNpQZtlb7dS2EP/W4nNzyeE/OGfbW6zL77mcD5lUhhwTLYcTeg59Q6bWu5qNSfijipOGCsfCK7DXgyRPvFxN74uk7Oxlmw759UKF8hC4S4Wg+X+O/OcHoGp7/yVC7/+HZOAy5DEFmnKzGwGM2NiNTTiNAdxGRgATTm4uNh4gFxBg+k+8mwDcs2IS9e0yWTEHn/gttnvrFiR7dhX8af9kNKllNMgtJsj7uEy47MFbm/DN+L5liMCmF1misxDmjr9sfjtnaJTUTPDT2BZcxrIUJsg3CcAR7IWlVCn8FQYhdH7ZgbhtK+ijw071U0RrJgvw3fZHBtaZZOwSVzmpv7qzatC0KhGueGYi7AYbDgx/Rm5M2oTu8ovuAYMPrIgIdu/+NIm2a3CGpwi+DNU3IGhgrItDcUfwFYjbDrUZ+fkjCSqWghjE8XeLXF6ZJZTyjtYwH4el3z39gMewZqCkAPRw1LHBs2HhC1f5JaZ9KlMjIEr8C5VCyirNuwGty/K76/cLNGe5TGLcAnBpPtLzSOHjSvxvS21jEwQESB4TGHXXdUkYw9gXnfwKvePzDZRJwXD6of3nD/d+LEPiUN2EDFv3FcDZo8zrKd0vaj2Y+vAA96q0cXQqe7IQF5BP/qVLdOZll8Al65z0qleZTYCDfTqYJteYD7Zp16TmRof2ARibB4vO8jRh7gp8pQnSnC2BwbKhende+m772TWDvWfZeev+rLTCo3u1mv6WxAPwuLS+BC+JzMsWTzSQ7jDyxi5POPcTtbgDolENx+F/2WcMOf4bTTJq2NTP92/P9z8Z3n+RQG42HnYjdhCAAwD8j/MFmJgYA9jZjAEmphzc3CYgVlYAK5Dzvwwvp+n/F1LdL0+DWyc6FQHMCBtT8v/8KV2iNEQ3KDCw/6z/6dO4OblMTbn/NT8gOxeIg4fNyJANyGXEymPIDTQx4vnnVf+VALfxP5+qsW67LoF64RTw+U0Y52E+svlwMiapLXa+7QchhXIGhLDiOcjcTiR+whE0yPR6RRT5h/HMiEBK8Y+FPq2Fm+vjxGr6quhNx4H6MUzvTxTirty/S1THWsmDM4/QVTbCZNKlkXf5H0a3aZSP/bNAfSFUkINBHpdkBTTCMuZDgLm6Dq4KETeyThnPPCvq4UKpjPpkUtB8Om8z3/5Toxb+9NFdLz9u0uvGje6yk6/Xqwkjs8FYOL1lPzx4U+HBTKz7D138NsrfSt/NJTD6KHLiIef82ZAddgDrCWXYsuNmdrmiAuNyAg3sKcvH5Mb0fuqEVrqnBMaJzNG2yDi4Av2tzWCLuKcpEVNdBiq4a8NXqw1jvZ6QWJjoL0qK6+pIslFR7LrqeUix977RGSI87KLrjfE841r2P4PYRiw6YRlH+f9KASkMj6mCHeMSOZDR0R3x3zaMDYfaG4E/tzOTZQ/tI2culGCyK0T8diqercmqYheWSzIxSAhKGJ3UyFDw/Szdgf1xORm5PRosAekIM9jddbfKrEGQTTBpLwso6fdStAVJijjKfT4sFJh/htOmC/2ttbMa63lXqNHnKlmS/UHYtdJIv16Nti4FQWqJSk0hpOPp2Pah/aLr8ROswyTB8mZm2iqsOIX8NrskCk39w94C5kG2pAaW6Uc2O0hEAn+R87pyOlEY3EekDl4DnwG/giWqKCPyojl44ocwcWXEg5TpuTRJDdSSy5eC7ookgOMXy+baeNsJ3BqZQV3y6/hEtBMxvR0pLztUgm24vsexaTpgiSt457NurS/E42kmGdkK+axT5uwhbXJADAsoJFMDtbK+aFuBvqXhOddJSZgpTRKWRt6fUOP65i7tbzHR5k/aut1/MxZdVHZBs8m91Yw/5149ADz1Q6HpmjZEyXUnsAgp4tghgk8RCBpJCwo6fR201Er438feIesmrqLMUguyjzT4MlVsPCbuyYVsZVkQZ7Zh260xTO4ehhyPmh4uzgGP7T960UvHIFjCbhJFz2pyrXny0VybwiWDQ8kEIaZ+ZHjSxSvbo41rUMJd8Wg+1IeEaxcMUtlUTKYqYJfO+MfM03agNRHJIvf582el/6U3x786/tNToTzkWTFe6hJ6qJ7WxcwVA+QHZFmf+jpracWQUf8lQRggmvD1JPpyTUNItSt6UFoX8/Pg9YVs7UP4OqX72z8jyOcrKIinEKtA8yghpSa7H49rDZ5J60DjE/Lz7+KMr5l2KmNufj3J+NpOup3UHJbTuak0c6r32xEx4AbaYpWPn++ls08lLVXr0yUsUTNfttPZEaOtHuNtsiTH4tyWzxWv86xd8c44bJI8wWuFqce2WftbO3Kpk2OpsyZHjJtOwMrgeOQq3BJhFHsHSEyWX8hRido+riYNvq+eFU04BTL/+nzSdZZ6JTt9whV0nW1dsQ8phEAhpbIHAitBhKSQSjG0y1uQPFBKot498p9HCUqjIkNVGEMl0AysY4DzDybmck03UXY/EQqpJ9nMwbk4j6Q9GVyQxtBR8ukceoNddFM1GnV9InniedCVgKPMQs9QluceDBveA4OKnebfyU3+i0H0rFD2rI4nFXLGvnq9I1ECa94HK7MZDqs/AyYSbyr12L311nwqQJKQJo4mjhRnZ79i5pPQRgqLQBq/gURLfOsnd0WV8KoXaVcMHnPTyTJO3qf4tXtmi9paJRM0gtBF2tmsW+KTbnRV5Ckjgtaen+RwEJqzEyBLilg6/m35YV91jk9VZ4tyQhn20t1i64zd5Gr951uUaefX66Ig86afT6r0RPqLwddExdsXRx860bYo4K8PtHcJWKeahm+DSEmKnyfPchB+mXJmPZXQ5EJj0F8SIOEzQUOw4PH/Eu015PlvaC/X4WOmEQQYmNH/RO78i/ynfDk5uFlNgTw8nEBDQ04TACsbDys3B4iHnc0QwGbMbmjy78X/T+78F7mjuIxaQfb4ptTFMP+ENX6RdXATIHD3stsVIvN/ZXdCNQMrpgs4zlrwgc0syfRbJ0sZ7PD7pIJIk+OM4OVMpr9SDIW0XC8jL8Kauwtfkx+1mffaK2A5OTlpOIGc1WIs3bRUjeFkx2lufZGiXkfD3tIzl2ofXbdLkdEeqPMAaWl41RgitZgNf9paUhUWEtxfh9f+kKcKZtwX3sIfeZ+RfrZC+vLef+q1VM6l8yFE3NgiH/fmOn5P7KmSqmVp/U5Nn7a/dFB+S2zGeblEcIW0hlON2Rh3WkY+HQr8/V6xcIDeefDegZ6njXdLA3NsXY7a9XB2E8qar59rElU3lRW4opKk9Usf8v56M+j9iSubvVQ35a2V6/6PRuQliRR1ieH3M2nA3VxUb37xAlOuyTaFbkn1VmZ9Zfuk9Wa1vyqYzDfyvP9T0uQGU8j2/Nv3/I9qi4fF1IiTg4vHmI2DmxNoysXFY8jGagwCsZn+01kAVhM2VhMQB4CH478yGMBh9F+Jx/JjEkFBjnH0B9Pc4oOM3PL/m30X091L79tzAqefKuL9cyR2IH2cRvTMV/93oxpP8drGRTK3MaIC1yqbnL/F9KOd7K+Qqj72FsQaEU9TfFNfQdgTzu8qo5uAs4vNMiDCRJ60spOyk8qd9P1tlLJyFC6z1dW4ss6aaqZyHWh7fRXgwK7eTiuChV2ckmTyt1D0PKsCp0xHe/zh5iPKTTfzE/K+1GMqDhLMjES99X/ZG4xY/1tvwP+0zOn9t+/9n072XyTImIeTB8DDbQr81yPYACATIDu3MYCHC8jOZmrExsVqxMHBbWrinlX5S06+nxUzWPMI8woi4p1gHV3Ef4VM3QaFtTFXmzJBdWo8dB7jEJHR7O+8OYdHepEdWeJGIoepyC29J44aEt0L2LNRkjw9r7x6/7G10mOeV94No2p/LE6BJAZT2WIX9VQv1OAi5L43a42g/jBy5kaqBAP+ZZrde5DLqq/wdBg74d7D/ZZf58Osn3dG/QVMkmH2zMGYuaheEc6ccIxWsTnnwxjD4qFx9/UX0C1VMsA+f7yDxPmv2nED3Be4jLzO8P/SIhj993mRCDUO4IUODOw/6/9+tCYs/2GuTHhA/xmAGRsCDVnZDNlNTEEmAE4gq5EJhyknkB0IAoD+6XCfM9d17rmdz4/HLB8YRK/5BMLZPd0/RK0U644Vti9zCXNSbfOJ0FIjpr/XfyUxmXn+PZ8/3/YJ5HGaararY7nu7IPo+JF0EEXoj5l9mQMnF09aBoYJ7yLaex4nSypdZ2r+dTHoNi9MokO27CTRj09ji0D4XdTKhK8/Cv+pzWvgbMPN62u/u7tGop8IRRNj+caubeQO/NP2+ELjoFxmm+RKlf54rDWUea1JIigSGLgfodJb7TUFhYOV4zlVcf3w8PDY2CHgyEKfQBqe3ExTGesSAf3LLTQHJQx7z994mRtOrfz37NlNhrl5B4RNCBBKascGq1RAnCOePJPwmk0CZkZU7l1cgd2zyRqh40/4M4IStkfJuEDXMvtgWdHxiBgvTKi9v6UOjSUabAalYx5Mti/N7ES94XBgf+hZrE710MslpEMLECz8tf/JQcgD/LdAvln8111CflmH0QmXHWzkoLYESqSATFAdbfA2s2+nK4OXPEm2UUVrJ65wjsFIVMf974QS1gGWl4HMAlnesv0Ch7oYqT97T3Je0015zN9Vjmx00TzEq7U66DLIq7VCf48HVq6JsEAmPh+nlBkp/qEI8GMf2uwSykC0OYaO28sPzw24JjvBksVJKRvlqiad3cOabHCnxRXQW1ZtLDtGxxSTpbLnv9wmjNmg4HceoUa9MejpCtNfjYWRe2f1Rc1v5vBOHhwmm4SQreATLSZBelXGO/YYebhJisBfEBadvslmgMzo3xoh6tnRNeYl9sAA/jaRW8yzgOO67NHDAsK5FQaUkVeX/hCLpH5QhTxy9rDzYTfBVsxpEa6FLEuG0rmyEyHw2J+dEc2bLwvyfAeI6c66KAUFDiCEUhsqfwfYfUe6bfpDsTiQhpCCW5BTceQrhsFyY6XjrYAFuSseskHVVb7xsVuA/zxGFFPFOto6taJvmWtwWlRGj67fWA5NzVFy3VZ45q2w8ItyJwKByYKLQxgqgthTjKBzZ50549ULa4IcBnYlMQCuQ2YYJnVEnIU+Ah2xjTQn8AmD3bR9icYkVxQHODMs0/sxOIupYA5Rvm+sMzM4qXxz+Hn928jLrDgG5e1KcEcIzS1Sn9HHoECwYxUDjm7Cj7nJDSos7Ub1co/fyrHom9uBB9Gw5C6r8eOvA6Ve7e96QatvvwIZexVZH8b451g3aZtC6X40URKXhVJbBlrSmnKqqWP9ViDemg0+1CMe7idywtpI7tW6sdneFrBbzCzeHFq/1FspcMPWa57rYz43hmcK7W72ujS3t4fbDIqPiWzTWwK9fymXKnt02wrbbsIvM43cCY8zZAe53nW0D19gBW7PTruc/vCdKluHb/fb9YhdeG+aXy33QYDZ3+zGkfkyUP3qCMmbFywRr9Ok7YCqW124axLy9KLjiFFd5ffA6jkU7GPArevKrilGaGkNmWNOhW7g8y8EP/V6xjjXsDni91FkqIQ3P7RLVPrOe0dSCvZlA8W7fIm4SwPJ776fLDxjXXVPYLVCOFw5pYz8bV86KpEnCrk7l69GZHdQ35eHu8LtrLsjHO3lkUBpxrX7Y6hkL4r29E47eQO/t1KkKhB/Q6Y32fv3FAKCpz3WUWEQeqQ/C6BUlAbKmacLchrTwe1qWX/eGj8FFmqj41qCtWwWQ0nf4/eQQvRzBLpf1ZDCn2fqKkXdUsmZfQKH1pzVn5GomyNojMJxZ7OHh5maeOKyrdVFWtk6rFvzZVztiaNErapUjma/+AJ07OuLbs8RLvx1Flp0rtXnRqGeJpLu51WT92WuZQG4TWYePM9x50vfIJh34rZloYzd2O3PCAK90gAbbI5v/pJ5rEPdPj1M7DNPfRDPT8Fu3UfSXhu24OcBswMKaCgd3B04f8clEPn0uPvcKtA0cWFRkb+ZNoOZkEOEnBlCLROS26f2DBdS3VzkEnV9KzD0g7zo9r4TyoW6YElp+nzJ+qrR3Vr9uDxkSd7e/npd3rYcLeQPIV6RPbtCVXNlSH62gf++/Ouq+19ZUeUlj1FtNAmSLSOQ2vpNKAft4PY5eh5QXeucpcQiGj7Fd/ucoLz6J5ltZXvVSBTZUlmTbjxKYCyLWBxns1fyGIkkw/cPqbZN2pY7pG7kLHGY5+R0XwZett9JxFjlLOhztiCqTftfXCyj+LovCnr5eLoDWwEwnq5rvOUkS3MLgijb2Vt8UJr9Vtmdo4hbn+XIeDWMUoVIvJO5bPGhTTmUeX6sUAtl3VYNV+jfsFc1G0ih9VnF8z1ev5kDtTin7uxeR9rFRo56HNodkpTMtsN6LqIKDz2sqeou+SYQ9HmDbkYeENz6GMWs2WgnUd+lCrRhhjcvebafb1zuivGXHUNzue1Z8V/Nj5cheF7k/zy6BnXJOBO95ZDJnl+9G9ynA7PJbqSvZDd8bx57ewubioM+gc8pDB8U2cgIYmbKFjHss1QdjhKXyKS08YKt90xLEF7+ftvgfld8OdMwupN839wDRErcAL1ztnXfRi7O1MVuvVrE4Mk1dseiUfHccf6a41cehagOdPaOtAXzdWtQEHxkxCZsuFUpLhAPGXxefb1M+30ddfe19b/ZH/R5bVjsytG9q0hhyzr9bS852rOIpvlatWh2WKt06GOmrm2fOLQ+8baxtj7uJyKR+4DXTHOVOyaTo8slyfVtgP6welPs5ND/cDYm0UHcJsx27e5++dN88Jx9K/rIHbR8oV7BfJ7wZq1DJHnxKrVPVkplgGqolNITBM8Xc/k+rBU+IWgcLt3ctW1pwuwOo9jf3j8RQMLll8GkOPPqvJvQknGQ4ACDvmp4o4daRt/64/k30U7UH5wRJkqc+I5ZUzdAa6JZIZIjza+oQJZ/NTNJnqpZ2asttY0NVfqao/Fyky1tCcfcyz5KC7lszScEeL4wFYBdjr3QvwTjIDJGFjf6iEQwmEfVqpF9E0S13PYLvpKy2qbZDMq3/pWgSsC4Z9hfq9EkqqW72ofaTN/MmWOxjnFriMirlob7HRQFViVpgNA/6wXhwd23TN6sVmptaPiLP8JcAdWtOP5Fn3cNqb2wLuSrOdiCW8z6sBlscAQWg3HvzqPngokR/gRVQmOXC/rmKfnl5YdDGzKy1oN8scQeIPCnyyMRFvQDJBHWcXYAgEPyHTxJZc7/s++um1vAfpdixhrscFlNdKsPNZQlEMVPWCPo7GPsTvaC6kF+HzxRuLDPOTL3wm+b+5i61H1s+pyKkFRvtVGO3lCXzsDsgSxnwnXydP8MWSxhrp5sD2p1zl2pQVwPWI7PAttmoIZVSHMmce2i6IJ7ERqBoNP7CbmJx5qojIBP8xbT//ausuUS9+3B18+ZSNxJC/uvDifyY/Wu3HknnKUUXOV3OLgWicH2NndBXUWxP7l2j1h3k85GPsR+TTAps4Q68I9sJVaVBKJNICsjP8H0tNun/qWjvw+jhh9jCX7EXNnPFL0Bwza9vIS6jfYWbxLJCrYLDFYGugGJcQ9nid+CFk454lh87pJfX6zdT3qBZV5bL74mJM3V04Qf8H7UzaFLR0s9LS8vErk5LkKlTC9z3/6QhlJ+vD++TV/HsPFccRRXxrnorIbMIn76Rn6u7efGrVPcfla8Fcx7u6yG2Z3H+9ByQ8L5M+B9Rfvl7c9PT8ZF2koVA68vumb4bcuXypclnFYuC/ZJqn19nU67vQjoDGAmj662ZN+WroeV6v3g2qrtMvbrp5d/3gwfkVQHdXF3lyy2hL8w3TsOFSBbbUDlzLabxvRnaN8IDF9oIeiErjfCvUOWe0wnt+gGF8uhCQJztacv0BmAM/w7+xdSCBwoVpOdOHZPeoQb6HDov58ZPu1Ybri6WtW+aTPr9D6o2z9gbZx5sfAePcz7V8evdVtAN0tW9q8Ju7stCZJdWQ5vJmJ/BifJU81RWXKjVbCKDl9sdw/CPENUK4CxsDVXhG/roRYT3jhxSZ3B1iEw7UOM71a4bAg2rwjGcvySqQ8xREkA+bKspNeLctcCQ7EhNHjPeFQ6duwNwkt995DdOgz6o4dRCMeJPApyprULemOvfgmQs3QhyI0ZqIte0/muSH7juA+iddwwInjY+XPlJ9qVcG0mGMEJPTNcko4htGIfSLNrH76Rd9NDshhukHZ9Q8wVi28z16i0sst4wIoIlP0B/gf1pKvGJzmv1poiHN32qL3jbT9qYeNtG9xENzYyBBajYiu4+wpBbqAexTs1EvwOG86E43uaCLS9uV0cy/B2/PbPGZcfO60/CXq6jHkKIiQrsicgi7jqiHA0BX9BwamSnvjVROI1wEzZE3juf2erRUtJmBkQtc1YakO+fQmaPU4MQv+MXc6WIKhPA4vBE4DqNoUkBiS2iIFqYVWE71qUhDqInkZ6RjDwOAxts9bFA1zgdPkTrUwQ9JPXESDQ6YVDps/Clr3DObvUnkOSSd01pTpAQjw3ZW3DNrTvtCKGd7jB2Yq01tgIyEvwXiExboN2Xt02+FB1m8b1HzVmcRVwmunN1brDkoPcYrWtmOh3PbePIHNqt7TZK2dM67p2DbEOajUsPeG2MVEldQ9xJWvh01IBUWxgy3y89a+Mqzh4pUthLHJa+I588/Cfqrr7SJPKHr1JngBlw+njh8t1KGhkhyctlCsYHYxDIeClgOv+1uzBnZmZQ7PePW1t/goH5CiHYnKzHBZGkdKiO+1PJD0OJmFFRrUztYto1xO0g19eZ1P8jPCGlc3dxaHZ6F86zFDFvcZszNgfevRcWYiyBzkPa8d2GHXLXly84yxzhlDQCV4pRmkdsKCIn/ZXxupgWMRwnWWWtAmKjXUb9x3xHiHJVb0DNM53M2LlzVokp7r8s8iO/PMZ/QwVdCu67/0yXbFhbJ4ogRBkWN914znHFzxG1T07jNYhUEaxV8uiS0U4F3Po+qP/6gZvQuyNd8pIezENy1z2ynesJRYIUj4xUEEknhDjHdWoPvOB5zvihDcaMKD0+3IKlhZBaPvgNtk35CJb7xuudKwoepaC4YSE5UfNNf3myolS5sUNP2vw006YD2AWQOwMgppdlttx/wJ/lwlGSE8L+RM0iX93peNNkz0SpqvEnRKCwc/lSEOks5QW99sQtyPvtm4F65BIagUt2EYY9bogOy2gfkjaC1G9NI+0UhjQQWuhtjlTFhqPjGyFCl99lkA5WleBG4r7mYrM/O8BS4S02ixITiosTNqK1V4vpSwjB/nZpURZuvRkkXOpypn07Ew22Pl7da150TdNPateWZfbcauKNLxJHw8kPVo8+EuEUcX5XgMk+ZLSsiz0e0733D9FkF5IOUAM3fCDhJwN8ureL3Mlw/LOsx+cZRIK++LjMx7iZ8LE+BrpOLIEawKTTTZyX2uNT3zJD8UGWGfvK5bIQqGho39iY3ODVqNGuIqOM1YT0arJMPZqU5yJydX6ItuY8T2nVbFWR35I6vd6ghA/l3JxwmVXobpQY/qZWJafiZFtFO8Vc5/pOyNOoOKiWPQlWtnGlTUZky2hwpDHNN9qZqHfrvz77lSx0s3NdZHz3kpL4Hf9DhNFG8Md3kPLtiBwW/MUYd/TneWYFJuuHyzuzjEXtJlmLBp+/MgMH/7OzABqrEguB3VaJ4nnM0aC0FBidLCT60pSxCsZ1cd/62HH1FEmUb3HqKYc1P1JMj5JdT0YcCxeNM/CWfxnXRw87b2V7b4UMTGMFUtwpAvfbkzmOJWaO7xfVAo2e1H+uqOxuN743ne1YIwnSEgaNuxLQ2Vdj329PnV/Dxfj2BwEpE073cpsDIJWFKMoTeY0FTLzxpQbGU+cTdSEBCDLiuAbg+pVov2aV/gvUqLGP9zsdexwXDrv39mAhehYpsszN7VikIHJJJiQRmBraAsQul5Bv/CQfzIsifXV81QNsZXUiJ3SO5JXyR3Qa6tyAnpodGIHRJC+CopRaqkV5TF5CdOqyKymyupMkkC81PfR8sgjNqlKc313rYjUMrgRUw66lBArTm3Y1TXvInf3b31X3TjXAi93jxfrEJWUDWJEDUTCDy48+1u/rc+9QTilp6WsGdiAIBBlL0hlMf9AMeyU1QguYcCSUeXvsLNow9ufFbjKR83VtTKD/CJyf29E26lgZa2PT9eQwIBJA++b3jMKjqHNieh+6ejT/Cx/HbpfkUfjnSMLBwkpt+IhC15Nqlx26gsZjUUHJ2fqDC2Kygt2PLgkvPh0ya6piyNEhpKFjbUh5X56iC7RKwKV3OMZ7sudBz2h/e42reILBgOzJ2kEXvOOtOBsGhL7nA0p+o0vS0XF8twVNA/7gzuTGZ12F89ybqMf3EUz+s6OOuY0HwzZugky+tg6qdIArRZgbwQgz5oe1QicUov6hj8bLZqou0gk6AjO4WgATeX3T8qIQT+MmHyJDwQPdgwX/7kzjHveQiK2noKBiSf2XN29eacdfqxg9n18NZ4M80X3IbXkYwn2vUxLfrxk0BR5ZD2fVLj+EFDNRV1au9TpUz5nU+omO2/ysizCMalrHxPUEDOv9ghbYxAXRXxLY2lpYOXx3PaXuRKWJHgKKtX9HNe52oR2Uav8RfRb3PNnr+H+sVr+++s7YeKIw75NbUxUVvZ589Sj2Wk4qeofdKaniEBwcAptyIv3N0fTkfBF3HN+Av1tSykpK/2W3zPlsPNrcsiM1U/MWy/3LJv02tYSZXmBa/x9KiIJVs+/k/Z8yRW+Fyxa+Pc/rvJwe/p4zlBtcjcKPtKNUjnS1DmlCWLUwQEmWX/gusnLgmcmq9yZ3oNIZVTVhMvxAskgbss1FJGUquIR7or+UgQal2rPE87ef5hZzaKUz7hAD2CfQ0kXDtNl20xTgiPbeGNZzbFTy+lijZAHp2LFtbaRbf4O/OV4kzr4LWHzddJhHxMz6HS0ELLtQFhRi016lx7rc+6mer5f+dE1UlJ+0Vs2UXuVkUhzkIG3fpEFhjGpimmakgEebrDeGuGL4qhgX2i232jF+Lc/HeqcZblGxvCaZYyyvlxIV07OZjpXilNBUyWhbKY1JC+v7B1QoW9rdEBRDI5yw1P8hFG7GQVvFrbQP6OGfag9NiLdYX8p4j2ejV2UrDyyBPgSPIWCqvyBAfhRux6GdjKOtqW9U+LjCqHnNfIgrfE3r54tSjM4zW5jOsmCkvEieiqCOdcIzOBgK182i+1ILako2UO8wTeFv03S1GVu6pCfK7ZNrl+0Z2CrfSC7IHew5VIZTpOGhC4+5vyp/odNm/2ci9yAXwmU/6oyam1LZTGaXG5rdUCd2yAEqeR6jqRwDWiNdoVRg4CpXJpWJalzmfqGcIdLpZqcQQtJvyy+9Gea5e8i8yZTc1qOJ3gVKRS5zgBFrWP56k6IcgGKOtrx+1iXMbrEMZ08tWcpiZZqTS5Ndg16UbRQQ2JiPUiEjGJY1hX267ror6c/95ptUzTD+2wZa5kL8QB9BqcK5LmIHwEc4/71EdYFWkuy1CKthfe2Rb8yb0xrdsI5pWFUHdsx2iflG5REAoYVIBcIL9DOSUG/sUV/Cxqe9yKu1eOVr/3dKzZXk5R2aANLUEdiLFr3B3Qqm3uZ5aOxc2nyf4dL+puiCtCnHA7VS/OZOed4r/WYAoulPXaM0fk9I6AUX8bpmF/20vKpcnePFXQe7nYhugKJ4q6M7lO2/lrwafT3K6pJ8HA7ctLgmwNjyQy8YRwo/QVVMPd3ZmpAxcTaUo7pUKeOUYbX1K9D274Ok2Wj9BozFeOkZVUvi1BMGjW7dPUH343oYspN4HCMK8WIwhT1i2vaNAUw8+GWBWyyeOav6GX6S+IKYU6trXbODK4QL3JI6VVqBqc4P/m9mWBBY9efRuspxyIVwANTcmzDbx1T4Rxw7KUsGDzys3u3p4m2c/4KC8InB+Ah25z4CTREIhJB+7JlDoLnm0gA4GllPPWfWh1hM8FTRsXwlPpJvRndnGPLWFCQkSMlAgb/lW1DgTH+DHDLGFA4jrPxPO+p5/Yim6AZ2LkPkTyMkLrcHglwTnvkKsU6O5TozzTH+BFsJZRbiWPmsZA265u0F8d7QZqIO5l1OT8RM6ddtI45xsxvksiMLx1GXeCeOaLRqaSZvmqZ6+jPWznvTXcg5LWZZGjpQX10rLQYHynpl8qFNPdOy/hKG9XaNKTjOGo+7ABfSvq3fL/oD8uQcbwxwqJKnLKCULwgCIWqbmhU0yRm/Tmc1SVqahzkZSTSpl3DPRTxccyUTqBohgs7TNgsXrw+hWbWSPNyA09E0NJgMaVxlJHlBlvA6LRQnCaGKYo3P1bo1LPGdH/H0ajHK7gErjEyQNsNdW4MsYc8FQPHTiGm4UIo2qZT/XX8l+7wRC7iot3P3YERGMsgUcaVLZlzIzKqzAwysEQRV4G2tHLcF5OXa2lVpk3w5KlvjHVYubJhMjGwZ8T8HFtRbDOBLzpX4HJAjfAedcaqTG2nhmmYzGBH//ZR1NCQ9fqWdmGeFoZ8lKBmd6qhdopb5lHUxZ1AXijrU2FMdzxfFEevrY2VOrCuCvk6cRIx73J7/n1CHN5IS2XUckZcnqplIa7SmFLY/vy9jH3BvHBgsUV26PTb4dT0i4NB69p4f8/1NGmRse1TYZnpahLd+a+vcs3DwWKClaer3D8g6sFsXw8VcydOBzy7Dz91WMb5NkZ4Tm80vAvJdJajaHVWunJv5oZQsDm/WKSM7O/T61Av6Dy4laDoR1fFnF7xM8hx5yPei3y3qLukxS62oqJJFw9mkNjW5hantMqVgG37e6ZcwsEQ6QHbF9LUtOaC34oiDTVf4J4oV1eCoAl28D3W1WBXSAltdv2fVgIhLK5c/sTk0Vx58dx1r9tVGUZlpOoExdBWAg0kdqapzHrJA3FCd/yjByU7NPinG3mEQvyuucXkdzvhXSaT3KeME+EURhslnrz0c6Cpya5Dvmtskacvk03KrSqKlrGkKh0u6UpDNLMtIH44Qk7AWc84nkae4PTho3eGqP5TlIG37LBMQDxE6/pIagxLv2rmgB9AbrIgq3POyPHcGnidhD5Z21ikiDxk1/0h7HWZz+RGEGUzFXc/8tzgxFw8u19hpK1yL3w0bJtd34+QbkmraU50AlmpSOLONq5iEfOa2GsPCzPyLfUavhtZRysJDDDNM0xJYs08pWFqY+9tyeA6xuDAzIjUmvCafo6LJpNc+X0gzg8avHHjFsO2XMTqh2Ed0Ek0tKpOlgC/K08mhCBSw0xvTEd9BWy9ELJ1q4nyVPy1Aglehb/LOcUplhmM3haTKl28FxjdVKxEzJozzOmwvwdDESp9tDvFeAjp5TrNCMNZz29FME6XopAI/aFEQCBFRWj7h9ZRpUq1/2dbGy7lsBlHOpcFkhGCx+oKN5BNujmNCENCyvCwEo2Frh4kmbnOELMadpPNPKVXddDmGf3AjsUW/XCC3qr/DTdkkt3KzHfuywQV8teKbAKOG2eUzaL7bPpSUZJP/9xdytS5oYM/yzc1Ot2MaZygyWVGzcGEdEzZ7G7i6R4CiU6qqDpZs0BZYp/hg2g6aJPG3aSccmDr6F5ypoqsCuupzYpOPIttG+XEgTR40bJXLaxIep/rTYU/v/WoSWPXiDN09diSfqAHcJxI9IRMamfQfNIoERDE+lLGCMvpCPf7MzLkBuUjt3ZC4nMmwq/8ReCvAm4WqQtw66qLl/3eOKh0JbPSCa1cJBMyDKDZ3OLeIr0FenBGhgRVx9iYqxVtPPfhnsWMnWZG1pucuJpxElhMj4Oyh3MokM1iv3GOJeE1F1kYO2nYSvDiRTm9kxsZOnIoaU1OuVIXlWKCyqIF4aSnVufG1Wl0ox4duaRfiH+lXw+NnI4NQCZkw8UK/8HWJerdY9hrTB3QCyJca9KYXrGHdDpZ8FFOGneHZhcS8Yh41PihrslIrGCg4PkaesySpqfQsp2Dv9dwSsGHoOIaM/2lhyu9vY9Tae6c7agg3V+B5O58fSnoTxomAu2Ubc42Cus1pODXhY9wpym4CZV+5Vu42aj2g2am63tgwQkw0vo57VB1WaSKFEeDCOc7gW4LqqwYwQ9K6ToI+JsxcPV0P9rOVGFhHJtxVhuVZGvhWiYpVJNJLhtdbJAJAn02adNpDei0urPekheHS+lz1QObuFMedJTksdYRQG4nc5qA6bSXL2DKk/jHqCGi4ugGkOTkX0xxEcIx7BFhU5AMvXVkVDybwZXoDaXJmoh5t8jIZSZcbGth4NAzLHVXg7sbxtZnL50HDW9pCLT75jid9WO8poe0WEoHb9zJHH2M2abDivdVbQnPQYMkUSKzpEHkaIEJjLuB7fBHA3OwCJ3aCTWf1ynG76G3AYfTGgCbrqHLR/Y+mwm19jBdUBy9c/7xC1mcdgOnZaQUIaHWP3MDcp+BOxwRj0bmFv3nKEm6IVtuyaXu1CEE3DjAtmKAgNGfxC1dYswQKl+m0eHBt7zvaUlQXnk1MestbD7BvY54R6dKqlLIcw8DKMhTermuUdqFAOrpIM9mWtny39DlqF8Y4w75RgWLTAkKVgeBIO4JLanesjzhyQGoOC0zswsDCJyQOeycunlWGsW7++MKH+WrvRS/Y0JCoPzpevD9KcymxJto8ezFhMq1nMyvT4PEDfmGdM1gzyEorrqkxAsV+E+/wkSxnwMmploGzL/t8KxFjQ0SjHBYiRytpdWJohvyxv+VAxA3IlK1Mh7BJ2zTeuHXAONpzuTshlMBWeVbNCKGS4p33dhQeT2QrXPH4eZwnOHAs0WDR8PWEuos4m1+SYdQmUKVd8pN56vU45UeqpuzwFq/nJcrkQiGkSLGAunMCJyxQkh2jjjcud5SWFsnlmtUTvEsEaEx77zVnZ0TlQEib+MH063AylOOMsTZGxIlHntI1oT/xJQe8x+jK5+1WflWmec4qQC1HaROcB6CQCkeK+10wId4E7uAZO9JRVOaRAZa4QwwLnAlvD1ti4C2/Lc6X4lb2+BerwOu993bVW923qBbQsNrNCH39dsVuxVJVb5wVnJxHu7CD2aqGSoUsRnz3VQI8yziFGk+PsGM1+dxKvM9JtZgS3T8Ereek7NEiXaP783UqcabDgwNxxJCUfkOopQB0Umugwsqnn+TF0FZXXSS/EIoeHxd6PFv406nA26L54OPzk/bFXEKtiGRNMXKRweKsXwEr3/Ijbo2OqRY9vjdj0euh/96bD1DJd53wRGYsQEcAYDTurH41K5HETzk72YX3iMqZCE5kQTYpWUaEgJsfAlBLkPSroEc9diC8Sp/AAnJ6ZSUKKpOr55zMYB3kbIN1v2JCKow+Iijm1l3ETj+4oMZumqx1b0UerUjIzukoM7AdNa+BjxEijaj5L+ULghsPw2cJ/APV+dLa6MIJyoVZX+vd6EFq8jWFvU+86O5OurLDwsV1i+vOB+Q9LgmdjZzomAb/1Wmq5TKWY2nphsatOnZyBzGq7+Ba9gtJFUIEsvuydgkoxDmwri8tKbWMU9i/Ma8aE0dAO4vhi/kws5TMHCVOVHSUprM/JOBsRzsfbKRjkXmzSbK51OdhHev3Pqj++uhm+6bQ6t9tQsbN3irKsNcTkAWN0nmaKicpcoNhNkdddBvzlMF6H6Db6YN2vNhpiRQKMqKf25JhaypIUO5+pXE0kIsyEhlx+YlMUbnT67hpzuNghDGmVrcPKu2fQiJknBBdysdWaihzYfVaA0SZppo0fitA8N5m8928P6UnGAHOczNW6LMpmzObN2FFLGYT+f8CwJ2uJOSQxsZJbqt9VSmZkwT9Iw0y2PTRZiIWi5fDKO9ibdsnk+Fu78VjrOUpy74NQvnODCgYQKLL0CFmE5u2wuZmxQdfURcWg9uuxJUmiOT8lTS/H9r/T20odJtpfP64xaJPcss1wIYXdb1iMTVG/BbxbxcgkupLSNNrUJDf9vw/bNUbpfBlhJunhe1sxzEuzr5gU2OXKJTFRov/LBpmkOoWnE7Y3MyautX3cX066zwyvG4ko614RLTZInTibNAtzKDHBjmw/lmXJpJOfH8fNGIVQ/Ocj4xgM4qu044EERrRj04sQwt3f28tGxIZZoqFLBUnW4UZ51hVB+hhCgfpgRVaQorMVIXVUY2xuk42gHjiMVub5Wrgk9lCWEDzToUtlmIj/MrcDY3eeEF8geTE6TmhcSI1t/C1F5sDKN6mdpJAxZdzKp4plZAJmhC1yiJZrhWkJ8LSUWIfR9lU7C7gV81JATDW4XdtK6umt2ei+pefKki0mVpIXjo2X7QEO69+khngiTBbObul4wgOKWAX8xZXv7R8xQWxKSh3QGywXUVG1FcR0QU984Kp3xo5Fp9uRqxVGgfQyjTdZvRsTfWmJpUo1K12XfmkasvA59xORSlrBbh2jH0T3YdnMwdiumrZ3PEopx6dudXztgBdqfkQeUlqjpBsjfCNlwWktat/zARmoklDPlxzLYpkdXRmqrWV+cNN4ZfmzDvNPgpz4NzMMLKXQL8hv1Gu9ODj1U7qJ0o20OTlzsiVfvbzoy4bhNR7VuSQe+PhK+pTkZSmOFhTLTgpuJ9DpIJVPQZtNd1lWUd5Oo3LaIYNykheRVWM8cn6DA77hvdPPitkjMnFJkGivuBssWENURxA3hrN0GDzE+/rjDKdIlb/CkDL1FqaVBwtGsA+PNsvpuO/LmylnO/jQoBvQP7aloFCGYr/O/i75zcTAyveLbFYe6/MwyPphha6v8mMz1bebPz6Ztnv+ZK9ZXUNao53CB9ouobQzcTu/Y2CxetSXo3v9G+78xQjyz+GSZv9padwydB8/ys9vtCEIV3J/skkHBCgxx7BqAcRuaGt7e8G5/F/QYV/GCrRfz7kKD/tDSaMrnGK9ZWdu8+eqzmMYjtrCc5c3CRwyiVAalG+fBpUu9hXH90SdtrEefj5x34Ph7vw/HyjufUTJkocOk6LfyMLVbdHw8sg5jDRLotshx1P8gfIfBc3GMyUUMSFw2kz4vGvbhA0rg4tO8i5WM8Y5rHLOfJ/2mjW+cJbReV8t1z6GBUkFav9joDkvPbmClnP0/tRnCuwXatMGsVEckrBgphtP12cIuomiLH6pyHzCLbJX6dh8qlZseKSr5tXk4JnXr0my5W5USYOS3GNM425C8hb3NOX8sGQXsvu9MLFUYmSSdqxoSKekfJwnKBBkQ04+Zio65yWPpPHFzK0YLDNrvqfYWhO9b9CNzx1w4ziS/JNKEN6oNJGli6XSY5TjTLoiUVVD27BuJq0o4+0cUkD1Eum1qzFUsFNXYjEbdmExdBSmkIWf+Us2gpHBrt9RPCb2ZT6Nwz/SEKQcyl1l5boMN5e2eBd3ueW28WYaCscA/c38SqO7xVEsH8zIUe7keY9aCTpS6bPgU6UdyHC2eyd/bB001VmB45H7CNBZgen3OwrB4C/6jnGbxANj2uKsmqCzQf6wN9cpyJrg6C20KU2rVTAdu92m9vx2TGsK+1xlJIntCrua8Els6PB1jeqQ6S0z22wR3kM+mJy4j3+9AvjcCAj08k+/ijlT+uYMIGFBCpBeDMZy0a+XitQAOxrYasXRMtD581bwTomTbnUHM0GAzPVBJmojjvWkMOHasgWOsuhKHL8PcNUugggiu7j0mMfqHN2WOH90fSrFA91sW+mN3sIAzFDvt3wHVV6Pr6euFg0R4wWdFkGmzGocA3DRzXzLzAYsz+uh8e/7UqiJgmwBvvj5XVOhfJZJLPwlXQmcwxzCsl7kMPJ4BNyLWaVdsVVsozIAS8/mSn1JhpbnulrsOA/ruXP9/iLX1TRC8yG5zdfu7qftCGL5VXSer+h48jFUVTzJdpLDjzJoku96rb80MaCmH+QagB64bs3TA/Gsu1dfnKSJaOtbEqQHJPzjjXLoc4vnYlB/k1vd+NkIUwUu77447BhuQWtAGGfNfH7HjOschIJukT6m2h0LFfPHoP6nsqLcR5j5DefkGIgL+oe8CGZL+4CiMdRDHMGgb7r/O1mRMvSHLsD+tb0tBwBgUIRKjqSCSf8EPfBp87qOgQ7Bb2geT+rrt07mUBk9aRr504wfzdpjf3iP2o+Fo5RIJVvaXvNs4hrwU3YCzM6xozDt6UNERI+juvWg0DQZ46rA2jP7HkZsXMb+jnKPXi5eKBUOA3TSCp51zb9b9MzLtUZ58Jgx8KT2OprT+3SJ9LBXsb2O6JGGqkKX0YDpg0vIk8wOU2lZ3LhwnoVT3EQ3hRkKT2OXWxMPdOcMTZ1ZrHso2bZJP+wB3FC1PfyjxZz6uXk+tj2YwwCGDcmmJpdpiXl1k8yBJNdVYLwwzkBonKsjeHndbYt1+KTtf+MAszL6tbLCfXPIAiItdjK6POocoYy1SsYRRPcVYTYcvoLZb5ltzzON16O6PT2imGI27IBg5h7MZB/S2UvA6RuM2c3/HDgyb+Z+2XR37CF0oa+Zb+/xJJNeb+b0jqZLS3rCkMGNh/1v8VSf0XycrDZsrDzWoMYDUEsJsacZiygUBs7AAjAIiDBwgEcrDymLICON2zJnH/czXMNRfhngS2aaXDeaD9hymVy7fVkzZ7637lTF1ID9wpwjFrugS82IoS8a9Osx+R6HT0jbPWszj9vE9vPP20kxQ21quPQtTbvjrFaxThgNH6UtsYWd2g6EP+UXWVj7BDK/Tj7amud6O+2/PCYOUpCzj8W5PD8TgQYJHkD6Me/pBrO5FNthKzeqhNRsrNNnAZ4RHMSjqhIonDOA+oI3ti0bLDtqoMTpFSHQMoHqRmQyWiYdCVeVY9mogOwqUFp3EOJxBjjoCwl0LcyGdz8s4MaRtKTFDqtfPrCnNMHHMsG+ZgUtKXTbznasckxyFaqXMo6CULwiQY+EBUZMyroJidMXNGUvmgTyQF0KOJqtjkjEBKXwRKl9FptqlDYJ3vyh9AwYasyySN4t/GZJ0WxbItNNBHUv2ImGViwCnwFz2eD18hZNxTjko0kJXbC83HggB2cpty2qW+jd5EJGLazsD5LDkELsijHkIqyctGU5wcYeqBGDftWwY9PWQNyqeTMqd3rZXvEYeWLbo6i/iifwuWO95SVtHX4pCyrU8rLWnwTM8KtwU6ZRH98BipOI0LCRZJbIcoDzW2Hvem0NCWVBtlxP+lfHy3cstUA1eMyHqCXESik6qIY/6jF76fFl/az4Lw21nObA2J/lIGluJJmRpd4uP/w9pbBsW1BmujEIJDsODB3Wdwd3d3HWBw1+Du7u6uAQIEd3d3CBDcIbjd7POdc746u+49u2rX/bGmuqbWUzVvv2t1P/1OPd3CeJ82SfF16MY6A5FeU1o4Fd1YrUXV+CQkRWstKX9K9/NumTiC0zGMIXj7Q86axynk7NhP4PrHLXE9wz7ZSQMn4z6IXMnNnYHLnFA3t635dAuW9q19Gl+2+g8heZA8gRXBcfzxbeEzwS7D0J+JMTCLRk3FapHwP+ReKj2SyXEoqi+XzCv8JGDs7tHoLuhe1eoORZ60AcSwmGUp6EXzJAk1847CZo2+/HiyEgyVNGxUIcH2XmVs71M+TVSGrYc6xssjXz/QUUPN3iKgHebsjerUosdub4dyoMi/Wl3VcY04vtwhpFWOs48OdtY5lfpUg7zLQ1okuejSGTO0gPb9wJ820uBnUmEobsSLjWvXiDyUQWCbJT8W627o67zS/NAtejw29tmXtpcHQQ4KVw2zz7kkFjDzSmiEyFOvZbw8vMkswpiNq7W3v9trfS3V+Xg2uq8J1n71R/Ni/7k3YRqJbOenkYiNpTYhgcBX1xTLQqA5E4Y2OVmUZNPAnSdEXUlwq40z8kTFervIpSqHKhTu3TALHreeTqDX8KOc6aVbqsyZTfR0QXbKfhUtTgdHuQPN6GCzvxLDp+VtTtEaoii5zG14/5M+AmPRD/vKoG0g2tMPSfPhJD3e/DFpKoYI1nI5oA/tTM7b9wvrJhLZYuxMo+8CP493bZIMPaOaKBQk7K4UjA+6MlkTYPO+oMh5302pviHGCqHvJugZ5+M35J95leVAet69GvyCt01RoLTZUkC2URA3zpoJPSDVonCnfiVOUIgUKPfX3gL6KrAyyCxYfl1M4m5y7218p091WxVWbqFp/DqZX9Uwxnk7VIOfADRD04fTFyxYjobbS5KYd6Sf236G4aI6tCaU2f3s4rOg8ZHaLgT7jSPDZnVU5VMH82P/7IrxGsSLksk3lgjePtihnafkO8tYa0LY+LMbYAof8ocQ/5400fwD1E8/edbhvQTsURJ3ic2I8XKdcbWS+jBEXm98b357noqwqXznUK0PXRVhadI0XCGEH/rkMaxqPNQkZ20Xdd+B/OBj7IlCx45MIXNKxRDb6Carhwe6f2t5wzIfOD1xYxrVe9x5bcOOTsO+oBIP5qIJk949PTGItV2r3Webs1NDpfWKjS5xX+ySU67Rtz3jPhby5B2hHQv2GEs6/tkiuYMTxP1V++7mY2DC/qM2ci6hJ+KrdTnYHabcJkY7BK+OX8PApshDoGJp9ZRyaV4hi7hLteJO5DLpWvSLWBHetZnJ98NEMofpQelfCieO+hfDF1v0jMRylzbfPQO9BRYuGC+wNSL39iaUBdJzoTE109zByJzIFZyXLR2Zx0TOZ0p6nCodGkLuxG8lKFGlZPrrxvB2j1CxjyVDLQLsfJFin1C6b3RZHGXn7kTOj0tLr/Ki9U7soC+6+LXpwESrKnKnkzOq4vz+tokU9V9KTnDXOMrRrtPCeFWK26j9siPX0FYw5XGOh9y5Abmad8vktl+0gp4Y+5B3ocfDoYaMU/inr9VIziIvafuKUyXPGoeXVgn0odJ5VdcMi9+MWJ9cAwh2x/sozAf8pkwMP1MZfUE/b2XX5icM9b93+zZ39yUXhhA10in2h77fGLe9n7v6IQQKaLLqsrbeCYWgJrIvMr9l9u1Xi8/DYvz+V+Blh0hbzU/L2j9PzJX15ZV6sfEOt3sDbJ3ZDmmz7GDaUGCcwK29AGc/zxYPWKKCShxl6fqnkwV0o/GZEh8wJg/26FZicP95wcf0d94UktFMZ0sUFKrBS0uc25kJtzDywbWTy31ued8cwotux4uG1m375GuWevbFXOvU4XHEFPVBDMbO2RCUhPdRcFhQpymGJc86giyWR8lSkpbY+x52aIFKbivaJY9Om4v5v83/f58B1ZPQ8OL7x/b9J7XPHyQriwmAmcP4r6kenGBTVnYwlykXF9CUmdnYCMTMBWQ3YeUAMgP+S0fFymz4nzoquP/UUP0ln3rgm7tIE/XRBs0uDhvHImm1cITzuvrRyvyPFtSSDDdHa+1gF2sklQORr8ihuaR8Aqb5CJEqMv9HJQYTAmREP91VNVtYG3mWflwuaJlSYeOAgvDVZUL7lzIoY5O/yaBk05gXFaD/IP5JM/8HyW5kDGAHmnByGpkacbIbsYG4OMEgkBGXiZExMwcXpwkrF9gExP6HGGno2K2xf9688XuFFSZYTJ1JqIrco3fFLjpKKZCKWtaD+TwgGC8B1NFSluK2ZT/tujjcp+4kJ0hB9nQA5SB23Vytfyn9Kus15NDF7XX1NT4BX1F7f2XY0TNGjHi3JW7ldtiDx1OM7GTgIbMW5WsOAc70fpoFsXniEZS+9ng0zSdrfNtfETSHV15GJ1mYMhaFnPFL6oUvWmON15aNx9Xt+jU1Z/wB33z5PFn2nDQBtCw2moM9pMpRVeRfKHsxPp0920p6LznRRLYHUUqdfhIWCMAhjYQr51LZ2dmlODS1ZF2tUy2MDBr5TcqjRKtxPwmWw4lGQo7SLjglEwRC67HMHJpZQ5KdFPidIqSlBxb8+gKgRpa9ehTdg6YmMzrrG4b+JcNS/wVRi6xoRy4QOFxaExAB82qyjOIvvm48j01S6IDDPY8hhA6ESKJsPPM+YQKTx9NkkVlbrQfLod3lb1xp9J3kHPL078koIH/uX8fC6eqtReBnuFKQGdkbcRZnXGtAz/xJ76j5RQntkfG2ELK0Dr+N9aeIwPUXNDgzM8PVc8JFrcCXCvwRo2zmqji+X9w6C9v0mkolsWKoWp2qXyjdeeute5Aanju6bX/T10OwTA18DX4sTcS1eCC+YpBymkTiZy8pS4F1KaL4OE42J6ruOA2yhajgOdKnBfmiBsvnzvHzY92KSPy0eo5qHcfs80eJQv4KLyfJXlljKhY/ihf9KkRWdJuNr+sy6VYEq25QW93fiuDpqFTUkYxlcYEggJckwB4rddD9cbGT7Y2RTcAwf1a07gTaZJDQjkrG6ch11HlakDJCFwx++dm2wL/Yis+PZ3+3/7XmV+O45pP6SOiGXbGQt8GSTx/bXGvVLq8V+ht2irSQT84EpYllmpalYxbitFzBczjGLZSQnu90Kb+ooFaW+/w2fwk/Yigv/BrzyoH5BY+lp47qUr+y2qODgi5NXheQ/eairrBtT6Lr5XIUpQup/fOWk4XAr4aUmkf3KOqqZNIpe3LZrS/xheqaN78eanY9hGR3jdCVPh7McKIDE6BRSbR4r3ZdeI4eVoQmA5HyRnAOhvP13m5qxZ7wxupPmX9F4fLXkkU9bdvjPIscD9CX8GNHgRDdynnCvEKD4TF67ciqxuE82DX1yRWG29j37xeQjB0QCnDJfBP9PhhFd3nft7s8vLzm62XbFEu7PC5nTFB8IpPDQWsOk7+uj1UvUR+QLm40Gp9lNdAbUU3qU4+tfHQ3t8uyXR4+odfYA8xC714qU8JTrzMa2nQaGJWW7nopsZci39weJXbwaRBPF/bruGJaIqz7cWpnOEJSD509sPYxkiF/Lb6GTjd8npBdo2pObuZl/pziZOiVk6iMhr9wgbkDA6bb7O/CB+9d9wkTLSX+vl35TVGErtG+xnIKTWbl6MjFlz0pP2m2qB7JkNZrwsaJ3qS0I3eMlVq0Fn87QspBr1fQQHcXbxqgxdOqLkE0lPnZKtPu3T1E1UtQP4dATt6X7hJXvQXdl3/HJF2qcEn+3Lj5PqCLaDG416H5IOWq1JU+2eDuUDXey18f2rV5E2ZZTjI6Eb/8ukr2xALSi4iJoFHllMA67udqD+z82a7w0a685Er3EBs9vP2KLCnTz5rGQhpV3Dtz2gZvmhdq/ExOhyFkYX+bOTkIez9H60wp5qLe++cwXqRQpUvf7hWUdsjID3k1qJC3gdS9kPuQyOv5sKTSH91C3zEn75zd9OdnJy1Xa+azGZe1HtZu32y3mRa7TE7bRKDFasZN9NQJZmyJFW5/vQf12zzlHPvnoi90HrR75l5j0xK+QAd4DS792wz49ykW51881b3/2N7/mAFNmUxZ2Jk5OUxZTU1MgABTEzAQyMnJBgCxsgGZ2di4QCYAYxMTFtP/zoCsZv+lJKadnJr7K/2hJnV2Gii+Dt3cpmzJbl08DwksvZ5Al2XMZ82vz7ejd7wUJM2ThvxIq/jlzdKRPNn1Ok/j6rvdN8SE1RlASy/PQDMyLsMEg4/z/SqiJeHtyVuiCw+WrXb9MU+hYgABQs2Wzf1fusXk722zRvQ3PwP/2MB/cssfJDMIZMpuxAw0YuNk5jBhZ+VgBbGCTE1NuEBAYzZTLk4jECsrM/D/trP5H8Jq5GGm/xxiwjgRCFAselWeIymAsHPE+PVvl/L3VrR9jBN4Zn9ss39cCisTG5gDyGHMycJsDGRhNwWZgo2MgQAQMyuLqREIzAUEsnCxgEz+a07Jt79GtfzHBiuyOcpI0Ut9VBb3KBGs52WrIydrlKwl5Qj1F7FbOJvbTMFWH7eXXGk4376osillF2zE/D+KbuzAhRYsgznerVYZkwvInI4xLMJxnhKuOXgIhmpqgX856Mrk74Ou6rCAfcZ/bON/dAAXExDI+oesGAM5jUGmzEZspsycYJM/34H+7COA5Y9n2EEcf7b3v3vxAgz/sTfR7zR7OI2/fJE6RkRN9Ck19up/7d7rbw4JAX1Gqfhvd//vomuZBjZWrj821z8u3oTpz16DTUxBzMamLKwcJkbs7CZgFg4TNjbjP+yWnZXZBGwM5AIw/9f7Dfwvgkv9ny/mX8+xEbUOy265VrcuVhvc2VLiLVWXpbyXJiJEQDy62b9ckunfSTt8cb4Xxx9eyvFP3PQPkhUMABuZsHCATf/w0j90lBXMxQZkY2Nn5zBlAbEBOIxM2YyMuP7GTRlWqbQ5pFPql/VSSnQiKIEgNwLFz1Biyv9v1FTq1GnX7XxISp18OFbkemI7kikSSQ+x2DQ+lt7tp6bkr6qfzF14WnZmtfYmHTi+92ckdNdQZN+5SrSJp0duIStZ9weTYJsYavYiaIGGA72L0AypszCutLVV6g+RKVbbC5Zsmo+BwnorObs/7mrN7EqsGbE+j+niZ7AYkYxIqOMN0ty3BPLthKT96Iy0+FXKKYfhhpMgSU5aj5qaoTTAxK+H0DEeBcOXYQGIV07X+0UljXn8yWaxdeZasKeM4pIfXkk+2JZ0ZvTAmUR8UYzm2i0go0URJxvRXhqxYtmrIEKZmmxgNSQeUYl+YtiRPgxP2GX9OwBmp9yqtCA/dVCf2r7fKwIehUa+d7qHH2U2DAFy/ftMR+XrApqUKeUkZBPbed8gxPP0+YrVz1uaJyyH5KNyNApmDoqH2p+V6Lmpl7WIf5HTEEYe7eBoFjwu1nBAbFikFKsJpwMGNiw9ZfzFpR8PD8Gca+6yKnK/hp4M5SKFiAyXn+ZB5WA2NEPldR0qMV1KRDh8nETKRHl+EwfcqfqkMKLRPrRALfDdmVnEhlfRMbA+QAlqJAR94Trv6nsAhIuJ9lQFjnOajt9xShvHZ3hc8fxd4KlQPQCe4NMK5ee2+b2rODhpY3Wh3YTJYzMLLXC9kLHvPITF6754lcdvgj3IDY5D7rqjXn/dpBXD4q/s7rC+2kkC30f6nYS4fney+aSkX+QrOVQcLgj/+sNNsWWeD11Hfk+HZaUGj088bLazsS/W47Nr299RdiheS++zelb+et1vHs37WlvbZZRhqXfrEN8M/Y44QS4hMAXGYGWbp2fjZvwxbZOfOB/e7mecisQnK0oOkFMm4okSPJoDgC2WG0f4RTxvys5s1OcwZNSWhghcGSDuBvsdaKkqY93mz55/45+v3ocGfPBWwuKKej/KJHOeB2amcfa76ApI2qOXolFe4lKhKRADhEVRcVISTPi4PVxdP+7o2wmZnqp1qhO9sSkYiCCqY0BnK/XtR4fGYw86CINOqVh7ghwijHTblgnE+/ONpLmoskMb8T6MwWjDY9J4bD2+bF9w636Iupq7n+KBmhL4sspmU4l0PDS4aM1oNGMuitYFyZqgxlKv3nhMPa+MP8o6FrHAk35lGX/s0PH86Qz5OCSmfRRRjQFPT5lSf5QVE4ERtk59i+nb3KxDXRnMVMhTxpN5C1ja/hv1drKeXBo8+KOAdoZli0als1dG38d4mA7lgQ9yht/3SzL913p1sGgAlbgC/EyKFHAih/d4DogNxnY7W8gN7I8O+bGZDI9P1k/KJuiTzZksh6/xbFwtWTnyZlQHLFZWXimqQg54OPdr1NsULlCw0xPDT9b5VhkMPcuxwezTWzwwygpf2FN/WSWX+vL6S3oFfePlysh6UxfGUg/e8eU3NEmXKVwSPxduvgd1nSwEB8g1HSRfHdjuqhrcDc/neAXrIrs2r/9FQqvjrcoj2iuOLWiWO3/87pc3epo2QsCGxgctBerEd7eEHsV1ByfD2EuUxBMBllaBGMcfPL8lHHUi+ADwMjm3vZCFP6nMygX7bQwbSpdYRHGREBKj9HEivKFwdnQTzVKjLu/xdpOHkS5rdHb74z8HSNCY2b4YbJ+WtZ0UbN/VTJ5rnyP3bDJs6Z03N3u1vMWDttCTqRFNKU+ajutcob5WJb0nEtuGXtShv6SV3RXfsAssxCoQv0A3c3UE/tuAbvy3gB5ghBPtBAcB8df1vwd0YyawCSubCQuzKRsrO5CVi83UhBnwJ1Wb/MnP7JxsHMxsAFZjNuM/CXpB28apkBO9c0rD5d1/p826u92DanPMdFM5Of3Xzvi5jxP8POdqTzc8msL5kgEZUrjNaU8Mi6dKufQHyY1j9ftCCYZgKSzLkm28wa3NlyebeHMUYoScYrNWLoAz8iy1MW927pHB+SaGwbvLdWxXV3i9c5ZJkve2m6IksmfxAI5BhtlTR9KjO2cQbGfRBxilJhx1Bhn+/gtg7olCNQ8+Nu5EM54vnfuae4vup5RCIcp9kTHA+DZRbk3JDB899bYFiQWef02xM6TZE+bxwjwEg97uqWys3hoy72U4wQ/Cumxq0k4ij34X5H3uEqu1z87fFeaSgqElw1OwK5g4YxDnwUHi85RNNtu++Seoc+y8eFpkfaVCG24dzce6uLd719wvGKRcE9JoPRRzVCV2aeKn0B87UPqbymReiL+H7QVga7M3CA95sXhRVnY9tA19YTjyEajUdRRCPKR4Zo5OSOhhEx+ACi3mjy/gLTtg+GxKGtnHI08mWf5z5eoDeXJ7HC93gd1eYXlQ+0MYOvNVmQIo48t+vfrrFSm/cAIR4O5eqqm9IFaLBmVmgYoOlNNtJkvrrUyBWd4uUmVzZGUXwZ447oAMSY6thRkpXW0EhAgV6x/s6i9pUvCKVALVE+f5mLTWGR1rC4tILqo8phPs41DsE5OHgm49dvsK1V9FDlSFHUo0cuYbay/dS3xHcchT0bGgYMTI3RnRbpzlQAFZR76zsNyS5txEssWCKr+3/WeZzJ8EESlyQtLjlo48c653fHR6uurpITP4c79RXUmsqU7DyrZ/YXunjha28MylQOofWf/BoE9vHiolEdEVCC1dLMxW9uGGDSZmq2lA35TaGYRXeu2TbGCHBv6IMkYbh/lW+32ngpsaS3UYtUyRARbICEKC0dDroOQgxjvk07OnZ4ZfuKFzT2vIFqby/la9NnzbrPCgHBszumrRZiSBzLyNqF+t6/blMezopV5jIWU8mXaw/jtOTQedvU9ez+DUt/kM+MqvMRbKc02ysQ+fROYsDhMNP2d8pEHCE2AW/znocd+dC3VkJXJEF2DRZuL60c6gMVlByCK64aPGYqYezpW0dmTIuyH+uJRXgnMnrIxrwMiYqoJTmPt4YZ/QaZqpVTwVcY1Meuo1AiHx10+gCfZ8SgyojBvLoTgzGg8wQE3XrZXBcHZ64yYpm0pK5tQVtBbTv5X4xCT1tnG0hQwxsbZ4vfFp5zDSjLBVlsLRPUOX1U7bdcFrZhxPICoOL8UGP4h5iZx9Oow4j5O8JMfqabx/AKqPpDc8i6y2+sMBoWa4z5JbiwmBuj6R5pNlNzIZ5VLFzEy6tx87yRQPatFkEV/4vAYUXbydM7dFclVh6gm1SmcmtVwJaofuAIhIJU32ys0x4MgQVWVdy3UuoTOvE4PhbkeMA3QK0TKKP5Int0ZL8kaDqWaFft+2uwalrXPJrDuU2udQaqOMdGw5yc1ptzvl8unoQnCPj7hjami0QnUACJqFrl2vYAidY17YVJZa4P8GQzuWr0ZBSYkkjvVB7UvcNDwpc0HMQeg8C+5NDtSCTXoJcUTup5JvSqoI/vyV3pqnRpBUgvH7z1UVhRPuQBkWLoy4bii5PfrJfnrsF8i2ievsaa1Yqm9VM8MNUfEnPE0HXJ3b2RAEh82+qYq9Se9uRATc/mQFVbIU53GktDjO1ixPNsUoguT60wDIxYSkRPEZ2c2b31ZiEvoO0K3Qo4RTTpvfahg/NAtDDyikQMvAUIuKL7tf8vA38j1jSxqwgoS+Ql4EDXMfY1FRQqTvFEf7czActrfufBLv6Khh352tZ/3KK3RNrgWJjUtqqwoJciAkq9rq9ZWG3hKgTi6hnZ+MLHBk/bRzi0nGKw7oGOKsxaoUTt6Izf3ZlWJQZrI4acfYyM5+TPH7PdLe2tp5/0e0GF5WOMg+cmwv9aWZiWGhTN+8IqN99SQqDZkEWQ4dr0nGeu1KSvLVD7DmCtUXHr1sNkXTH6r+oDBE+mTrKp8EZ/mu0/IWFiBmV/Lh9wk/JtMSKmj6YtH+A7TM6F4n2yOrrLjhetfr5r69AcVB7UA+pZUv9TkrXeoi/Rqox0HCcaVBmLnf9gYpsfEozC/RdvgokF8kubk67kx4OsfhLiGWMHNK6BQXnOu9mJIWCLMqE9jdePDxrepecVVM7HxNqaZASG1xyersjOYaPJA1KZSoS5kmbXeiLIxZ8GPKxmNd9Xa1mjMqDn8YhZTu5rVxgmqgclyRABZewcg+uIuxYmirguUR/LmVvbZ/k6Y8tz7JjlFla2Th3FpNpPqcLij+CE8tqWF5kMtRFvtg+DLcJi3l7NHBpO1Ov2g1taAPeetFsLkcKqkptcS5quU6MO/RO5Uo2bx64UEp2+eOd/X898tk+FFOxsrA0M1amxbkjZia7QxVDgthyy7/k5xn1eRcpU1qSLha2uDD/saZ9dP5ztONjmd7Hq9Ldefsy5XnaKKy4HbURc3FZK36h5c+aOcoYwPFM5TK225uLUpixRZ/tgi6oKuwswzCfFRF0DN9lNeSvZ6Vb/5tmaw5OWmFtd8ipWi1daZGVctnKU+30e/t/v4C+8tIH5yW63cUJK8PKkg1VEAc9i/xIrxrPVIsR2HTgBipU84cDAn6vMUpZ68yepVr7N9rGx3dfBNKtw1vsCKZdFuDaOeXFq45thPWm/FfW0NKGFf1KhKmjzVrWmrsV57x5Jzy3Fbund1dgm2frXGr4nG16mTo96Ps0QwxYa+90XUgWYzHnKLSXDcCddINtlBX2S3m1vEzhAsqOo4FacOOhqN1e9NipUJbJLz6hCNQeYBpqAP+B9U0E5XniZXW+ieVRBy3zdw5SQKmynoG5/EHlWGqGyc6tByfV9glUUf3zfDUlJAMXlEMqTTR/yUZAgP/fiCHrdG6/cfe/qeC/Q/SCGBiwv6nPmfnMgJwAEyM2f9U5KZgZgAbGxcnkB34p7xl4wCy/HdrP3aj/6zY/79G6Rppzma87+46NVBhuIWbOdWUbVjoV69BLeymayRoJ6WmFZ4kaCaU4WcZaCdlISwWZn8/NC/e9on2XL+vxt9RsJAU/3Xhfwz/92m8H6zMlwlmlqvbgROuiVOVmCMjpq2w0oh5eP+z+Z9lpPRAV52C4idf3QGm6+5GG9swXiZVIwdLKSmwPnf/wvGG25Lv5g29mOM1x90tNo4u19peGgSDui72v3U9x99c/3LmRdP5x+78R9dzMAE42UyYgezMnCxGYBYgG5jL1JiDleMv73Mws/4hokYsf2gou3tWdYycZR8AVbztjsYZsu06yic/iNxZo9WSCYAXvSP8BVpr5ddvBn6R7bX2Zncv3aXbUrqwh9nMsOsP1qPjOARcP4OEuQJ64AaCfyleW+OK4JzP/1pMTqTOsBY1Zo5j/NIxl/X9iv0oAZm8D3740+9DGRvLQnHEDUbH4mr+nKJNV5Yz+xfu2NxS4PI9ysOgQwGvDV1jTtBqvwtf2YpVN+rMVzbLP6/38zvjuwFhRhLlWkHGemXG9q2dX1eIn+7Kv/Xr3w9srIJE3QKgISAC/unA5g+Si4vV1JgdyMkOZmdn/+Nf0J9n2ZjdlJkFCGADgEDMQFZTFta/Jq/+4fdroqj7LCwvsNGGD66LJ1rK2m2fJdMANng7Jgi5aXMd/bT1RZIHP/y3uxo8nMi1XNHXqnmKDdCtGpubn0897HJlXgB3mEvOZ7U5Xe4CiMk6OWChL9GqxnmVCLHm4wGHHkX6ejnEGt7At/2TA9aYGOWcgZskR+hF0ZWZZ3qcchWaRDI5HXqswGC2sDmriXkXkefX20r47GtcIaEkKXSlGvVK806FxogtGMSEa8hoM22sRBNC80vtj0sV6PG4ROV2XPEqORXSH7okKgbDyDO4ulcLfNC+xVumLxfEGJHk4uGsxATGD/H6825hwTSl9SFLBBN/LoYj21UWdteqW7yiITxujdQ9h9M8ObmUwgk74V5i2OjTnHa08bwt5MASGp4ixnHRhb7RtUqj6bCUrveUwEjoFYYfmTkPJk4brOo9SN2VKWaufHCTxlEhJYnHpIcBysEKk3UeEeN7iTGKhstSBp3AE3jGlNMWd/SqGmQtLNIRqs3W6Eo9TvBKcuEkHWVVyjRKA908vVRgdL3O27sotrOs9CwoL4T5386OH3ZiESqFp2dAunFfqS80Ultltlwd0smluvnVmqHhG9h8pgoFwbC3bWQTGXtJ1x89EGJNlBoj2mXySphiqA7sJimHLHkucc0gWz5G82IbKWK13jFGFpohZCd8PnZhTf3Qshdyf8xANx35ixdfJLaCjC5Hg2Tye1NcqBdMjLocvZ3AGKN4giEqFW+Fx2wUuRiR7pHa7kvfDPRUAueoe4uvaVOwGn5y9pVyngKRmJBmcvMi4nCKfdQNsYA2eWX6FuVVRHlmrty1gr5+R+uLn/tKa/WyX3o1fmjvKfkFc+iH06Pqvffg5cIMxM2mtfPmDl6G29ix256YeAJHL5aD9CqY4cjjEWoJ8S3X9Xxb5TQ0hpDT/Mk4GZsAJBBgqu5PeT4hMYiQFL8qVg1lZ1Wil4zt2XspUBYuKPUBpoceHjYyKjiw+bLw+ip01Il1L6iHOD+mC2WPBQI9PEn3AM58d2HliTAB02A0SJQ+HErQzhiLNs9qIyV4tFq+YJf1xydSdP3iHvAcHTzjvWWNHW4J4FqoCnLcq7IsJEt6Un9y7zdvtNM+kD+624Q4OZE1h+bAz4HcilM9mecOrp3W8p1e3ZHt8uiCdKE4eO+EfdL7E9b+5kR9LoJr6cuTxzULClRetlutMYyps48XkCtblzBXz1VHEmVXEyxf4jZq8GJbtFkmDRyJmSfalRXGrIn6jrwHSjJgfDjPtSN5coMYaGaaUniXlUxh2El6bZsRBaoxyZVZSfx0oT+SG8Vz8p7zmYgeDdWPhsFcyVvAeVnTJsBeq1GFsQ1kjbm2myff/k4UGjJL4xUeTpbnoAiLu68o0XSJLPolk9TAMFW7txHAloFUrGSEok57VDsNi3roMSznHzp+F0fCKcFe+rFF2D1spQmeHyU0JxLlhATVOfRHGlkgMMr6tHXYjSHm27ZWVkuAUt/zJeFifSde2VRKwTYbSrILRUNXwArD/KbgvTot0VxzKdZIp7eOAeFtd5IBFd95a8TgtEWD47U9NcTJkcgvDBmI/UlUtJ01v5ZQhhAh4kshxkphUqIfAuUjTo/fxvSkbcp9Ts33UvOsYM+Li6NKhJSjOqzMbl43IoNvAZfQ2Qx2yEOMJTExuE4h3OxldsBUY+uTzuKTkl2gp90ln21hYN7zXsLlXCvV6v7qLkthL+GCXK810eMT6ifyNYqwXwcYbOU2DrJ82xE2ZfbYwSj9ArmSGM+4mwf9aGvfL/L1f8S/BT8aLNOKPIHlSD3Z3A7Cx+pMoGB1CSfXvo0g8zokw/ye8rGS7M/h7GFMtJnSbaNiv6xr98BDWS7VOMER1MPce4fz+ylQ7/dM/n8jPKzV//xzhvB/i/AWtmA7pn+JtTcytvpvLNx/YIcIiZLoP0JAfIP9g/tH7F8fDGymnKwmbOwcxmAjEw5mECuA04gZYMoJ4jQxNjJlBnIAwEAwC5jThNHCxP3ZYCd3vLu7u98PHicegIEOHgzUmgbQ4YHJ0BqMe76YGMrzpkWKjkdD36B2t0umxX4Yj4VCVERDBPX0sg6SfvxGjRq53b2jSO8PJZPgXwxnaEH6DQlaEwslRaT3mtwQ2ittwD1wuvo7C48eFVWWgk1N2vPF7IninXNJmjf2jYjlvbXOo0mXYC/PpMXWD8aKKwXjtBk3hv6lo7EPtTlwAwmOQmvdkZ+EQ+cfOytOV66uhwfZPpUuiyLyv19jPdbxa6oVlmncKCf0plJVJQTLyN/o1undX+sHXhK846yEISE6LYRMbeXCg3OfExJItPgM3m5iHr0iG1e/y79480XL8LSm+M6GLthSgg0sxzXoFanf676eJTO9B85xcptCbY2vmqa2Wc41TYfmRh8ccjFZtfiONIpmTlndr3dnZaTGe8wVN7Mv7vFIZgNzz95PkMYuxGofMxn1rDouklxpJrK9FR4WnCalWBRO1tPKKF7sNk4fUotjvxfkhFkrr/hU/B7vwi613Up4yuMKtNAoKW644E4+8t86YP0oocaoRYreaWz59gt7a5PAk01v99dBnguDGEYOvqe17awXzYaPOieVFGso1+/k78IHJUXRZ5PIPBlJVElte/WsRPUMb4nYTfWt3rM5I2azOe9ZBwYHrUdFgcploUvRj57Cd0cwbiW1k9baTQ49Xep8KWueKRctLM0RDue3C22/sN0xNbI6vp3fvmM2f2GvUdyY1hvGuzhOUqeJp8W7ddSb0KFBTt/Q1kWMMRdgrtk0jG9K+Qp18jsMW8lU566ha0Or7MiGYLjo0lsnRgqc9Ev03PR+y1xry5ahLpFrwmm5z1ht/ZqyYygHmwPXTQH1QN87++B3MVnz6g6/G1MtnVfjjpxzXfYG9gjdkPH9miz9dRI75k2aAAm4ST/l4G0ITwf87fWnPZZn0tv296KPGA2jpZi1k+k1TklVcomRq7YqN26760fcRJ/aN24P2kimRsOuI3lEODal4NPbaO6XY1XUxbXPrXlI23IJmPhaXF4phcbgZb7c0b+wMS17nPl03QzmSzyc0ZFy4GV2cdk555vmT0zc5V2nwLtxc1SbamjxtO0NJ5whMgJwGawEzDfB6ZSYjnpuPXylwRRNtkwfEF9SpsbW6hZGxr+Vu+3IVUfRpCZN9HVNcR9mOtiayjagTAm4qgX3PWd5dOai+n4FlmzfnN+qaU2Rq+t+BEPu3SMhweTi4FgzQUZiGOZ804OommWEaljBhYEhM0zv7vyo6XUPBCybMgOWs0CGANg9fMOVGs0PVaTNUJFSOoYzMzCssJp2uJuQo3IQ4KURQRcW/4VxhDzcRSSkim7umdUwf6E9CsAYAUwF1DGahZkhAGP5R5HlCkYMvP+WCqh6IzaUwdcyH0S13PTTf+ktoroDoXWVZU/HuvrEvQkK4n8GJi1nzSf3P1x36s+l+P9zYPrr7qw2lThG2WlWziabtSYbz0ncE9y1/zBz62zWlu+fOe5iN8KiO5YjO0/Py2rKxitiZCmMlLSIiYnj3rGUENo9XeW+A3qJ0fAerFyJq1QFxHsB6vg9JAASByve6aY2sxSqH2B0KuPBLvuawyF/ucD3pkswrNhgg3zmPIKfUKJhwieHsmVnbDRsZx24JRthnxYQl6iM+lMQnbeZaUwm7YzlxssjfvZab21aukZWxsOm1onD7fGBe/HrtyW3ENwmpq9psec5E6NIH9Hr7wEvv7+L1p91JbnHPaiVYT2x9Syv9T2DVri4gVRe5RhSPUOP9WAbI0NDsCpObnpSenK5VlpJblYZy3ouT+Sis9UvOpdsK5FMt2CaPf5B72zoDnaC7DS4Alv6cvlRKXIRjk7WAWo2kUpqBQ4SMQEaBVjn/B8ITHJTlyg5RiHyq/MbpotcpcP9lDdTCVbqYKLz8t7jto4uMdRFQ72aROGS0MmjMpzXzq3iFU2ibAXgj8jsb/W1IcXGQTmFtYS/X9jXFbasX1M3VcBbj8Jjo6UfiG2MrF7VwmLEQ3yy4kNWkcLfzqyk781P+wT5ShTtxNXxxAWa9T/mqPvneIC0UxyKLb0GL20DcxPLT/u/uw89tlMO7hEIDXitfvk87E+3Xpq112UGMgaBTNXVQW5FyQWw8lW8SqgIbLFVp37RS/PhCqMyAsPD0lPV87LDeMyHbAioX2Mz6ypufKjGCV8lop/BTb3ErWLb7+2uum0zsu/f7XyGz7h4ip0KLyTfL0Sd2WjYyM4EkZ8VClIiPq2PKl+1SR+4NXYIF0AHzOEyEJuo6+M19yCIazOOf2jB7XyOGtaiPWiyZMbOBU4+TeV7k7dzVqV4pM4p0g8Af9fZwG7IprnMXyhJyjWKciH3fSxEehAOCbUIDo2ja1nULWL8UANuOcMNlIrKjJRVq//sEWUmCm1KhPkVcd6fCIOWGa5GPd3EjXMCbLx5f1sV1r5RjCo2zLCkMu24dXdjgX21bvIg8rmW+iCG1Vkc+5YuJQzF7ysebHhKfDrGBv2kiYBDvMKcR2OpZ/Kwp6xiQKCJOaqC6pbSyqzk6uyGLPe8pla6CSd1TIfL6k8nw9zz4GNPOGJkOaOUAklPsytWIWwEdUsuZw8e2EXWAzI+NIPssYcT4P4GT8Dt9sO34adlgRHp3N0GbZLQBwpF8XG1I07/BPvQ2lVBviEc5lbd8VxWjfH3Mb4ljpN6amStgiDNUB0fIKAccwK+kaFv7fvhDudDpzP6ytXYdCCqMBkPGR8Uo5Jst2m0XiR2s83QKqCmNZ/d5gUjq/O8PPtZCwKjmJau7zpNwVufiF19xYf+AndoynzMMVGGde2mJxBuXl58aHYOfifHu5rCqnkkeP653ALFZx6vIzGsU7wB4KGXAB3rVHE3L8DuQ5pQgWVkFX7nTZcZJ9lV3vF5v73CU3RHSHAxFS018uzW3kGKrDzXjq6EQeK9ddovSN1btYxCA+OuZmypQkP5oxy+WnDi0UOqGpyup2G5A6bPUfGZaXaJRnNW/xWf1kXNBwIknDrgOqcdJCI6yXnOWNQjObczXQiR2EoxrmiyXAN3EbClrmFmPzpIEI+/+mmqtd3ZVMYbgYOWnoHfoQ6KR0nqJ9ipaOr6YzGXVBrjQwSSsRt+x66T2Y83uptcI3nV2iduf2RI/o12AXju31es0Hm6rb+Sn2O5ZR5hMHIuy+8PNvClEAWU5fjwLvk5CTD6uZwEzvR9Xr4yak40mZFBhzDsDcBac0VdhigjoYF+CrpeOQ//7OvPODo7oTzrE7SpvWom5XGQ/mraV4Khp48sePHof873npc6s9mkq7h/fvYo3UOMYY/M2L89mCCEuUbhzfh9qFZT2xUsrx7GKypnG4zAJdpnU9oxS4viL9y1+Bkfb9QSQRVwZVjEcbjbPG+ujJbJ3/bxzHZCYMDyxUiLFa2MjvYdcItk+aMavdqsHRzHbYt9QMivBsU7iQCVcyMgKzcfeyF9FAGlguklsCUvz+vdRYAl3eiO2f05VYWJVtrHJ8K4YuFesaNiX+FXCqj1imPdvmY3UVCADQF8LCXpylEQuT0DmW4cTdWaiRcypxJtteQHeiKoJU8Dvp/s+PbRjXcSjdRMZ6r0edZxVNWujAiMjZBFlCpo0a/6t5oB1r1tvuoXcgNLaMF++fPSyloDwR+N1A92Tj7Zxuwb8frpNIp5zZwxsTukT2nmHfNozJZihLYVtGfz+XcU9FbPvbm5lQVVTkRTm0ocwd386MLesm8K2ivyRlFV5hXl1jhd1vjN47ROOXjs0ySv2Y1ZdO+Fj8KnzSE3LFE4FsfsbiwsBbYuMSlMiUNpRDqejhDxBIuFmsO1JNm9Ngaas/x6RVYgMtSfOVszJSf9sUA95klY1Zb7OWq26RJyBUr+dhC+1udNkZg856D0zj31fcydNlaJFy5SW+oZLrWr8Yvp40DtB9JKnYnpcKQQojcFekh8WZuRi/oUPthH/XCpmKIDO0nSJ/zMke0HP4qwzL4ccofyQDgWbMW+UGS84N9QNngbu6UtYGOyBkTDOJQpJ7spIufhB1AUHZZlAMWZHMqRNNh0/3hNu5uucbaYOg+/mrL6Uqt4JXXshW+X2ZagMlzeGM06IAI0hcYU9cD1Qfmpoku+eKXhyDuR8B2fcFmQ5DCDRnWFj0fMlMdRCa46CWtjxcjhWXBoinhcUIc3CtSmqR1yUxUv1OfjqfVqq/5UhJMjFyfbSLzOaEARmmKveGMbeMcWzESTFTEY4B/A9nzFQyXiMFfzyPmSNtwwSfjs0DgkYogQGTeLF2RGSva6X1BqN/Cj+fgW78cIjNGIkLw/YeKvXhKrmQ8JMZ+lbW+Odl01/O7JqlNp3fw01Q8bT/A/2/zYu5b2vq7lyi8wHFBVR8oLB5N+6rSDi9J4Nrer6iXCq5Zk6hB1ZnfXDmxIpltBfUwyUR+o1akDZlHz83qsjuD9MA4/2Catl3GKBwhEUJ1cw8T0TxrmE1FLUd1fG3RhvKS4N+uVQX4Jo6Zw5iR21mFm5PDM0iiV9QZy/QiqasrIL+5+3oq51yfcszUQNs6I186Bgqyuu0VET6O2u40kbN1i2w1D6596LdDQ3ZzXlaXLlXNam4gVsAzz8C8UPw7uHO6QviAVIbBw2/7uKgiEiypfwaA4gR6OLarlvQy23+NcnOsdPkfXlnWTIWsEjVHJGLzepVvnRpofIZ0Vb5f1JZTNLFL3GHAP3afE+CI8OqvVnprkzMfrcpkh8urrgPxOnzqRIfaMxX/UT6sYNaq2IEHtrOcqeOrYvQ3+Bk5jmGoKZ6X4pEXIMH7C5q8ybDUnjXNPtFqh1bDJj0qnLqI0mB7+ZpY2iPLzXVBPhd82Ear8QKWBsKjRertwU7S5qUSggIrcr1rGUoaNMIl3EU9EIsM1P5Lr8oRN3ZKvUa1NYHwfvUDkpFu/4mDB+ouO0lapm+UXVTnoM+/VKxb1LEm0kG0j8FPfsoSPdXFFlgr/rA6F36QaQdD4enT5SCsp+n7FpaCF3vuIe5FC6XL/9U2lRyzbKCI1HDwdZXjZj3vULGSS+OW9zGGXOPiuz1Kw9D+XgQ7lnWqU0C4sn699svajHMlDCdV3KTnBdSA5Ga5PNOJcitDHF9LmZ4+YxrhScWsPXiY2zQtIkvqUcYLZogSMgeCZP8WCC8FVBmkDNM7X5A5DOKlMSB9Zh59m8lzTPsEUJsd8eWv1BYfko+MTMNMUC8wSRX2HSwd9lVNhiI11147ES5fr+PRq8Cx+G+rz9nATyiTqPaK6P76EiVdXyQRBrY7Rn8P1owqRQWPT40WEGjtko2t32hyma+pjvomETsPYHphDeyg9Nbg9EqQnnwEsI3fURJFijJydu5N9DwHIgkYIULEd9LdsgrYZaW/fjswXZiwQAUUZENkfEtfZF/iF4Wu90HgCtnGa7cIFlBmbW2w/eNvT3k5IQXArINhpDK+NDkmPlA3aRTRRIkTS+33AyBvHJr/SpuBiINS3ZvUmnj0hXJtUqR7f9rDQoWavGcH2jChd+IYhjt/IcTJzb3Nx5c6mmzvyJ719HJMEFgse4X4hYI6eYjzbIdRSjhvm6/eMi1kz6daC0mfuPy8wddGYUDgLo8f8fWUrXctDQb8rtWFf4IByx11GJjmytAyYtuq8I3AiNzjeI173jtmMcEaKIzH9OZ6LfJ+14Vd6ued4OajyzTqF3Bpv3dhQTi9hkxrJvrmCX8YuCSPerteHwYbggVdDr6Iru5nVZS/IuH8Sg1Xuge/jG5yq3BnsHnGOqdd5BMHHH3SvGfapJ8fqmdi4hid9Mp7bXkPtBzxX2EnrT15T5fDrBR3Z4h4YMjyAtqniqruexkwF74ofW+xBKamEv5el5pXbZtI3FbmchgSVY6WCkuq246Eyz9eMudCR8H4bcNacIwfShfCIIKpPD+TxHBuZd2Cm3CETLnrv//bI/Dkb/ERtTCIZ06HrdwT6nLjVY/NkhFXGrm90WlGAJ8rfvP2BwTLna7UQgfuHuAjfHSKY04HOFVB59O2vyz6lIVkhYEDtvA+wdLUkhyjGxe+wEw3gw+fBxsEzJ/vl3J/9+zoxLzpn9XVGj6xXm2TS/MBIh6HZpI+b0rusgcAXR+e+ry8h1qsXAwFwqN8u+dzHHvv9M9SLJoYSn695GBG6bq2DQyAJb78ydfZ4xvt6xzCITKw3OM3/KrzsrxvXdXqrRyeLJ8MYk1UetpxvVv/qzZlt+l1h3SREk9xnC7oukeFdzSx6e4vdNVKKtOTGo0wvQZycBEKDUCOXidTdjxzRq++UX7iyc3jCPl4e2ljX526v7fVUXdXXled27p1Eq0+lYkMuo0DT4AzWY35OL8qTRVtzJItQmm8iw8z004C5HyH7d1RTG3V+5RwRZ3fuxXabscIofP87Ia9qzRnwNqvQmeGhJE+Kvd3j0dvlwsVxP+2YKzQAlZ7l1x2CWxpEm4jgiEoywS/n5bBrwKCDdCwAD7nPGH8ydaB3dtcVEB8PHRKpEo4pOm0gKsw9srhCgyjLFIBDjQzFiRikX1UVWp7sQHBK5LEl7foj33WxFU+HJ5MbOITrSOwX1ltM0sPzPqzfW6TP5vE+o4QkTyIn5BI8kg2Cm+4j0UBHqrJN0m4h9EafD/kyrNDWvK/KysMYzTbrnqUhhg3hv9+aXn2A/EyvcifVzpgvb94uQsapQ/+Z0JCyv/u9N0ZsoFDy5Yt+kGON5MHsCx/FaFAlUrf5Ur8mK22Q5yygejhbt/x0wqu1PINjXCI+b8LCUZGjLhDCIpOeY9svZe71xEIddsO6CNbozRxtd3eabvr5pNN3BVKGhNfm22dDzyYuu++fUzYhktNl57HjMfEDfN9x0FLYPmZ1c98y4pwbSXDfps9TRgxsyqExj0elRE58loNFw+jiZ0yyLNTGI7ZfJzNrWttcE3ky3nh1AFUydHV8nn4U6RhCgUr0jMKy2Zmz+yBdpP1+Z0p6cubikHVr6PEZK4SspEOIpVSeiLgbzyxkP5tPgKfhVRdDI52vXBZtJtS4RkoEQlyMo4aCYVQ5HU7OYFjCfohCBtfOW4TR9m5kIKH+NjM4rkXRoUdC06+lyKgylJ5T5S5shpOZWdjc9HFjMo+O77KyeACKViuoSp3LPI1nih1ezAeAr4Y9E1LO9YKxHUSTis3MgFQMwuI1SIO4KHx0AsWK11ue4GZFtdhJqFH9uhYFKlp1Dl5+1Ij6jHjOIsG+dcq3omc5AMKFxnWqsnQ5Ndv90QTXOlFLPIpte0DFzB7q7HvlUHdVV182eG8QKeib5y9igeFE+zTpeJMwb01iU+N5RGzosBkOtm79bbaTv5jS/yvq29JYyP1OrmAZlFwkqcXeI85Cbsl2q9ncc7rQy3N+YD36gXq39hWXa7s7DeB12alTrxRCi4HkxjbysCdT+qAmoKQhMWYE1QD0m+lHHaSio9mkbxFvIdAsdSBo0VPbTcJtgoSsWM1P137mSHv/miMy7zs6egJxAPO3nVbOiuvnRUThpOGSIL8hGJYfFy6Hd06wSakHpaaOHwoe8gB6e4uCCHgMwqOFJN4kVh1QLtvTBOHtAD3pkTDCZDhdN+KWxPWAG8UXqJ9qifkSdGQqGeyhu5Mq6OKoNhALnpKTv57Y3jNYUMbQ9x3CvlinPX2yxveMAqen2SZVJIa04n24MPML8Jv9mQayz1oxBT5jcSLQKnOFg9Gg5BGfVPO+ZnrHDqHG4jbgc2RCkE8Hi8+mzLfXtXasdc5YBiSY1H0373sJVVpXzlbLUPpRkWqsMM+vZ8LUSoS2xZTKRU8pq0yCKcvz6mcqLLovLHu7u6wdoCGnRrNTZvLZSNW3cbf/s5Cstzfp72Xp8HFUXqikVpOzT3J7+e9cQIFc9Q8M6dQiwvAQ5qGZNqgYqTKAI5vwb6frkyPJT2PHOtQIvizk7A/ZNHT9+Sr43fnNzGb+5/vqJ1v4zd/C3ezHLGpozCekE30zx5mNm8JBokKd5YGQWx6tQqdN1RXDaUKQOUwlgcGvCs3E2pG+pGlRkWYvSLzkKnhx+ZnfXCoW00oJ8mMDS6BB4lEimQ2KC85cpqEtlpuyXxEKQZ45IO5MURbOAs2a6aGIw5VwG0+7HlMb5caCH3W/5z/ayGbqFVdYC0kQtTVkn9DFxTdQ9IilFwi0hw14TBclOhGLEbUvjJ5ZwLSKxyWjNS6spn7DVdsonM0z9d1PJ9UBoLN0WCDndsWP6/C2weP3lKytT39/PUqafR7iLmYgdY3sXQ9a/+w2H25csy20Y5614eTpKbrL0sxrtoPkIKhhJBvPW6/gl3cGx0XZQq9l+8I4LDKjjf0mJLPuUpJdzJzYMfid9aU0RVQjiagA1+QGxmwURuM0JGTRBVWilopC/KyY0eP7wtCK74Bdsc+C2d3Q8Q2XnYeL0wpdzVSvuENy08l27zI0ChP40Mf66Y08yvlULUmhMHy4c80eBWj7bRcrd6XcI7B0nEuB9sJWYlk33VJogB+/V8bXkNYcMij+nNSPMBCuriOrjcv1GUkWrcVdtI1j4jalALJxuqyDzp4G+dfMi9fBVg9EfhC9pVfbkG9wEaNd88jHJacKC8idjD+/stiwbwD1CHF+gT4nGUPKDyu/WzzFUsybwPLhZM5dtGQafvyifRCVJPnbL8yhhISDSh2OqdESFQtcLROcmKo7WO3Mzt82x7TMnnYz1JtSG583C6C7k4m0jHHgLQth8AzhB0MaeeWwDwpJD7oxh1NoaMUcaoODEqUzHuLS7EVTVAbJkSlj8eSwGY03CZSn1Lnx4ZI8kaxMAZ3jLEQtUZEdrtW9hlP0rJ3vU8TcRcJuVT8dQ5gn0LzYMHOEDFUx8k/Wzk6BBk6fiPCZLnTztdcegDDZFmcdrRLVgHLhWFz/ORlN805/aXVxCj20io/EDZTRCTjyuNRfY1MP0bK7h3lnBx9HW8WkKX5T1zEfay/YishUCCGFJyvTIDVbdzf/9BTF725uqvRYRO6ab60N6kigdd4xZam7dTNzO5iq6bRqr3QLg6erUfYuzfmNjDhcYpkltdW0I3yS/bEEKuWkyAx7278r+tvEjnbppqCEqXPYIBpJD/1uVToXKPQ44yEcQdvqqFmG9kkpcU5nmKwrOsXi6lm+NFNNR0nbuBbyo1518Dqxc38c+1qVGHhYucQ1iW6fhC73rCKd5IAOf+OTOCbvRmtUmbUKRtHQZocfBMwbVZk802k3hURzi0Ft8dM9S79bRw2WLCtiRu2eJUNVqsrClHyix9pNTh7dZSnWr6AfB26xGskqSz7A7aVULrktNptOgqc2Q9hVm2U6COe+lsP8pnDRuKd5HcaR7GAQ6Zci4rb5IOKUACRouQAmzvZx9YHkylMG7yz3rsOtCglIaZkdxNAbG2uFTWT+RWhwZQqq1XXRHN6DTCLs4U/hHRlS92xODY9g+/UzlPcOFSb+eQ4w3SK2ZHPp9s8WE0CTp2sUbS1BBUCZ1meeWJo8QqxTXv5tHujvl4fI4UCSxoybC28NqSo6BRaZ6m1dezIY/lJ0J9w/Od1vQCLlMENNW3Ht5vW9MptmyRAwYbm0eb+J1JYI7l3szHY160UrMN/PKpqCJx+4UyRrVR6Whf09S0aiXrt58/tnw+L5jeauy5SeqJVXa43I+63/Y8oGP9OSjhCicZbQ8bpf4lkKp4p47OpkArtMPyue3Y9u7vWGffmXGht3M2lq3ttb31w2HLMvnxY+BQkNHdXlg0WL4SkDdDlTPMownC6DL94EwzSBP4FUPBjkA58UlXcRVV/lJfLiVyd7pyUV4uPneaeDT+yL4MZlnU0Sf4rFTrclFLUcLLww4p+ckIZu93f7FlF6EzU6yxczk3tj5Ba/pBBPynmv5wl9izr1vNmOGIAFJK1XdpjFujwMExibN8meYgTcP9RdPXo7Zn9BTug/fg4dJkbVEkmspzAzvTBct15m4CjuL/IJi03FlalKEKuniS6JFCs++n9Ye8dgYZplTXS9y/a7bNu2bdu2bdu2bdu2bdvm/ebMRMzeZ2Zizr1xI7q6q6L6qazsrie7Mn9kM3vk4WZ1+nAZWYr3MH9w9SRbYctjjEVIuNK6G0uOkJeo0tqnbFpigpo0jzMcl1VkwgIYBY/VNVUcfSuHNxk5ayNjP41gozJ4+bYoekD7+7bCMFcsbxA3jcbwF/Tp3vZJhusK/bEWSG8GwXqtSc3YtSOOautSfFebKMiT5VL+OxGMJxNlb1F1poJj8xDsYpFCfpgRXAJ69Tdx/YJIlkgxXvXtr8Elqqs7Nx3An/yli/lgqRTJLEe/+8uD67M10J7gTbTfpAgD2kKfdG2S2ehJEdK9Zr56jT9Iyc+b9x9JcUS6nTWNkE+95zqfvx8N1WCe5tElCzr40apgmr4alNH38fYTqJla6FJyiSpzfzx7h2XFSi4V+53CCzT7kad3cl9maNwyznHXqjyDvQkyitLNDU7SChPwwh0mmC0NZpTX+EWuAkORZ1h4qcl96YZDpG3uDHCS8VqiQubTNrmkYwx9kEX1ecLhZo1s2nQIX7oTsFhG7SCkAYxQECTx6pWncRSwnFdF2GHw8XMSF2LMTG8PKmZFMjQ+HsUyHfcR4rEtUFYALakEq8MEJSiogtoIc9i7irkJ6fglpoT709UkiTj6zIArBoHU3OoqZdtVSaEbnjfLLtsjFYrP/flerIGxi6XhvaLapqPcUtnOHWEiSkd3eEJM+nQMQ4fnFwEmCr4C6xrHCtBvDH7OJreSS/EuaDzo8KW9bZqW6FBZ81AALNAqJuwnk13yT1ni1kIfIwdLJ/KJv5YYLONi3Z4QEtIS/Dw7kR3TINK3W4SOp+08cFS9O/QXt4yJZGzhnUBswhfvcq178BxPysk70wjPo0+PPSZDry3Anpk80dtAHPs4mjv5VCDCqvAft4pbYQWLgxZJXP7YCk93YFEDCkBwVy91TITMS/4CuiGDghvcPDay2OZLaQrOUJODjsmk+ySfbY9PCuosDYXBzFWswFRB9gv09vqIniZMtrs6g9TYKUQnkMMsxoPDxihXGGsUJ+SW2KxX1Zh8XtVL7atag6YtHFVZFp7KhDXmrbhrQgk8Rbj7EPdYQgJicbOkCSloq65uu0nojs5uz46DKI1XxMHMAiJ/Zstu5m/OvfJODLZ32/p8u0yXDukWjTclOEi6d3eVijfXHs7wPwbRm7lzQVwKyyGmXj3tb2W1EsdYU9O78QIkxNHSNNXsMQHz5Blscedf0cwfgDHQma8pB/baa9OsY8lxcto6Fls+N/e6bZSJGa0T8FctbOlzrLy4MtQSR+WIvO9tFt2F5552F/KQUpWiFz00Mb8aXGtatxnJmvOm5wQWa/54K/LVYtM0I824R0vzCxZ9K5m2MaWUvSpkQb+bdInBWRN9toDN7Ly5XtaqoCtObDtk+mDTTgK+fcgYovg4igbq685ZOebbq09YYChPO+big/SdrNnx/3o8gQ17mvOjrp6sidoR9bGeka1guizKmCLsr7SwwHBVrV93BqOGEsdkBrSDQZ9qSplJzIn1/XG+Ypd6F6MyeG2ombJ8bDggl6B0cmtmpxeLQmLWPFVYnhhtEKk/SW8LOeGsMS6GvWrZ6xLGdaA0u1c8oUE1MJvv87bE40nMq1om2dftQkLRCnFzrYOc8HBQvW5Gclgq6M/EY9FSu2IWdhWuRU55/GFq54vv44bwv4ngTteyePnlyPPI0+m+YPW165s2ySx+wqKVPuSdkE9IxUYUoKzB79CxqQALxNdX22URT7D1+wMHEeW1/mnyWiaxF3cz8Bfn5kDqHbDnGx9jnrWlBg+x1xORjlCvGclscTPrcwiL295Bp2vA7OLKIQHQ57zLuvXDiPM0OZxSna+ejCrqV6+9kc9QYS92zx1dMZ/M7vVs6BOSUjNoBptvEqLieIFS1yelahOgD2SeBe5aoKhwTogxNaYw+Rny2H8IfV8IyFP1bppO9XbPCo5v3W62/09jEDCOsUF/S0P8dEEDTG6aWVhaucnfHNXWwEumhiHMZqtH9RZaTN0MrBgcc95bYBofAnjCOPHPonRG+9PsgE7x4eXXNnBv/87BE14K7c0evLTEwzGWh6DnBlgcuNJn9pHJ/gHlt10C80V5eux8ZzIEMXjsCPOZrih9n/2RydeJNtPWsvNNazr89+wKi+IeNSOwQP0w6iDlIrmxzbLUXi17/R3/5oxDi2dvxrhk4DYa+KaScAivj4/tqQtrb+s1KQBTSwm9BgQxks/SFAu3n2xe7ZHfpMbML9KAwdsW1kZC6SLH5Nxbb849OxrgFxVOt4RneD8BTreCM+Vxvf4MxwENGaB8AX5UxzSvrjHDLHiZkhYZlNTk8ACVh+9S5vhAt+jPJR1xh10/G5KVyCeJWf1JF3LGZCWh/UDatd55sFbsm8zt8rJlnpuRg+yOwQjfWxd9Ivh5HftzykfHNQ4hpk3eozfkypTGJxMLZz4/pinbo9KHjlR55uWpeCIITso+AUvB6l4GAw1KZ6X0KoQ4AZS0MLlc3FC24JheFU48TZPt3MyK2r5Uy+y9XJwNrclRaYEabRAL+bJC/oToibREk7eF4oMLir56mvDa4FAe2q0ooZXq5a/zrePr7ZrexwGGUJ34gmbcvILl4p84rrm79MQ1F+s0svZXac8ypnyYm1G3Mt/7dtzHRbADV6CtZmje8g3Ud3aEXf1vADSdMqywSpYCtj16yQoVusjQfJ+qqfCVRcQayfnT85YmAuDfSs0jqed2c5kvE7vXe50iZVb4RIeZ1OiwuaM5q2Uthi8FoQdTjJS76VJJn89Z/UW5tWrAVzCvi128BcY3PtZXq+36GPBSvhkKQ2PjQkN6XjNcEnlzgxUEGAuHi/jg+2qQdmUKB5tr5QZfo4nKQD0FvgNGisXIxTu7B6ckyLuKIcRNkh7Erf0j8bu1IodvJ8dtfyiy/QskZAHi4sL8bGSk4sJs5CUTtOwFhHy07KUlBPhyv6U5BejzuSpVEl1DZr0sJcbCoyGJSqXCKwnKwqknA0o+AxP9FOeQcP/qan2TjnT0R84ZQi65ntK+F2rxwgVfEJzZSrehIJQAHhmiFT4hv0WKJTZqC/6cJg+jNB0qKuQmUP7lC6F7AlUq1DCBDpTMiJiAto0qkuKipzHJZ5nuFCLipZatx33uSdr1zPPMHXufxML5qRW1NNeApGgiAGW7WB0CmODetwnUV/5lir/Tha3JQZS4tWHC/XcNybEdzYJoL5pG0HF8WLG4TWo78qguUTRYNsyfxjRFoBdX+OvDigh5AuGpIHzioAkKqz4rpziW8fT4cNJQh7Lt+LEOYa2AbX/vok5B5wB5hfJ0tBGg18ckR+m8bOl69SeSD2Q7/LuCg3I3YbPK0XI0Fu9HYJWcGq/tJmaLCFLEHTSbMCnwaoVn638p8pdRA9q9Bj6wKI7If52WvvMqyjIjFU9ZHDMvKHuDEk7XLQR56sfGnnIdS5u/h47wG3ZQw0tr6p4qdhunvCgeC+n3v0KLvAm1e77mVPjaXJVholTeQqwpDbPzb1wY4zO4ccHhy1Kb6kewF8PUonUHx9394CjIOLQGm5zaRaj9x5rCWIZM0znyoY7ocn4ZEFcJgUaiSPy5DZKcpV2ZxYqfUwNZJ4foIbW0pCY9gkoFN6AX0onIgR5hOd5x2jdGMEV0xzBv5XZvFv0pr1aWlOciI3spBXBoqew5B+si/yy+7X/2zVh0PopBhmTIqJ2GmXV16FLn7XqTnKH9UeLbo92HM1sZH5uVyTztHxtHKDaMUMWlf8+U+EPmw7LmAxkkDS2nBJClvuuQL555u1GW5dNSsD3W113OPIEcE3R/U1rd/xHyuSZSBde7L7S+cBYteXuIy2Xs4YO1CECOVpTEoVepA4/A9JcUxPlrYfWaTTiLTjqOewkr8heiSRJUCU1SwNMvjPBv24Rcu+XqkRKeN0wEoVz3+nPpILDj8W2QNVHurwTgHTd9Niva/p4exgPdcsSlDQDBQPlodSI77z9Op74A4q3JRsErkpnEznh6S0YGKRLEJA6uVDeDslcDNH9E5M7+PuvnKVZhiKSnI2Y9nu/9OTKQF9IVzEjf5M+wFroLCSNcAeBfOh1wOm6tNbxk9swofGfz9eSlLSPicyrR+mmQD7+4VxI1vGsBjb6FZtY/uiAzg7qjNrUroJYFOI4jzhUZLanDk6n5mzJW7MDVgGzZar4sGd0qxV4WiOW988KxgXLJkZmeoXWXKr4iGH7bjfroyMfIf89R94rPyn9FQxygAYcegfNXFcDfdV+rL41byf0fNlNNmfj88tZjDRhBAb49kyMl0A/2/JfruIWhm/t24tckdui9G+fYPE9XUutlaHDiqUawz0EgTPSz7tLZTUT7No+/78ly1W2V4QtbbNR6O6ByeWQCeIyvo55Faz8jcDdU9w5B5bbQ6LS5aSUAri28lmr3jvyaX89Z2k6U5EwlQAXs2Yz8hMNeRbXuhxcjix4BcSv0FyfvZ7pvnuXi4UyZYO/xaJWQ3CawQZk176cDoqJRnYUrh+ADGvGVNOgIJnV3uD8lTf0bkwMZw8KnVaR7H/aXVgcQ3AvwOriLUNgshMahh2V/B4II75vuWag4KiZa1YY3ner4hu9AAYihRf/KWHJGbbuwCS11B4YRCw9iKOlAS/h3XLCtJdRie+/xU1nw05V3xcCU3CRQit5zyy91yhndnp6MnH1/1l/1h/B7c9JXJ2PeIW9aYlGHwEVCjuF5pwwxgep5RxtfATnkTwWprBHuyIJE+TL3FW6Jft8uUoJizjfszPuexZSe877mMebfwrnaX3jBGKkpYsArE/VC0YkpYc5Mgdle2HpfKCSH58J/+Sk9gVIXBLgzbq+koDDX+e0HL6GvQESTeItr3kTiI3ymVS70i3aAC9yZn/sK8/Y5yAc9zIDs08cqk5bmV/lp4j2VftLsGTUNdfg34xE9/zyVRW1aQCEuGDIu5RRaouzYCeJ4Mpy7dn7iMy4TPeLaXPWJNK5ylMDd++qFkA05HFGzvWHqcsB8WaR1ZdlvMfuDoMPXXAlk2pXBXNknycJbPaEwDVPgEXenwO8nNZ8+TRrxt2+2PKrl3dVtBid3HfiPm6qMCbyTNT4wpwSuHdYBX4EnFzx6xyp7rrfmJ9CXZ/q3RyAM+Ixy+CNTJ2i4tRLcx1EuYRX7kue/PLx9YU11iSL0ZY+uGwW0029b6ltCyKHTLM+75pPMFtwdtfpfd0UHguAXEDL2X0+hZAdIqvcbAe53gP8Jd/wDZcnh55L5aE9JCsBnI31PXFCV2o+9qYSURODtJQlXLifyqG1+an4XaBfAkhQkYF3Y3ah37J/m0O1azUfaGyzVEWHdTg6xzRcQJvwIQ0Hkf4F16H4WiGfwnYWCYk3hh/QOf4aaQFuOfT8CfcG4kE4l1sTnziLAh75MEvNn/lw+tArKyHPMZGbY1StiR/TOJ0vq5YT1TK+AyEL5ej+96BnHeCsOpnhAF4Wj3wjBzJdyS7/F86kH5f0HAqHc4kWYfz3Pc1IubLz/KcAtijnI0KMKiw2hFeBbiRG4tF7M4DdMFEG2992OW0c+7M+oI/y4TN5hX/tD7btVeTeAlqlcvTpjjOCYubqYWUamMtxEpiTyLHIymhy1XEBL0zf9m9YnsKtXAFSbiJnHk0za5ke0SKjh2hwPS4UlFAqQqLcSrbyGDRoT7Wy+ej92fsEXEIIWAqM3Ys1RE/vSkGyXhl8Mc+PpkDy2XL4ub8ENX9RvPKjh+un47HyrP2NjvhI52K/UEGOGWcVI4ugZTbRWAhMRzl1rHYE44qA/5awgOPYZcoQc1ZBBIoIiLj8oAz/DCFVpYz1mEBguUwHr2YslVq8vGFjrlD/YKd9YDodxJT83YLjLn2LA8VNJ7cSPgRgG7AgHlbrYeKh7BUnb13ZnTNFYUZJW1xCL6ZV8aE16pprmvSLo2MFXUpC/nNAqNweHAIjf9f4th6SR9yzi2XfrF50ugr8VFM+HBnyq2Ag0w2iGgwsioRTP0BRactWKSgwCMKboxi4t8MaAw0N7N62z9H2Dtjawb905txKghWP6KGMf/rT0B/O2AU4Zm36ynOBwrJEMwbg38N9v/vFRmabyzqFv5FguywR/PQcB2z1pyKTvMQZOvhL96P2PHWTuCPbKQst8W0P4t6ADLOUYAsQy/Or4OXQqckVMRW+GDBcL+sTrBiSjX1eRiepChAulbxLdvIM1wgcg+3SLtQKxmyYly+Kt3ymRLMh9ePWzM0aTUccMmHANUHUfYKDk1+QZewwu1Xed2n2HekvyiGrYqii7HYAy2A0YDv0aoMg3gmK/veFM5FKH+KcceUtMqE/Knug1bUUiz/SNSCrXLQm9FW8lpN368x2bd0MW8IiVRDT3iB9SZ92dzexPooDcFYUw9SpfDaz0hLxqFFe+p4hxklO8ruL1ueeUDqks/BvCyazS+NDZVUSk0fLxYJs6Ok0ru+Ji/QCI17OztJoHaskSQbQkpSgxSD0MsRVabcaP1zyZnsE2Mvw4Xm7Kin0mL+3ch1/huO6tpR7mUzwGchFIF4yCsNilR8Kwuuof5J5GhS29V2ACFkOzuqITeD/0RDLEyy+pDz0rp4/MY3Jvt2TLT8Plk1uOzZRrlqX1mka38A67Uuzoh60d9xydXpTSuyreS6eDXQpAXa7OakbDZEHOeBut6oWiT3YxJ3pRgiapuYzR/fbGvDI3DOy9HM+01vg2APdPVh2pYEW7XGF2enADERnEIzIuU0VjAwhO6otpXCxbJQRsQqSeDDywu2P2pdpbKlce0juXck80qbOLI1E5QFp0MnQSZ/nEMTYvhVAbT43guvjLBkN76XZUnRF2c4d05o21ElZcrB05/R9pNnLQD41CiiBuWWouwFWoG0RoFLuIooZzi60LQgbk2aEyxzsPzeoG7HO1XfVyio2/dnK+VysSNGguBX6XspwmVasy+6rRXXqdrvgXa/lPDDNXuFE0HxYHwI6lvGv5elZuVsvlnc1ahx9gqas9qqNuISOwhKmCT5A0+AGX7zENOWtUPZ1Pv9EJTEidxPQ8H/hEs0bog/UsR66ydAsU3RTGlOGcpIBou8IWhg2I+NiM1zWagQqoYI1wL7FHMOTkjyv1ZexE68U56qcpnLHIHpNQhmekAKUEo8w1rB7qQ+UAnILHdG6U2xYOyTUByckJta/8fNi/FgYGjWJkhh6wpF2iZaAeC2IPlmGkjbWScPu9XBoGq0BgNN5okUeT73emJGYRw+XB7gIgBCxB3t5ouEdO7lVsty3B63MSVwhNByuvUipcBBstqbin7qActpjFhQs2ML4fKG20x2xzjcrUxEVkMGmolV9nB9KfKav1nyQi51dxWIEScKRTklbIwTOD2u0kzDRJXbYEHYxc/yqREfiLG0kG+q/iSMnccPqdpp0VzxfL+2xP+JU+bRk1vnj3k5DN9yktlTNDBbXzT2CeaSHsAeZHpWgZyIU0Q8zYgRG0Wzr4gF7QIM9oRG534D76gTWBdVK9pAO6zXtEFTwj76iwFAybcDnuS3dlqxZ8mTo4HCPsxx/Z1SzdzFpu00fEJHJkZhAOLUU+TaNunIug0GaSF5jb/s3NNfLd1qIr7Eq0afTWUR++DszaP3XHtk65pV/oHaOD47h0+f5T4ns1dVznkolNyyGhGSbGyBNTVtajvs2jcE3Ya6fgZDPGDgsD48+qQj0Ld4pkpzTO45jWfXLQsVN4CGjj1yqym15iCPKRLQ3sB5JCNXAEjzIAgG8JvgFO2A3WiCgeraNMaJC3EUa4OibYYDdmEAnr7+ZrJ7MMcKCeqYx+0pbDoUDzrjSqqv7ecWMq2nKm3bIkQ/E5PxYa6WciefE9otAW8Lzao6Bpa1uz50ssn8cwQtDW+1jvUNGnvFa+0LKiClTcAJPX/HjdZmZRUFbOXbo16Moc5BHleBNQRpkpaUfDT2ljuNadGjL0O977Mfon3YHL8Jwd1S4Fr6w7R6wuGIlxm4RqZWDknrVxpKwvfgf0U3p8wS11RuKHWmGgtrK1yIiwMJ3QRa+5Oblsj0nisgszDfyRLArpSxaCueQV6Ri95EQs813PMtpvEXT/iBQWQVj5l7IlN4x1XxhfpsdmHirrMmnF72p0kZsIljMN2JkVsHcwagxgN7+8QLgDZBEHapHFG7c7s4TWIjD9WL3xOEKkjKq3MbKp8/ona69Y0yDvulICBXW5+qfB4MwCv6EAhzb23WJcrHLibdlVKq0NiNw3RXfIZxewKUR2rYcPNlpPojiXDxwzZzJ2qhdd/rB6sTdkN7cZrsIaOyoxOYpR4Agb71bS26ap8+3JkUlz+MIwBR1zhvVglrr0d8un33s6jjAT/0cX1F+cwsKC2EWV2UV0bmCfrz2ntq/4JrR4f+iseKBaPy6nVsC0sLhxziCqiTGMqXHJQFQvL5JIocor7bd6IDUjPic+N/+bdZiMUNqWybZ9zPH3Y2rEzrvkkVC6bD45/kaxH0uK+fvXXZrnzp3Ufhjc/dRqSEzYtIzUA4x1q6QQSxIBvZjQcLV2aCm0Ullohskvb0u/KCCLa/DQa6hPWI4fE3Nu3gnb5/hy49up6SELREQWAhj4JRWuCuTpV7UImk8XkAy7tO/rF2Q0h19ZRjUms+yx9I5Bk7JzoeLL9wt4j6+BFp79ev03WokZIzMmE0uMpzbjRUq8e2CbwcjXmHJES2I2VFNUmcET6JNUWAhxzc8J68NDHwnKUpH3tN5wKIquU6axtT8791bWfOspCGADbQQszAtMAKhhSN546par16AMDjYGllARDOoHK8uBv4jwXI71KXxPii6EDUoJiSj9SOy3b/DwfLse733M8JBRfRzC6x3QMjtiRAoUaz+0OZ0BeH7DSIHq2solZrZqE2zC3grYn6J+lk5K9vlyvpAUZYEWRatpHF+6X9RuoRnIGYMqmYJ8VCTb7gQEay1NZEFJ0Iu0eCbAjhMQkz0KKDbJUPgJu1GicA8N23Rub4sTS5uEwpmD+mmEXJ3jqpG4bl/0EYYFrQatd9qSTm2ga2yIjK1m8IZH6DYPZBJgokGeg0PSO8YG6mpfs0CBZ9YEnslwG0NJPTBjz/GKd2V8Z+WDmQKNZtwWVu3GH/FSKnhMkSI9ByA8H3jAwzc29y3N3uTwMvMCJT6gE+o+dFXMnovuOXkMv6mpXv/JnESGqu16nY1Go4Q8mVrmkwcTmlcy9nlI5CJEuL1+P9iauSkrtnTSdNYDGBN9hrNn+3Y2s9xMZDDeocNE8K5ObZoeAXN+SymjDCiR8M4KHLEeB4Iim18BIjeRrEXtN8RomzNeBG7OyNkZ1GaleR2ztReNp1v8jmYFJVqkAByL8RKLVKA5eeeZkihoR9AZfNTF13FGfuGzmDzxCRvXnFSYjvDd8iHdJmaikKOR2DMjsE8/SREjPSFjyVoo14M33F3KBhSLMibhrMlniRQH7MApwlSj8wtYHYXVxLs5O/qWrlTiynfhdMKkNF2pWkZy/oEVExsMNmleImt8izgia/G0Ol46MZ9cTWbAg57Q9KZjftZCj0p3FBXeyJJBc1WDTWufDdRKs68GznZKp9RWZQXFmxjhzoHy/Caj0ZtDy5JdlHkPqQ+zDjoxY+xlEl8PUSLkQP+rfQ5afqQo891YA9tgvJ1oni1zvSbURxjJPH4lRu7KQC51FMguXkUTgy7wTZBMVzLqGZPABwBuJd/TMlaKrUD9zTWLQJY0zzOpD6vP21n2QaefFycr9y0GIWs29Q3r+9zBJejE/SQ2M3dry809fmnZH2gigGDfj3gje4HjEKzdampJmQpjI+UPhkBrodqMFnUy6Y7QQVsOYNGn/RYcj5p9HP4g4WKAoh1YxsBoCBRC1nV9dN7mDnxvV3Nefx7l6Vj4aOI+6EhDLxtVq/aVVkT2m6cmfyRmDes8K6CmX7flS05MkmzlTORu1svtVJ8Ec2N0Rd+S5aasCNCo50gUw9GFC9frVZrvZgq/lBmfp447kV7OmrBMM/MxcdqTHeLlMc8PPzDLO/IQwiotrXzNZpC22rpybC4QUobzLsL6bxOkVBBcOmS/lKVdWCcgBMW58+lyfawGIqMQrW7AVfGQ0unuuwE4bIZ06ZbrRffXYjCjv5Ficia10oD8kNFYTtNJZJYb7H1GvgIRV9A18frbbBKDwbIXOiOdEtwa6lQO9U49aObGN9gF89umXk7YBvomZKRU8Eh/xkyDLmvarXruNUAT5HUsBkf9yQlSTo317Kv1Ob0IFoIM7yqmHpj3gbihXXROpAZrVpQ+Y3OOL/DvwUb35Yn9lxGn39yvScSqkCc/1sfUh7TFCuwxvgJY+7kXMW6S4I9tWOgHb7UB1K/h9MKC11IcArPloBoM0XZYZM3BEkUN/TF4ScK37xyfB26xeE519/vosFM5Oc1J6nKDvSickTG3qiQ9OqUhXMrzTntVkfVk2Gx0Ts5J5rHYSjqCLaohgdwOkqOP6uMveA/zUfaPbH9r97e6FE54l5RgR6WMeMKWsycBLh4shJiIxAauQNhLQQwCRbzwXMbXhxl1RBR+86RNq8vp3hFHdBE1KxdPe/gXLK48ZRpbikeivd4ZMelo77UX+k9fBtsXmbDZWlmO2AuNwFgwuFDlkSgcsCKyVyevweSa9BmOMcccwdLY7BVLjt02vOwDiG3MciVqijKdI+93dHsOTARgI9eSTvmDLGegaD6RslvcZw/0gJLRKZhqvGpXjssFgHkQpIw5c9cZQel7VfBANCNnvLRyaGBqPlaw5gsRunS/F/azVIrq5Tv5WVo9JRYGftDdX/ZRFDegnmJ/S4MvjABvivdDp6VwILnncdb3TEmoNwOTErUFxahAZ8o0UWd2BFkSSA67mJPikjIs/ZWBp+sf7gsm6wPpTg2WToGoc/R3Bubjd2qDZUec7ieyxEc89TgP6iGA2RMvRZpxYyX6qiHCECjakRBO/qX9b/QcdsCS1d+AscFUFrcct7hoI3M7q4QfrHy3cvdkx73dnU+qyfWrXdXgn5ED1g1rckQm2qP5T5QpV6gZ/LOwgfdpdJ6RO8UaWpDcWJUWXdbPYn8xYwcR1k9eSW8/8kUfBUNvIbsLFMmlBS+DYSx0j/fJ48TcQWtGuzBTaLrlF+Mg0xqkJuiZ6vYhEhlonHxARajrCPNgqdN2zOm8gS+JxIkwTckUdqVuxJ2PICsmrMRpdNneK2mz9cjOIY9VyCaPlgysjqqTXFBqJWtRyPMinDdpR7+lNt9htaIlh2PL0lmgm1eZsMBD5jbkK6itEx/JNWa1sS9J/q3yQGR5l3iZ3BqpCv8tn6/hnz8yKV1Cs5It1Gyjx1r+bqC1RkGL5guxIA+zG/yUBGnzLapfsl5/TUuIaCu6e06szRVmIrfQUp4IvMqqADuxS266JlY+ocwcPch+xfdgnOc85XwwygpOS8aFd220lhLzLDKa8vvoKYuRH1ItIAYs9yxS/WazGuWMmzXxTiRi1TWErYSGCZF2EIvXd6w7O1D5xmih/JHcXKCZ5HTHuOZC981ugkbXSr0/JYfqG2bypFhf3i0qbYgvmS8/BlBcKGGw70q1/MX0hX/L0KlqcocbxryGPSgJnoc9TQI/F2V/suWzjvupW9LQSRRkvbUbU2Lgt1QNZ1kfSuz8az/NfBhrY17TpxxjpY2Yz3CdyV7GzVP9E78KMuUzcZsFtuHu6pyfXAgnfcHTyaxUh4KQHT5jcjQE6OCxZlH+NGi1UwtaKiqzy1+G5/Jf+dlwE6f+fk/IWJFtK4gf2v2adQ2Gl/Wbu2Z1eokYXnCxm7BFWUPYUZkX/lhf8HG9F/RVk/+QagJ+o6IZa7cSPY+nvLedkGJ0n+w2QIezRxeAQTEHJyoV8bdoacOrrRPCQ7AcAWcHrB+AixOs6jv7vd5S6rCaF1LVw347AQX48JchmgOrEoGKE70WJMxTmyWH1TOQKjWWmeB5TZUcRtCxHtiF9GSVULl6WEUa9+InczHDnEn62OEOLkQ+R662kuE18hSuq7E29W8fVpMmp8aolSca7bhue7hV4wORDGzKZb/ETt1IxyekviJdCz5L6Z6oeh5dvx7WtpUgJAjSK+A4UiGyhkBfA33Z5LXvOSx+eh7+MLWUHeAs3+eSjnytZ3xqx75AXJfvVOosNOL8DMfvD9tg3xCsF5+oUIwM3eeU+NuKfGN7QX8yL2naSkhwRa4SsmtjN8LI0WbeOQc/9tUpgcaTWs3bCJdkVe9GPjPO9QLObXc//R4T+6PT3/V2tX0LJCRoPy3u5xUIFEiYm9OzlShMOVapZD83v1MKceS+Snl7fBRl3wmC5J2PLmrCLFjt9XPyZFmX/Vrx5EyoPrhl92mrE56/Wfoj13PjlInnIJnyHtetBPlQgTzVev7dLld9WFg6Fv6beiAnalowxPXmnvErcjh+vgr6ajm+1hFBf8w9ADnx8KOx7kwTqQQo7hxN9okDqZi7zcwOq46qs8lgL8FQ/xUo1+ttlDogiypJkVvlx8sDnI97KRahYnoRHNXx+sQDELoG6E0F9r77Jfjs+wp665wSCzmCJnHVgneeSj/g4pmQNy4DOFiMT/Rc0Gn6OvSKB83QD3KZKnXT9GrYdPdnkn75kshIXOokv4h7WxZAXHx+Xvl1Z0fp0GHHxw51u7DbXluv3Pk7PQ86kXI9Sgn3LKllNdElJfSvaauQv7PCHwcbQdPkkVNZWLCmKdxqUwOb/Ku11bJaYOHa10+D9o3HE3q3n9WSvlA6zbwtbVH4i6NvYMNHRlwol2vMWf6AoLeclqLfUVNyjNaIUC2x3caPKVTzaq50Xg3QDQPtZIaNx02o5DttqLk5dBICxqOaxhqOHOXdTpeVJDGNeNZuCdQ1b5xY0geoSEf7DToVi/SGqRVZfo88CQMqUrAey2twxy5Dekdh7kiF+LKnDQ9XyGbRPET4G4db7og4VVsl1B0RfcstLTVNGsvfkaeJrYT9tKitupz8NKWRfSWegRfouD27D/EQlfa5aovI0eQFGLh9OeYIQUKQe/agi/0BgyZDfg/5UP05IJKzBQb7xm5wGWWp0mYacPskLF7mHNRv8YMnVQlvQWCCqmzpYy/UGjiG6wWw78NOj1E0ATlv1/oa/12VH/3ysPZj8qTKIZkN1dM1plMJdAP9lFMKFXAn9EO5xODDHc+EHCTanRicVkblP61Gu/nt0V4u2C2K4IwloZUkAlKOcj/DXo5Qa2M+WhOh/O7KM8q6Z5KMFnnPeOj2Bt12zFlmR0itvDek0BJnvH0UyP3TaPCjGczQ+YlsJH/6mBi6SXCCo9gMd6HZHY4CKDqVltIOEsao3ECQlloU/WAFueULI14U6qNHJNMnLIJZB+IcQgOHigtp9c/IpLU6PwUkkUxlF/wjP7LuRd1Nn0RVqvYRc+i/vEOxEeQssmpGhmkb0NBPUOPZ0ajO2K2Z/DIgMCgiMv3ri4KV4WBa04Qj43K6XqFKh5UO+pXEi2r6JaC21eKvj9A9T9KjCIQK8MAsYfxe0j5sChrzYJyA4Z4MPIXMtWxctg7CWTaTzqzNblbXukJJWdUdrJ/2Q4q/4PlyeQbI6chJVHB0fNTSepe/P8nD6aPKWiKSM0LJ9faOYBUGEU85CqtfMCfbXnyBr/8g/sBkWKPB4uuXj7B81bXmDcA+DHRNbb82NHlvbAaHz1+kD8wu2kzXurB39FqNdnIiIT4UwPvaSZ8UJusZCTQzpaliNnLqj/bEtam4cvLlcbI/55/zl42TFdVom456HWSbZqM7CgOlWEjOMFBakt2KtsrETSw8YnpoFTQTWKXZaYrxFCaiibv3yrqI6qxLe2b5zLoPpuRuEhzdjY9PR/dT5f4NIbFXiW9rN++QMi9GafMHazH5k/qHm2nulAamG6BhBWnNtkaTcmLgGUNJNzBJB518ONPfncmlp4KPdcfrEdK7Riz3NgKrVkNpk7hbYHvNjEzzvSQIvEDJwtJztvXjw5dL/7qV7xWwYMeS8BnuLOeb828JZDK/ZXR8k+u+vuFVhSa1FzZqJalmYbQJCjgo/yxpe6MHYiTBEkfTS64mA9Pd/LCTF4v2G5Tt8OUrIwlkSkxuY0ksu+oMG/7snYYdo4YMaWNlYzHYFy3qBUgXzmn5VtTI6v6wlf37KVtXlva2jInp4iZt5L3ymb9l+PMnJJJGkHL1nioTJbpm07pqQMbbJefjhR7Rx1D3PNRs22dF0kzxHJpGvPtVLs1fD+qj0O1t5muFN13og9CJrdjQBQtaH7Holx+QSg1ezPoij5Ij8Dj5VyNtTtFRldJjNiKe/3PqHpT/XZYLB2MTR9r/l/+k+g+MmbG+keO/JPv5b8ho7cM/ZP+0yP8peP8XpLW+uQ1IP/MfADpogDpfiwm90iPdgYSA66WiqEc5/g37mBIm0y6BQMTwzNc//y/TEf2HFAdja1sn43/VTf4/6Ub8f8XaOpibmtv8i5Ly/0lJ8v/qEP//aIv5fxTnpG/6r6piWa3+GxDhPwGF9J30/0UtLEkz1bSRyIUPQACAe9D/Vc5/3C5o7mRu7EjjZm0VrbRpc0AH761r/ts/4WknIAYBXlahUySxDZKssqE6ihPRGo69LuP//ZGtBSlue4F0NpU+ns7ImJN9+xjV5VevUNmOCgsY63egIfbM9IqDa/M1xKn79UV/qCGNreY6TgU/Je8yURlV7TicpOAWz2mi1+csU20iTE4ewvowbjnuSRl7tG3DuiYMZJ1zRgcu8HG6up1hi2/ao7RCP9xPqDDFHbbISI9iyAsrdBZrwHO/OE70PAo4c6fKNxEkGtSUhV7v1QOmaTIz0w0zSZWyRpdOvdxMv/FUF9oSzRICMZOE5glKtqKHSarRY8A+1S15TqQWq6YXYqsqgqpHccS8OI7ldH6is5evGrRko24Hq93kTEn4R5xLYoQnd2gA9356zlQf+f3chAkW75j8tGD82tR3MzR6ao814hkleg39WslcyBnBc0Fd2vk6D+9GTq82gN3E2fyt/hNMO44NT1o7AWdMAtV4BOtjacp8jBBBhP41cR/4mR/tAwK4PDcqlOCvqX7fe1kOkiQjfLU5LpOlOarVS+jegRSm8V+34IuV5g6JB8t4FkGsQGvaVU/Y9fAlSq2MjkAZ+MHkyMhJcu8mN4QlhsEWIKZD3ELVjFR2MtNzbjr7NrVtxK3A3j7s9n4iyUtb+dJINrQrxs7c+Q612i+ZTNNOELumWEOTljZwe4HlXB0xHnLrPQ7aLX3526Mol3wcVB01FQYw1o0jNrzPjDvYWzQBXtei8Gyp60zrVrdbA/nphu0q0LN46BsURpvvlM1RT3JhR+1Qi1g4mE9wb4GlYocTz61IJmZdhPtvCgY7u9EqTYMu+yOir8M3UW7aZe/yndatPm9Se/OaGFXX7t2GBY6m4uwd1aQXLQ7Bq6yPS/1cmW62Hq0nYAyyJnvKrWcsTMZt+DJU86aKFx9tgFsdUqWURNj9Fg/wA7OpBLQvuTA03Aqi+0UiQF5YUoQwI0I3NnfHxiqn5UCN3YnqjYB4NzmRU2AQ/eWSRJryTQfqgsV7z25S0gpUXP/ff2cYKVuJE/Q/dej/jSH6D8oYWxlbG9s40dg6GBk7/E/+wED+O/VgPjUq3P8AAFT9Qz/s/904jsZOTuY2pv+dfAmSloD0yMGvwT+hcd5TXJzyXnJlIP0pKH87polcmfaIBBGzP24xOS1KnRavx9lJd7vH3V7Ub+cRqhRFZO24wugAqaOUPDj7M58Z9d1YunsxoQpFcbJ0sZPAkAU2oofYGx570OUhRZcdoID0LS6gbWEjQg4lrO+Hv86XprdarvOkwUZszBGF6b/d1GuGYC1kklxyLP+gkbP3D5JRhsAxEMOJZ8VTUQKTK/aHBaWFQ6YdMYyIPWKQvIV7xgCRC+xWwXbBMbbd5lQYGScJiiQQTQjKKiDooICUJ1TFxQeFNRZN/sj8YhYoeLrBoLl5jKAt6oiGLqluwRVznz2X+59b/PSk99agxk7OuC/bjoxkgFap7pnRwkTX/0Rv2jXCya5xAnorrZxhNOky4300goznyM3WgQuSuGvYpQCFF0NjTqATEkv6H93TgYxTkB/sOwum4vjcdbJazhTKonqAqbg/WUlHA8qZXYOeZ9JAP4HOa07r7sj0erfnef2LWT6Snv4364r/n9+Zu42+tbkh9f9oU0vb/ltavE6VSFUtI7YoOCgAgAZ2AACu/wqcmEHE6J+l8M+FgYb5n7Prf+/8byviWvNTdlMM5xc7/Fd/poOzn8Kn1xGTgiW4wvVYAmL70rxZI3rU8O5grd8QaD3i97uHsQWJEw6SeJtSoQpw3LWn9p1nJBe9k7enA5P0LOSEambBv4gyI8hMooFOhhZ0YfTRcD1RB/vq5kusoSlXUSXL6OgiDrkvmo/B2HvgmCbSYEFV2QNp9yCLggizkmowkUFFny2CtijjPWaY8WRzU/N4RanhS4CZSVqVN7sLM16SY8QhqwGwNEiCbNiQI24JHlWNGVmzu7itrag9aKSpbWrA/+nkTEtgT1XlJChnYE/iBo1tGwAs5zCtwXAz3uo9Ht/wwLzBXARhJUwQRooojVzAoCYKBWTID0J9msgfXa3nCok7jhpsiGuT9ZgsIgD8Ut6sw4Z4M9mnaZ9M5qxXv2ahfzfK8Ib3yx+979YDlreCujk51RoykxNnATxV3F5knUgSnduNOxhvBJg5SMIm3pIGpxGCZuy4LI3kae/p7uru6OzrrCrlAppmHFq4ZvnYX5aLkfoD+JRuPeCk1hI0IzcZAuQdcJR8ejOfS3tas3FJyl19+HbPg25ihKk3PDHoBzuW9LcvEYKovzG8cl3/jCOjWpBGMHajpRikpAS9Bldj+clEg6NDlQ0qJoT+1h/9lOD23UkAjseLi+PTtriDs07m4jvoJO3yr5YoLg9ODyb1mKv6CnmFQT3eRvpGwdAsG/l5P5cbVMPyHRXNdn8o4GODIFnF6bm+l1a7NVmb+/bgQO0wsAvoZY1C75aK7rK7IBfsA1vXGsvOIqUJSmd0ykghW+8oeE9bj+bYbu66C69x1diC9Sx3u0ZFn3UTCc7wO3fI7TCzFqe7r0krdgo0wGvLZo4WhfIeiwZ87MEXzuDrQcc12+T86urPatOphmsqa0Ryp7r6XCEyGAQMHEEWE+Y2rPeIdAb74RE0mh7Ydh2yu7pkzek5BnY8Vw5y9Tb1IGuS5JxdS7cNe5OBU01tydIpTqTm6wVe4MXaMwHiREm54fqDt+gLBMvxWIu2bKN2ADUBvs/Ywlg0pFaSFR56xoiszADaIyK2WNwQEUmByfKuekpLrM8EQQI3RLwV159aNBjfiQHyWE5pqDgipiUmOpOOvKUwrMXwrLm8mGuOmNuOmBuMGGu51EVnVUfr0VD5XQjtafysmw2+5awxZq3JvJQ4MEix/rTztRhjzpgb+LimfoU9kAx+rclC5EHSvDSWkN01dXxzBJp6poNB1wsNPAyNohc2jTu2Czesaa4YFK4YnJe1upSRYGfGOqC7aQeqOnyfvUx9sJR9DxovJ/LYUnSvTbeaRxnNNiccUxiuQ9/ywH6GM4BOYCb5URBOFqEll4HmhIy0fGN5ygDcO3mBLzdLopnLvIF9xooePO9lCAxFTqF5C7AKDxH7sAPkeU4BpKQh/pjHtIbtbDeu8QdA4/fgAFK0FSjjhGFIQ4lxM54ZgQwy3qrDDkMqi3tvjOiY38RjVf4U7eubq5uyi7301AoH6rqLv2KqcoyhWTqpSX/NWlboQawnMFYDd+YA/6Yi+6d7RajFPyaOUyE2bbjBDVNJ2vGDyHeknOyA/7VVRAtDH8JE+Q162WiIHgE+GMJDVW2CwwAdbEt7+Nvbow3gztH3Zx5mMcHFVQCjf4vUmL4iCMwsK76yUaLQgT/y43CH5/fB31PH/uaaFgITTuz2hmg9GLFUfiW+zEkrUE+DBCKXILC47iyo7OBP67D3E/IoO9BPCorw2JW4QQhi2sUdBTIklHcI3wh7wiVFDXMAjowNMnTRt26T7ikWq9Y4JE73SThhE2kTtFvFy/wpu9WeIuLB33Mf11Ofw2ZLMvA6mYiME7m5sD1kYT+Eh6sUVRTb++mVOzMBcSxp4e0/8G1CwiEldTZ5hPWAd4+PFLpfSLzWIWxigz0fCBvp5dAR7wr66u9gKrqmRViD0lHhwkYebh8o2Sfrt0nIZ2hG6RRMFcIs9czHNPquCwlAyj59QCL2sOIxivwxeJcgW/SJDlkqM0qHvKvnXTWnDzSBI6eAlV6nxOK2wZSe01oXCb3Vh9qNTauk/R26l7xGVViPJQcsQhR5jpw8DZIS+af4fmGmMVoHTwUW3vSAU/jdh8YpChgLdTlRaBhTW3veLAdNgwaylla4gWbNbHzEWyNc8nfGU/mYr2Wwatr5WpVogFTAV9KMNzd3ChuHRDXFuuo5yeypAW3E0mr+oZ0MwIhv9xLkDe8S806Skb5zMxKlrhw1fivvYnGKXs8wnBNKcxA5Yer16xPQNnzh03j7MFv7bF9BnYN04350k4MlWfv+FsN7tMo8JviI4vvyKD4CGidd2XQj5ovAtsLoMMC9YvNZG0ShutAXwBEGtcRL8mO0AfojGr2SR6reSIhjTzVy4FvOQbHNy8MGZrrVVSypdIW8A1IqJcI/VpIjDcUggmzgD6Zq5biP1WlzgI7KK6/ILeTSZ8pqFAi+OXJhK9nL3to+XSK2pndmKlFBcDfXq57ZkLXN8FqKM88yB3xrCSaYWHywp1imfbxRAx6fi2Ni3P1fNJUtVAq6H5enJLuvz3t1ElHAx+Oip+YaenyCfW7MqkiHnmrnt52aKyPSNBvY6p3mmbz+5S2WsC/Ms9Fe7HROuqBHuGM52GgNtuc2ZvrbLRA6rdqMLZvN1y7XnBs13u6hLUu72zshydIX4kSTD3IXvimIO8MNlZQZt5vcECx4CrsMyIuO2Z85S10987/HjchAvaXo3OZRhjvvdaDJ+EDa+NUo6Rb8enM4dab5+AQwglJD4ErxTr+WspB0rsIGwWeEM3LmX1R/nbjiP0JuyUPWEwkgLfdtvVgV57Hqptl9MB1tBluRB63J3mQuMjNq2ujA5n2MYRU6Sji5zxHz1MAjk5ZcmdMWpacO8GSA+U/5Q80BjQ5e1oH7UMgUsHgqodBY24S4EfT6xAH395vgD4o4cywFpTd8ZA0U++X6GP70PAs1QUufuh/P16QM9TzZAy8aG2eMcoEK+Ndg1lCGxc1knLCVmPgnE+As8jYgqxlvN7RVatUeb3boB0Lr3vCZW3YftgQZX/sbN9EkSQLsNqJyW2CsutEBWk9/0pDrcNGjjt3jBV6D+aKba9RvN8FyUEqIfg6+wEL4R41vDXNJHg0Sjdscv7p7zWOp1DoehNoae4E/Q81H2A/gvOj5qLS7k8oMQano2u1Nz7vDZffgZtv2Rco+xOUOjf0WLIZG03TvPl949KHoeLqlkMKHJUWobuG4HEUshEclvpkgiegeBvBY3bDFeo7RzfNOIv9hoou/4Wd8sQbrZneXAsQJ1zWRbaB8KwCLqUS3IctEAHk7OJR7CT+eQMlDH4wS4I2IujZ/ROnh2u5sxjvqDKZ9XFEboMspSeMQBf4bQv93cf4pGW3kAzFkfO8FrHPQAH1ALTaYruSAIxJ+RMGpE0qfaXhxEz7k0e0GMIh+E37EERdEvy9pXg/NGyTkTzlsWL23pCaUgZNo4yaeiVsbtIFU4GwrlEFezFcz3siLc5mAJ6hBR/q2QZop5q5BGqkh2oJ38JV6DLQubFB9c4+JFcqA0i2o8tswLMwiQz35poqQ8eSg2gtZfgN2ep0eJspW+Nfy2/DGQSq1j/v9m7GaAG3UPIQScY8am153+GPB0PgXOhDvQW1maagK9uJazypHST335a+71CD/yAF9tDUNzuLZyT8VUy43qUJeyEOu57QQoEpm8NEmpluEUaaVBfro/WpRthRbi57rKXiZxBXqrvWge+oud4YuCA3aK57JyP3IAZaO5+Y1ExGz71xJvF+4/7nR/hSJUtW0uh/8b2GNIDAAAOr/ykb733wt5U2bTTpob9w6X7qnm7WZYunIIZAV50G/nbqiTi4GxGzwRmLZhMyXW9F1GYNS8jowwnF2riQxHI7GylQCuJx5tfLlLOLANJCyNhSF6tMr83firIbKp8NQ9NWLhTxn14xf9Tz3FCygBArP8W67Qy13dOE3qlY9uz5nBHUYY2LCAsZ2E+u7yOTPvWsXzrUY0I2qQn0s0vnazk2QXb0/+Uor/gdjgOQnUkSJVli5MIPzw+sUWKMBoXQYJvvgIZXj62ycvKiCKEkbbeyZI6hIH7A2jKYIUCwbiGmWsO2/E4AgIDPrp6ofSVxv4chhJHfC9X1nE/vZKG6FesmE2Vn8NvXENklkzUo2vt5kx3ypZS3SCYASupBQeQ4e+327Jcue/YDuxnW5D+J/98oM7uUK/qjK9qVHmMEfaCeUIAA/c1FxiDo2OKcePFolVb1RDN2DD9wj42eRjLNlSdGWGI4x0E+VRLfU/tyimDKMelrgSm6+BFt/Cuz2qC+Nr2vVR64NVksKajPKFETD4hnBTrt+acYPo2yNLTiLeVQx8k23bgOeqSuyOZNEZw5yiJHKVDQ45PKFVyPbJIaII3kBuwIzZSZGGHYRku8Zt9ODH8hffmFI7C10lwy+6JSu65CDygpJuRhnG3WOSjpDxaCkMnUywsmR3qljuBpGsVC3PQa8XtZETsfixEocmVlfwKwBX8exuD6xvPsQda8vnwOzqZ1N2F3BPAG8yvLu+XtSf/8gwnsJH6MKYrbE8qAF6rArNzJjJ5w5EwrsK2pdSrQz5TfI9pUabawVu8Ttqg5DSmdcBYsKyWYCqWM4HiX91N//WFqXJwrJdtDaixuPnj+3Ht+qOwG/AHcy+cgeLsUpOtNHfpjJ6tUJkXrnXlRgBrMOmB9Eo2zBjZmba/b4dDIfEJaUCk3mD4G8o6H6nJ4r4zqHonXzDod4zpL/POes3Jh9L9jYRL8STGoPukpf+Gur4mY7Q7tYdefDCAsaS+6fLmY8/+z/hLw/YBzP55Lt//5LruQTC3vV7KXuC8t/WqH/FPT/RKJ/i3EoR9JDDtJBC7v6x8TP42QgAUu0zBXjN9IVoBC31CNL2OjCFMO/3f3c6bBYDrLBtK6LShtYa/FIpbTfLhlc0wZdJehQcUugGoc2CJeDw922+IbWodTfGTELtyUiDBBkfOUGu4jvn4YUl7AOoP6fo6R0/2mGZk5OdsSM/P84zf8c+nbmNLb/dP4P/9la3+6fmZv+S+i0z6pdpRGBpZ34f0SIuf8/jPZvz+S/APjPAaG32thWvX+MFjLo/xod+K/I/1cb1p2kaZtFBx+8S/nMi1f0NK3XB9o4baPUHI1cnlomXtk1s3FYVThcskc13ls7rtNQXsBUvSHRZZc2+G7CZefmtEhV+Nel294FwxQimrBpgdyQtvR+9dGQ4KBwfRI1dGE9vB6HEwaxUK/hWygmJfj1mkja3hj0jC6+RtwT7LpZfNDQmuZQ+l7a1mV4kI5IML7thmGafHohMhZ35ggQ858PEE7V0N7F9NBuC1v06Bnt2ifjlYqJl9ESk0kwDTCdNMMI5UAcFKDSSVAyO6W7tmK4MRZMXspuy7T1YGAKmRaxal3AUAEu+kXSib1Rfr82dhOJPfXGn37aOss8bP9DM5hlkDw2aJKIG5HFwld9o2/szKL2hMcABHFy0qoKv6liOSG+caEUeW7R5hceJ95OeuuUN/K6kcb45zw3xzjc0Ev7g0EnWgPprtqnV2mypREM3JBnlAF7Kw5uX197HNFsxx9kDt7ow6cdf5Vmmirh3t1plSxu9jHmoZqX1u9yQDjznDunQlzvXJ8XHFA3EOlPjA0WKUU7dfkaJWWFnGBCeUB2UycduQzVZoPZUDUOiMngy2+huYwSX7MpXEaepI/v8xqpU6vAldxmMtyStxuWDUo2iMpHWGYt2m+XZpZiu2vU0mxMV5OTkcwzizv5TpWV9U/izDin1IdJtbImsvIqsZTUJDruWXAlqYT2EwEUDWQtE1m67DU7txHR0WzLgjqD/WrfQEjHaclhiwTzoTtscTyBywyykYc+9ZTmvd9cilNhkADC8f+Hs3eMzmVp14Vj27atGdu2bdvOTDJjmzO2bTt5Yts2ZqxvrXfvMc67zt5nn/GdHz26a3RVdf2ovu/rVl3JML0QDGAZUSDQM+cgKbPS5o+9+evb313KNn7PNogT/6ZuGUL8NJL2qczSwIGAdImAgHj+H3auxr+5tbTtXLLEkb62M74gQ13froYuoB1Jiq1sPDYj8FcaKK9Kp50YMahB4MYiN84CbkDCwKCoUy9FM9gMbLcaWp8vGyvNni8xGXdmhI9iS7WQJEiXsE4rBkhxGok6sMtXNCjH1Axiez+PwWMKC5Mt7niLdQP5lNz/8MOKn7PN/BtvEO5/8AZdPv6Sf43OI5pwRlGqmdBr4pS43vfoDyryFTzISB0my4DE4cXoj6kQNR2RONeRv6dWUCMP3CFVMyGj/A/eIKT/iTcInBKt2JX0wAvh2uxIf7TUs+yCwbmd1LC2dpDSiKjmQrfVFdFEqLL7aguRXxOMWADSYrHe9ThkmUkl31q6AX32V1Edc9iuJS0xVAlz0seHs2+xZGNkQO0vZnIuMOV5Y6QF174f+1kIDcC0zv0ypizEugqnqy6yauWXKSVvH8kStcSJ/6INuvqbNmhygUsjzVq5/idfTzUeg4BHzk6C43RzDRvgRoT/6+rt5R5xXI361JKZYYx3UqOTdou8ZVSQQgqlbga9hcioBfiZF+b+Mq+NZ57byVRIKq/kloqxUX38BnXsDHAwPpz1MF6/7u47oiVYI1gYLoalGlHTDdg/bRcuJQvxxZ9yCdw870vxBsAsFvjmxOSLL+WkXLhFslbTHxLnAitqDUXeN1YZk0FDOA2QaiWZk1Ff7GpX42ASxjJ4pQ4pjVQ+FK9haNipE0ylgbi9UcEIZ2xrMxL7zDMzZH+Y5lRJ+Of20ZbYX59cWWB9JGms1Nbykxi02NOyO5pfjORz8lBXTOZDbXQ3ffRi+Sg69b+rb5TSM3aGfBnVby/UB4+8uE836rLHpzmbqdIXOvBcK3JQ/wnHEHlStBgrZheCYE4/Wc1GisOgLyQzK3LXupjdOLdaOTrKmP1APBfKw/l33iAR4w8hEgkVeSw2lPOXd6YABFGShMSsIGA7usK502qN5CqjchCUejKEn93VSvGiKx30sCjqlLNOOJtgyNC1C4adZ81AGhY/nlvhVCxf+1aAvHvc1EXkXab1px7OxHAwk0Zf2ECShGqyi+5k24FiC7tKTPTaTeL6ClmeZ0yKFUFlA9Lya+joCFu9rkE1M304AP40pTxHK43jM7xwhpddAlHYRXPDd0eHrs5uvv5L9MR8qKMszl7etR/DNxLn1RXJvy8lP5mnnccGmlNb8nVb7gHwO58PcF0BkKq8Pm5ObxbCDbbIpZc71RQTNd5WBdBaGz/brwBZyT/e3ko+vdkrMLpxYpRMo9QL7xxs3Iha8iVBPYRwJIY5rBMd12dERM7QeoaGkBU5y4LhXMpIdV4gSGLlEhjrZOj3tNNxpqCLE4wIJ1Xnc/MJDfOi4rNAEDOuiEUcY23loZ1DbpEa7VCZ/sUcFIUE8X9iDnqBstEyQFi8SW3YXWqwo35whX7g1PDB92tQfU1edZdLLB1p4eI7Dy1vk68Aq3T7dkOPyZ83VzvZUyRaXggbo0wFmv5NTDLUGuiCqAMXLLgbrKseInrfePdVRJBTKSZhUtqZvK7cfWmJnpaHi/uf9EEt3bg+D0+0u0qXi1N9Gu7eq15j1Xurw4tzzCbTiqMQj/THztF2W62uW6685gLYfog8p0SX7kUGjNCIvgpNPFoGm1SXSltkk08JtYh7IaadYAn7n6Jy1jp4KgptxrlKbYABiUwBDzzUd8ouRitx2zg/wooQndHeuhfYLLYihxUyr9rjUO+VRwtAdputzHqMiU5p7ADG75gFU0hjVOnPbu0YYLcQy2d/3NBwdIm4TOjUs1YJi87rW3PVTjnQXJgle5c+lYKKla3VZS2lzzggqC/Q/4WUJE3G/oG7GP8bee/yD4Hv4mbvbOVi9tftL4TCYOXwb0GRvydz14xi/xvuSAH997Dn/zLZP1AXgIqaWvGHu+oPZ9CCoSDZ7o+gxa77xaHE6MWCzSGQ7o8CV/0auLwCYzS14WIvsYzhcsEKzmZRRtbcNFigf4Ixfjh+ZxYwIKARJCAgjv//q5J2cbD/W50taW4lrYvDBdzIfkPGEb61sO8i2jpzXjUVuWRsHsFsFvnpuputLq7GenAJf71NGBjiEq5kFC6Mw9bdK2ifUWrNb01t1G5I+gTJRpLlnIuY5NkgNf6K8uRbIky7CS/thff/2AslvyMDzbhkgcA5H3IecI6JUT4bYtuTurSCgJBpKZG17ECl4EcY1q7tMyjmDHp+765vjSbTySrsN7T88no26mevKxYdUp5LD6wZdoVV+eyWNdaTKV+XdXtwcULyrYgTZtdvJ81iqsM3RhTOVXTkrC+zGZy90/UxPDttLkH3l1GEOUgIqfnxNILQxg5sz2zMw0/qH957+tMrh68hlN8gpcPuKsDPiYqkTeLmkej5a8R2lUrPWvpwHJBsXlbMhH4sFR4kN6Bje+jPJG23AUrUY+YCN4CdhO6mO5COifATpM3wQrucdykgl/6dpOKaq7Mn0f1IG8LAnQSUrawB/1RCE3zSD46kYuIlUgXyTrQQH+xprA5vhsGouCw46RxJ6Hb0wPZLQ0yd+DSP85crZnlLt/Zq/zF6kRG0vDGy2nXWyRMZQLTiVswTQ1vfuehQTXb4Ii2dxMSXEH+nE0fNLngHUUPadk8HZVDm1xQGoNLJrenxc3ao3DuBJMXRuw1HCt7mG1YO32qrA6YSu4izjki9iakKgbpl9tX27vbOn5kHWbNZi+EUBRlYbkGyTrgYi/MIvvSE/geeujUlKJ7xD43hV96QeVtY4iB6b/WpkY8cZ07p7Fg29NDN4Yz4nwarlfAJyY2MYwKULvFWQff3ExPKUXHuh3byPZeCFdY5k5ULdXg0NYTKtKbRVRB44fjzzHcZo9AnBGbLlsPCgIkwabFh1RvnJeLmH/vTR0dEMi3i3TzJPsHELVaml+Rx0QovSq8vLkdca0BH6ZZ8L9TKDvH8KOauv1kNIU4Kn0THMxjNcIxzKEDWOof8hl3g7bDLus5NOcaHtIfYvCeHxAAxIDYVTbbMvifM3EKFBASkhjAvjDzNXmOJvjdQ16j0AgXtDmL656czCfgmaITo4NsOey9tcja5HiHtMzqvNvXfVjc3GL1CZI7DvJvkeJXHRuwGmwypje/F23vVFuBcFNJmkFcOnLKPXeNn2nOddVKHnydd+Wy7nOZxp94feqplFlNKsJD9R7hl3MaVeoevPY+bzo/MBzHbO12HTcopo/6y3bK6fU1hp+C7VtFNQr8V1xk03hRIZPY/3HSL+t6kbH7a14P2Ubnq2r+bYu3z24AWDsE61R638OG0g6488pVyXeM8aqfd23UFylJd6aXaNkPaktdzq9kpdPcKCq4MJpjElJ8AYTvHyvQeeJkeaQlm5zsAPwtPh34F3BjRX5i02b+LsVaYpaE4d7t2MSxuC9amhtu8P/nCnNMTf/tUoulKLqe0Bci58tXrRTzaeD/i7bi1p33HCPYL/FMMuXA3GJ0DAwHBg/33yPr/Iob+3SRsTtqI3GBCCr2B9YMkXpVZS0WMwEukK2arm001S2LwqdQsFCVPjS5a7XQw4JquT7Z3gIE4mBNg3fkgVbgxuMC37uc2+wO3QNUP5Wr2az4L+6te+6+5TggFZGkLKaV96hI1fgonuidVKKx578juY2kvOcEqmZ2vYm9fquHFFq/vFr4slTe2XXSUAUhMOJwyydj8X5/ctOzyj0WtTtpriEy5ftw5wE867rxBZxsE2akFFA3BRVUUHaD9VGSelsypj64ql5WCppOyGtBSko7mZnCfKd2TnxKhQ5kVF/ACkML3WFAdkA1LPuBA/IYV3i4bu2pWQxgABMYl91saNgRCQhogcXOiIvg5TuLPLjsnQ0tjU2uRSDGoCC1Hm/9y1iIrRB6LRhe5tnsSmCFfQuj5C9gI5G2b5V7Pi3l+gfHG1HLD9a0ge2QI/VTVfjVcsiBIdcJzfTwyC0n4MSLgfGGBNZoGN1vAvKfcdmEk3/+6Y4uHNT0Pu2w3btKvrlVoM+u/Jui2AdjgcCX3hEIQpolKGJMRNvsLv0eiUphJieaUnlHR5XWtBlQNPvu/W8rdXHwIOfTTxGEsL1JN4lUgWK4UkIr4hnqm0dA3OGnq92ooxXcZ0ulGwkkKAeDAkgoKjr7zuf2+r/eRBL4XhN5h/2mcjQ3VfvtAAQFZUv/XFC9ZByNTelUzF1d6ln9pK20dl0JODP+dik9EtJsGYJdHd94subfECldK3FKLpyny2f45Ngh1wc01g16JASSDOlxKeQW3YhpoYW6O3w9nSUOdOz2MKFfIov2Nf2Q5IENrhHDMoksfWD8vPiH3L3rlvr5aPZRSY5OiG2o/CCKVB5WsmEfEH2QDqAC+vHgDpAbKwMFUOnBmM5GId36TJ28uN9PTYuIPv6d3YLfd9RnSgo8s4yNeZ1ngXF5yZ1YWToExkm+bqKxwAmuKXYEt3n6cLyUHptY4uZeM1lxBELwMIejGrcqjIe8g8u13QLjgLzTbwXC/lVpNDIJMoPAxLmo64mGWTUHFlMnZbgx8C68Ql9h5sjWIhyoEe18eW/7Q5H58PKf4QC1wzlQjCaItUZDdYYpZhQ23ahO0jeoYQhSO0mTwzDdjpXWd9Bj8ofU5vCNwdCrl8S4behiEMSvzpIZDjh6MOxkpgSDjpxx5XpbgoagqpYUn4IgjJA0+o8+QV0TOKE3QbVgVPdf0q+vlFwrLXZGCcSYeZoP6J0DMN4hMYOAJUaqlq0RBS42gsFJBbYg3kFFT9U0UAz1hjni55k9MakE1mYuuCNC4GIWLUvkPOojduvDVl7TVxacIB2ZpWQywxThZDnZZPRlLqHFz6tpXo1glY4SCQ8WqzFZ9Xqt7Qu5ScjSLjuiiGr/gUtZPlxGidhojZkNF0aATcuOcmhRNIou33D8JCCiZ05ALynm0b7eSZ5hsfkUhKAqDsskcZ5A59/tGGv29DXTAmTUKq40vpM3876qzEnRdeD++6WKErd7jyeGGxgfaaPXpLMNkGNECEGGTpUPOiVAfTBNX4EY9Oo1rWdG4mWNUxAyWV8gHoneNyFG19r6laWsqgo2FxLBB0CtOiEbEovt3O2wWDzFEQbtLWRT6SGiF+HuFfnFt0LrOQ250/N609RtJW+fWXhbaQOSZGPvF2Kbbfs11j7zwOiqkxsOiUYEFmDdum1Pf/RAMjjEwLP+Bqv6At1BUYpdBcIcfWrMwS9lPxQatjOXqbxrdF/NoP7gS+OelnBNB+n0iADi9RcZc4v5JjdYERtomm7ytYft6MJxjXpvtA/LdUG5fReoEss6UMb1L/pEtLHyUl5tg6O1cz6AFwwtkv4TmoaIrVEJyWahqjWLR1FjQhcEDzivV2BRCZdittBOEAn6LT2HNK7FpyJ6x5Yr6A7T4O3N/x+BrC2i2qSXnBhFpVLNK7JSGPmFw4bDAympN7UGc1eaDSdhas8UOaUI3aVWQNOjnfny6d80ZKyomomwYFKVzbJc6xTRoHcxBzQ3sOEUVXi7WKIiMAXyb0dC+tpu3kxlhvlzyCT6UssZ8oPB5ZaDaGAd3cBPN8tyFmyr1jkIyhUq4fq2xUzi1bMkLD1e/K1M49TVdp5XUTPlOHAbkXQEu89PP7GhxFkuAOsaQgIzYUubAZ74fpKANpH5o1osz73WTXqSQX2Yj9HTni0uSyBvk7D1w/PaJyZFaxT0W81kQoM4asNck3SyjrdyMWBU44VzGGxEBHZwQIogOSeYaFB5ddvBK/Cg70uWW11E5jyZ6B+hHc4+kIWYyd4OLAqXbBaOa78odd2nCZjS3Up8GI7uVXHDGsDBOhf0KHzSXm/F7Akv9geOVyuzsN/rEO8rRtZLVmrfzrScErvLVK+J6ChYY3kBD7xSGptSfZ5I150C7ZUB4AA6PakgvxWWFMTUBmeOf5HoIr5HHk3d5xnsCf3FO4kirqvhhqlVn+lN4AooH8auv1N30G3ReQ4uOinG3G0lrtF1sRi2vtkL2bn6kfwPDdVvXCbJwW08Dt7OJTi5Hv5ZVugGEgUV0UxLE2ImAtGqnP4AWfEegPLmEZmk6ShgCJ8bTZxgqDlmWkGnmyFitzOQ5TeHWAMCoymxz0qqhnYX7iPImEhxAs7e6fjrphBvFxok6vIuQBqh9vTHQqSDGZXPL7Fq/iE6HJ4aXQ8FpkbHduJOS/PzJtOEOOhgRs2pxgbZvQvuRZoLsx8FDSQPW/J2SH9AfKGaAzzXrEKbapS8SLtVrMAiNRkfNiFg9XmrEAvLwdS+RNShCyRVAj/BD7V0EVCGCZ2qi+AegRdNxM0H3kZcYe7/OK3R4HU60T6r18I9Qbn7FhvrYtdAsMI/P+Gj41AkRQvqaRW4z6TGViI8VUttTNlHOI4F0Z/xhT7NzCvy5abdVhc66ziF9QN2kIK1XhiG13rIENIuYU+5GdFvKSTOPFxYxB5VAZNXEc61lA14Oei2NCDweGW9I/4+vjvi4XgDP6wiMXpZM/bP0+Qnd0QZgEdG6uVM7pfzeJ4SJRU/EnCvKLpt01NUpFi53NdRqLYdQosWGULRChJx7M3JKAS6rQ9BKwkp6VJxKACZTwHVYKWJZOyZ38cpipvJqeuzmd/p1eYaeL3dvZy46k8HYAYbfPtdBAs914U7TaOKClfNGsZEReglzj18AR1ZPb9urs1UcZnJpzZJGpsCXoJcyNFX23efU5+uj9M+Arp8IPAjkS3tN67JVSWogICm4moWaJNEStit/oEJ+omxYGB12hl5ohyFqG6hCx4iKptDProeWpTi4jGfSJjTtyGekcjDdjuJlCRki6Kh/YEt96f4eW0pehccLOESacXecl+UmYYs2QeGJPRlChi17pNUjpJlJ/gD/9P8mclR4KHho/ESz5Elp0eippt3ce7gsK1EbPOZgecwqe529lsawcQFUVr/pPn5Fl7TPdp778HS9/bJ/tseuSsDWqpehO452RDZMBH3lj6j+mVF/xCUu29kTrNNe63vlaLWxpZMpXCDvsxSiirSQgNv+i5kwCsEm7iU0BI3Y3ZiJOBJ0ZkMxE7CXdGGrf1FJ2PrYyp2TIqCh7NezWTitgV0eumJQvqlsuqEYpMhfa6UaZrz6J+CfmGWet47zAwIICJP4f8IsrP9yGGttOB+wo/jtVHyARt3kefa2jUh35fxOruDFHr0n81IJFFQRF07QRUoeeX/cIBPTwpQWWcuUslvqaZOFOl3gPOW3BLrx/2iQbCYfUz5ca7bHLqkRGnFmaHht/nq9A4V+JBwV+DjABzRWspV+NHr+UrbipKGtrZvrWM5NpqkRJ9WMRE8xrPNlrvBRN/7VS2lc0/vn+kr3uInz9KMYLWu6cmlCk0uc4YR0g616jpDwpuQSGiM5vEqV7S9THluvr9k/rE37IK/QJsjgAokS+Ve+GIp9yNARMWkyOIPTJRWULoGWEhj3tMJCJnZqHtp0l+3IGy8UarjdPiQbSU0SUH69XULfQQ5mOkLj5+Pq1tzUrrdyLmXuvkBguZW+FARqTVz1bNMkWXi42ZugbtYbWTQSMD14/ZUzz1OVRyG9zuCUAD/mqVzAe1XJYWoq09gT0jRKwgCjZDt/DTVls98+nvaOFTUHr46G3c944ePmUnhbpOEaBx/kO61frqNoZ+7EJAgxWkOyRdDCejJWcGfXwg5Tgx3CUeCS5Hm6HDeft1VL37Ncaor6F9LqWDwB/Q/NX8wn8fJodHAI5EkFiunIHSXxPTafCh1F4tKN7cxqKKUFcdNN/jKN5PS4D2zTxW/JfkgZVLkIwF8ZJ9SzsoSUbHqMq1GvrEoGx6rz5LyCgWM7sErsloT3ycFdWDFhx0dBT7JnKceERoHq5bbci4FezACd2AOHMPMbZzbulkmZeoOTFR+lgkYnNUjnQgQb1UXdQl3FcuO8hjMrsmQlhBG9nbI7vjHq4GjpBIMJPugoXaHPT3gsjI+yuTsku4vcQ/uLqJ6mbaWlRIgjy9bfD7wbNrQJsqe/LjE1rfA7r1JTPJHhp8ZIgYcwnLALyUx7Qhokfw+BcxxCr7yPr6l3P3jxKDyHrvc23cMPV0uFQLCPL7AZbBECTuFt+V6cy468lQjrEM2R/Km5BRJeJVS+7WYXQNIlwXgMnEP37R1YokjAX8uVxYqvDaHPWg5dyQ06H3GbkNweNQ6xWUxkszrMvC0NN1MYOLB7pRbebCryqOJo5hLY+HLKPsvXm+11eflRA+Ud5MwSqeNlMrfd6bMKit/FGtdlPfAATWWYKBsNdTiyePJUcSD7WZNshVRsdoQAp9DoGZe1qlvUWxjo+Tj6+Rqg7N6gE+k+RbCqeWbY5d/6v4Ms8qTcFpLO7cZyw1/yoboG7LrSijAGfHhEUyIOjkY9YS6vkKJU3m88IwMWYKsgwn6pl5/vXELWfNxV8U9eqDCwI+AjF2bGLK6a2v1GFCgvATq/f6r8euR2EtUT77y/N1/LKHwzUTxuYOMPZ+wLeO+a+32sYxMra3NktPueeqL5K0NfdvMnBRlMHUakHmCPGVETimfi4WHk5bv4hEybBkN4abHXOIswOhD2FT5EoqrwcwhPfgkuwKakR/RNg++jpr3jTBnnym7Fvt9Fk8aXhugdv8wbhHcXQyMGxGwqNfhosLosYkm90CrF6qa8QFsPoznDjjt1KnuWfPORZF+ZV3go9QZ5VI7XvoMdsdqSp5GwAk7lPYCxuh61skh0WhsBsBJyodh2/azlN8OJekQHWJIVhpHJLNdKBGgRD6OETXXkjH5E2G44gWy4fsy6BPfBTu1eXdOfphnQlhnSfLmchzsBk2jqm513U2Gn4HmbWp4S21MRYJLHqOxmDXwXKLGpKJC8XyjRxTa4A08Q/Lw/yRJ2pczoEZnTRs/k81O7XxQkjTSyOPD4WI/G8w/8oIgjRyf/kJnoOjm+HsA1385+7IDedhA9yQJ9zlZGtNmdZqSfmT9pNWlgY9xjlxg2ayZK5YCeeAP96LQ+fOcpnm+Cbs5qqIoQp+zhY5ogDT5DHfHq1kqZahy6wHy5qWbKNF22v6Zcp2Bfp/9TiWDQsHtKInkxL8EApg6RFJgGQ4rHPsM80BmoyWPq4x6Khywu59TN7Ozp4TwwI/SUUP+KdwjNEbbIA2k+7eyKFDSE1QaUa0dfuLWcdTkCcGNjWxnRU9kIuoxShna/XRY7yaPOV56sfb6666yJqN++FN9c8UiAdBpjkliaYamNPCi2/U3A2HchawWBUz7W1zYo0Pp44gCi7n0SUjNl0xgXsxTnRfE0k2gwvvV1aadbvaPWTdQUvHoHVTdEad+t7TSAv9+5KC87Ey3CyFVuUqrs2jQ65Z+5bHtDv3Q9UKXjscO7YaD5XMVvBZP9OFzdcs2K/UG3rvcqH8pPVEU4iZhLqMsh3aZADQz5wb3JFYG3QAYME34ChoEY+NjtXXtUmWEzk/xU6qPAKpnVKAN/zmWONztLkc2T3EbxDE2DPqCjfyrG/LDp+VzeXRYWd3PvFbXif33gwKTft2Ex6EPj9NT2zC7vAG9lzWb79m/5CyFqvhr/U+mXnJWLyb/53f/uLvvy81X0r5bMf1PH8q/u//Csu1RLTtKPSS25SdFLTslITclMy9IvV45N7R3BUE0wStLTlC/CU0tP0srL0AdB+RynFGEckR+fdpClkp1DnKRhkJcKm/5v6SWD/Ew2tuBAQE5o/7Wi7l/fF/M0snO0NaMXNfvrjamZvcl/FtJcaW7Yb4gj+THOBhCd5vlr37V0tSdoczhpY0aYiEqrEEFF7l3PmgsnTDqbDdO/3eBHJstu2ZLCR7JdRdlOXSLMZP/O4FscvOGXdTmAUfudMjzrCtFiZUgsnYGOKfJwdAgdNXkjbhDwqJg8nDCiLRCEA7+usihRsOZU7uZmquWZMiW0J5isUsmQn2mG0b5wOXCJEVDWuLT/6suf7hOsrKdZY8ezXDuTEztMLh9oJladj2SJk4GXKbTvkvXODuu5y5xzH04ulNgAZYJI1D/b2M9mqg6reP/aiak546yHOIV2nylcFH80E4VaLN1snuVq5cq/nrcU7XuDVMm8TI+69QZSwsmmwN/XNDHnGY2OkfgyXscegyMUAXBRUy9j00p1cmUfdi4JK7FDcQmt360Rr45Y8E7QTObeleQx67kRjaaUH9ifjUrPvZ2Vw7tdKNro7HnfrirSirUA28Jzm9UifBOpxGwMWW1d5CjLQiW0qYLz00NGjOyh8RUoFJCx9he16xKeTSuLPlwfkwHOhLJFZHJrvwh2zWAMTnfCNUltk5/glIbskyvqc9XIaV7iaAkRda2slN2tiMybgBD1Y3bI5Q+pKKdaIIo/koXmpXyYbSKzrNsMdHC7kDWJfGtItqD/SBq3f1GtlbCbhwejof8skOvKN4loBy2z73o2CkHggrHVYNLwTrzrS6VDwdNUQXUaQybCgJfO6DcNBKqgmVmHWt7IHKgi6BXSmekpdCzjgATw2/m4xivZwR03T0LWnhYC9t6vw9fIg4rGDWN7xh9bF0fo1ByZh4V1Cq9Qzgk69CT52FQD1TLQvV0vkFuY1W04jF13q+R8yhuiqn5+FE/YI/aqIV89vL1zCIvoceDrY+jhfoB4UcTkUiS5mFQJzVgfKFFnRdQZahUF3lAwNCZkJnYmTPVBC2MMEYzsiqeXXDd4PYGv+8Q2N19Zb5iUYDzWH+vT5XmSZjbIJU712mxUbzy1bqtdeyQI0yungOshHJSOjtzNrzkPgGbaCqEwXb//2SPv21+NyEgmQc6HE0Mjl5F/c3JHcrJpaSqean49STKjQZvfXcTegupEoJDIVyKYcXVBZwv2cNVWVDNb9yyYKHeSv1I/NTOwZdyOhDq0ffN3VceZEqaZ3MEM50mXeab42mLCJN6Rv5C4Qvp8XXthPsbWe1mZKSMIPX4dj7o783R2Zmdu1a4AEZMosAKzLSyiLLfpYKkNO/ZZaAvyFe/3p7KRs+gplPQBWGWaOTcf9RNCDg3pFBztvnz8aY2UN9KneT3BFzIXK7lQi3c7Xda/vNDi02DbeuI1++PPFZLJ6LNMx9I+2gG+unXB3mcvfB6ka1ZBl9nPU6N4eVDcepnsjTCQbI+NzDIKb5sIHTFIdBhEXk4IzRjDa8B58blU2ctDi/2kdvvb1nZflOMRdNzkuCi8CA6sjkrOit3xGuWeKJz026Xv7E0fKiFuMmG+VAgj4TKS17RHJFhPvBxN/kNhT1fbY0Xs4ioicXqBMAhWxUbTumt5sXVT55GPptys853RCfV6vQ9bHNqC9xhahtOPE8mbzFHXkem1ii33tC9AeXjFggyjBbZhrx9BEvkWCmvIve8XbVtYT/gC1afBzafOY06UEpRQn9TgAi7elFbaMDsMBIE4Sz2ffNiHwYJPwmEN6sJG+aiI943Mwk/gMwHvrUeQjZZ2TM5tzKJnd9hmRpXL6srWMcz8KxlsiJab8KEk5Df+VtSZli2m1A8E9DQO8EaUIB/9TMRUdOfb3cc9Y03CHi8/SR3Enc1iFJdZQnzCP+YfCqR01Ldb+ybJjLS7JuCn1QP3DrS/rB8L09xMVDVTpHNrX6x0OYAzDTbHbjH/qTL0GFtd8CCBgA5w/g8iW8re1czZ3siW/u8CRnoVBzdnE7P/MNK2XDbakP8VBk3tbucV+vhStL44X5c/l0XxITmax44jFDS0upNFhgPWmnO7DrgJKiJTTv2YO8/k/0OeUG/Qq0fnjrk7p7Bj3u6EmDIp6mTLDbrBlmcYZDF8Vf/qdR86dKxQKPC1Fx6x3wxSLl8OBmoG85ppFVGufGQDCHq3FaLFYmJuLMo74m2MzzZvNQd8yJnbHA8bM2t6giptaf8tsgX4uwgbqSepxmHKLfv72Fj8bZ0FoDeZJCNmbLNeGEpNoQSlpE1GUKBI6vQWdjNMm/bTPHIFp13I46aSj1HUitgAjFEPFShqDnbzHXPzioJqLkVbwMkm8XJk2l9B07urXVRoquBTMawVZcwYD9IiyYK07N0VotApE4bVEmasSC5utusU4tNM56tSijAmNDajA786RXAgyWL5wl56DpBgROSJ4Np/r7PJ56dcyQjw0FilDkr8so9Vn40Ilcc5lVCXOOFnxQQHnOAxMHNcs2qmk15typBtXHkG7mbp0m0vkI9M4y3dBaSqdkdY5DlaGBhXiXnRzAp5w76T+dA6N+a+0UWjJ4dqp6YT4xXSbnRZOpek0aznTRlncm7H/5qUD7+5iyebnh3Gy9uMUeGQDrxed7Vyw8xSMdt18t7SXI5aVzeRFtGmtiJ/yVw19tMx8x1cWOCpLRv4c4P0wwvm0t71T+nFQmPS+PgjMoFlovGkuWKZEn20QMVRVIUw5Xrz7fcjb/HoecjnMYRGZszZlRo5Rth2eS90uagTVC5/HGLe8Do2zNXzDX54RJlo/hCwL9bvHDxBwHPUUHGRxx8gguhtPfy/m4PUUxXBh4OvG6CWr/5OL9iR0fhFl3qyCHlH7YFAFPZRlxqcCRpcU5HQvip2W1tS566TOKQbayy46yVnT1n12SSm2+XXV8Jx5QNrQerWXVMbBjcRyVNoHXj1svS414/zBOLMtaBRjfy8FLM43XT8U1FhmplHPVHSyRYXTqcfG8nTxcJdWxH2iDI8J64FGxn96qgr29iyIhW7F3jfOvBGDkJ+wBUlinpo5ZYnTDySn313EaCyiHMJMqHE00aBSWCb0EGrrWuNJ0zlpSYQF0VFZux9VBhRI+fRqW+ZJjjh1U+PMGlxcjKlYUcIIJVHrDHYZeW7hLiLJ6iFIXZkMqSYVfLMLjbng8A6ftYfW8xParjnpP2SH1QIdmnIaT7ZL/lTUpO+0njnt0aHoMUiJf130fLWg010D1X9Jp8kyItPRGu4KR5K1p2elpCVoJt420LstA/9wve+t+DfVvnfzVuKLOATd6nWsf6TSwYdYTqET7FPkKWukDktVbfKppp4BFvtaj+svVpdm3arrtyUzFqx9Tv4NdYOzgnJhE1qaXuLM6XLHbIKLJO+LDItNl/eTZ3NotHVXKyy9wNTp65Z5Atnn+8m+rH1uUKFZBMXFaCOkikX7/A2DioLGxTmtv2Sl0VQNnyiyrAVd6AcPtalPhspvySl9JRWegTQ0Xixi6nIsA6eKUfGI1f5acjsh0QmPXFG4UyC9iRDAyU4BQ+dGGMLVg2GiyotJIgIHjHEcAwe43amFjw8wdzkmPkVh0vsAmXwMXjsf5pNmbylAM24nncMwQtfK2HirZjRItowXwKHDBSahi+22b8PTMl80iMPn4ZdaDhTG2zp9lovdXVwNVhPBOuW0cf6v1ic5Hyc2Cu8VceKTjWRyzzo0vWYcq3M8DsvabSot5o2bAirvkmJpib3a6WWKAr1G9L35BqVlqgwLwxbyPh2e9d9mq+eKZmEqrvjD+FhPU0ltc/PKL7NWfxRwnpTqCLqXS5RF7slPgF1Q4voGLuZq6dwCN6JqVd/BcjmsMfcb4XdYR+u8akCENs6R4+XXkvvhj2dv5yM+ctyyauZeNCX38OospxuEVJHjzUW2kpf8VLsipGnBXszeCZUJDDeNUdW7p36SHh2eWGu+owiRk2gQHbkeTfcC4mfcxXZGVnIVybevjR98M87vbWMAjZMzP4086Df7JXzeUMYwLtz7GCs2klWJ/p0/UHjnhklr/NzOqvTM5QrUIp0gYgKPwhlv1sYIma7x24pJDLXx/EBdnlDL01KrozupqoTMZ/wVInIcAopFMlnL29nrc6NHmGXd1SpSlxl/o3286WPannaVbLtpjOcFy7M6bb35wJ8V/gIMFLYw88XoejffE9AYav5kLzyXC6h3/TZlUtbXvXtDE2kejKvHqW+CFx6NYRaWQKuK7COpnLl8GTGDLGP8smJohbpgAXOwD7oJDbva81eYAMdXK4W+8Opm2+kz7flJFila09a9u2Vi/VCKrw3uIfYovwbJAEI+bKY9vTTKOnIH5EhPL0ovHtKN9Wei8x+pnZzyyyeC50hI/Vf5Ptj5/HsFJmMLFeQP9WiNrX9jPAAjxYYNo2aQtQ0bs0MNZlNSnm9d4ZvX7D/VLENJyaDF9BAQIcMQEAU/60R5+zgaObs6kWv6mxk72L+n1mzOGvOG2N3fGqvkGhXkbmhQ8xteFG4GU9viaYp4zFJzu0tEKygIBjhgU6SJa1PJspe0xovo/PBwSDUSHl21YC1qWAzp5LO0pso79vBMLUi3Xs2WDFftvmRc8k9ZnS66DSJwlwMARKLP4N/ZgK8BcV8BU60+EmxNYAop69VIpAPvZwDWPbS9tClXtMjl8hQyagHoHXf95xVQQPGBuBvl5aWXiawoly55tTUsj4O/pjKg/aQUEU3Zg8lxyXHA3NknjjvKCf02+EaAdwTJFRBjfQ8Ig64aFrGJY2MxKUm9PW79rWQj9bmxiiVIMh8UcQZD0ataOarG8Xoxf0goby0+7bAT8azLVIorF/Sq17mTnnRoRUemhskpbJfefGpsSmp4c+j4h3CD/cio0gEcMpJFbMKkiMBnjnBwo3KNKMr4SOqhBklx0SXVgTOdoNCJWF2WwvhZz4/rtmf+mnuBsNzgXcKrQY5rF/8mayQq15sck1X6GR0ZlxyqF65geGZEpPI43BDsqGknWeT7n+N8pK3S9JGGe30w6ESntXskdpm4iHXYI8p6U31l4jbKtwk0mc1IdLOKPWZXWvUAgYl+vqPf4xriZSKS+PgqlFRGqUaiNgiM8wnPi+T6xoklu0uhLRpRkEmnYuMfpISgBvNfPIS3bEQ+REher0gkF0HctKr6zNGWLBIdpGcA3MRB0p6EeL2UUW8GWEQRwSu8KuLiQ+rIfa5OAvNZ/9xojGmeNvmhNbwe1GOh3WaA2WG9cR7pvkTbUD9jXYWwgL78AhUTE77RpVQrPlczwOJQrhnQDhWGgB7lI2mlEvZgzQHfqZ2yQskQUoYHPTHe+MCxPfJhtdKfKApbiHMmPpe4ftcrTI87eY9eP8sU+jU55dfeyle3huxGe8hi3Vk0w74fiBQAMw+DeMQUDQLrPARW3QwcS0vgno2fNkxsRZEFaYxhYoGxh/qWzEhkoJstMoiyd6J3VHkb0Hj1NDW3d48chihFdA7UeUXrHD+QnjvV2Irisl8yacstbfdDoM8roiHOoMCjb3MOsOxdFASxM4herBJi7a7LizDF3eQi2RWArHcrwXAY92TNPxC3ikpazo2Ylk/5OIbOOL8V9UPyzOR+/X4ckgRyzYEwl1HSPLOfjA2vClI89z8UMe2b66+vmC9ZeKpPkMT7lV3BI+aOBCk1jiFRJT1ytp8iA/2JjfYIIK8aWIpiEGzsebQBpm49HiGdE25o6E3Q+WANogy8QG/RmUuyXFqJDJZNrWQKoQDhxAVgpufNWCgfvQEuRpER6P4SKfcytMlPXjtF15N3Fa7FYPmA5VxG7apEktCrG3qEviFtj0Ze5Va7tMuxRkWldTLHBFG1iWBskt7ULg9MbyYJmAuPMc9oXpybj2OkXYU9+ZEM9wUa6H9ssAdFmJo3dEKg3TBkMcFktQ7VTjWbeDf8TOi2Q+cDjUt6oRLSm3R/TsEtYm+3Wv2tlThB1Tr2SD4dWcS/qBwNF5D030/s/BlSg0kQ9Sb/XMVTIvxYGelw1CbGXjmpA+2dQWbEjieegN95e8NG3xSklzHHyJ/r824DnpfdKEW+h7LN8p3LIif7+d1nB3mSaZSG+3eqUna49tB9o9w9bDAKL+k3z+Df6yADaDWbdggXN6p3i1LN6Gj1pxjQRDjONfnk0xiCdVIcTrjZW3gLNXZY0GOio4sABS5nbuRyKQ4Q9vCaytWNMgSAP0JILL2Ve5smWPki6KEWUk49kVVngRQ7ur1355zU1/uYD0gEQZqQR5D+t5+PuHqvLY8qRUqRazBxLblcFxoqBnU6TYm8uEy5Gl0ZFGJoIlkSppK6V2An5PwHHYO+x32Ex7lmjFZKTbN9vhhlWQ4BmZ0OL2hhM1wAZVy0SAIPcnmhWcGBR+1hOrI9yoNukJFCiUcHkF2ARe7pYeho3TIRtkKPnKac6t917NlGZ3I8CTwaUayBbnzdbkf8HFl2zYHN/EUWhTPzfGcNHEvPBHCJbx6dNMpXvL3JCrmLL1qy8WLrbJbCwkTfIRGW0rIc3S4WjX9egU8m8+PFJ5PyOs2o7bOD5HXWwqpQIIOFZUVaMpfHSHbBo2UOg2I1ODCZMhOIymv4/XOm7rLuPqAP3VHWs7tsAJwiPc/K9vDmc+VstYWnbrEKe248SNPUzAUabSOGFspqENqhFM5qPT1QiM4p7h4GJzbV9Ns/pw1YnXRTKYQqtQrTxNv7ndFRGX1cVChtNEBRjMUyYg4j0cTDzKnjr3Tvu3ZZRJv1NeqpAtmFE5mSULTePVygwTwYqYJezMFguUvbJk7kJWhXbfj6WovxC8Q9KVXJsDDenY/Jak3hgvntgxqYHX00ALw3dpsYbGddcbWwQQZbwSlPGJncj+zf8rViE60RCzG6GG6bNj2yhL7XXn5vfVIsd4PEqQntoPuRnJONtq34Zt7aFVE6AprEAAmuRU4t0prMVZZoWiM3xXFy2LYtoL2z31wSNhLxh7kwnB6TNJVNxDyUoPhO2jWTgqC11ePki56rJgvSaZOZrFcpOMP3pE+sC762s3aY1/5bsuzQuXwkkhjmFFZUg6IZpg5WX6MbU7eYS9tOgxbuKxfYS7ZVV6UOfQ0VV/g2JuD7NcwWKXaBaYcYrrmiPct9HkShNXEKmV5b7qoWtvyVjdqN7M8E7o2cRE3E8LJsss9Vl4ME6tM5eg3yuUHNGVs+7nESbvs+Lwf64ve+zhstJEPIVw/XaL+aPDrnJPgnv3z+nG09nq3byVXerDGmBvvr1Cz8jLgceNN8mW7YkPQabfyXv15IaPyeAu2Lb/J30JXY03jjJXKQ70hMeTkZ8q96qy2tOw6gCi/uWP8VfLjoZXbr/XHvrIaJZzPmAp9+nSdCJKTGqzSb+PgrMVH/O/vxufv88tql1GK1BBktr5Y2wi3w4psEmPHMK+KwP6xgKY1XGGDFV2AIESL3lqXVngfXazsQp2q2nBoMfbOzWU37ZkLlFCGZrJK4kLedptm6h7KgiCDupDwZf/PPW8s5ikPVYC73mgLLrQMmySrWYT6r9quhBMHAY3Voho9FK3lKtNO5R+ih6QLnb2X1EkeOG47a4pvzaoSES0iMaIJbd7wYgZfa8bLvlf1Lh3BKo/Y8ZaNvxS/qP7kA92l38O/+f+Ul2atT8S2hPRz8bYR/74MkXkuOXxut1vTT+ekaFZLYt5QlovxhnBpszJeYlVVa9ULhWxhTJhE2QLgtuGsbwke9GJmHfYOz5uzWv+Bf1qQ01iFXWrcXDNyzyo+v6ctuTF9eO6FN7/4kxlz3/Q23fTDxO7HHbnko1q1UTR8lTa64vvGhnbq71ohRM96F1vL7vA7rMoKHx/G+evab20F+y+Ko5+UrbE4egJlsmnhaMcTI+jFWfob0t5MeB+Y/3Sim50XHZIDAwEdAP/XQ6T+BRf/UdicMGcfxIQWepN2iZ+5nRakiESSqddmGpFJb9mwoY2wLqo9r+7k0Euz0N659XXyLd97LGt+8vRT3rBqsWJICckYTPpUu0IvguNCg2Wk8exhQdRSjbOuhlsackxkAmM/6PL3BYz0HpmPPRFSR7H6wzVVOSGHc1jAhAXtzVHPTTA/QtPanBKW+B+X9rIhAm35ooZYWmCs8Y4hrWlUjBiWeVMTIZRwnESRxATOchECDl1R+FHJOwzprmR1Q4fI2aWlIJcvxKcOC1pNBBLIxIarVDKt5ERec2ojZhlOwL4STkPgp8y3TkECpKYXPG+3pezpYKzQGXN9b+px2bIBvmzl66h5j3ZvN13oMX0vJk8hD5N8UDEim+t6m4f9B2A695YF5+W92Pce/n/FVA4k6f8RU/nfExH+7dnOyPHfoit/DxzHRQj9u5rh118X1f888B9xlodJWin6CRm68ckZmck5t2m6cVn6ZTcpOqlFeCl6hrl/RVzuh0pKdJfG6NvY4nibOzo6avyNOkKR+P4tvmKraKdRJlmnrw8JBHSO+V/LWf+3Ffyn287VyuFv391/HFn2Hy68v/Ms/t46U5pbDhviKAGMs9+BhlEAGY0PjHFVZca638shJrip65vEY4POHlT1xZLm7Q0FGJ87PDLKyZJK5X5ptNfDdcc2FuYBD/XZvs9Ov63jiCbIZko6frC4wbOkPpDpyD/mYtRK5QVwvN9HQQMa01CkvYRkZhUpaQ386ZLKexIbPK2wNq7cm9zE2zVxWqy0R3q3NyfXYJaTybSorUYEHZrSuUvngkZNZcCjNXvYJ7IxsoYE3bPp3Oj3VH6zsiIY54FlzxLbI7WTwfSRMzuGjUze2WGc4yhIi4P3vj8CT8jRAMoJFpqGHowzizzWUpDaT2cx5LDgEdGLVoluNH4aI5j9jhDnL7RJP1/JAEtQisDLtMaMkM1bZCgvymwotiFX7Fd/JmEUpNreLpBdjnc4VOVwm8wvUdOiE5KetNcKwQLHE84VHzo2RE7TzgYzsUbhgKtGajsbZq5061xXmFbILnKMEjptlEcqQggqIwqHMTbG0xLw2HUbmYcP4xkCmIDo+JUM+Maau4jNKPr+Pt7A7RikO288l88pUtO7JJfsujrBW/b0SjD56Qp9wsaTfO/YWMF/jAIjdw3z1++zmfoqXochgW56DC+Ff/qwek9fB10KdzuP3+XvqCesl0cMTgtXaHn6JnOQrrkSHfr40sCvhbyk9ag0UdydIB7cOjmyMtF4QzzYZsaAMP8blb1AeAYZdQ2gDd3G4pTgwMLVOBnBLEigPHivc5hY0prlBmZs3hzJJy7BUZxuIRmY/1py6s7K6xK/PWdLqmu4eHy57313EzFH6o72ZK4Kne9L4oFaKHMRDkslSEEjpTYmrc/FLso/V3hvkWmfV9UGv6hwik/fN6LR1yV4Obk3CPHOjiWB8kM2rLbmGN9wNkSifaBmMm7OAJVbGGROPiT72azzT6x0fW8ydwK+8gqw2R7xDo2gq79HEdGBJOubfb3u7T3BUPMvCmubmzXqysIolzJJoQF4kLOa1Sg8YdxjD1nJhKqLd257DYlFfTAYjN7+cvE41uTXzkujpN8UPRQeca+as9GExyonefy1HsheTmtP9ZVxtB3U9R3c1S/Rkgt5sYKei7zP1fe2D6r9UODWPwwurl8VvxerOjw6Ao94WsYjcL0YYqepyPKxxYewddiby628XD8Ot/9CJyN5W7KWCdFMpGsYAAdwYznY5o1TnA61EK+4w3L7MhCWywQLNueOFoj2iVe7o9tnDdgru6nZgt+px1Ug0dsXi5xoZqgbgpUYkNeOBCQriCMlU44hfXd7scykwC7U9Y4ZUH54ZGymE4w5s2JuFPSRbOV6zP7Uc7n+rTeyLcTybgwYg5a9fUuADar+eyw7mZzY7f3ckZkA9hVJdUEuhsy3S8LyD4w0IZSDeD3S2Zi1WVf+PIu+XL9PTK+gpKOktJbaUvEWi0Kn6dMFlwQ6VN1kf5Tx0qlcwzz+G81ei8zUYppmXpu8WPIcx6uw4X39LBkajmL3BBeqiw2z7DeTFfjx9EYoDjBGIqVL8V/OE6TWXKlnt36B2ayuTwQyB8nD07Fv0kBXU46D3+KNcjpiE/mQSQpwv/la5foMzCBoC8dYfR0nHfStap8mj52Q1vgJSS+tkJhk4Y7JYPjCHIF29uR33wN9TvEgeUDXXkzHygpAcrDOc7+1igSM8StyCrrzE6vPoaZWjQPNfMjweLCIVULwN9jru5mvn9k1W6aekNWtcbRTNRW0CWxu0tfZhq4/XQ7oZ6PWVm70kzvvh989GHFYGbcVoiNdQMLPh9ZWegmvWgz0FqUDVKXKXvh+ZO5rf7NLtXu3Nx+USVydkQHoMM/pVSpCTlgiTJCsj6yWZmDhtDvGVipe/yzqnFt0WofaxGcee04oEi9fnFfGqN5IPGpnbR1nvkXgH7ael/mh8qbwMksklGd+YOPSd9581MWljBssH4nxkQb4svb+YutvnbuGX/5U7e31TjeYwdRohf0sCsBQJWJymsKBwkHjvG3vzjondL1SsuNU6Q4j0kX6noVcX0hgmK7/1foWOOq7cLBJmJUzTBIGuetVg81VYvVO7PG4sOQ5O1rz7BH0bEBYjdmIeFVB4X5iSkOZS9Q6jqKFAHjMvupcxPKSFc2hPp2GNTy5dydzj8EPfWOuQZikTOVjj8CVwMjvATgOeAK77PfdpS9dEUpwbgTfcg/mp0leNY+trPPZg2bw5tkhlQdkxPTkGo6uPjhCaTPvsmJjDctjhf3qrInJiRs12v0UeLHyiVUARQwfbpfQZewzwucU5KV1/QnJbKH+4vHaXopwsH9rbNnSFPqQW3MR5oBvlYMJusPTlBVZc5zJ14I/A0HoocZNURPM44PkQ4HgDDCN9uKFelXBfBYRDGu1PTqdm0MtHLVxu21v+sVd516egyWxGPz4Rmry8GktwOK9aFFSZ7mjOxIYzvilO/bewopfH3pz76L2HBA8qALmX6P91dnlrX/kL187vWKlZ+HqNWWR7DIK7fR8EFjY80dYVHinAboZ3x6cApZvwcZQfTzgdRjY9VyFA+UL7J+nRHqRE6KPQgEB6ZECAYn9PyhuD3IWcRU3+38q8CttLZcNThT/nYpXRDoKHq8gTwMtnUYGwkZ5rnqAM4VOygQo1E8M1EhDKKqGrh/ffji8ZImJtl4jWZnrvzG1zsVzLV0DiPxuF7boFnrqlYt4BRarE8pt6CizS16v8r++juFC3hQOCL/cBT2/tFmI4+oNccYO9x9/SyI+licP2wxq0mEUhrDuH1UbZZWYfbxfDf+SXYMrZMNEOfl1FoOm5I5D/USvt5sYA5WLHXRgnIPTJz+voydD7YmamZoBhtwgm0u8MsIPU7gq3jITtOpeju+TWjOniqQ7D2BckZ1kpUZ4BLMAuSTnnGJ4WGg4NItzX/g1dysomOqy62dUlc6kZFGglXuAzbM44zI+gSezuyvLI2828auFieJBl6cfxUa6sAY6VIalm8arX7q5YIl2AfvAxatMxN7ixf6oBL4XsyD79zHnNJbemmqTgTdPAZXEIQBeYNHtKgd9waxctqcy+0J5WigKYaPYaikUmoLctqisATssWQw4NkEuI0TXVgntbVXUHk0LubAkjawo9UpGY+CEa/w4WU+42FdmTZiwchYherpBgiyrLJfIM/VuGFxf+PiPU0pGd1EFPZ8RytMr9QgOYxwXWLjDGirZM/U82VT6Op3fZiWZqgaK9scWf7C2cEVq/PqI3CBfpOZNHXci6jiMHANsGTgMDlhumqlah5qfPE7ifVqHP1pHOskLWIBIbsFqDJ+p1iI5c2EqINHOjCiaoZ6/BKfp50qzmZhqi7XKRLG6FKmQxl8IYIFnoOGxIGffS6u4bBCsZWL/5aX5Tr9vjwmM4c4VrH/b5OBX0mv0kTLWCtzC0dxSO8ToLSupMg8osZFqS7T+/cVm3DWLk4ehaoXPCEbXB0lJtFShAiTf2stY0KeigXfVH/YTcp7f6M5rGLZpizqAnj3bWHKegyPbHKM5GNtZnjNm95PS42qVTYXudOGk4q3EGuhuMXJVFIYj07YWhZsINLdKnVjiNID3Y2STCXHuSYOvo53ZVSbjiPqBzXtna+QRmuUIE9iADE2NphcCrp7FmHXhqumjqREYOnbSJQisl1aTzLLV6vRNebwZ9zt4S1yEfe+5IiSyZFmfTws1867tRjHgwzvHwV5Z7jqrndZRfkWk3MJyDNcWjFFe/fPwj33kibAwtKvPXSy5XOEpmm1pRDO9jQWqSn/y5UUXToUb5nvGOCIcgNrWIOe2I2F40Tk8RRCRFHmS9fh1dl4zHISyYbKvmW6h5cneVHjqx4D6GBjmGdR8IqN1JasulW2hza4O+gV6PKKbyG/OQQIv8UYECN4kFfmL8Y+Hs5jltuphGfqDogocv1l2I7aJC+5ter9GXRdC6VDcXz1WqFjXCGI1DgOOlAziGNGvVI7YI8hK03NoO6qhTkqmVldxd1o/VQbFN7N+bHCm6HFiFGIML0HZJw8IYdODTYkT7hY6feZOhRZQs1la7ry9jMp+gSIRSxtuV2z/f6y9BXBlPZI1aGZmZmZmZoZnZnaZmZmZGcouMzOVmbHMdpmZmZn/6p7ZmJ6vd7rnj92IF/fFjVCeKymV0pEyJdnG/Ixdc8W3vSm9AANXdOb2czhaTV6owj+2+M4a5qJf8pN6IurJ7LXuNVak7ML1ALKiHul05qaT2ovrnHrh09XZuVieLM05H9/5l1hXR8hur/sG1EvKINByJ9JQJC6pHHNs/YFmiehaYYPs7JQv2gD0CGFW/wLIDCdERm1QkY0SMaJceVpH1Ed9Ue8YlQcCZtzYUKLbbxZcPNQ14If8XUcslFHoItI4PkjlYZBwHiOkELvs5Jpc+kgPJm2kchM1g0/rxO5A0jKvqEcMWZZqUjbU6JC0i/xRdyKRgikXY9CGe59Tw2ytFvlVKFpmeDZZLhkcxab4IoLmH7k49sD6MQZ+PuRpuwul8bU47LUC+Fjo3woxaKL30r9OgCYxJzO+mmVEhggjduB6P8LZCk8PW7KkQU+FSoYBM1rigdC80skhqQ5qevFNG7AtVjyHjTCsj0Mav7+tWYG0Sse61DVcwJkHALD5s2Rdnascjnlryn/M8F3Sqth+rem25SOAqjw84fOon+ffrflWqfrlRu55SXR78nIbacFwFh3ocD2Fvy6cPOz7ODm/XkpsWeSA9zpnhM6ccnaZVnBtt3fx/e45zRLpzLNREg6g8l/46VISRxdTl1KzLxoPViJpuZ2dK24cHjZxp8vqJjePQHIqUGCTW+rAa5v6sMfsBvEb8aEhZLZl4NfzGcx66riedUXEo6YGd4fvRu9Kvmxskr3lmLPaUXJQop7nCZ3KNLpDAtAgEXCDzZaYHYoOFCRDoPR+6KC0yAipes+KS1RD9fIdXpgJzFJD0nQTrRB8m2764WKDHxuuqGBmjlBwiBH0MlIvMSnWqjkK8Wk7h8flwMPSG+uf8V8hQDSeOBqA2KYPJcrvgnVbNWrEJkdVX3B18E12Qx/zjFci+BBn6g7kfYzvaltrjTlSFtuJ75x0yQUfjfW5V3qXDMuwJ/u5B3E9GmIw0lO/JKiPEAm/2Ad0TaOsNfxoK+Ib8FWX0AdVn4LINlYmUnX2NpA4WVHEHBLqSJz0LtcXZK/vUg0fot1WcZfM9p2IK85KAIZjyLaEOenSg+E36e08shbUtSYo1vKnHqCFLxH2tWwfcIptjlF1TRGnqPT4vHi6ngug/E/wL3Fvb88bQJ+jPiB0nDW35/UeSwRgT3Dp2f144OJ0l0GpKbCASheey4doDDIUr7jAXGQXr2ZL8ahZwXHlbVLZwzQ+//HenRHaAKfg+AYo/sx/5W9hIgWrczB86/ZiA+X9Bmx6Q5qsqS8CeljvG/hr9eWX9sbPs1r/mZcF1tWYO+PxSuKLggINRXxj1nr+MhGbeSgg6RDl/dea18MMDPnz0Q9+4Ad9+FjeEsQYYHtyUkfP8dPeV9/j3uO6RYrTp97J6GHHDwcfIR9jnOiFQkcTeTqtPlnPZis7fHVdlvcDGeLU1PKaXWeezaN8161s51U1cprvTH7uL5dN2Hns+Y2mA5Ym2dZvrx2QCF+sLx3Tju9+n3b2Ch1rZ/M1y/5F9XYtv49wFLbGK0tjC47urZa2tZZSX69QiN4h/vsSB7oxmCMYNBDQIzEQkPz/H0yJnp5eXEGdnvk/Ypb+gzEpqn2CRo/ZmRMQbWoszlWNjNSoSJ83fB9TL74FAskbCiHBAomqkpv034JAjCwiI2Td/L142bmM8ipkcPxJhPfuwjrdVFuFRj098rc1j9iDkHm2HoKzqxoF5bIvNs/X/YDr92JTEQKjPraEsaFx3MS4h8yUIdkBTYb0wuI/hKn574TpbPKMOrOeW8KSgWwKeh6XuuDRsmh5ySVSloPExw4qLlrcCohbutaVvtgkJ2GZdBlR+fsMVltucl6GNgGMjSAc6PxNEtLvub8RprvpdDk6FuphryBW4BCw0hVPP0Ba53m1HrsdGxtSwgGIxQ9s2hK534kWz85830w+6NKrJurBYKaaClVL5CxkTdpHm03o6kvYrKR4Pd+izU+yDFvJGqOTMKtUv1f7ZU5hG4zW250iKctXGtNkpCBZK3Pj/Wse9I17DCMlR5Slp8SmXPF3DaRE+AXCGIUfIhLf5PMtu36gymsRzPIfHlRGyApd7jFqHpsqiYc3uHQOnPRUXkg2uawj1SJwQo67MCYx3rNcmmBXNBer2o4skmBnaos7o4OcLVc5z5paNbNfEZBVkCd9LS69qKaeOtekBXBjzcrw2zbZ9zAK0E3TpGrwCQJZusPmQE2HuKxxQpJwrxdQxvm+mP4wZaV8oWZfLGeVyobiIm9jw99GTLfG9IDG+ItGFZ8kQY2NUpIx1h2EJ5rYIfIbqcMjLkcct9aEFkOo4xiTHr7+d0sHgAAzSbMKEopEc/qsrEhO8Kw8hR1CjIyrfSM5o2A0tsnccW1wro1TGUuRwL3UieuUrBsL434F/folID7dd2gFRNbt1/gLyUAB+rL2VcjIMuGPrBZoR8F7Y4iPBDfZDv1j5lQl6daUeWJ7/y5KwO8NC/ZAzRqrv4crdY+aedLaN6+RGyisqsz4XTnWf+/PYnYJvE6KglXPFS44g9KqxlwryqWTiyYxSeoaFsnFpB+ngOs44UdvkDvqEXrNOH6snjrtBYVGf461lYWj6mhwyTVguL0gWxj/sLWD+T4/uX5sy1YEj9IXvecqyN2WuROaoASykdsZXmyJlhN0wVbfYnZha/wrM8kXeMtsbeizb9877ABuLp2y0840UVKX0oXelLc7WjfbiwpmA2ylxYycK8qXdfjpb2yIs3+RCOQPG+pPYjzTO2pVYhJb6m35tQSrSXAWxuMYxn8bE6a4dCg3xeWro+PrVMxubn0jM85VXiFB2CSPlXjb8OguuUXH+VsnCLlD+DibI5D4Smn/lQLOc9fYtK81HiTdCA/ZDE/+Rq2ZmSGKrvqCWQCayWo5wrvRHLM4N8hHwApYA75FghovZRYwY3NP8MlW8tUlTZUlHBz2WK34mTXWA+whCj2ht9ARO1ZT31FeiP/YlJO3bclA+dO8hl8L/kpI0uQ7s+6RmVdOf5WHRsnPyi2aEK+emnchdgwRfJ5cTnHEcP7iVcHaGoam8kEn4iZShUwLJtqhwKt25Ftq4CpkTxjXVuZ+tHksnTgzniZ+mje0i8lCLAUuvzW0GiyhLTCkNqekBuHQdZZi7dPVp44gEMrCbe51+JJaxOaBNM2RkGE3Id8yD7wwMGOQnQjSaeGU+t58BSyw/LXhvwdB2T1giFkZLIR/ZZTWbkP9bSWkL2nCCnFykCTfTFTnDv86oYw1Z5mjgf8Hz7J5mm3y4oCMHOgkSlzSMOoFaLnkxUj4q04AevIRoX5EqsfNzUC0xGR0PKSE+EpFqNXI2J0Br9CdFuuhf2WQ0iykMRdowpfAZFm7afW3OUNXIhUT6uOqgt4Q/FLpfplWNTuJVb+wnKy4587+GN+bh9PC4iwgOwApvtuKKwSrUHkMAUNR+7oa1z390m8NC4KtiurVz5+TbcUIoMoPT/w8i/v5Nx22f9hQVnThHzbkxcpv/ocNFS/gcj2ZfOzuO3lxdPF4ehfbN0+BbHNPiFg8rKmzqOE5sOrHPjC2lyAxUkVz50Xqbs3G8JwzNQPaMaD5UTIIigPtvTAi8XFYpp0nl5nleSPKvMMbxHP7h5rUFt37ls9EtzruUEpWcvUoDBY9anQv9sr52iENzM7tugPrRZNxyA3mk44qmkrBSd9254x4gxFCgsGUwKETzN4onJKXRbgcoOEIGckUUHgI6l8/ilXCbRNzD5gQVVojU31q9ICURg9KcNzVb3NmsVbHzsG8SCYkaY3gLpvAREvlSMT0liDGfQVhur4geG2noR2OmU2VhSprMPvxEPHD+GidsOBRZaqOvVdWai5roiebC4Ad4A8cmT9cEu2J6B6TBwtK4suOIEbhTcKMWR0SfzxjvSnLTQR8CvAx4qxTYHhmwkB8Cbmk3NJzGQDvEIT4kxOA1z7hPRSC8UIHmpgCyhbBIKlIiMVTwjK43ORQRl4Ee0/fGm65lHx/PNIExEdPWZqCCg0iB8lmxOouBU8k9QpL21C2WCKbA678gXO+oE3dOF9g5HrBE6rrQ/bRai+FCLX8ug79P62/FL6quur4vGuQuBjLg3axpw183i8Qmk/5t3GnOVu+y9VeNoCNh2sHHcwkjQjL5T1flvMEzmwEV8YO8muq3XZztryiNvKtT11Fa1GNb6P9vKJ6SD8NH8GqwSJ+VEaSYF4fr8YKVTgnZY0wph3kaCl3N8hrYO5etd0t69bzfw8ervVPm+RidOuEsKytfDgdGcgAjMMCr7PCAuSCwIYIVCnI7fCUGOuqmF7wER70gylyqv+QIlv6P6Ro0mpEG84MHytnIfbxNbDFU9/m6jp4ATIMaV0bTQVQEvodS2K4VqVgDDstgKI4QLHKmyNXwPM1pEGMVuZTGtdaZu2AZFqL28qgSVL8A4K9YjPptz0KqUOhZ8arZzHQIeIrWqV76GObzJdyuZoT6fJdghQWgDKb33+mUnJnKupzD8exWt7gTaXKf4WTI5qc1oOacTG2XXTVt+7xZ1i4HuKXlMqyHWT8gmZPuhqidWG85cJnidYTvI+vBGUGYAQYL9rimMvhxZg5CmRcYtmtDD2L7FaulpsD/WueMlu0yArf7ZXzLweUwuUoHQEDATmBAQFR/mu69d/PIhWOX2VCCr1KfSUk2ZLfHVTAA9N6qKMltv2p01fRpRbHDyE7GIkHOt5Tmw6EuyrqbRnvd3d4kF2furJh3Rj7uO01v8pNkgwmbmhWGaM3PTt+CuzsouH7zpRcneN1/OH0jU8sf+xR5WWx4aY7e5j5fFKYK2O0JfJN3YUXNbyBw9qFo+fx0EoADyFZlMNyg0chOWRwS1CQ4QACJzD2oqsORcn0Nx46uKxTPxuDdD4TepBhH0tgI4t0qzHJGBFXtYVhXLeLYU/gNa5D7LGSYVwBqiviZrjlqwoJJBV5IMqRpZ6Jdho7RsgRlxqJWhOa6qzxcdfFpzWebcs1WoCSKyxbtKQl6LrmyZbnxlRNHL7q+Fst45Ni5VDpSJ/nbO3wVDM+l30eIeiPhT0t3kp73orFqTJC7/qNvgQPFHubUmPyUEK4gRs8gq80P1I9pjDsPOscfwwGn77wEfSe9N7LWGtb0EVG3gSTe6I2EzYWuv458XzP3FGQZDZFpgVXTS9h8hr2PZZ5PpOkvDXqwSn7XL03N/SF/rAPXEL+1pZIECUp/LqRkpsQyghBgHCFFgEBHAUOkEoCiHO1bBWVPOi33PTvH/4VKWah23BMylFGv7hG2KeBWAHmea3qSSlfYadOnw92kB+ve1C/FP+rrUhacmnuWdOdgP9pK+Yg/+w4dXCytzIzcWEwsf9Dyu1cqgHyigNMcF2kN38mnuQ8N6BI+CgRsdLgbmPkMl3sJK4Vy2o//ePXquYhoByFoowPVqanCcsz11be7dIER5mrx0Vgl4N3cIxNVukGczaLvrXYvz+o0YO1GyqFzyJHEG9PgH+IAas4QLdExyGeokcsTMZvg/VEXB+SVREmEhcYYc54uF4tA5f312Fb+pfeA8xWdnqUUgHRC2+q17g8BEZz31ZStCFfMYgs/SirDdNBIJhzYKR65xIXorsstRErgIjVAh7nuuIaWrhi2HCKLpoqZ91tJks5fs2Iw4594Mmlvv7qAbnbq0iqIHQQmKzhyrP8rqZyM24o2DRRgQLM7OlG6+7/aSkA/N+PIv5HtzPaX2rPyczB3snlH+99G/mLxF+v7/t/JP5Z8q/fIv03kib2trb2dv8C4K8hq38FsPzbNMzcyMTsX2Sf4d9g2Ngbmbpa/smKg5GTmZOr3b8q0F+7qf93LJc/U79/AcL8vwZxdvkzw3R2sTT5V3n6azjAX+Fs7U2snc2c3Cz/Wy39FYXs36LYWbrYO/1/QPhPM/0XmvrrXYp/RXA2M3F1snTx/BeZ+HcQf6tVEyPnf1UT/67N/V0xf9PPP4RogItwa5hGFX1G/3lbAvrneyv/qwT/NY7Zxnch9DMhBRsU/9rUDaS3egNj6uv1iqqxLHqnbksSEMCmCQErvJhO47vcfJCV2KN2WBKjkhlhikzlpgbyWonKLIojkBls0rK4MY7l2u5aRtS1Tn0gMeFwIAhD5bNf6tAfM7EXNYLLGuRrabdagHzZTyh3sRUGP6Po8yQF7hk0Ip84jqT+Yt9+G/2vZZB/Vgnh/1QQV+N/33H8TzX5D8L/1AP8FeN/MpZ/wPi/MWCa/y3cv7Fhtv8bnP+VGf9PXcs/IP57C/qf+oJ/APlfGNH/AuV/YUd/3dH3P6D8d1P6Z5i/7iX/L1lbBxujf7yc9T/cnSp0yfHYWEBA+Pn/bIYq/7ED/G+aoXf5T0/muZ6n85pEw5d/5SPvdr3VFgV68KAvOSCthEwnriYixdX0p2pwJjA0LNg1kBKa3tuOAaKQUooUHho1LWRyEiko/wY/P7/vxPvo+/3dwMzepSVaR2DPPFK2SHChAELE2ZM7DmYX6KbFe+fbU89HCOjWLYgYwzpBLCqCxEs9OOJQzjCRtEjlQsHTJZZ4U2SwUbRy3DpGp/u6316iF7UjXp5D4DOx27fBvZtW7rRs4d/20kFELTVx8e0eQuER7h9cwgIl8FOSou3zxwVGx8pxkUcoM419baalgWZjCWIrh2rIa53G0SD2NBTvFDQVhatBDLxWoBRjjidsJllkTB9c+LSWUo3Uap7osikaEYEe87NM8Yl50C0M2SWk30x+xClANmbq4eWuGlAptPdR9d8nsLmJiyKBS3J6Ks8EFIewbTLZRqazVawliZDpoPtbTd5UTHdzQluauL/c6bQ44KPNa3ci+p7HQvGDL7W6n7TWZ4sVpkrkznvsk9+cgnZkvFI5BaezSintDkdGGzClrZRlzzB9QuEFWcwtuyb8zBoz3zWY2iV96Ed3EbwOukHOAis0RddydQvd87oHc1M34VzT4vv7L5okly/y25p0U4Nhb7hyLx5Lqi3U9kMET2dk3QBtVpzHGgUIIzZJGliBdAoX/JQox0OazWkbdiRGHbxlSitbroDfo3F/vYESYd9MDkSjZXBHYXLOsKNQmXvGjFHyDJakXYYQlI0DtE1qzjCmS3wWwe3bpB1Knw9ONXqbe4J//G4Kf0MwFfcDou5WLGQ0yCZkoGSiYI9L/LlGyitXKdbGAAac8O3PJKziOQSQ+BkLE3NdU0L42STqrgTfeIRA2igAyGEO7h5fKVenjqk3GtC8nvJyysPK5XJwAGrbYwS3UxZ0CYB4jGOPOAolu4Cq2IYHilREOJq80G3aIgVyR74cc9YoQenxSaOuThYm83Ix0mmc8uX+xMRnrElU2rxpty6Z5qRNNP2gji5siLeACErwUbdMTexhBNAGC1LiBA39fsQyH+4cnaOhobVvGxRAAbNxyHStNyrFwIpY5IrTvNJaJYFSFiIXe9wpqpaqgSfnoTNAoegSWlYC/8WlbULRQvasTmeI41RCm0GdyLBDFBH9tGn3xO+/fgjveoVZTnknLqBF7Ama37NMTWDG6BhDHmU21XerY/Lk0T9UTh5Fqb6P6mz843WoEXO+XB7fUBudFHi8Rc5Tx4hbk8WVoFxqG75MBnws0UzHq2EXttGj+xQWLPSxxywUmfwbq0AP88e2+5HgkEKedIGZNhPEPBcCiRqAXrke4SNEYpZKblddrr5MKx70KSjxQlm56bNPLyCQu+UiCgoBWhULHCys2X1xZ8oIQ1Y/i6mVFP2Wg+6RRcTvnIWQVhVgwrOvQr0/XGYOQVUEyOxmfjqLiKOiRoGKimRHky2lxIiaUwld96ZCfUtBS4IWGrbRNCZvq2FxQsbcqBOTRaLXVLxG02pCmwWIy6LS6zXBXeOPoYA/I+9IBhFi+6E9K+9IBhPi+8E9M7OftWCSjbLKhzLzwrwySBAUjfEmv3y3rDdoc4Y5OH6DbnULbEkyar56k2co7o5ZDzGX7cdX7vkBlxaLVMW9C9isWMAWR35IjvEFN5l5UUbfXpYh7zRlDNgh4FaTNrt8tahsuEgHoEeqHoqZS0jrDeUrJ8pOadVLVRjji6U4jTTF2ww7Y8eauopOy7cOzKu7vzAAjjCqHOxxp2Omq+p1i9uoMa6TDN3KdzeQdoIiJ+X0C5TNr8uxYbvkdOt8EvekXvEs29fVuhn4G2XGsvq7PWokA+HRB5KqEM4tz0ijoIBfpwM5cQBmO5FZV07KC2iyjXH5QrEUBRWjGFx4aFA1eyJivKK+GWCqo5nrBwK9EcZQWztU1HFX2LMnVNQlSWqV2UQ/llFrgq8DnCir1m40Q0Ir4OcsQxHQ/coC0RNhxSFtrgxgtISjQh+RxN4S2qipU6CJqcj5ZMunLM9RMOJkVM/BRKnCklFyr6nWmnOIXM7k91uVBGe9JqjWgY2/SQ/BsXqnAwJ1hF49eSA1XdR16OJFnQ8tvfUD0q2odTak4VKpHCiQqjMkMbJ1fyCXnqrj4C9a8BgiJrHRBsq8iFJNYWEiU0UNvap3SxYSL0GETZzktp8nns2AGTM86b1/OJEKFF8JEWtSKWI0UPHniJ3udbmsPPmWwUTjXczywnyjke9Cvg8VTFemWkmjiS2ct9W45FhNRq/RZcWgIcAvdTCL/UarM4YJckmAH3TShosDjs4DOx0kVP91Or2Iem/YJbdyf+gTw1t4bAedmhk6XsD1Ymr9LfDhe25sAVMELK3+DNtD8VeowvvIBMRCn14jmnWE7hZTfk1KVWMf2ZS1sOjGYpB/kva1u+bRR3ElV0aXMbTuSNaCRRC1ULB5zowpnpi7Vum5ELDNqWWbW9g1vrwmUi9aAfEOwzuvINbbOPul61TrnV34mn8vG90ZZx8et23uOYu07tJH+2+//iAacWI5bVWcAnr/HVGfyGgYsVFyuXwOBUOhCg3Ka9+oeWm6Lde2FIbBcJKa2xiYXyq8WMJxy/EFRDRUmhhojGRhoRP9PpEuEZJayron1qsFptfkcGb8eofizn59g87oJezfrDegEyRNvqt/nTzv3v+YZHiY3SXXYbIrXyxwPeU638bYT69lIEsljzPgkd4rl67gRyBxCkWOKUemwSNws88t3hTtYnIbmxMP860Ribki0He8oB1Acm2c1HPZcnZS2RVQMthPCnjbFplG2PESxJ4ZDd9YpqAKCQBaIIGF27Q/+tph0PvsPWjy3SaJJKG06r8ZqeVBQ/BkL2k0IQGuEMK6AcL1OqdQSk0Z3LNsc0XGOKSgYtKNV2tSyha5ccERGaWCZ5zbszRPvZtGEIjOalF1ccUvMA3xphJegBF5xhWjA6WPB/0C8vR182QDvjCCReMUJXLDsMl8Ci+bWG5LOrGhSQ25pSyeAviwtzEp6lvRjmrkrj2FT3xDXA9X1mxIUFTvZmsUbAEdvYPh/rUIPBhwX+Pnz3UrU5qCWX4yRrFW68sRYzkYx158/8w7qTdubctPqXmL0IL2vNjj//myhX+2VYVuGBBgzhd5N6HrhqnyJWDoxZhIAg8z/RVPuZ5So2uxgj5ZKAO+xCbrMmVHl3Rvfj/3IM0UZ02tRGX02V/ysK8nkNSl7fR2d35qn+iBbUQBP5ep6CwEvvbhs8r5qhs/LP1dD2oljiYjqfAmKQZMPx/rrsRWJddYLVWVjkTHnYAxRKYm6JT+FSfdofnZHidQWYOhg6e0XJMyoMXTRz2ELiMyB9iXg4R96kZFyFmC9FkHBPcnVqASlLCmogtn0bKrbifPfX7NumcdbIdefAPPbcSmij3B6/U5x/eNkIE9pus+lkm7qNQzBpblC/kdJ9sfTfy16aADMMjIoUalZNspwhC/lEHMjEq2JVox1AO0IIUzkes3lm2OeiaJwV1iI5IkzPSb0IM1XDL7MMt7RRULj6NMVDy+7jdbSXYZWEUiNMtHZ5JcCwDifPr9XwSepF4K+SrFcALtuDkwF08alMmPBC/Gsv3Hh6cUZHN9+yWVwy0uDpIMVxL7p3xNvKdL2ZWKOw8HolLhkCDtbJKSm5EO8Fd1PgT60T/46DKZsf1yfXCeCgiHBfl80p54Lx5fHDvoIVruHSD3trZ8uH6s6+b4kF+4/XwixkvY+ez62DF0YWX23t8rnSEw7lqy8wfSJyHI9XheehJsWoOMGdG4Bd7Xzwk4T54/k3W83Ah2yTl9pO5uU4J8PDgKf5Qs3ujGiRGe2ni41ubb7Mhe92lTiOv5DhfHG+Tg7Hl7UHbUtjQQvX94q8l3gh+1ZIAIsWQwijR8vpYOmX/xternT0nw/cr7yvvaewSUV1f/XtCfK8KOITVnodp/8BaJ/CsLhCij1JnfBfIk4igspXXUIIeSLwiA9ivP1I8dsULdOcCsrgaxR/bXsTEULZHvZiP5A21VP5BeRX9z+XddKxRucRPNIcW3i0dpJ192qS/YK/TOrRtH750fmJrkgS5IzGysYracQEvp4Pl0PBq3RqUtJjIKzAq8jBaEROc1U4wKQQmhglJ5ow8SyNVyKWrsSsrgTU2f1GV+c+GNXPp4M7oR5843Avw8QRtbYz8mDEtecBUmdvGq2kywlnfUIhw7g2wH17CCcmRsJ4lR3EznLRyw5gCCEXNsXHmmYCVbYHJWpK4APWjHfplQ6tnosxT0InFpb2n+lAXwYgQDRRBsM37DxAiQ3i0aEomZiJTtBSp9g8E6OLq2tVDBLvgqiHyEDmjtuImqtlszfA3LSwOCkfRFsgkcfecW6xW/Z43F5IO3FkCPzP06HkjzA1tnFYGbOZkj65vP+LyMM/P797DfPUUROZbwyhk7q++/Y4nJXHXN1e3WT+Pez69LON9cogvHCwrKUeyxwHZThPE2f8vlYJpJc4ChnlQEH+39fhl9skT72ilAQzLzpMsMspTVzoIHS3z/oH8zna3G3XoVdsIVXnGKf99fhC5YQ+KxwHLLVsE4MZFJojtLIrKGKELRYwfz9X0IOybmZzHlRK61hsKLeTd1M/24vWyr4dsdPr/MneCpifWatWVx+OBVd+w2BjGmTE92Oz6k32+wc8FBn7s1xUOthZZDgRuclH1eszH9UIyuLmZGm2KWv3LU/w5+GgUzR8H7Y3uF7rizfZt8BDTak30pGtbHvqFb7hyc+YJPf68JH+rs6P5LwgV78yO1BcDp2qzFaGB+Ag8ddh1h6Q7kN5Wk9t0P4uYA9r3lQbw9s+1xhZjzLpYuVJ3mXR427puvwo/XcwqyiF3zb2D469d3Q1W/Rwkctny7nwXs3chWZm31TMN5QAJJRJZWRkCYmviDqokLrKIqJjCRCc3PvxxcB39euM3N85m/YeL1LKb2Xbs1bjysUW6/KqhujfXzivuWVlw1wUe0EvIjE3WibkZe7buv8jr7bprsU5hBt3XGeK5tM/1MpVHzGXfY9uhrTdZTFBGC8kkyPsLoSFip5GMyBLWOAgsUno3oo23Zvm6piOJjr7ddC6qhSmIlxFr+lvjlQAyc6O2mL0HTvg1PPhLRcKWTx6rS0y2mS0dT661NX8OZp2tuYAdlNynOhi0uMPLMtByKeb/jvj9CRW/G1b+qFEYpn7qvG54NRhoHhscms47FfPQdAafVUWbj/W1Lm/5xQO95O+tkiOe+4/vRawroE+zwC9K+50k2t+fMB0JeGki18fUKVvtOeRlweyk1M+x5YcYAnDktNMjTxgnjlrMwGz6maOFgIImBJVpRlCn4M/0UEtGkjUvU7MePHJd3/69x/sIxs8aS6LWVnZBJhYhI4Zrpj8Z5gTNXgZavNrnp753cxXE92YnpIXntuUmb0SlbA400UDbyA+V9S5gwXee0HCaiP6+JHEDXy39wVDLWkG5y+R4E5gP6fsrpa40syyV+SQr7p1U1xIP0JvNpIauwysuIbYqFgWHDepllV+AwIqFHtpuTjng4mf5wDfFvdQF/O+DDwsz1lz6FeMcJwhBFysk3ndkmMF661WOkXN5WXV5SZeKu/QHKyjR8Np4JESLqPx1bGbfAScZCAB9OlZXyMgjBBxJK/CD9hMuA9VaBuIgllIvNwAtRhW18BhPC9Yjs5evG8QlQtsed/HZTB+iTl7h7t4keR3wkGW0d5a3yDF0NMvoA2pUUQBJp+4pRzJmPVF9dms7g++JIBPBb30BGP7yx0Sg3TslPgGSnolWTE+O8fEKcc3+sFiPwfvrD08/XPtEoNygcrThpbfALrvwtSdDFs2V+XZlpTlThg+lvuYGTYZnEzJfCEUrPWNYuFNPeTzL+gO9B7PDgRjTcHIxcIHTfTzPqQjh2EmPMlNXxgrFcYBerUjrAre36snoI6w6Nr7Wb1SqA7ZNKDJ73paKoUJPTbeGdAqpUNomSkvrpxEVREwrz6TtPxOd+bcvPvaJUbMv/eiXZxNt0URCV8jmTLYe0r5Aht9de+Dq4kZeqk49VIohSCeMMt0LJpeqkUNLhRJ9UBbOMttfW0v30i7Zf3c1WR2+Q9kku4c6yNRxcC6sSQkz7lDAjGI8iUtHDhBfWMdij7/6TfjVvm767XKlyiYYr6kb+KIGBsZ/bB9W7t76WIzc/u8yCpuH4Wkwkw9c09rakQrpTDD1wmeKeP+kaU5TT1oLUB9YD1QXE3YxkMd0weB5Tdjkg4IFIwbVYbPvJG33S6ER6am0432dJneY5zfGbK9HCfac4ZYsIutqO7UgIh4Sy6qaLi5ufNSCQamZPyhS2SFt6FUOqGXt99s8THLCw0w0O+DgJVJ03LY6KImmwNhrgENfPL5hYW0b21FGmQq+3zShp/5MuqR4c0KU09UcoX8s2ULVS4m4LP6FiysyWnkgtNjihOUDV9XkJCLDQequFKqUmKQJPpJbzUgNcVFFshp5QoXDURpFQkQbVsgcbqOpKE/cn+bn5DXdEFFYSNXHCt4ykAdq4kmsKdqZ4s9SyKFKYazvYgoo/mlW2FVb1Z0ZK5evSZLLpY6PaqYfyp9JU99gvC+F0lWepq+EJM7UXVmVMUocoWAXqL4cRM6ti3J0UVt165C2oAIxlq9/7uyKhS6guqM3vQ/eD1GakqPGA3TQE49vQapKJbQWVqWOk9/z5ayGqUAu1QRMTd7GRiZpca4DfSK4RhjYW3ZIC12vCH5lh8/yTIXIP2IICHaSF04ehHyBiC2YMRyaveDKpgv63scpZVCrKLmL6bBGTtElUNyUmZ51R8jaVKCLt8i0ZFenn0faB5TSSfOVnsB6+M+op/Z+LfbzVJJaMWG9bIhiNaz8TVEKlVPx7ttqasZJp2DdME+g7Pssc8VSPskoUbPT+PDG+Tq2zeOQPvJbYmslUDeZ/Z13NWWeVc6Kt0ws1p3whFsz1/FApPfySCBdN8E5O0VdCpxsL6uVFAD+A0wrj7rdxtbJAaYAXRztJ+aSS/TWiZHk/bxJ4b5mdEDFc1wUpjaJdnUZ1Ig/8iU4/yzakHpy9WaT45F95yGfl2+9jR4ASiF5v5uAX7KtMz2y2WcJyCD6U/7W1OftQAg/6BbO7kbr3jGqZTBO1KqMXrb1M24DaIW5MC1Pe8kPwRzJSXqAXfk5GE2ZRxvPUEe9WzpUCtxz0UdycHU/e6T4R+f40VaTM3XcU8k/TaY0DvjV4B8b8WA1uRkx9IwNVYW6qjBx9QTbW4YRnj+I9livT9PShu3GnHmsonp/iupVbTDdwFddTdu/TSAQ9U/Sq/qqVx08EwOdkQh+A5qNVp+uWtBkd0lYv/f2WANC4xt9FGN2CO1qiKUJZLyakzD8zWtnYQ+yDvQf6mxhtdDJXrk/f/Vh0ViSREHrEhCGoCQe3DTjD/TfcO606KcToqBbc3mXzSC9fqdnQY6wr3EaLmg9hWzqC4b3dq62ngwaFEAmqnHJxhRMm6ynlcUPRfCiDtSljVNlc3x08dhLQNzUdhJ4xi39efmtYTdodF2H84ScaQk6RZX2WMNfrzsDGQjESMUpGynU0eHhpIpYhm9CB9e40k5C13efhIuiNBX9lx2h1Y1ZviMITcGaLSKLEb+/WkeeIAluth4Yrd0lxxIkekJz8qVvUNtp5gPrLQ/TYKahIHs9Yl4u6Ke82VnUqUsa/eEHkwPO4l60GcHQ3JOhNFEc3Jsmjz4cR82O9pV8GSwgnzo5yibMwsz+50iTIZAScEteB0t3DNusw5GyiY2sztnBQicz5Csg48uNCuIOtPlyl64qnE17sKnbBZFLceKm50hJ2ak+2fvlqkNHN9+saOT2jQ7SjQp5FsT6AWglj239e8Gxz4GpM5yJe8Txq7tLWhRdnhumrPha0c4ixIdxA3sz398au4EjcVD1l5fgJCtoyT3sbM5j9YmGqtPh4RVj168gX8nDpkiEbwWlWrf4HghiWMZpFz5JqdF9MKxPwfqrgg/1FvH5w8+XCma+DLWqsky16QZjwaTwOGVwj9NJ3auo3XFwmzRWUduklXHSLC6KTvdHYaIpOip/cnJ4Ssb3fSa2F540mEn6hBDcZxuAM5TicFkHFwfK4IOmmp0nvVlHO56VgP7uZRyUaYYtm3mWJ8lRg/5Qk8qjqWROnwgAu0ifciWEKjNhStafvMgYoqMTrs1Tz9ZQV60ilM304q1AbCF7uGuxZJP50q9u1C4nWsy6tOWGW8HP2MkqfFudeDN36mMMwGufAwAPc+h1j/ne3wrV7DXc4PRAQwx7wPznFVP7TpfIfMb9/j/Y91/V235VI+/J+/P6BgP5QwryR8uCHLcoJsV4SXA/KdXHZSqmXBFNoJwQGjcub+SHzBn04wd1IaNHTr34CjNVTJ9uQzL1HVqAa7+3/tNj10y61yKYnEx5yG07RZwk3lctRZRuIYCV3L05Bdl3ZHRNnPfvW/3Ok5SK2xcdGkdLOYXbID2i0NbHHbF75gwjL/oZPwHl6Fsx+dTPhiZ8tt53P8rKtVHfd87Djburo6Cj76LaEk/uAXBjpZe/DfORyjzjochRxZnQYzyEH5dujF4K6GiROhZ1w8ZHUDFoMgQualiubMEqCpQMRUUTF6Ag8i8i8V5bZMpT2nyF4CEZWM6ylCopl0XUWiQ0hZgYpvVWBDhlKHIV7RvQyr5HssK/MpFDZl+WGwi8SlkJlAtkWCOmMFCoi9x2pjGw5KYINlaYhJD/IBRWHQj2fjLokFE1WWZUfx9v1fhXwuA5sh/xblxsYilqEyu5Odp/EZZz9E4RJTYWyd88MOp2Y/AK+tEprVBleNpBftCWfRAaGTU06vMBMil9HLIpKBzm7WJgzQUZTmT1o21gupXtPXhIhK0RtTIzMlaiiiEc5kS4jrEpUB6BWllECDw/8kFeCnVUgnTbbODpReOPhUH8m7zY2aBTuROfIz3Yd+cJVE08HyFQdvFaniO/RxteiIyppZ3eCvEmpvRfujqcEdszQzEMgeLHbzjWawXroHEMKtX1YWb4rTV6OY1cTTaPnUmr25lGtIxdBPSP5rUpnTKKgOGRhlOo+lx3cBuLJA91BL3xQa9ilE8LxOLI5OpI3XxUgM4clrAEn+juBSLjvN1mZkgFLYlgeKbZmM5RTHwbq8bjLJUT7b6ks6acGGqh+DkVZ2b3nNUgBqV531GleUgpOx5G+KJ8gM82KCikl94h5GhxAnhEuxHkkThqYFloC/WQpBVldUT7k6HG4SYcHRoonClE4Ftd8Pvh7N26AQO62rV+5JAyNlO61nQmF8NJnWI4oGzEIhClxawdvLnJ4SScPcF+QIqN6e+3pQHxHKqL2g4GbwKeI3+5xClsVnMM1kF6KuBVM9Frlrf5AAlgu7Y0F920VdmYF6vQTr11AoSXFjhG3RGh1AEewp7eNcBh5eUmBKEoreNkxxg0SHRIip4tOU0Q2V1CGZVnU9vwvHTHNhVuuzEuyCiS1MOuhcWElPht1nGq7j1adODYv6yPXyMMoCyE6F9L2rXP5TqPmeAq16T7cMGUm01t7gek7yjO3/cVz9wY7SSjRsReF5g2u87Q2J4bOePul/Ho+Pvrmg6gt4VHlXyM5Cm33KPAjQ1sct/6ykZ8iIjOWGrKO5hjFdkbmHHcfk7V+3KCzVGPDnx0JjE/oOflU97biWVPIjs4vJOngP3UyzPpO+V+hXc9bvDP4K60BoS23Z79h5b85JkPfMS61Ol9MQfkO9Epi+gGHGDu/MFreHXJdtqc7hWC7D+H+GI65jEOwFF7+vDyyqp6rfu/MAfJ8EUFr2h3HLFFgKLCgi6KhzzJSztcQhh8HeBSL/hb/1gdVu1vgviyKPCpewga32peQLKtZGjF0ezStFSXBIhIYgYkOphJvLbanHZv1O0M6NglOIxmHmpoMbMHaBYyUOqLS5bAQjZhhlJmxT+oY69bKaFMSmXVxQa5yBraPf77ZU7qE3GuWXJvFUjoPk2RRLjd+puK+gOKjX30sD7MgE3thXi71zxcpM6l/NbbjvR+cLIL+YoiJZzQP0vIh6E79tqsznnGFpQgBZJyAm/wG5FAJfC/W2v8ZMnyJymBwGMWtBLHJNooEqYWnEDLUkHitgBFXRm9LpEEBIjYv1E8PpJgEIn5GrEglCWQn+9xaxdKdE7wquR0LQeDU7X1jsBV+a79v8PFk/TxublT5fHgx/X5F+ePrtbipM6UUmmix907KX7YCsP9SxA5aYr3/ZN9fPhZBPf00W/IBr/iesHe4xPay/jN4G7B/8GhBek35CB8V44HoULeCGAYq9FY6ysOcheKqJ4CCZPu66WK8R/eYc6fnjBfiIUDeT7xoV7hWtZX289sBROzijjKmiyDBoqyuSc9tzRT/ziIrnDdv6ini1SqkZPXqxWEWz3yw+l0egNas7a3K12bjJMjyzprAx4PFj/eKx6U/d051NW/+WSyGjedMy/z+pyo2Oy3h2cXaXEDlDp0+0gByuYhFkx/QhVfj4EvfENCbbwwownnzWYdi0XkH0Hqn5mr3D5oghSfSyFD7jZ3lbLA2Hc/D3TqsR4XED78uHWDvjUviqi+P38/lg+wbs5wIql3KAZLC1BPJ9uBqDGHtOgC9rBkSLUukN3iELlmLNtJXOS9rHmybdT7uoqVDGy4P4SjdT/sVKjq5HOpZlG87AjzOXWMYeQllCq+BOQ2BEs+QDM+226/AcGrwG8Q8Q8hLOsGG3a1VQNp8VsMUBhT8gJCMIsM2VloIlntFenuM2qM2tgVmxaew3A1JHcG13GDB0opr7vBA7zATT4D5Xc/X3bT/+90V8kUZ3qSuKoVMNMzLcbjBZQZKEC6/f5A36u7w4Aui9oZXpc5uCAlz/Vrc+HzzXfMsF5WQDnAuOJ9eRhTGbX0JGsKTtsHFzvZ6ebnv2YYipsKDy73RzwVf/5tJi1/S2bcD8yYQkhfmDXpUc7fJZY31azXnS1fj2v1AyK7yyZ5SdSpXDHaLICyEaSQpdmalWv63g7z7OKlWilOdi8+W3ULEb2snId0ajZ2m6yC7J0rfoYJq5qLFGLRTdclIJaMj9MVWCyZlWejH7jYp6KHvCxKi+QjzV+5ZSnFaZIZLqKReofkPKMlTAdCMRjmmh/1nyZH4NIIC17QCD2TfOxRmtkA8OCiQo7pPfjqG2rbPfsudzw2RvhjTcBEp5tfy48M6gMA2a94hIYBWmGugp2H/inLwGdoi86loYDwIhz6T80SBeKf91YrSOBnbifrLcz/xDOIp6sgg0TRhcbCFMmJIy+ed8QKDtPm6dlSQVqqQWobTH5Z4OJxph6T7GrTGx0x5dJiJJCg7ZMh+6f0u8MQFXDU7VaFUbLXwoTKJZ+Y5p0hJeaebdR2OPmALlLsQf8Yd6fP8sdcyQLgQIWUaefMguJNWBYs9BNR/2BRy6Q3OKMvBjSbnlV8Sgu9HVodyHCTv1dnCZQP69PZ7Zwjoffn5qiQNcjXczAqo2PcV6hVQpw0RTYAXQr9Sgi18VAGpyMAcOxVUmOFZ1FwyPCseflLcphvpMPjUjGGUva8RBSn06Rvvw6redOn7HQEkTXCg+ya0sppNtlgNSjjE0TGJpxcqYAxKvRUauhDi6kdOd67eSoTUDwY3tLMBGyuDOMacfFuOMN++FVD0ak+jX3E2ijnjH+XkPYTsjLhHb82/Mun9cdjXTRO2C7paDJc6GylOLnTLbj9DvcwRL1jrvpqdug3YqdV+1i8hVrmfHvSVXRUinu7X3W06P64eQdY4SoSNTSb6ruBlYf5giFkRfspeTXkTyMOHpjyZv3mTve/7TuCG03i4BEPsZsXRv2V/U8v62bT0aPEm/CT586ZGUIgQb7ocmgEcGCrxhtIp+Ek7PbY2yki2Gtalk5TtcbXi43LUJmYVtPNpb6UUsXp7z7ETuJJD3/+dCXe5kLBrOA+xXRIz9qbv4EWL5fn6zLMsemAeEBkdvIVOL3hTVYjiLsPXbpHK1eC8xrXTWuBL/stBPPzWAIadUjeX1niXA/e4+WHV72J/3guuyWNnz6MHGqcZUNjpq7tZs3lNIQV2w/pCy9hMEYrrbliZ4ymSTrnvWfBw63ZUNwezh1P8WYCM4Z7dDGCnwW96stSxrO3YIhO1uELbgmuj4JKvkhKivL2ia+hqW14z9QUxjWwzEvfxlCH8NXv0HZ4GH9xbnIWBj/u77MiFg8bBXlmAbhqKBE7RuI9ntl96ozhpvaAEBwQZ71kba8O2g6FYlR8Ptu3LzhGLAF774+Bdlz6QrX0reus9bOIF52wiS4YKVHjSL2CCXWWkbnEFMjcHRHnIPlgeGZIBkNcaZiHgQHP54Gtn1N2QQuTckP7gXtrZQYf6w2Bt35+bJRWxLh9On7+M7tt3ABhCvMoP4rc3+XUnlo7Qc3qKTyOlmfyb/qB1G08cTswoDV2Rl1de7IkehB7JFBFtnOsJgR6icnSmERJTh62CfqJX0zODxYy5b8XEOK0tZ/K+XquZ2v2/h+N4+9yATIVB+ApeIZcSib8dx3EkCiJwUiBQaKHkvnokoUBVpFuXuuLj9VYc+TrfzN3FFSp0yYvIQZnYKe5srPcWGibdb9e6Scvbo93qdwE6sL19eqEsEdpd1lu5MMHdCOUjKNOPIX14NBAMpLZFg2ppm52x8inEwfW1oPsl/MrZxR2Nj8gqrTK9S5bijaGm44kAIgxPnVRcqr9SnadrohgPGKfhA/0ubzq9qHhz+Ytp7w5fBuGvJW6jjE0OUjO8036O9MW0r+wciUXLaD9lMOKDS6aYyg8qJbuA0ywrEaOYodNE7UIBFC8yG55jDHjmEIswtiTFE7ylxLEiQdjQ4UXF2dksrFpgwGVPxzTF+RuXOs5omZRIT5uvvggc5Ee/Ph2u8gkvLxQYGTcqDc6G1AxvhOsZxqTEsuDJlS+EwaUh2MCqRKVV5MRT1WxGX1F9iyX7dsZiDQ4TVSPOvSDN2AEyTh2rsJP9VswnGFu1Lrjy4Ri5ePerz0vUH4veAryV8CshIKjj/DrM9FQkWkFRpplkaETgxvmllSUk0O0fKYT8gtEGifJLDjhKHW3TszSTh4ypDI5Np4TL8ziFrA0qDu37wwZ2CiXMdpBG4c+ifjFms45MKWTIwkMt4hbSMEGajXCTiWLzGKGUtx1YG+jblavFXR8lZ4z+wV2/VdNM8Odumwl2Ei0zp5x/07Yb7PZuDRvTb/766NyKfXqQ86h8usNwc2/Ysd2cxo1yLU6HdlZu/dFBZUtj9dFMZRYs1EkIjMZJzo17OfexzkuGzG8FtPQFC/Wa4dIgBTUGMYnz6U7ll/J4oK2B9mhq9GMidn0MYhznkyqrBBoc/ZexRspPMiNZJA5wYSI1HWkgRdzURyTVTKGERSZsKpksu4wsu6wVQ80BpTwjqSSy8QbjLOP7dPg0drjQouKoGqyGElNU0WJ2EK4Ucj3WBqOeODUZ7MiarWleXIOUmDfugRgbu1hxVtypW21Y85Ipxtp6Y4HEq3HrQZEx1QgGMpVJiD6cRCWVMQQu3EvrQQHpyYgnHGb73PaZCfKOTnF90s96kcjTixS3Kwh1+Y1zS6UmeVAabURh06TJTkPu0RPLuD2L4Z7XS1/05x+nqlV3Jo3Mrzj4cgxXs9L8GZyD4S0gAJtJYSW3CQJVNOlQqZmxEJMYV9PyNBtpxSbJnrDXVbx3Hk2XiPgGZybM6QH4WOsYSVJIm2cPoR9qryrjiJWcm92xX9MZ4OVEh3fF38eHD/L0Kn/2TUnmCY2KjfaTdgiKJdvjViB9oD9an0L0PQdF2iF4oCaMh06zrohNMst4/LbCaxIqXgHL8UrunqNI4k6AlRGmtwDvMkSbCKJCE6snSipPhC0AIC0ElaGLdRHhgM/SSYkIk5gUBZFhkhUnmPbEh7D+4K6fsVw8C8e16q5TsVd7eqS9IOQYLOYeVXN6ed/gUlGWr0r7ae9f8ZO3yDgwWmBosxV3szBVM4GNA9YkR4PikE39c0vwE4EEqb4jGrzu2tmLEkOakELA2ToRjILnjOZs2lYJXJpRCiJbS02bPc+qQqmCoAnq81KicIHepuq0tl3D0h5L4vNBFOaFD7XBeR+CjBRk5xeiEwg/0CrKb7zszh1aVjxi2jQxnEbumsFiISZFS1sHknwKp3daiijq7cg0UmYNkq/6k+jVcE0ULPxQeNEK69EsfbWEiaAJjJDubziTaeKm5SwSOh5do32mkQHH52piWQFd5snP2qPT7NpXzj1fuaRmr84+Pt+9l6M8a13raIIsXQIt7weah6jOjc0wM4+v5Qox7YgbQ4sWqMYlznP5U/Au8nlsEBoygKmr2yaIWum88dbQ0DMlBNeFCajWZbiMQGThEv0foiil4RkDBIf3WYykBKnNNra2OvMNC7HD4m9OGD+B9piVnbVR0/lETUsGjgN0BSaiMMd9bfio8dtMm1+MQVz72V6zUukHo4q1xsl1JCfNPYyayhjlCuczCTlwx46iK9dG6Y1kzfhNotX9JUjOcpXXO3KZ8jVDvBddOGz39J6SYGw4WM1Y51wB8BQQ0RFTGOuAxuVUuAh53x2WrKr84hS2obT3KkYe1FVXOEr0K0OZ4BVzTtRsWczZATUnzmGX2dBXY5Ix8aMifzPe9P2GafCl5qQm310Mczk5AuzIDI+abytydIN4mklyQQkXSOeJ2u195JmGQlKx2ZMhKmt3hyucSfeDPyIHSUONwrpzwQ2c1SVqZt0CbsoVy1xbMpB3Rksfz7/t6Blrh2huuOQs8POovDUCmc+fg+LJp5tIzqPGz6e25mVKCyt+V9aKpSvgYpQWmctAc3HdlO2QcJ6lmJYFAFCaPKUNTkeez58THQ1zIk36U8P0+PkD2Pr3Fij3Y9B+nJURbySH+9NvmcnvDGgc9cuyuFOXabCgd/22eVeiZO1WqV5w3zqAkQwPHxR7PB3BtZ07MPQv9axj3YqDAmE80CpUfGchkjqhC1r4IiCEy1xmEIkdo+r9QxA5cN9IvfAKq/lp8jBdDrGBG+fASRPZFPSvdDtXYsidPcbbwFHnJFeFAukl7c5R0hP2UdqoXsQUmyB+Z+fwlDUjIvRdKv/poa2+rxhAxhyiCCrIXQWePIFkry7xQ7ZzFstdkRsVfB8EyTjmWy1AyVwZlDJojCkRwYz7sr+SSVmTSDqv/c3SDwwgjWj1aE7Hr047qDe2WSEdu7jcWJndLhjiELeC+lXCg4f6xv6GifvG+Ab6BqsTGgykiMcIPIfKzx8mhTQ68auyoaGhgoe+eOOKmj810t61fEHlobtVKIGTHZ0MA2NToiWNWtl4OXMvOzVMRJVMZkn4BfrhdglEWKnFEW+v+V5OZaJ+oNbKwFti7vdDAB2Zh+s2MiJnE7wo0o3uvfmH3Lndx87CC3nl2/ZQcZ/dIPyXZeESlFf5tk66f4fP7CjfYuSPSg6vYIfEzDEJzuhytd+FJkooXYRl6dwHDYlmmjq5lm6aKL+qzyO+UI8K7wR3Jr16mdV2cCyMvYjNTQctmhHjNGRnGWMi0YzlFnx2tae6DlsQem1Ybr1rU0TKZOuTA3iJVBqUIUig0/QDk81WqMDPCIzxgUF/i+Uya7vSzcUgyUWdgwEDn5CMFg/n2Q0xc6ETeSQqMr30gVSP/I4Q2c8kF/6JQIrHGO5CWJ+uYb9V95TL+4DDd9jrNGGFTn7ofRp9ZyCkVlxvYRyHWUDMrhpsAVfq3hvLamwAXqJuLHTMN06sEE9nWNDiExEbvMbm1yd120W7yf2uHW/IiVPzcaiRsMzk31P2e/iXdGNJBHNWTz1CQBUtlN46cmI0Ldvor8t5YpJGGkASRkJHxeDgbMtVP8mySRNMC8xSWHvFoCHM/mZq2ZFhNqArzK7p7X0OWqXrV2d1S2zL/GXzBtFG5USzXcLpQzDgxPxzKLlsMea4oqYwNlgeor97EoMobz05An9HaFg1f8+z40ot4//wcY/duTBKmoBjZ+8ntm3btm3btm3btp3sJDu2bdt2Muc9p6d7+sv8hqpVVfda1yqLIcVy+KNd4D1e7sbxVNFcygPznUa82Dc/wG7lSBP6w9CdO8B/tfmFQ7RwKLugrlgkvayiogBUWFPeTG53TXm9MjU6K8JfSrKNCxyKuuSPAG8olp5Baab2tXDbKnQN4r3ZpzKEVzP2NRCyaKZiVYBib1+yp5MX/zxsJTPNNJyv5x5x33PhXvNgogY8bikX3KYuxWh30dQ9Wp8g/r0liOlhi6Jrj/g4RJHdQPFfz3WLz5MoNzB35ZKqlyES6i0l+JoFNDSo+6qFPFraH/F6rv1WFyjAbCCvP5CZCwKPiaofVi//2vCD3948mXYW0y9g2N9BeyrtDvmBEAYeOqYlo98Yyziz0SGB6hjY+kkNfFIpywKKMAgqIWbkXAKoPue7vOX6L2mVXACFj0SETPfNOKl+c9lf3S7Opzkz+wJLX7fnn+ebO3nZpg9X+ny/AVA5MPqGNcvBfxc9eFvWzPHyVxElzACKPa385ZUpDtO1cMoRSx16qywhvITpM96hpnrj56xoXqVGy3W4LfRLMC+MDy8Y+aPHxZzC9e6McUsBELkD5+Ps10ZdxwL6Bw3kpFC1rMwedU8+tPj2e6KP6DJ8n7dr2b+GGIwB6d6YwoV0Fc9pBPhr1wv4IA8ORAai6dQDRZm5FpFxkT861ERKcW8kucwR17sjrEdWlOv9g6xmLoELaGB3GS8RErU7+XO71j08MkpSmqQtqd1gewZHMvj39TdpFO9f+4pEC1/2UXz2JCikCIWqCAgNtoD8YflnBgCB8xFBssz4RTQ9SQXC0kbwmCW66PMvOx5V0ourlT8INgGco5YWJYe97w0Uw1slNUcM8nv0OIEK49HfTs5Yxa/k1H/GCXFrEsRo9fmgXT7Szwe7iUaT+reow91UUAH1hLr4XqEw1haxvgXZkyQefo3DOvFCEToHj5SuMRtdwq5HiQO/18pEDk7G0ZxpmQLNKxDsLtOEjkvATEI+qUMZsTdwDYw20u3tU2sBkFDDErB/9Nd1CretGE2hWP0QBgQuEoVigK00rY6w61sF/PDdvbCeBJXzdJlwjR0T/UwfWYARggjo5ZWlM6xnZKFQDqCeGGHXdpnRPT2VDN9owcjEVrzr99Al1vP60QSMB4VsoKIlNxUUh0vU4eLZWwP1VzO12QX6CWHACyf3lGBsTbR/3VMhLAnaM7YAjAzbb4b1IpBKqCr04/OYXQANP8AeqZ3hoztdEIIJEvcVnfCNPjFQCflh+CBFzNLGQPvU0aTqc4C0X0L6445LI16cqihCnc1KesoSCvOyPn/5i4N5AEOtZ0nHcwpOlOc2mTA9Tp7WgurDxYfQg59ojD2DwUUViU+FsAD9CFuDLFShx1p4z77nldNjFbTiAoV9Tx1S0dX1W2Dttw5z8tPgCJffhSWiLWGS2S8hf6tLGVNuBn+0Budel2uhkS71vkG6e+ompSOovuh9UeESJKv8CFm190t+Zoj5mLaWVEpm6CjnPJPbucjO+5iZ0Uctp9PrQW1/4bg6XMU95DIhNo41Q1ptCWKqK3IxYED0CZD1NVaC7XOVJxpQuUq22EaT00+eODGQbDJ0QZR6uklvCPhTSWQRL8Eb15szghUkQihVWd8BM4uP9RCye9vCT31T4zQCC3Bi4xZyR4xEAdIHDMRZS0DIzEScGMhy6mA3TjPxP0vepAldlBsIPLNvCoCFpkgia0JXVKAuMe7BytHPGPQUMl+O3PkhBdF/Gbf7c5fWg8QHm+PcaFs+vqEEpXzuzPur9TdCgvHiMFGBgJTv68DkSJQkeBtAOLwbGTHRI0CqKAsfnMILghBUluA2i5Yp6zOxYWCC2c8xVtsymgIUxuGyWFRNGCxAAwBfXpZnsS7vZSt7CjR5dce1iy8/f91fENSQ8Wb1S1PInqUe7LmwWczdpKLECcTvgIAPNtpKyebI4PMUPjZ28ld6daZD8lppO0DfNLkjB5Q72LepEzCENa/4q0YYQkeaYnbtPdW8yjVUzvlZVsCtMXToPeBEtTDEcNRFrbXmYEaHBnlTno0f3flws15qR64nZz7N/CRhheXfcp3AcuB90PiRYwxsSzVJ93lYu9FT36FBZitY8zIt/hJLVpvhdwUNV8UcJ+Dti+l9Ba6vn+esKyAJsmbMV08RX4k2himNcGpi9jCnwqAiByzhfMSh8KciM0ACTCxtB/RSwQjv5ByTjrV71I//hKLwi8SALFFT9wB7NOJDWC0QPEc8fulCcIlzMkF5XMo3YFyPt2bnu72ol+WerpVjwtZJUk+yRqMYg36l8KIfD/u2Iv5CVVy0etAsmqlDpw6cuoO1Gmrc5LfglxSM8mBwhs7xyDZcZC3GQZKQMLla0V0soe7Mcc2uu6TRjeZ1WRqKU2BLOvVoNOOTgh64hyoOHM0Qt5HSCw2zjc0onw/Yzd8T1oVOYsmi7JUqJiNnsd7OC/pTkO1BtA9z9Qzdt4z5Kl+hnQOJJXGpr9BNrYLHnoLftk+ODjfpA+staBA8+K89a0Qxejjn1gOSbyaNUI5CXolddLeFVUvH64/AppLJhvTQ6hIBRkPOVgEpifPUsnj6UPUVqw/hhDbYHJANIwioFmk5agKpByav5AAe0K8VpsWRcmeJ+x5q6xraZtiFkwiklTaG5U8o+/sXmmxnDqWEjtZ3SU/H83XhdMd9kvSbv77k6YtnnwuMTNym7AMN3XU4tq6R+ZFystmQ8r3ZBVpH5Rt2ldy5ydblzR5l8nE8bmmCA5A8PEMGXUpC5lQHV5BS79HmUklgz6G9nDqK3VwdqAjUQCvTZaSZk04xAFSx+LG6MhjsVDP8vpuKkfUZE3vtr3yWDkfkIqEhHktKWbUGVnxULxxd1TUXUJlXV1VgLq5BSGMRC3vtaTFSnOEcBwRakgw1SqGAH7ULT8g03ZlYzE++1pv1G9AgUIIKMXDjrbL9ErlupRrgUtwY7IqwiikTACZQfgRng59YuaxtCEvKJ+gh8oK/a2AMTimDGcG7I2F/qQRLjjgHPnmBdbzRJspOqpVCP6Csc8DA6WRMB0Om3dcxAkLqBncN0mokJRS99RakCrfzDAqFXx8inCiSYTEiPJEVrZ+9mdjfRxG8YBbGoRP/BMJIjwrbaSlFWTarizg0p97fCYPX7aQI94hq4WMgM09SeQAye95fYkjYHC++5BwkoTDTt5zjB+jGY6qo4nSdcaxOPSYPNbKKLGzDmTg7r7zmlISFHVwms5Y4sWoLHC6tH9rFc4nh5wPP9ClFUJlFEHR/vsYSFH8jm5TIHr8Wj9T2oPdXZMmKLMDSGHlizIcfTbeks3GCS0wcwJaq6Uv5DjxKBApLbQgYy4ZOwEWYg2nkJT2pzwxRFSoWURPOgIi2EAA8Hu+L8BTHKQ3eMavnSdCccYB1gQVc1kOHL+qE0evD/QoA5Ng1ONRHIahbJTP1VLICCXKdPRnN/z2ukrFWVDM8Xt3LLCpQglIsWjwtJaQLUx1UqYrp6ndor5amUcr2UI0VS5dIjQ0aEpOpRv6yXzQaMIdfTh/sK3i6PZSXlkoVBco/FBQbCTVSfdlE+Elw2HVpmNIKgi9N8jrm8UCS+nPUQOd2vWjysLYQREWY/NI3sa/xzJMk644loIqCF+cfLof0AcCikXlpu4iwze728fNQ4rPEdnri5uquoHqIXWflIv0pwxX7vTSjt7M4VOXjsMeA7Vaz3xc7z7qB6nd7dNFmV+cNWksVQ2Tb+KAvlx81kWZXt529fZu6o5vXzenn5EmofPN4efx5/vz+ecy5HWi3Tc/AxGcuBMsHeDXnExPlISlRlOWX8BsinGuhxzhWR15LRNYrBIYWFqyHgwchQECThsTFcl7qKU6p3UZL0w9IsDTP+Vd08g8KmQCEM1tJRNFSvFLN4UzhkMHPnTERkLqnec9NiHY3vZh7fF+9/+bzdi3D9btcvbF9T4x5S7YrcfLH7JBSYJh5OX8si5rg26eIYoEh2oG23H9Hx3oU0yjFpHwCaaRsKPkWK1l95h+qtrRobte0AWFNpx0Sq248StP0z45CVWJqqaC3J2ih/D2ZEObxOnDXvfjNskTBf3pKjS+VmHV4aVKR7H2DKx3/DuLor4kSHi5wclKcSAp1j0Wpz9hHaBeua3mnWh8KjgMOuWik87A+CgX3vk8JFV0buD8YH6mraldx9b129iTT7ftMSd7z9r70U9xcJJfZ6iuHzX77dEG4MUKQHTU2LqX6QhApFbQVjkXJ5Tflp7z6dhQletB1Y3rtPbyj3Vdq+7fAOXF19Yyly/vnXxXYh7tIiitqOFCIn4PvXQ46DKWEwej7Q8j5Sbfiknx6Tu8zOcWK2CY8ALWfilYIRrhnL3itcxZ72tZM40n1e2NBupjyy38W+TJkXuu3Hfzd1eDDIq+FlZCA8E5odxEK2FjEZE1YbPSP99317Cf42HNPBLYZj7Sj4aU2sYuAE+3CnDytbAp66pV0VsVsYEYkGRzs0S2lPh3p1mAC9iKXaqlIcMU5f5OMdWMIcuPE/k1fLLwziQYPdjgpA/PIXrJKKoQFSSima3a+d7k2vPAgXmHRXTLEB+hpgUHotSvP0jyEgdSCJeIUhTmz8icxOfz4MRQDldwJChjvMpW9OuZKSHIOQa0EJ5ifAIX7s7Nt0mTlNkDl7D1xqDWQHppwsK6/ZupNHJSKvch6VnLTLf9+R5QhQqcgetBdVSM8SpufF20W1rDUEAMyOl24g3p0BFujAkaWkcKWDZ2vFzpqrQvYJEnYQqePABra2DfmNh7Bjy1p/XlL2lJA8T59SXJralAOKFzSKJ6FA1uRw8KxnZKRpnma05jO1nLQNbWjbANtO+YzwFwCeVfIPp81wDN9IJExVzX19FJgXfLUh/7ICvfrxu8bTT1cC3ZZc+ULKR7ri9MTwrE6ON8kBJZVIKMGuc0r7sXFi9HzD94HLP3AUibTAmbHNzxgo9QfcAAi88m/VW39C9iqA5milDnNewhMDi8GBUmqCGzEAOEoaS7BqzTjQs83J5sl3PVh1S8bkNyGo0uEH7mty7Al7+njEBEr4JXpE5++uugfMbO67WmhNGlJP/TJVIpNUrsmYTQDCfA1jkuf0XRKNlwNCaAmOAUKSSC6CGDhSXJ6mHAU1xS+/I0qPZIuX38zROZg9UPsdVucKmEEv9YCj0YekFOFTzDKrGASmqzUBzva7t4dwg7ATrLrbBvYlZrhy9bd/HPIsxn1sFLWCwab4nykr0oZ4DzY4g9IR/QUmBeBRvdBv3aH5wE7Ho8rYa1ZYnAu2kJLs6+JZbSrsim6avayYdNuZVrp7BvP0U93YPrZn4tmZgzBCDAmsLYyY+KfPW1St4fSiZyAtIgMOzyN3tVcgRX4eEfx5KFp7askQ5QO2o1/AkjowSgEc8zZBAdkikgiH59KSHB495UMX6OzRbBNyTC9C4JiRhM3Plguq4Xz794/XQIqvXEYfMiydsoEXw96gLPR+ArDt8JjCvzD+NEERmLhc1aoE4jAnAUwsxQI8UFDSNw0Jbt2lDwDJmrbPCu3/5Wv7RF+6V83Qw3/4R4hT36H6QRFvzNwe8P2SEVQMTQPSWhlOPtt+dF/5w1aqcoRAOgftATDZF8z0oXaCYVvEMCR4idWl0JLtVKuqsWHNKQCBa4Ra0bHUz4fMIp44G0ew7PO0dNgUp6fh+4pIWESoB0e0wPMGp95K0EtQqiB2+a3WA2m/2J3D/zBguMbZhviWXjYrHAPibh6+2ixcruENxuYoe1C/0264LXwc+X9TX+HW2YbA5/jK8MWs/z3zNlY7QKjcc4JucPqsdNxZJFLc8IBMihX4+HlRS6kbf3Rf3Ck4kfdKeQbvGZCJr1j+9LzmLe+g+3Tlhv7yaowt2NZ23e8x+lKrvZhOtux0/R6ceOrncvtaiQ+5Xjy67X5/jVzsn+kx8/Lw/fjgK7tU4489TQsBe1T5q3nBAKLG9Vbx/YGE37vpq9OoanuTWhh7/JsnZVo+POidUeI4OdzOntraDzRHR8x6wdMixtxdOvSeaN1ucl44tqy0cDZuaNqvXVTaclWriVlmd9iJf3tlt7TkyOjhzmMaAUB+dHqW7aM5RiOR8HsVJgtVeO6oyljdl2l741yr4kvX3dT27Yvk/n49+fJipAdabRmc/m2Na/j0V1mHRle2EEU2k/td5ifpuori7qsnaNQC8jxMFCroK5WYN5eztCbIEZuSq7FeLGH82L2/e9PEd8YbO3UNo3b2l4lm9iXXDNfxVmzWBwBbb0Jqc1zBgkMXcT3T7+fhx3spBvYt538TCmA/SSdA4Was5jPdN4MLF91KjzV0KIR6gDKjmt/sUuT7IpzF40RvlW3gBgrdgmVm85CYk5ArYXNlHXH+q4bm5e57fOWc+Jtc51pUxjb9aXt/h/vzyu2661E2eelqSku1M/x/jzQMayt2qNyHRVbLlUt1n9dbKwbmlqqzFUrTdHbf+cfI7GvjiGqnTjq0Vagc59UXSLHSTtxyqrWgnIvb79DN8DYIBt+SbJab1lkXOVWaOXA2Bi2QPNlFBUMeHfozkyuFY1Mk2azGbysKUa32rqZdC0dNbfpiLU+BtBUBaWuXXWAttisIlxtANWsCZGPD34d6XlPtrXVzfhx+vlofXwPnC2RxKUKZUHjSvRb2wJ3TheoRGd33mht3mBKRv08ICXuL1NeTtH7unGfxZI5U6/5zAj+6Dn+1FOMRsELc+/VpK/n25DX1mg0np9r63jRKLUyyyTluEoxQdRs89tgoHAUXNFotIUNJkVT5fPg8EKhkml5+XxFwhulyRuBft+WzCQeR5xssfDFkOkNt7kh2R2TPIYih7yNfh06v2ZdbPo65kkKMTnb4sxQo71HmPhSYgwYHyZH7eGRBOalUvpbnIGkp9L6W+gC/2HIQ/czNv01chnghqVHqjSCdNAwdjmd0ziUtcGwMyW94drtHSoWxto2CqVwkkIS7RngwZqnEuUxd3q+NOFXZyhKN3st0i24mFK1AuLCS9D7gjs1dxoho2N3CnU6aewbG74lc/3WNECBNytdKmdN6OvBg803nXVDR+dr+lLqw4bdNcGsXurm5sX2OIjlRWpkeZPg/9W0a8CJoPci3veV9PIy952yh7cwRpzXywM7OfsgQ6OO7uvzHLrE98tsZPKDm5eDw4KaLeWHEIKK27gOaK7qYQENJR8jFsdNlxHXt+ks1myhIIsOhCL0LMpnX73jFqqM20mM6PloOvvtQIIVo56udujr7pHJbUKoIDE3z2DXdr2Xqznt6aavlWcHWfokl2npOTN2aC62Aybvtm5p4UBWbOq8YZvn87WoHSYi57Y3RelvHq4M768qs9c0yLU8KBQ8MPCDL+YfAdQ98LbW0gPNODw5dooUpLu9T7G3/fuS+KGxT19lju+9WVjhht+TuR4/9I7dPLuouZ+HanWeJbD0N0JboJNuTR8KBQJABO+EoMCcj28QoMjtN1MNb3M5x8MX0x7Fo6Ggrk/mbwlbKRzYHiBEv7+wHYj6RwPIECAC1BYYzEjjPraSykBiwUV4sZ12j81fs9K1X7S9zqdtzZLkrl+NM/n2yaWjjRw2aw9UYhYd+LqKxgZ4brRl3fOZsjs8QfwSKugEjLIjzMrmggRke4yaY1ot1x0nbKwaC7QqrSkiqbhaa+78dEYaWKWh6QakEcnNM754uxXNPY+CrHw5fQ47GXLhbfioErK1EHobj/KKLFJy15g6azevmj0bCyhirdeG+a8xLd1mW17jrmwrFii1TForkwuhb/qDpfm97HbVZauKxnGWGEyM9DMalxxsNFw0aSZw1XWYcn2eMADd07r2OWvalUZI0l3f5p5CWvRc+E0lG0GxVVWN8yw6a6cu1LYkV6nWGZE2WJ3LNha2wqU/55H5iIvftlQWrY1vEVhs1FF30O7psrjBfzflab6ylF4MGHOGpBH5RB5mpPi/8f73E7l0BNbPcBogIPoDYCCC/7/h/h/FvS7+X4p7adzVP7hxW5AxFAw0VsLoEmLTYX7aGabCOBmoMKG+ocusd943kMNp+hJyva5exfP2HraLuMtrmj1Cu3Kku9frYlurTVLRdXsyFNQ+liz3IFYyu53EHihOesVR1Izkur0L0uVa5o3vx2jEWWwDl7UMaaT30nAG0nhzdIP1rLznJq7NAzePC808sE3abdSLFlMOJ5d5YxoDzSXXY/rPw9DQ0HLInyPZaXcJgPD3Yf4aw4d7eD7TvTczIwMkdtWgRLs8AH4jNNPcXF4gFcQrkJhfaqiyJpynepTn1yuYAopHu4DoaqaBViMJvwTCGJQCKsG8Cda6qxy1eWSsl/rJXyh4h4gLYcQAfuIEUFZHiBwSht9iOEgx50kRXHeS2XwZhrHmoP7ieD1yj4fg/DZ9rGd65BiVMChKbfkE5KTM8FgRrRUEGsj9DVVFbKnzrhDtIvJOR+j4xVAFUEM4vhH64XYdw1r8pZHnr+5/qA8Yy9u7DVJokM5Azs9m51EQKD37gnkayASXmJF1UKmXEC/jp+bzscSHqssJA/w4SC13XMqIYGUCK90p9zkBqoo1gC56FZnW/EARJErNmWBxeutyq0pNeWdoaMIGRGbc37Qvm2O4GZzWCrHGjLN/iWRSDwpwK6KpCN2tFkbqVMNYYcMbbOOyBZjPrHziT/Yi5LRJEcuDxHIPuE7QmUVbuTAK82t4sbq2nRE1Gksty81gUBXydfAJEVQw2/EFZYYIVZnHVBk0V49yHo/1VfHlyATaSMo/YZa7RMyN7C5jueE4p2DKB2MInEVWROChEZHhZAhL/U3M8eEFpOYb1olGwZWiC+gWOrBOFYksSLcmKvGhuLhpaGIO7PBe8YF3ZLRfstM3BzE+rO6hebrLKiPBYFX78ENDkcuzOn/ZKAwk8mOjZcx7W4KASGF6+kfr0rdGmflmkBE4hgew4Dz7r7h5z44g/RmgexLnB2+A3baZJL7M3Kl3CSYV5s+jBndzG2Han01WGyFTv1070nxx8XFXaLs3qPqeuB7RG60j5xyCtwKl5uZPM0nI7N93Vdm2Qt//24QYl0o0E5pQwenAU3fwyp5tioibaqQ8C2POlN4WhmoMEypYrRaqTuRapI7ZgL+WjK8IL7MItiTvGaIspAKVp7pN2N+ZOnLnPKIQUs6oTqX763NfoWne3OWCbMuxfE6Ly06SWUkY1LBg7dZ3Ird9wBJPprI2pKkzd8Xkni3t4G1BhssR65lrq5koOODQu2zdFttlQpsDaVOsLWtWHTc3eZ1x6Ab/kPwoSbZM2zMi9GDfbm1zB7GwNx7gvL6kmJwVMqYVnzXFbXdRpSYrwCzZ6HBLuzvhI3JCDuezUVDKJLwpXTta0neFampR7xnnK4jTdIVdMnOeqRxQ88npArqgsVnc/znBcq3dxSS4Q387W5IGGbCqfS01/4cjtuu6BNtguMb9YCF9bmuOgAKKa+dLu0alMyXPzRCfTi88UNX7rZ88Por8PKpQMkpUXvlURT6oEVn7DOAypzEbVNV+ivMoD+aYQAGf4zp79Iq4SGHY8PnmlFmYEC2Pvx8C3kcuzFLoWyMaYxXdLhoRVuUQg4xmGHjOwhmIizbowvmgEAlAOQxPyx9xdvbopr8pCqe4sCxVOQ3ZzUVp/rfjphBvNp5N5KcTrs7gxitQOROJ+QCvSZSlE2ZiqizLoBxJy5dlREw28+F4nViogUzWAeDpTYIVvXJ7U80MtqUy7jDkwgEN4jORvvDuLoOeVtT3fycPXyvRqh1HYshDXC/KIfzjuEOGGhEeYtFi62ks8KmQgPst8PdQ/ckkAvqf4smShYDaSLy1NTF2rg2uiOzFQNE0drpf625A35o61H6+ML8bU3Zoezw+mH4+zk56fSlo6I4kQMKZb7nndxIrkT14bWUCziDevrL0LRUNxx98mk18B5DodtufWCR4X67w28E8OFhtwLYH/wgkENwAP7e9f9sDmf+AaYyIKhXWToSBFNLM5MhKZw/3OPVYxQYCZsiE2f+u2zhnPW3cPzdv5s9xcl4HXo8UeUZYYStvL3WQbXpCGNi1KX7t6Xzctqt0bWkjmXmuWuKqWpYwu+W1xNVw6dBb+E4N/JYbtnvRCZNdVcqUxHLGzAtPCDXjmYj+TiUvMj0y6vbRwqzHnC4EZ0BPIA8WvYCcrWWTyj7R+1W/MrJ68te3q+dFeLwH9u9UVMmZRwThqTNfovrrMkbsVkReR4oZKUyUwA3YGt5iF0r9zhVu33vcSEyepPYChs8B/xLOm/thWiD3m6r8kWF+F8kSCTRNcgpEw87ubHcgj5lwnqSdHFnQ5VSSkKfNVGgQWvHo0XdqbH/gYgYijQPPpthJLNcaBDLiksQOGxLrLODnL3AvPPZMWEBlAZOwGfuhpxVgEiUNhT9qZGr0cKJYLBBwgEzttB3lD9fdlMsVtfwgnXieXuYltHJZdJUns9Kfh6Tymj3wl2MkgRu66W3n5+2E7/vtJd5V/ZcZLTVSSUiI9muU3nU64N+O+wrawWj/M6zGtnuJxkEwIX3VZuRobP1t2Jz6sMgGb8Y7l1Z6CPe+vvQw7llLb2pvt7+y4mu7K4+25nztdEC36uP7Pms7+YD1KKxsBC52Y8q9S774iEzBzKhOh6N8J60FDJjwMpP4wV+/bFtn0xrMmJdagHxr3Lbp+zDC7S8L9VJutkfN3YJ3gOBxWxO0T52px1g7+OBCATtKcKAkHWKHuYpjwiMcDaEngkUUK91YM/GMF1Yz8WyUIO29d7Dp/ES25SzlmVYhPorsGQUfRUWypD30OTERknae9CX/21yA3l0F2V5/w+c3698mhgj5R53eS5gN46IZ7jIe+MT1hbrTZEmvzk93+kl4xXHLIBFu5Oxikw1ly2+UvdfIXolXYRO98d9GyxX3xHCvaskOJIZZGB1lyQ+jJCvU/9dxC//bcTt/0l2hCP3juPNYiveQSbJ6wQFFQun6CHqvwGq6GsjzDNHxu6gGdxssP976nDrAS6YlCxQJz/ZflcS/mD3JKOSV62/gWIVgd1/4ZS0gH3GC+bhY2R8YzBcD7jkGu7zj2xhDDITob82kXe2fzaCSgpu0zhZvOBh33wY3Yxy5N3306lzTatwhTk5IsPPlTNh4FaEtSvynsfH3J1XHsOMvWPsTDbWghARYWcgjU6GedAWCAvNhTQUUrDXYAueAz25t2Ay1d7HhS1+X0UwVE/N967Xqtp68x7vqOeQx4DajZP0rDTOJHVPYmdv50+4WsvwlJesDZcQBLO43n5dP1iZEhD6dmyqeeKZKD5beJvAyRQyXsMu85eZTUkKtxk6WOjjSXvcfCg+VDg7yVdlZ92UKAxGQ0L/W7WBNp3jsEreXSyjxtCtPjme5ISH1qNAgVYIUXTA/fHpfZLs5sZ94HgVysF22u5Z9P/Zn52bG6Ds4GOsyhQ7uF0p4uS59lbIcd0CbifaIfTg9/EJ40ReKZI2WPzUJBqejRW8/tB43MP3W7bqav+o/ihbcV/Dyf6daLYGFBQIFj74idfR91FQNq4mwlSyTcK6hYH7YLHm7WTOLXgFv/9x9LoSl/twRr/urYNXx+abDT87F2RrNQm4dTAy/3p7vc+N6Pz4Rzg7NaVQMivTZiUzIcV+UD+YgxNE+S2KvdZjIcdSa1wpj1JorfEsVHCdPOIhIb5JG6b7oZtXVaCvGBaDSeWdjMwsUqVomu8mOcy1hbYNBE/iS8h2VLLfbH/yy7maSO70P5pZr1t0+w1bRFNAuWtRjDtzXbVKtDC0ZeAa2obpy+51pDHWVs5tFsAJWFoECfSr8vSXSyobmFVYt50/NwFYdTjdzKsTxnt0kUFKkr0Z8EJg00OG8SdtGiScGfjifTL+Ir3M8wfU4kW2DGdHNwMiAv5ZxNTkaOBCA0PB+Ztx8BY436W5/mo604mSDl3ltv+F2ykbIZddPZEJfBoAjSQHlHiTic4/KFrc2wJKB/P434/b+h3HzBixnvfdBkg1CixFxQwdD9mgVRuwZTkG2vOt2y6hgnb8ffaYM3LoMlFD7uxaewx4dgBokLewjFnflXsfNKHr9+YHQb7oxZUJAbOyGvvm/jJv4P4y7/T+Me3n5P4x7brCALterhACTvfRAlsdzPUO9f3E4lamv9Pf/MG6r0+jWeLZfrKSo/zBuT/dEwH8x7suBygtfp9v5h9iDfzNuICNbub6tzb8D+ogvu2pdxKVsMB69uhVb0Tyc+sHMkDqcttrZUSBNcaSDSVKPSD0gar90xXdB/2HcsOiFpCLgtdVgAkS9i5n57AlOiSotkzwLF2IIwSdiAEqCJA9dZGxKk/EMM7WhtPu0k1B+vhd3XZ5kmpXs+RSPC8P9V3as3sJVdS+S49yjKwf6AVvTW465wsRlnmMpsT5EEg0khsXiQBCU6ipARCMMikgD2JiqjRBq3p2U2HvA4v5HOaAxRjk4gZxfaI5eWVknKNS0Uv5UojVaxRir1WdFTT9fdNFq+4dnNzT+52tvW4hvcyNLV4ejSu9C5B/F7TADKM4NgJ09rxikjwmESNCmz19lAhdgUJmiVZd7TMEFDyNj880QUyRovMBJXpKnuLvypGOGrRxq13LuXbZhxnm+PZy1PdAre9S6ebusZitGgoGj3ig1fMwPN4amFP74N+Puoy0PJYQGf6Dg8/RF7SXMqt1bLHN1yitSyZzSo9TZN1/iqy9jET0xLtN3GYtp28SWM1r8FfirAAVfJ4GlqUxoTNG6XD0VCOFLuBUfqUreq3IraQ7pTSfYFvy109XCru7MfWJHn44l5Ug8rNm7RszeWLP0AfsZ5iaN/batYTW8zZHvxu0gSJDyz9KHB6xX19kt6/UJ/FCnYVm/NvL1Ca2kVqSmH43kGT7gRgxoiEZCNqzLme/ll4RwHNbfu2+QT17SHE/i4OIgU9AfLkQ+SUjHGiqYj0Z7/mPR6+IgE1A/ZPgB/0AYkwaq8Y3EehoorUD8+Mordn+yGEkvqEplfHGsdDhkkpp8LM0++vm++oACfp00YolUkyH6wVsyHGosdJhk4ZL808bSYiShEngQ9uSSwNKyAV+kqmRFxG57vhtnb4X5mxM4pcYOeNQpZ/YJLJr0Cs7eP32Rb8I9dHYAWBIhgs54OBYcMCxhQRmVo+R2O8AHMQvJNtbgH49zQaa0x3tUj6DXERiSajak9e4LdRaY0BqBOWbncnPWwFH8LI8CM4KJZeqJ+Ue/p60Pzlu+pQr1kxFTo0cW7nTt7aIkT3q78OlhZJ2LNcZQzGsCxpXEXwiqJI0KKyJCbV6VhFj/y3HHNjLRI00NwMdgRYsRwRrzcOfPUHZbzMBWNtntiP6wmeqOR3VoUxzUO3BYr5zb1H8gkAMYEc73EtbwCsfaqimD+d6CMjNJ0PXo56aA3EAYM3Y9SLPKMUSh47RiBlDLmbPylezm1daFGSEddceqPGj0Ri88iOhgPBQmo4wtD/+UH4qw0Fl6NMSjPf0xPyQhoEtgUNRNfEhMjGvaEevPmMlOv2G+eCqqzpy4WdZa+gqS/AirbmeGzJAkTevCMiOsjFi8f76Se3INU6a2nytbXeva49GM8JAwaqJf9jAxlDU6+vk6uMEHQ+joSoeE5StzM0x4NNhnakOV0C9sqmj83oRISYPxkDBjqpKsglCWQZFcGkDt25li1dzydtXxW/qS5Kq66Fj5TXHoKD1KG3+QFA0FRsU3CvUIZK4lz2R9D1E3aR9crY5oMXncjpgG1IddknL0r4oevqpJIyP9RaIVMywV/v5/GXeh1Wiobkpa9J//ZtzF/4txq/0P42bWvGHq/cklMHm/ODwkfqhHedC90FcBWzjlXjgNs4pSWB0ap2Wc28sQpdsUNIWVuFBIjVnl8SLn2BRyWcU2ZgBVVHTKELTXeGZvpaBkjPFtD+KWb2+x7wdLRSf8OUeRS8TUBfKLHjPpj/dWHO/s7fUQ6hNlgsI7aNL7AzxsVHhcTErrGzoqHTYH3KEdj0KX+jHqjsjpKGH1MAR2nmzxyEKlFY4i0ZQg1RqbNbXbb66gly5KxsRnzZo4gbLSlrDR3zruOYxa+x0tzMpT1O7GYyDYAPVSfWY9P9x1RoKwam06blqcVYwpDYeKkEPTTmLaYIUByHoPNGHWFZKCtoikeVvTdiZtzkKXJdzuS4ZomrKlZE2jLgyrOrSNHiuEfRwSToSdkfgZd6UdK8mDtbUkkfgYpJlMT+dmRGS425xszFAPx6gnzgAj2CBYJWpxDpJi7POPx2TLgiZrPZlqsCM+i+BDihCDGYDzYYLtOa6O1h64AjpQyuO/sGYgGkyQulyb6e8aLIZq6DwjrfJyL302A54sXYNk1xSIxa4BeGkLRMBkIqDBNDBRXiSIIJ+QSIRjHQgK5LzM185pN489JCKngdnoUlI/GXm7fo6y148NMuxJ9tfm4vIj7jk8QXMQDZ1wWoo/H+7pTbhpKL3uLnXsIs7ogJynwJXIW7L6lidh7NQsn3vdML4dFBEZEn48JVlnOXNwr9rgXk+3EQX+leJYPkXqhoNC5IzSf+odgRQibY2SN6KHqX80Dpoa/g7HHTG3ioM5fQN5iPbXOEtMEEckq3Oj3bYeTuT8c7QZCH1GZIM/k0rE9hwuJe4YoZ2sXU2mCXo+JYuzuB4mpn/TrnKlyDI9WQcq6hSBS0b68vfRK0DmKisXdCtLkfQlkV5B1hpY2hnXRqFh0tqQuE5DVKkAVkwApTmRAJ0w323tx+7GMnlDNPaxSlr9CKQCipD/1s3HWSP1SBxFwpXYo9urDQ0cjB/WKtIYary0VbvCK9MrqsorzSvAK2RyNwzI7+6BhZ+yZQ2dUCC/q+yntKzMTNTSWbmGihZw6CIDHhES0pZa4yGZjO66/2paUQBASZh3kfcV7N5s4Qcky2CPuNN0l1O8zx6qtWh5CcwvLvlPkrl77CL8YrO0CsXf79iduo9Y3XpfWDtDoeraHSrptx2CfznzLNt/UtxuY/1xfWpNdK9G4lWzfoTYI2RKarFFVarKFxvJF/bkk6dTGjehmahv/VOO4StB3tYI+i2XHTf988o2gTuiHGKVH3sWkp6AULREy647JdJLT6oYzqD6EGHF4Za5sQ7aJDF6k6MIUzA9JMt97S8tIYoRPqjlCS6bSlKEXO0F5QIGJ0/kMay/1CDOJEhP0YgEBjYYhZ+CGdSJMryr7L8rwrt9CPnQjKtEBJNAlgq2xQnn9+dywefvtk5vrzEejtW+svtkwFH6EqHkpNsiWlmvf6Wk0dwg9oywkHU5xNyp3I0/lllwD4x0TbD/rEeqTzZuxoCwjQceFmSbxWtqwqFX2p+mnxbsv7XK1Af3avHqfH58df847qR/HHeeBiT/Msor7bX/6JAJpjHJyxkgQQKFQhJ2VEfFcN9847cvwiWBJrhWsJWQjooxPbjjjeaiU71LxXanqp3rW8lRmWeKhpLNcpZp00LzH+c6xqqWbuU6rGTJtia7WOEWU2ElFngbbGtGwLNMKxDwUa7wJRQkYykUjtyGD91ANFWqoA05+G+ol70ElVb6e2UMsY/cbt7DHwH/KNwZw0m0kQMBIMGF7SP0CFSnwJ5EVIPM0uHQXwAL3RyeADMliypNRFtSEFqKrUtk/Prke4i3UzvvkAxL5w6kLUOyZsnRnDsljMs5xXZQeXQHyRpPSZ8Iiqf3Z/9iM2ULzWzoz8dNicArkQGLCJEmTG5pNoz27sQ0L7GsI9rAEP7iJbDJUamOS2+EFHjRnUyJgKXmhVu6Ezyo23JJrYvIKL3OsmWrmtp2/viZWD/u3nekvuvwrGUCfn6mdyCQ7CGRx2SNL5lPEBOs6Z83qTx7G1l2sEluuFC1vdAAGMzgEpeMEMIPNXU3fibUe0MTe3+Z4W9iFU0vCQphZYRcghswjduKkI/86C296mt+4StJUfN9BzZa6CIOzsfl2QI3zihIlZd/dflTRRcfx9TxxrYvLj6AE+XvoGY1dEDFg7Nl0zIvf4NI4jR+sbNNgDwK1UGyDkY54oRTb73VvU8wW94byFTP4ZLN9Iv0SLUej7l+5dGNyfE1E3/CVIRLuP6dMWYVKDx3yNKRw+aI6VTQ31AjBWmAto35vW7Vhzb/7mfMKUOmbu93pZy1AxwGGGkORMKpVPUXCZQ46wdz+F/nzfB0BFKpn/JSNJYhkaGf6bSEirBPRNlMMLdbo6x5FhQbA+OsJsa+M9jA18GPQeEVu1lze8Yd3LIKDpokzTHdwNv6e1JAx87LBPKXr2tFwllP7xBeeyJMEpRCVXi4OguUvBH5B3o4oPMeME5a4iKanpgcfm7zacwCR+QR1oZJlfT0TLUd3sqPY9zSrHyv97mKfHDdv3yPTu6X/qtv1ET0h6QTXtEdGVXXBCF2eZQIrT4vuNNH2qV/G+FQ4tgWdbCLGhZKHZUunlsIvJVZpDde7jjxD5/GHu1owWitgyZC1/CVNuGG49h32OFC4Z7TGyxnCoZAc3I427MUwYN2YKO0L6rQWZzN7/oGG3F2dqm0CFCwg2IOXforWoUbFgxGsKxeqL18l7GeYX+WmhLvX+paRXyAPzkxngSVcXbovxk5xvgY3jP9/fsA6OSUpdKtZGTBkQ7BnhnB1vaYcDzdFI3eaIFJhVbbG/bRxFdye1H4jP0FrGCiJNfkFAeK1BDh2FoC9NYxtNn4BgghIArHtxTgbcy0kG8oEZYE7BGa4QxzO24HdYMR8yXK9KNymZzhsz/+3FE6wofXOqAF4sRv6lsQaz2CweKzQoAABUxSRiAHRFGkanMoqTACeo+O8wEcnKpIAp3VCrry4lGLMl59/MQB3HDDjUeFp918ToQnVhXwHQ4eZgJqo8QHMMN3WAw9wf455THLOXAoerG2eokoAk81iG79Dynnh0qn+VlyhxZaJCJrk1eg2s9sNmTn/sFOyDnFwnUhkskPQf1UpYzx3/s/8Pvm3kYrwdDPaXr5K24pGWMOJXjDM9EEirZPcoOhUn8ef0IOTUs3Miud30RINOMQXU+EedTh4SESM5lIreOyWsem7TYdtqVEBVkznvVrsqRApSzFSAfw2U+J1RVT+L0hVRitx2QrlmMQwEPPvGlLg7VMV/4q36RacEHZE1gklXcGwKHKhOIjz+tbpkzx+kNQrKmAhc3UFKzlhQix4ot/DAglk+25I4A08cFJlCrvHlab0x4XL7gYWOkgBfOx5UkUx1KyCv9+4GHWL+8Qbli6rYQJ4BHKBEIh4jmkknyoxf59yg81EACGFj+CrAqUCKg+yJFIoe01rC/80UK/lVR/9v9bZmQqwg+k8keqgKmBOZFuEl/Wr9oGgtSwLjLSHLtbVBxfmGUlaPk0Gcb6mFMoCGhaK3RJJhSOUDLDoGm4kprUBh9Q6BdHs3WG8/PWz1d5dPE0mdh5jYd+Q7sfeQmKOdk8P+jrgGsbVQRxZWuAQAFGgY2v7+1l64noXbnHZOn3gfX4/nCU/WNxkMgVX7dWxC6d0nQgg5ghUJzy3OyJbeTOvgH1q6ytJSxTpeOXspLO39Q58KQw/eYU+8UAk0FWlBp/7ehLJYtoiLjfAwXf+hyXuj/jfq5lzfxgITccYrNrs27AwnPox6aRJoTbRgtRBgV5+EA4Vg8NGRDShYOeEI0bVn80K3DbCXxvl2jKaWh2KHCUCYyLoKfWpedtiT3YXcoLSvZgjSjsBBDUtxo+1IGNJVCdgBSGj1k3TSTwEV+I2SyGj6JMpqXUgZVnyeWnPvex4smcDOtZr4zyxHduSOqDypmC4sN+oWTt0VpPQHu6xbmcJ+TGVDbcVg5OWg+oC7DO6p0HGdhemlIZ2BGIdDBTqXR+RvYRrmLzNalSj8MnQxQTN6efCKHtZIRRDK9nNhsRU1RUf65DdyZ7tC3APaTkvEX1lbVy/jCcmhLyyN1fmtEaqGMGIAM4kCpsriduZ6cYiFQ4AdjM2eJUBo2mSkduEY9gJaFTnUzxbMlMdsLaBVu8fRuaoHiUR1UP+kQRONSVaR3noGWIh6ro4EEBHVYBcuRweegyS8zU4Bg879MqQI/RFCAtICIphsw9PgNPb5D0+6WSD6SG26W0Cfngb6RP/BVFPamYPp4tO4iT+teB6azxSrpQgS3lze6qQKxAIiwjRuiTKX9LjKDrzvvwtLuybnBAp+OFT/uFWSGR3WHgsu3vaWQUOvf3Vb9SSu7yIH+mjVjvIANpaq5vELYJ2AUsmbb4BuqRXL1DSgrSDIZRlObKapxOK+f1/ooWZLlURYVV6Zem+VXnzgTkM/vyStLTcER4mUDVBE911SjCB0jtNbIKH+ebmCSDhLsYrOMsnI9KY0CIl2yP9BCTZkuRLIO3Taqf2DE7QxYLjhijV8COCzoyK+hOkeLThJAYam/F/lL+ctaBFxG6R7SQddK2X5HiIpUp9gJDJy8R5peNBcmAtANkGCynEIMLjn1fefuHP1G20KPbnlTd96gt6jaBVBOlkjRH/VU1vyeGEpwyMwdNUG4+RtSif0MYl+qEBH4hopK32Bd3fpMNNErT5E8In9bXnUm3m4mxl26lNAitaB82ci4d1TWWbQ90isOQvgZsgltPpIaidy1A1qD3TEEC+PWZIogjGBdiI1DZMPrYOwhCgpSgymaenTrxz8CN9clRnZdSk+UKuokjixqCXRB4PS+K0U9p9t/7E4sllEfA85dCYIeEzQkSNBfOpWE8f7Wef3affsVL2Cwxc/I0rZRnSG4xW0YWskzlri0rTzGmQKCG18iuJk6v2ILFyBhE9fGdYwb4wjB/CBNR1hEF315usr3Gz8ulJ7GnXCUgd9zrA5UYsqIIsTX+ujDhx4pnWNJdPUYnJgnhONYMovr6j+OuD5j7b8dNbNb7j+Me/C/HrQtw9vhuvVwYodh3p6yeKA59RAzMCeJvXQUTPm8VQqeH+OAPn25T51odgqJWucfQQ8ECKsh5PGew0H9YomStoGLwMXecqvjHcZOsnJbi/+O4UapiNv7tuKeUsi1UYyH/y3GrVCP7+C0aTf3juEf7Ckx+/nHcqP84bm+xkUsCKq5l/59R9tvG1eOa/vekOVCn3GwFuT9H9XYvy4OGTWcLq4gI42I3JnfUXkPFRNui8SprI0T4+wejvINPojJObRfQttl/ftxdtHjLsR2fuDl6aKiaUtcXtTh/ynAhfqfI0dlO7C/Vtt+ix3ap3ulLWZxP4frdbg19vKzUAqeljAOzrWW0kc2+LXW9rKSNtP05cmMjMytLGxETfIqVs5Wru7GVtbPrp3k1RcFheuhmZf4BDYhzdTJeVFKkPAJLflSjRtSBTjKIBU+gkbgjwYznJ3afmMUHIDr0NZ80CKhdSWpaWOk43KGiVzxpVv0rOunb7TGCEU5r7hdKwXxLOos5hUkIOb9Lh0Nvk+g9NgrcXHI/Y7+4vj1d1C0P7sXhdG7JqDHS591rc0KWJ2wgozx4m43w5ep9QctpVMujv8rKI6mNrObzSTIuyZejxatE0DzyUQ61QlKaqsAWDR1ZItX3OVPwGqZM9S6CHGrXp2dWqIQEwFaodNT9xp4cuIm7KXmua5AFFhQzA5ZI3CQ2o5PqOPRy0w9cRIsHXazkF4bj5CM7YhaI35YHTrpD9RB6VIxq82ehPiVfLcK9yFQTFdWfRVMV0Hc2QSYLVX5s1BSycZWLtbOdOEpiqns9/nB7SZqH412yrHoZDADd6Z1p8sHur0iv/mNoglbYrrxa017QuAD7XdQvW7etSsn3Sd9iqvR9jMjqAv+rBGVoONZudWlkYuHiAalajhduOBZSV3TlR/M5EauS3BjsIfL0lk9vJaGoauCRgWVDfBMRnihcKzcCMTz4C7qjrYQrcGe/9ZSG2zqOKaHwEVQwqQEt0o7nD8vgQ8RJhc/8cGhgeG7YP4x7LmIyJiwW7sfx22Dn34w7AdtsTc7R8DKbzEXAafq/GXd0VkW5BxOKHDrq+F7KiK50ZwIRR7lbdXQUlNFSgGnWqjkshXHa4E4QDtapZKInO0DG2Dx2YKyKGn5eEo7lkl3gTb4DMzycD0LsgALlWWxWaABu69ozsgS+H7VsiTgzac68/FVCHjN5EsFQFXeGCsq7XG23nrkadoxLSDuRGeo7W/H28myRNEO5m6By/4kkwsbDAFE4XCtEK/MuAULVXnQtv6TdTu6oN8IQsUsQI+Kuuh6A1uHvPZ2PNig9xPgLnSHBUSM+jqJRETzbOHHLlt6XFzZqrQOYJEnYVqeP9x/GHXEbj+DGljR/vCUtqat4H5/iuDU1KPMfxk2Brcj7b8ZN2yzLaTzzb8bdXraBst3yGWAe8d+Muz8RMVcV9exSYN3xH8Zdhfu54/fFph6udb+smbaFFE+1xegJ4VgenG/y9g/jpkFp44r7bWLE7O6N3glL/7WUqdTNVr+Jhd/qAkwwDJ75GtCpMYYNsuxIIS9tQdoRCZ3Li0lJmip6FztAOE5WRPQizLTC98PJWQG4Om74YO+jstvoFeVH7u411dQ5cx4iYYe4sniXMDRUAiXlNfK6GJJhqNpGfpBLdzxsNyWL5cnjfw3gMeS1GlKINECDYAzLB0UWjayGXH4Unp6imSCwQGjgS2fCMRIc7kHLG6T5irrsQ9IijWEx3mDVzgdrrQ0Mxl8QToFWlMWgwz/of0Ld57eX7rnb/hVE1/3p7O37EftibydHF+v3jEppMb5drQxyBmUFTEDP8RhYHIVI/06/uYfpCTXZgiVVo1WltHI+Vdv+auWS/N/5/NOEq0lzQ6vjAJ7J1mwHOzNBtJB+IIk62ObIGgIK0wcV9leBk8MbvsxePHYOgvaZJ4H5Tq9Q3cgQq/qTcLAFALsRl/BciiCSnqwzgl6+STyiH5uHguKDrn11FeeA9K60w0E0z4I/KEHYVXfqHAYBSrszF0cwpZao9MZ44UMZym+Vzf9hHxK5AauBwfgWcEp4OttQ8JDJ4RjsTytuhCQJZpxff6gqZOHKJTnitHYkKrbUuQ8CPN0PPJlj2peeeoIeoqgm4AZExHtJm0Mkx1gYCVdDP79M+iVgk8eVa5ZvGYIERRBdLZofkMR9HHJbswbAWmyAEg5scfbtEG04h3HEb2YEzFoKR90JlPByp7LfCGV99i2/HbEIkdBk72ZpMSIdGqZ/ggPHoE6zhfDXOKjsQmhuiEbf+XeTvfb2fHH8obg+izWSGaSStp7ZodlSFxrJXdejceW9jCP93fmxcWbN7YhLphqxZtpWfPYkumPdYly1XDHxFFsxeuVZRtPmXKNila7auzMndf393XCbmnWd8MrugFdFO8dX5tIArTSRsS1dw5DF8fxbyGuWJsLzWNHljuJgm7FH/RjSp/8sUxPJ7ONgeZIR10f1XOniYWH+gIrxAc/r6fv88Xpqxu0zji51N6wEbVPmTdch6An3oYe21S0E4sftZiV/je2zIILHp5Ph0Z/hp/XMTW+Uz2e27KWgURgXavCYt+84zt2xzTJU064ysjojJlRbTUv72nMmEX5gvsVV6eZxowVxYeSgb6Fr7jDH9je1kvwsTQdXTmq6BVfh9CycLXXjZkOpUkHLRKCTSr9Jr1h3e8dqIIrF5PDnCexGBkwRKg2lWlWctkf2+dBpEw+33wfeuV9nmcmbXvfRIyfbYu7IJuCv6CiV1C3SHyY+PfK+pvmoTMZKXGxlsk9QvwQ9UMi0Q5vj7otr5az97rSIPOTHMyElwEpNCYntW3oxGB20z/fPzxde7NhTyGed2hQJFPthWn0yVXtRz+FMWciN2sR7iuE5AexepJ2WwXynRlON1pVoN90K51eqNltK62brY671c4tmjcYClmrNT1fWFhvbhwFjpPt605mzt4XMjdhx18iO78E2zfm/RpQdH/2N2vHPpUTPgmK1aXfFRHdogcPYReWmRRvcWn20atl2c3KoIcqh+QqbfspEbrd66Ut1U7WSMuucbcZV5tzNaKkleSATj0Z1UOIFxE3So6nYimcNiI1hBzTfOeiGca22Xen745wBGdE0Vpxrd8FiVuZcaoxo1sJ2s3RH2RO8xhXbo+vIedVUJ8JsD/RsJM9rYfSm3ufQkLebm8P7wdmQztlS2cEFFS7NB+sBD2KIxhaQc4rQBDqHSx3m5s1yCsTPCSnxUM3/IewemARRtgZdd9m2XV22bdu23WVXl227y7Zt27Zta0713ufON3fixs3/kCtWRrzxpPHymf77pesuTvSVWtxbVstn196nvnYMGmaIa686A7Oy7WPaR+vAW7qJbqVme/ASFrf0pRm34oXLuEjXDNkwhLXNSCm3UJaRFkBkKDcqVVTj4+FhxEqOJFkNj8/zqLH4w/CvyzLdoDzbvra3WEYnQnfBMAGffW97gy+TVBfd8qL16eXDzJPjFwHe0xNd+0E6zJQXg2fRqO2fLZB6cW0/SFug9OJUfiS/Iu1FSzl5DA+2rz2zpKVEoUdHFj4tBkxsrUe8eJfe6ZfFT14fTxeiYhCc1tcGyE/Ry5rOGdBPYWm3u7dcoYwfs69mFidHt9o9pOXJ/NyPnszjQeeqCT1YLvw96Xh4GLL8cezLayn7/NuEyc2A6GYskNszQ5lXJ/OrH9dxbxNXI5zp3vHo83LTuR+Lk9TQ4Dzm90adHhdGaBVn/vbOyMub3tPodfSIWcLkVparyXFz4SE1dBd7i9HB1ON9DLtusKioaOJA4a1uv15g8DkIPgcnt7fmD0wPM426jJvrdGVLtsxllVZwYqxC28HYFclAUbaDEmb0/2ynr/M4srXy2V517ut4sp32TVZQiY7r0EAuc5faa2rzXTX6bJXkx4dApqU7ShO4opz7FJ79Xaiy0cwYSuFD7rzedyJagf1Rz1u95NuycCLZF7sYn9ZUbUg5u/5/9JrTD6ONEXTsLMvSVK5u7hB+FtgR8mR2xk5VbUKoY0/gggbuNVkPIQ3Q0HG+9rnqsXN2U3O9zFTJ3Egc6W8GtnqkXBXB+Uv5/xC4VwcFdDyegwEls+M9FvyoYxaPXEq7EYtd8XL+WHYgarPcwGX7brilfhF1D/uKIrj7qi7MF3FEv1XkFUFHgQjbwLHbeel9kZIu4YylqM21nRyHM3Ol5UezMSAZPrLZjDmGiVho6Fb0mL13cyYT4R4vK0qGb08xPJCYQTPenLO5To+NNJ1OuCsuwLToM1vaa5+V2MvKU60wRWB+LbFMbKaR7winyAOCUM9tFakySFd51t7TDkVrsQYprtnVIc60oNxQar6vZIOcN0S6rx2PZQZtxpzBdFCfZWoo2jRiSWiP35dZ0C6ZJ0YyaKpIzATAeQsMZidfpnPXzSgcJFmc2ndszR3ojDEYLVgxuYt0LS32ragmA/ScnVMvpT4UcID21J9hbdTA9FhFjweZ3GsmFY5KaDbtuxct7KnMWg1za9NHtKpYslqo8BW+ncb9IfzOuH811n6Gao7Rhv+CQJcVMSSgG1OVfDrsx4wmnYsR3y3S+3QDGOYF+N8Z956OiSotxkpTv9qPH0wjQP8/GTcDNcM/X3ye2a81x316NVpsAfRZEZIjTLxNhCUMx2FTEo3himexhTqQtvOxIInPhyRQe5g8Jj5CyGSW1sHVV1X/EDs9xLKOuR1f5EBCB/a9rMLaiAQVM9H5i3Fjy3xj3Bj64aY/sP9i3GPj8rbJC6msiT5fTUuNrKuPOdyZzT3GcK8AfHsin42RopkgPa7pe9stHvoy20kXMOxbjEOKyYJNb5fkSE5ZL5f/dtz1B9Iy7LFHIJeuXQsNU9vTRhuxeClEWAzdTqMRJPwTTMKRia9pg6OlpNVJ06xqxyEMStTFEo0jv38QlKbyWOUiNFqTN5acli+4UKmo5PNYsvv1WuSWnmHSknvhzOCmCqqZtMYK/Q4hZvhj2+p/GZcClldpHYUZH8p6MyZFlyoAav5dcvP/vt9H+hNFfepHnVIOLZ2e6KRjKC3fqC6IBqMdC5OKNm93fnrcr/C4AWBFNC9FAjpsEFA+HFbVQuJH0HmA6gOAQVmK1X1TGzH2Z/dNusiArJHqpLY7LI6irvaYTAy1ZSosF/9euk/BbQx6hQqm1VdpHJISETjZMP8Rx5bDfhzCPKyI0AZIn2gxrBiSIaDWFzk3T4CeWEUV2X+BWDKReA3RCUY6lR0XjsalY4QmjeNYL8q40BbWk2kk6iwd1SIC62/MXcESzAIVU2MTvf435pbaCo7/0SJFLIcW5clqN0VgFvW6aWQW5xH51+QejgOZsAPuk1vpnHOJ8TUTy44iqcFkopakw95ETgjU3hS3hTUBuXUUaKXmP1CprgyDl53a8CNMru8SPJrOwNcCgERycQlmZFpJUWXl09s++a6nt73nK+ynbd5r727Q7ilr158HV3+AwY6PhXXf6Tdd23/n0wZ5WjULxmVSZg0NoUdv2qy/tT12o2pOqNZoW6Curem68GTaK1ZgA5L6enkgBWsrKajCBDksy2TwJKJMsOIySzCCr3/tUROWW7phy7pY/RJLJI5qRwcu6FNpWLlkjvJIlMtrcpaRYFJlABsWuNt5UPHZhbE0Pcw/ZKerOhPWFvhCgcR2iasniq/eEp+NopIkPmptkLmrVtWnYLfH0Sb918GW4K2m8ifHc2lLvIVyYKP5SKJ9j0X8CAz4s1aSmOfEqbU80sp991Fh600CNEM3cvjJ2Zv8YpKVzkO/dCE3x05sUylnULvtDFVHpdbB6sPS5jzEPZ61wFwSUvHO8RByQkXDoP/5gOlSOIeTukVwPSHZBR6yLLVjudqOEdRyWQBtMFjuumcyfnx5HIMasMTrWblQ1nF6tEQfgzYFrEPd4WpiVgwP7CWvbLeAr4yR3C5wSkh+A288k7okTk7lHo/LEA0JMTf9C0w7DGqWFKpgNJlWPWwwD49YR20HhtoC4d6SWmLdoJ/anksrVLO/GRFJqXJm56GZsHwuNTrupZhQuN2VuzBP8izRDU99WE2VsSEMKsCjsOQuLcCyeVpIi9EucggE0ZJ0QrSYWYvsF6+96vwvXybGPvc0cgWtGJYZMfmsh4Nt23RNODpORLzsCde8eybPMtn+piz6LfoM6B9Q/DYRlUDd5WDTSN6BHxBRGz+lcnoT7P8AtpvHEMDWs2VchxsTHeLQYu901PuWSwGDFwEEav5giQMMPCMIJgv+RrBT/iLYr98IdtbJ+/U5bxbSy11g8tdL2IdxWbO2+90j49PbSHKXDzUt7YH5dzzN9B1PJ7DRdKYDzAG/fGAxMGPQHzQzOox9wv7k2Wl+oJb+jqdTkN1avDyRnpHeQIWD2sHoljmggoB+fyPYLGkMzto0yNPrtx0n/UHq55xHbYdk4L+0JAIgFnXqlizW/yLYE4878nD3PLgso1IOXa+VPVZ2Z+K9mzINj3ttkz3ybd5tLYWT9382OIoXx9Qvec7w1lxa9VbfNcDwWAZtj7TRZJdJpQuAWidkh8X66rKMRXzyR4uVP5aP15NAy4PqzPiJiRQCp62+wDkiVVJv/McA7qfwodGrl8zPbcRWXACa3WrqvXiVgTc2RZGhtlr7algh7Jtux4X1Y++/Dew8VRCPjk2CteeT4heHVPOWvCvoYre8H1F+DCPfBjY5wgZ1CY20WU45W8jHIGwH5aK96HPowaMjw/AWF3vx0qIVm2tQqdROtBWyiIKpVP242vU4138GEUt3TLXMJCCnMRDMDZzW9Vr3A1BScZpT8CE5dMsmJjBUgTHI9qk8JcML5GksYT8byFimJkJMjo+FW50Z91RBSZRbK+v9OaPDW90F+7VkKWS2A3rzEV3cT2OWrw/dr9ejrk+EWdiznfFAp/z6agVwn19jOIoCdnlHsno+fuvo7F/8bUtmT6PQugKkzmu/3Fqds9AjDUEPnX+YAgSjFcYZv8olhgd7XNg+2tntzCcynm1MJctcfCPYGx4+L9q24jfcL0MThqCimSrt2mQ7ryLzK+sXSk9YT8bUxHwB2nNGMuDOWB0DwoT4d/rkAifKLhqRkT83AyzVymwz3Dpe7jx9GS6uipDeJwdu435BhUzksO24SfcEhkA2BEHKT+2UhkIBbMkfMUMs5bvZAi25ag0XxxwSKWGhOZTuVxbbQrQXZ24reisp0qEo/OfeDMfaGxogHYiCeRdIy/YGngGbrv2YHCQT2HnqvqW0movkuct4DCBu+Lk1jkR1MXK710PHOkxWRhLuSsYmMdZYM78u2X9D4hJ/XTLamYA3WM54EIpuR0u/Z9HPwnorQ3cUGzzKdRe3p5NrBN8k1DgEVfBdTl8mCTTY0c78LacL0rsQQmYIoNX70by7lVRQA62giYibA9XenSd48VJkVPkrlC+cx469m72VFcEwO+KFkIUfM40Y6394w+1HOPPxVp+bNsHJAIGnweD7QNzQ4O1XSOm7+kO/Q8/AVn4FGs8F1ClesFyyM2w3z6/DOHAtu20VPyRVuA5OTkmi/84eJf0up41/T+KmDKdm1nLzHTRCCLdcpcQckGgag/QgqG3MKiUdOW0uGrXQnoBiSIsF27YR7AEeHepB/iNgY75xRr5+C9jhPECl/r4uMyTFpY2RhKqp9GBoh8bv90FyI+CoKwExxT0vR0VVJpRYCDdzB1FWXinSF2U3iYz1kYfXES6PfMrW2phxRCuKRxY+FuJXohVlhwPeHe42ktki0qy4/W2HOsFNZ5tuUA/ONCjmXwrsTcGP7MtfKh3LVRgppWvrnFDlLqMLPcfjrLxk8X2XHlMrZ1rYza/smKQNIo/KlmZa3q3zpmAdVxKSHHcAlyFsodlRW7qpeBEn+k3sll5lhAZFIvHvn7gfzoPZjxy4nT7TbyPWnZxYKd8E9h0NKAB87M1PR4CnVdUJ21qb8AvJO9dg20sn5LeN2BlsJ1C7q6I7WbzVnqE9MyAVy87XZ32WalFet4kejGMcbZYhMFW0o5vtPls0IbTgogMGJJAuFGpb18UJBocwrlajRIx6h7FsOqkRnVAGqZGe92SBCQhFPQn4FulNT+OOWl32wHpcIGqdZ7ZNW1+TjvXydp7K9sqNa1Ix8Buo1xKqjUhK1svuRU6HEJrgYQexs8SljT6L9H5mqQ/1eCUXzQd76nIcx8ebjlsd267AoO1N8k4Me2m7DLWc31H7W+pGHg41unkPEH9IDoNQbgbIvcmCsx1YahzRz8OMoNm/CexzurJbejU+UkkIQZhd485bTJ+GmkiiGl4Wa3A550UXU7Me/W5w9Q9HhtXHkSFkHk7Hi9Ajj4/fDR07ztu7V2A6XRDRCT0ZgBhhmGB24KIAbpHY4ufdnew4wFPXZAgwUNdtg93Q8EyWmDHRCDFIUSJ2AgFgvqqDf9vph0GbPP/vdnrgv+30D5fe73Y65P9NYP/xOjxwQECs74CounJnRnD7nwR2CJWRWVRGxc3KM0wnD+tPGu+bdVq4CV/Lts35oaLMEhIpnONmJDMwvl3h7lS1r20OhjmM1jzqObz4yFAg+STgIp6MfGDAs4NVc200UKuJu842uxO3IfmmGX6CoO6UNaSWNCxXdKld3HWL5Pn7IIIr5tKH9BpRsAiqSf7kKCy0o9xuHsafw/Fjz3c0kSUxaIhsAtfKDd49QcXyyiaqKoD28Zqt6blssQ65yg29XDPf8XTRdzyd7KGBHKE+qWwvWxlWlVglCwPgc3lT717MlsU9QHm3ONAPo8fjLVzT8igxzj22tqcXtGF1yz6Ti9DEfUjJJq3KPFGDo1Izz0N5ltSr0dhdlwuNIr2HIorQAOMN0kQD+MlnceOlBK5e6yS4qJyIYq1oaixcoyaZaKQSg7JQQz1Hj4qXsHmPgl5M9LCaIk4R8/XV1xHs3dzE2dFqr9q1GJ7WvWuoWEDLp56MX/aEEgJdZ1vTCilPYCG39Faor3Eb1Dnbt729P0h7J0cR4NzhH4ZIQdKpdWU8KVYH7xJeudQaWSgIJQP7ivN8huwDxpWd+YC1EgCoHngcbVKdG9qVwjLOY2nGodJG8acimGY1ra5H7prYO5BFu8/898Uhj2hZo0aXksfwjIWPgaxl1OSMTM9JDpTPizNX5IwXH4fQjLIgaXc4atl1e++oH2ldUslt+cBYY4l5WmnpYdA7jUAToKd2W3PTln1yhsGBinCYY8jZknsM0Rxk1lG1qmtHv29bpDDh5u1fBLtBypXy6e7Q5RvBXp9KR8G050U6BPThdeFfj0scpOQfB/W14wVUWUYssGoOf3K4yhW6L4bQ+rLFZ/Mvjg8UEGMxQ3zeyrmWX08+5fbdin/2YmJVYMWigniXp4P2F/4li+juV099u8bVNXDHZbEaBeS6Wjwf/GcU2C+l20iNX4l5g8/SPxYmCDio97SVLCyOeCSIIIB3RU9cj6ycbBhzVFaZPR2dghR8u5zYojQL5o1YhdyEuNWZ98rKU37+6mjcxMgBAnXCik0yFHVcKlNXotrAZvipALhGjskoH2pGrpY/Bh+xNIzQuJ+b/xwpMcL1Z4jb3TyIKc3KAbWC37MoFIlVk+JqR1kY/vIwzTRhyYN6C22eV7qJRrleevFGnOPMyj7/Zvz55pLvV4HMQCtvQ1qe7U7P/i0uToP/S6Rd5UtniWQrdW1aHng51SqsZXHr6CpglbifDcR0ANZqnq6glzWsNw4Vh5DoCjsL2kQfDCtSBKso7PCb3e+/DPbPiZcm2zwf1hoy1ECBnAyHk2Zsx9NI2OUXcKOkAkKjnlgvFqafW3eQeJ/IT2cSuPqeIsKsYO0QwwfDd1Ic8g4JiLgN6WDWctYNfE0zvVX1EGaw+blaSmEW8pSnwnlk18L8ZJBmFvm5+GggBWTFwvyUkO7ydGGEusgz6DVkEsLyNIMrV0Q746YyZM6akYP6OuTILpgXq5veDXeGOmpp/lrMqmTrkYwoC0IWbm+PRyJF4ZiozdeK5+8b17gV/bnFs+roF+0K9EM1tz6fL3DwfiHr2mR+gdl7lDkBr3I3qZrhw4oz4qXlXY38KMIVZKeOJsrWS765FJ4tztMizx4vJm2q41VnVY2qF/tOHdenBIkCvpArgSegZESARgdg7Lh4P6zvJKJkdG5Hof2HIY0BhqyCyBnJ4an0NNxE+OaBgzzEhelBuHbsifdHj2kzO6u9wI2zZuWP6fJbg4jvS3PNkEla8e8zLJi0UWMLRsmsdxYIweKFgHPbVFHsAB/DZHYtCXiXrLqmPj49YBduqvb29tb7VMY9KvxVEJTywpXy8CqpJfTRKNv4hIPzMDvsoEJpiCtE1TkMns5z8u3gFgocYgagQ8wnjEF7jFf2jguLhZhfd2Bv+XYWeyFQ1IxC1seSsSUs2HDf2UmTIQVfxckvPj8PYUBwpBF5Bou6noHAh8QmzKW13qFj02ALgBhA4v6ppxU47Ecs7oRBTgMs/q2n44dJ1kQrUMnJqE8pF44dD4MnRSADZ19Z7NO3VMymlnsXsuPEZhnDPJaQKJDD7WTTJwut28XDlfTmUskzY0nFmYvRqQg5tO0kJwyWGPA5HmK/4+kxcvMwmhdxGg6UVeKg+DAXuYIex7r00ImC8OMdihYsw9bjkM5iMYYd9pOtk0mS1HOHnnyVuEbZ9d6IsBEiIgSUKaMk6QGBYV+SEaGkAk5gj/wkGztxCnSq8Mj0yW8DG/WYNe65PzusnygwJyhr3K+KnZJkyY6T72U+2CyTxiSADbKE+03dNTkGlUCDVbq2NdjUwgel2zHN63eeucK+mcb5rzRsZSWiSrMaxtGzWGH4Q+bYaNtBFOnUJ4WqGa31+ENm+sqb0/ZC6oe8v+10jNFusV2Bvmo6WIyIq5aXgIz4TUkU5iy323PXQVs9OZebUxTyzXrBH52ZmAb7shdDoIlnmYrNZa9kSlwcXEKkFUvsI87isZ5PmTM9006cHTcZqmmR7GNjvphZdeCKL24edIUa7QBMf4XfBT+xHFkeTe/ZJDQ9lPhoLeYZAU0OJCUIzTPaN1tc5zAkD6+THKAo8qPrfQm1o9bXhWkIJIyVhgPVZJtBmDQ2QItdYL8J7LbFPouMlS3QhENE7r8EtkOWzIX4lO+lNPmchzg6+c/GHxQc0Y3FaiYc9LNLVAUl24GCiq4NVtdBP66VeYrQ/ZQGQVAO0oUKgCW53VhLmccwpFOdd99NpOUokCWrKhUn8Vhob6nhURLXmGSKztYdYv8zdCgCa5+5UOSrfhohbD9EDhm0EWxWg/R87Ma+YH4uVfCeM6/iyw7v5f5wb/a9T4oUaJYIVOVotViCCn3iCPdOn9gsdi04JGUNUueoC1N15KCQLMMr0Oax07FRwsikmhLmdCdBdluRvEf7+pqZqSqmx7OQ2o4FSXN09s0e3t6wSLXvSgv1miGnjzRvX7pV9E6+E59q/AS2iZfbkg1LCHMi9Ua0CFYgH4mRZ4Dg7cj1VEuCJj/wgIPCypGSS57E2KuKuqEnQplgkvmp8MPuC5lrOILc2jLWv0g45JUo+3oHDLwiazJiNuX2y/jKonqNJe5eGX5cks8CGOELuEKOtpZqKK3GOJp4aJIUAwyYL5z+LxNeu+nmkdYx0NkxpqNXVb3xTNDt81sXIOHImDRIDL64tLKrsrLycpIaotUJ/caVvdBD1tX95jbwmuNalD9zAFstSr0it99T1OvXDVRxKROq9PhNhdkyeik/0+Ac5/YgRkkVoCIlOb5j1gGBTLSUfm7jO/x3RX0thD/yNOl29GxJ7atd9XYZvsVnsPf+Ua+ARflzIp1w0Oyzl+NHbSW+8y8PIRqbMn4V72xYhFTV2Nr63+vKJL541m8UNH4bomV6ZXbWxWWj0IV8l9rX7rD66qVL0zBlEzQTbAtlUlQLDFRTFureCZfKpGk4Be59f5Ra0zwhiUuZiVpLz8z29OJ9q6tqQcDJ7og9Rdli6JWPXWcuPXAPCw3I54Mgr3/b4eGqo5iIZJV2T3cid66ZfgX/UOXOGkiZih7y/5Ff2DFGj0h9iO1FQt1LKL2BzsGXL+z0CJwlXVBhMdKSCt6c79ig+LtbYRRr37D9BsWkdOVAxjE8c5oix25QFkUvWqUb53fvcv68Rf48LV2BziZuzD21chqqKSwvt1OcnseMnQZirToMaqEHYHOHQoKHaDrKd0aN/J1RDyg4dw5/c9gj+d0Gq+bXTXWqwK5KA4tr74jJlyVBi1Z3UMAvKzdwpkdbSOdRzRY4gMCOknh8v+taQ7IYyrrCdP9Yzb10uZ4gVU6wB//W/Mthm39z2MJ/OWyUvxx27r8ctmzion8+MmEp5JScsx/Vy3y/13TSxpbIhm/IamLEdP+ejRaiiIPzcUWe4JUBKlzpZbppEVrRzuc+U7qt6Jvbb75jpR9Ilg2kwIWT4SUTCm8/BpLEOfxjwhpABJQrIqCcjf9IjE999FaSPyLMeB4umT0WlNs4tJpymHycZoWWqLQnqzdP/RBmMc0TBA7/Ga6GY7YNUl4ZscejYokLzIITbuCnZyEY/6SxfgQIiGYrFD1zv+GClykfjScI6kteyE/8WjvzaQ9MXOaFKaRHb2M0Dh5v7Kk0t5SGmGvgUzQ2PO/lLP5TOo7zuUZ6IC2ska5uQj1y+x5ExvPSy6D2jNWMiS3bdiu/hIQ6XmP4347abf27o/58/PawXf+nh232f3jYFKcRdCQIoafWu98dtU9wE/p3Rw31b0fNpHqr+/HdUY8v3qIXu6bA9pAZi3zBb4CSc0NCVdWKiVrux0Itywps8BRymF+B3xqd2aD2c9JCgS+z6OD7fHvYvv/1sLu1YwRT//WwW4QWD+L24F6KhOe+PWwCRj8zhFDWR0r8OwW/2opvDxt37VLfcC3Bzi7JhhIWPiK+0LWnvk2oY8loFN7qkzDQf5FkCBNosT7s28MW8sF35fz2sPF0IamGjYi7UI4tARFBBfX+FKcwrGRlw1MMIpwa49b2mNPd3xeO32qDy/hWvvQEGRKb+0DqAsfGwjYQ0FH8EhXHSDag5ztchvTTt3TeAYYIJ0MOYQiWJW9u+cU+XCWlBNUzsiAQEXrTieXzUyZhssCP33t2nj//E2x/ZVBYaGeTGT5MK26reA1/DS1kG8IdnJBOok8IFH+yz8wPBcb8hA64kEq1oyvPUJk+n5HzgSQRmeRiHgxaSGIZKNY2ncfq/IJZpH2zMGebs6iINMBYSiKLj8qbYE9Sgi2NQp2q9QdA0jGqijm90FXvHzSrLjHWKg4SmEhEtDMG+l7UILjt0SlzQf6fUuUe8NSEC7gU5ptogIzZo0q4N19Su2aext8d9VF2zndHTf63o6YWzJ89zQ6BSXY9+VpSSEltdFI2rwuXqMcluZgMdaeDgQG9TWMkPQ9J55Zla4MecgsGhFgxWvVvsKGAoSrJTIX23/4Tr+emDHiDozRSzc5ZoMEqgoyOeteSgliZqg2k2GFZeIHfnZgvXXsKypDCiuEnJ+5fouz89u1hV/7rYY9j1wLwu7NxCbnFRaER0MEFE7wkQGZkHEwMZDjW0FiVWPpdJx8yhs7LDwQdm3cGg0IzJ5M1YuooEVSbkiH+Mcgv8hQ230zcA8AB12eL2QO8TemF5EOMc2pHKtk0UYVWefRhBNKBGMOFf3YcLwcH/xPmQu5oQhS5D8UYMocnme4bylaaS4gpSouACC5P/fCHmaMAML1lfBr/91ySvlM8uX+IgslyeQ3FnTgWOPDVFmvSpWPU1ysXT+nB3kB/8urOPyH1BRhTijlK6AeLWzNzFGZ9W6pwPny+4+/fNxeSc/H78UFTxR+vlPevyWMtz3OjJC74uk3Ru3TKm7i2WcPQhNKefxb20PvmVkTs2DoquefLKZz+aBwDNkbQpKyD5VVk5MFSETWWmoHsG5hkS7gsd7VhQGdg8cJXZkafH9n9f4LYJt8gNpa1t2EhQDxZTZbveRRm1SKWh35IticMlMXAC+euDpAAC/bMXxD7NljxjUMDk4cxKewviN32DWJbGcLij0a2RNqpI4YQc41Ip9G9GKQ6IFD+lsAEKVXX8gS6NZKAXiwMXv45++TBfo5/No6/XyI4YNJMuWbvt7lhmOleaJpnQdVO8cuyUb8cH+t46qGHjtW5LtGuPiaXVKbfPV2bXg04fc+2AqXOHqgAgByC+vBkmsT50DxMXjPOeZyYJDFQV1M8meHCuZxJdyWtM8WzduEkWpw1/sTt9i+IHfZ/gtgl/4DY8v8DxO7N5wZwE2S/E+lHWb1Ayq1gvs5RaOGAY4lb7sl1Vy/loaPgtymQp0NPCUZ1je4NCZ1R1h5SiFnJuxIA4ZtKIZSjlFMCEdk7Y9XK9v5BZFPKZEtzWHGKCKEhZ6MAl8Bxalkyg6b6xtwDfUgTYg7EjhKIrxbev/IviI3Qp1dJ/BfEfuyEvLBpdYFmE4zLgUJaQZbbJaezWx9hdRI2v5NUe1CNt/la/WJFrbvhhbcy/+UTfQ/bA6FQdvKJEJRZt1dGBcMN56BIj+K12hpQWfoMYoXcqt7E4dEMaeJ+MHR6gA0usXdUBzwXF9+mGjQtsdy+RrgA3wxIYylsBKuxmKTwo2ZS6hvETv0XxA737FVHDmRpNh5k8MnL48RX5iDtE8uUR43LCx21YAEwB6FC2Dt1d/xzinZmQYapkCQmmbbn16azSm9Os0HUzUdOAmgvgTzM5Oo/LFVXSUwOL/FYdQQkZKVUEtgDzqmb+NDR/qhR3M3B8hfEBpSO/b9AbJkn/O1fRiAUE6SIgp3x28sFqHLEuU10VbQptrqYOylWyr3Qik6RQ8dUMR3LHDuQk9w2+vZv2zR6lo1M/cvaXGYD1xU8v38AtiWK3ZIxXqSYOccjRMRTKrCxBdq9nuvLoO13/IaWGvCrXI0bJa9Pdv3FlFRd2StalYkM1DFQ2CmX4Bh62vyjvtWuMAWcmliBeQM+P/8IHjXTB7njCiquwt2mbM9JakIRemoBWbipPcr0rPTSIywUxCAcqTH/roGS31Bx2fM6ulXkTzbgBM9SCMUpOAEX5xMMff4u0iGxjLEXsXAlFzpfSZr0wHRk+Zw7xjSokVSDaSM7qDi5XlTB4rYEr2ELcXfOgZUei6lAvqhQvV+57Iib2oRAGQHLvyW1PPz97rk4dWG0fP/1fGAjfuoswbeIXV4DETLv9C1iR/0VsR2rwxHIFscwdJX/ltS7f0tqUJYSSojJbsN/ROyO/yFin/1XxBZWifr5b0kNU478sVM8FDeDWU6f6i9oeTOSk5I0HvGDb2QgSuYYJkBj+2klGhBIZ2+tfSHw0syVCPipp7pvCzJAdulzGI10700zW5SsKi/5pa43Fh+nmsWvfNWbC5CQZ/Jc0ColDddmKX6dze3l9b20UXXL9NTN3lNZkVR6wT4N9q3o8ifcgky27sJzmbW3Pj22Q8V7T6EBu0ow9/P9y1gyWg7AUsIrLuOKeP3P6ZWXuWQ02qgqtbEt7SwuTq9fnt3KV8/7p/e7GwcnC8atIFv5l3omn39gqD/5tvP6sDEeEhIk2AFIPnDChdB6jVIMxY0kFTxDQYnhIWYYmMADhLTocNysppWD41SsOiZoZwCJFqbTrL19f4hCJRPAp5cbKzqK9+iGXppdMpmHyGT/ou9p27/TYTnJ9G+Tgd+s9HraEPVBrh567LsspG5JkX1R+G6pz75b6qkoHzbOL1xZdSq5lO+WGu27pR5lXJArQYtRFk858VEKs4ZTGi81EQm/WyDV8z9R8Oyn0PQuARluMaJv+MOCDKAlVjGqXYSnh/u586xj8dU684+JLfv/mNiw/5eJHfZtYs/8TxNb9NvE7v02sWe/TWzqgVCCg45ym1KVt/3n21IVTjdUlC3PT2xvhfL9+ELqzT0wWM9ProlHevAiz9pbreJA+JcCGq0brFK714yPYvCiI9nTB9HowU+j8c2MvkKanhymuuWAPcmd94fwufA6pHLZTdnBKA95EdZPjfA4LAraf2LqLq0l+dyyvvsauv/G1J0oJPAQcD/3dZIvxbzX6oVtD/TfSJFKJHjxmTQfBdL/otgHf1FsY0F+Id2/KPZK6HhicBT0p/Pjac4LVNyFFyP7pEbGfv8yu/Sp36FWYV6OVgYFhFqjw5xUIOqE0rqhGlmwKoIH/YlJ1P6fzRp7RaFmeRyzxtCJxhgBZ7d37uUa30riqmCgGaOgQ7aM2tFZ/Ip+ub4opAS4xDLfkGcHe6YsBbRPaHezlJwzbdmGev5lFnPm0EMr839V7CNwesqtcUpwz9LvnLoCipxTkEqCA9hH4lvF1o8fL9uEV05/IIm2FtZHFBJTC6SUWf5XxdZaf+I76Ar7b05d+zen3hSgDUkNM8amM2A4qMXHgzIqoGAbMfJo63l+EVYbn4QhyyaWOIPEjYvhOwwPCI4IaEsNKXNhRMjL3+/ET2pNF0/5sZ04iG8JyZZvP7tvp7xfOM1xFePloUjUWLfOvVF5TXMAJyRZ+APPD6gBYr4PMCnhrr5WyhRuVkXgyp9c1/DK5+uuq1tAi17DUhtKlq+yyfIYY7gE0S8JhXYZ2JhFdR13fWN+Xf/r0gSepjtC1TIqU2YLzvb3chJIADqa2S7YqcmBA7jaWIEQfUEoMgWp66tZaYoaJgkHbDhZdkTUusOE1tfz2nW+TH360OVeQHH7xQ4zYO7xQeAfLImyCdoRerOnPda4blZm+GdTK9sOacVxC6aBd1TFKMSlcyuDKSx4b4NvFtsuwfO/LLY8/jeLnewA9S+LXSg1lFJtvBUuuxv2RehxbUUVP4hZa4NFIwdoqcovEGOeO4pNXkRNi783+4D6/t1Tp3fggOpyeDp4Oj8kPNjJymTjfaFTK80mgtUpQOQTVYAEdCdMQ8XRSHQf99kVWR4T0KHpUzVYVUTlYKmk6+42cIz2K1D33ZYnHQyNOf/noV6xHhqEoRovCzAhRqSagiCO2ttoxwIEHMkTDhI8XdDsGVPoKBY1CU7j2AFfP/WfzZv1b04d9E9OffZPTh32v3NqOF07LEOXiPT+9EMbhtcKUCZ0caOjBapKeN9ulLMVAqUBDoNXmcZm2cDrIi8gNtpOUYQ2BKw+VFxAbeBMDhZHnTqhKPhpEHMrmdDf0PtJ60woZRsKGrFjlanUyrb/eWe7YsHqXTpiRQi7RcmTNaA4gtHt9l2Gsd9yEZWOT0MSWZvP4s0/luy9ACpV2AMSBKQugDPZ3Q61w3eSYBn4cyT5ilUn0dAsFato88Pmq4ACakSY0fMUzwcPIR55mcXzLnN01ZoU56cieUpKmvhpScV34f/ZGX8phC8mqYRc57PcCPnFuH0M8Vi15pG9uf+UgX8t+o7iazu1hUr7wT+N9cTz2rvyhxN7g23Htih+Td+O9VY456hhwGRsgUM6jzy90nwk6OC11vq5tDyVWvOKBUfySZl+fcuHqP2lUJR4M7J3CNPhXtY807p3GW4w2fBLJQW4Q9Rfp4v61t2khv4tweOiDc/zKpHRwDHyQ77685fPbpsLPWVmzden9+UNSOpANE4HF6/X0/OQy7ksVdJ+cAtar/RLVEqPSLSwrulaG5/gu8e95ey55ON0MWtnl2NmAP1W5Ss36u2a6uQzh3LSOFDocu/PgBOi2HWnhVkYWdX9pKLT2p1V6ZY9dVSkzlmFiKgyNm1V5Iy1tc+PuZ3jkrmzN9yiP9RBnJlhfktQrpk5yespxm7b0UNalkcgaKVCw58h7t4OjSBQsynrtdnZT370rBabuRp5v4YSfppx4XVewUxmved/ImYlofhEJs1xjstxIjgo/qAkoKXqmbqZvPfMwZ6S0LUcra5pWkKvgTsXdpbG1spqCjzesCtaBbzCOfSOmzuC5pLR0qSUWH+nF2fX2f3HxIZWPIZa2SpOC0eqnqIxJ1e1F+U2mkILxFMdG0w0OO2M6T3YWvw2sS2G6pV1GY3WLDhqZ5RT05WlFVVQtJektJ3SC5+C073MbB4XzFJu6qcG99bQPp/dj7k73j5cDjdqZR5XFhYoCV6VQ3yiiLfsW4NOOLPKSzVUWZgGwrErClmoBR3qk8pUDsySWfVix2I7nnXureiqFJVYclqiTMypTYArJ9gMyalbDB2dVm44G4vUC0tSJQJZ6LcC8DK8p5AEWnSiMm+08TOgMWwJV6m3atLDTEei9Osu56zU7SVdloUXtPuq1f05FD10QMx6cA3kTS6nPhENvJ8uX07giqa2QkVto2gn1eux16TuxVBNDEGmhWEnDI3mcVLHrzDDRj4DIcS9LXEf7dF92LImon46U714TSl9ZTN8VVMNS8IE8CKMp6at3XKk5bTUFpQ1Wh1La9qoS2svVtiIMkoP0EkXEf6sbyUJf4xxU9CDPI5yb8oYWFnU0eFBci+RhA+k8XjmMhLfwwevxMID7ZP1d1nq08M2+sawHYbe94uf2q463ra3koMKjzruAIu0jsFwjgRH0IO8qrSgv6gQ3ouVACIk0LqLHQEiwiC3Ax1oq0UHZWzx12tt9ubs9kE8uViwdd+I9F8PLcaXDIecPv6k7MzkUFMxCMwLG0PkZRngyg4uGGSxtLo/QG6Vpcwo1nPKV6E7HZwyC2tLDVf5cxZtdaGJeE/fsTn2IPRix9pxt+tPPYpY8TFib0AJfo7dbW7bzLp6eT+qNP9aP9vszi7I2QNeuqr0APAxHDKKWMdBrPZAXY8Kej+DJW9ugfuc2epgeHdgwka9a/oZiwGaUyIM1UcrqwPe8NRx0wnvif2fM2+aPuq944+CWqv6+3jl5CYecvoeNIuXHAOubeUabE9+ihbV1yr4JN5j2wlyZ0fG7fzprbfI0hQ76megvurzvksKL66XkU3LkDIDOCP0uHSwi8dl+edGqw18mt/eBl1hK3/fGV09UGEv2Lnlw/1znneee/lSUzTeHWXyMsCbJjvI+cnntVeVe5BPa2JfqNynryLdsvSdrTGuDp2lpav30eUHAFGBPeFmBk/S1GS2vTq2lM1r4t7Vg58Ycls3NhtrkxfvMoDN5QicN1Spaiv4Hc08d68nd+eJLTM4vlDXBN9vWK+anh8gl1im2+1PooE3r0io5JAdlXa/liCI2qCKluDYRFBf3d5F/GIBpggjAKuCjiJwUJ/ewJ402VCR3Wy7f3N+bF552nNfb8TyerPiel+DgeXtIgwt9rviBK09+ZXGun+KdvG2d+hnjgFAObob6k5tb5mchs+lmOwG7u33NN+KMM5HnTjvR539Z1a5pq0zcFCv0MHkrdxfqIwxs5o8YdXVR3yl6KxYuB9EXnmydRq20qM/rdNRxmZq7nRB1vGKEp6zUU/NSWkuWm0kw4zZjlDTiE7MaEkrW83t1v0mkSkrT1hpV7glbQ9DYrhpr9+Y5da+MdqwZq/Vd0m3l7RuMCpamH+GtqorOGOEFtNBy6LLVNcp3UOUauNx9ssaS8WJNWedUJG0dTYqOLnthSiibNJIm/STX7iXUq1LP3WMY/N0kpHDsPiqTpRurH0PpeSlCVe3EJvTPfLmvYvCLltT5h6I454zY0A5e7YXNcesXWjAHrJw0io4mcg1oq2oWYno4cHdhOEyZWIESVtHyk3X8sBuWFngHkqyTieP0rfIsnqTSpUyKSu1dhxXefJFNzvdWZq30GhcvdcWNvEC2is6pNeUc5RcRGkrc7JSdXLM6/WDwARKK9pn8aq+cvR8RA8PRQcqfMrD5WzFSLJuEJYPqaGKqUY0y146Gu+BvrKGs19vu/HBg0U1l/ZZxnXdwqCdHbuyBsYQpbkzeJ79WCyE5dmjkhHpw282AtgwRqaeVLEJ7IJ8N9V/9TCyDdpra1yZNVZVllrR6xS6TDFRbWzrLGBNVTxr1SjZJKpIU5sJSHSPR3dX4PqU9vF8Pn25WXlZOFkrywvJo8SbhFLicHwdp5/PvQLj8nezv4hwdVKcaHyyzvxQrWLF5D3ykht/WZ9yw0s4qD6IHIsPr1NVFd2NRfaO7jr0jfXKDLOe3VGtpbIftqWljV7dgc340in7AkN4rw/sPRgQf3Pn6vSaNwMWPHqsdKHD7rCV8tvebtouDij8FWNK2wl3E9bFjpdp5vlItlvfn0a5ADfAUF3BpwJa2sXGy5Z8KXyl/FKMqoFyOsp7GZRzmq8rwf95Buh8s2u/7akHZHbEs4zWaxL+oFvyKzy32ayAUJB0Us2Q2aJ+k1Mu9vpClTeTi72T4/NkLSDG9jOfYnGH1ceCeUVY+eI+b4S3sTcatIvC5FkdquodhdFLraavLI0Hh0ef7DzXAZ3Fp3sxXtJ1Sg4u2vulYLzwxti63G0GrGAh4qr4sReHsWVO4hJ95MzEXlSSh/jHBAhbWKan3NGO1BZDwrM/7p7COXBUxZRPCo9hMcmdxe3XufaL+6pa0lfblkCBFKad3PSgCZpMdQ89Sjvw3qhCZSk4gRUiFtc2SFHpUeIhxGH61ZlbTYsqFGI6wntU90mlYzIVH8fRusOUd5NUrC76hr+ViWvRDaf3SOk7zdSVkbf+BKZZHytD23vcY1adj7LDey8b47YnZj7zlYFP0SHEGuMl7Gcjh0/3zMrjzQrfpG0FmO0vaVdJhL0D/yo/I4gay8cXEfghmONULr/PiLVLRvoaapuBAOscDw8kApxx9oyRzrVrO4+ovpfItJjYKPgMG71DFXgVRED2T7oBfE7gccjn/mLCzsy8WdGctZZzzAm8rI8hh7aPm/5Bn44Yb5/U9XX3h9fk+WzTrs/HFnjHgwTgZmw12TPTAArNkoQnS2Axwf6nqvPKUHBzCif9dqYujY7OyJsDNAmuOwbwWHjVtgEf5FduB0ginPXkxUhuSPLrIwh5DwHF7dJ0e0yz9nMXW49CFOFN9vE0baIECQSARvMK1dOF2/JmbgrmYmzc7MXA16E9e/5ybOSthAGUwqzGlTXyy04vRU4ObqoJVFX7fNHghTyDEnjjR/VX1+diSIW9MtwOXYzOTNaf7X0q5BTMO/m3oRAlimcQhK9g5LkWN4YtLJTQ6MymlYL1W/gkOfbPKsWJZSA1Pnd25g+0VGciyI+WBx0o9G/0gIWcknVbPwu28z9jV3qXLsrObK5IWZBMx5nDH+cCjuFGH3I7NpUoujgr3rXgyy4mVeWXnUwmUc7Z3Ejl1zRZrgDL84gnzClZDXzEVDdsFfI2zGvxWG09km9OMvuyduvOs2o06W+izdBNgiexzfit1NAGtdvW1pDZxDN+orGS1vzmuNdtDOSlWfvAGjFpmO9kmKQGO5MiSlmGZPi9laWiHbtlIgsfdxyoV9MWJDms/NU+g9P8ySXynyWp2WWBmTZiQvfZYE9XHIOn326l06EIWj7vpevr8+jr884He3myY85hktswzSHe7jPfDw5Rnk75zkOlbGg+hfxrRr/DU4025BYVqUb9wF6DHU4aJvuh0c0QxkZhnd76BsIOg9ut3ed5oL213TZpFi2SlZeXyWWK8+oJ9oyX23NCmfmK9ePi1BxVxlKZVnt594lS39S4SoWLbCpcwwpoh0sidB3UVaHyDU8AgcEzMibB/VeRho7btrWh06UEpahO6TuXo1zQy0P7UFErsPYgNKGK6EAqlence26tpEmy9rxWxBbme+61LkMfZ+SWeV/R3bvMIVqmdv0OFka8bpDche7CuqSwSp1p++jU5Sx2mFdNl+Id/VtrrcnauAuUt2bZZcCb892hgWI16NK4wI125C6RmXnFFF0hd53/ah3tIIbthbqd63QoDGGYhfXPS6aMQOP09oUSmKBfRMwVN/nWcP3BuKdivxiAS2Cimo9zI51aTbEdisYqf/0iSlzV68H/GkzkVl/BbD7wcbId05e08P+wjVAoCjfbY00XagI35PylC9d/gVAEH6nH9kOXAdlH6vjIb8dRfrkCVVYG8txlyAdlBMLpiHglovZOhhPjFiJb0F4IYxou7l6yjSRjS02ggOq4i+MeFMqNSPv4Xa/rOXyAoXmxKk5IfBKWt/LkJo6fQrjQBntvBpb3gYZsAMhcjRYBhIcCqzV/tzvsN8fdrN7oOlVK8nmruVrppgVmErGliYhCQiHhAeZKBPEY+8r4qbvk2MFFk/X0pBUrqVZv5i83y4kMOiR5qFEwzoNZwz3Fj7ckMmRa2rannyzKwh5VwX5mWptYcJvHkTAkhLXnxP2NmCWfGy/hPWKEud7uyzNYV2BNh01nthOUjLotrTHpbwL0il7bd8cTa4dN/mtBj4pFrxX2PnIUm6mrRTIFFx3ETZEfaVZJrS7Kj453BBU4XPlX45R3MmzPCu28yxMOxRejnwPSe9Kva/JHubbtsk9Rst6nLE+WT6IX6zge0mXO47YLZe99RcHr28WfzNoLNK+APjH6CrxezyfpNzw+Hp4KGEpdyBjVd54Dn28LH2vtn/W6Z7db0adXq4msaMmDbyZN6nFrGeC+AC2f/Txqb8FbFLr3GSW4POh4zvuj3tTWnewTqhwNkpZfGxtFT8GseLzNEMs2BwNDT/6SdXeVmi3t8KdFcIlnebZPLptjQ7qX1jrY2WiQuZbvIs3tuzqskLvsc8cVIvxGqZrvUshN4wiURDY3oXv8ig6kpP3U4SXS664zrvqdZqTFQb7vEHh4sKUCBUrFVl/P+m9DG+SM/NiIPsZfjUBd7qyKjNU3wYrQNmG+svSVtl+u9lpc9ReYwZ/lBluXypKB2keXxc7dPpTnS3Cl5yifTDvjMaFBd91hGI6Lnzi8q1gsb6KH2cCHBoWu/V3Zd/zsPJPqOxV7/VH1UvWUwX2LoZy7Zm9Cm3z0o6gc2Ps23m9DqhEP6euIT1Uwc4hqjosWcCl9CIGw8a9rOqZ1tjpqqiK6rRbpHTZda62x45cLpNkCkyGeBwkJgQTAbwssunFjSxUYkxLNptJlxus6m1x7tiXnDVg8S2p0NujmkWtYLhOabXM17s57gek2vmBBnVNoEgcd9pF1izsPW8GKsJknQb5kv3n7V47qaY1Zk6LCAeJwsTa6eKKtXL8S9VLRNlzHCwIKWCePhgpJGS6QdOQR6eeDyBHEnkYNEO2NHdM8I28pP18mjxte+u+8d0abrdIvLq2zVTlHAAvTDs51CM1qKfKhJ3304xg8Yl8l83ysf5JKhwuLL1pvnSIg9LwwyFdw1tjkb9g8Wa5BRrhcxwOkhNaMoI/Gf5iTbUfR32SJRfIIDLLKMGw9G3Fc2PjK79Kb/Vk/XhIGues9ppemyVh8yi9vtpYVq3ZRWPGWp9qQhF04V0kW4fL9MKS4ptR30Dow0nHS1Jq7J0oOeFDcpiNA1aRFyZUPsR5anAybWstekgbUvazR4bFibTus6Mh971zqrNndRB4YXU5IYb+0ZmfIHBoPTCrnrfV3m5xmXFERrJ31vNGXZCHOIzgiUVR0lLQedpfUPrKZ8PRN6OIZJWgpSLMgmrDfk0qq+mSC7uzlsRZbkaKpSk+KM/3C1QQRaZ99qXqIy8P/0qBd8Uo7Iymysr3yJnmWLMMqnFViMBFkWJCSmZ2w0hgde0kyMn42By0kMIV2Ew4nYv+lYnvqJ4bq26gO3X6RpXLohe0zir6sS7lpeHlUM8TRpApT5jJfqv7lNqbaAedh+h4cQmWnMnIw10pSErYec1/YO66uYynhnkTiV5FUwlSryAIdOg74ZTz56TWeOt3Z2tqxc8ox1YlStrAV7mSy5Zxd7VvmePmcCu30mMNrzej15NLj3b3Br8usqU65lrDvmVaipbFYkLHIQMydPXl4nzQzfrIYNp4puZHncXRX9GZoug/sveoMl9pw9TOrGgy80Y2XU5Y9GwhdoU4uoLdiaujj8BUfC+Ly3nP9dlOGqfnu7pekhLqtsJ9W7JGh6nyye+u7gHxeDl+qrG9+u1KDWXXZXU12df1ZPWH9m8/eWkBNMOZ4gJCgNPgHpwpPKZhGSeXwW5pn96sIZ2hQEvzrsCKJuIxkmoJqvbTyZsJBci1VXRULN5CMtLIJQikhAT8MAUNcrkltiydp+pSooCA4f6w9u7Iys/TcndvACxoMNQFw4EChu8qUOQY3JlZpEN12XGEtNC/mvX6+QmTxycpLc96MMDMrXh1y7HigXdqM3qIA+7hYoi7UDr1q/psGuGbxodMgFHN2VJAffBJdvIwlgj6c/tu8o1Cz4HK7/rGBrR2m+npuYLUPGfnkE6n8DLGluTRlJmNBudekdV6BREthpURtpYk9tbLlceGN6gyxEcJuVa54dfIhivQgxHulRffPq9LPnNkeB9At5aHouMnRsKQxVpiSHCNqcdkjJfKpzvg0dxbbk4p24/JyJgb+ByE8KXY1btKBdW+1SzYX789f69yGzT5rx2u6Qx95QQv5cWLIBtbQY/IVSpUQnHggG5ymbuJ8MGWGOloYHVU39efvkrgJs79E9hjBKx2CnMezmHyZmUEbp9kfWtQqIH8eUGSzllXzTMe5M2SOE9eNaDFkK+3n5xKjLDJrKMzES3CUGMVJsJTsx0nwlIyKJ3bkkSpTl5yK056oxWXoT5GPxFu0eGLL/ozjPOjb+PA3uLDWgrjnL0eXJMYtig9gptHU6fps0eLU1312vClhuBka0UwLFWf2F0dfrYK3t6FE41DwFOcSNJc3BpdRM/HaAkxUqhNnDg5Vvqkmzmc0b6n2cBw+rhqiDH4w8szwaXsb0OBKlmxX2yeN/U3WxrrKSgWPYjVF22+k47KWMEdf3vHYzhXrqwwJ2bSSqwYP8YOUrby5mM4sLGX1Nz7i9F4zEYmK3pf+++5tDrKRnDwdppiXmFiFROlLfhBGztH0mhoyAskYn7rrzpBe2mgI2wotBdcPD98G1979IYpg3oHPd8bBy5dsODyeftS7FIcCIGPge2dEd49fNr6RD9xtgD3i/LZvFjn6pObrowbdh/tyafGCmXqQu0+/JRaSEdCT/wzqa9eDdHQ0+1EtN9M7ACKMAdM31MQa8EtLoGaJHAkwTYMVmHnzcud0660e7r2+P30WGGszsig6ZbA6QvUBoMhJLcvXXF1q7xBQtAglevILZfLbyoqlblE1Meco3V7XazTQ/hHyCtosPMGTEkEMrbhhslfclMpjZhl68+frXSQ7fEUKgdxaz9uhargO6oiJiQwlJ83XF4AB97Wdod8TIa0xRIAf5FmLdOep5+snp3qG2HIMWaXzE8zFkUOPeLAhZhCVnNmlcssQ0Ti18ubHFy6SecVSSUbOiwbpk4BokBnnAyVQn0XkZ+sTZwkQCIXwTSqJC0DpSdqfRU4MGI4hpllPAY8/aIfgit1H8QHvj4v0FYf72YM0CmngNAtgNz90yGHCiM2BaGTI2+lMrvRbjhlmbyMzbfVJgG5wBQSZuqwlLOmBiaasjTW13SX+IUEer4kqjKFd0fhK9Io0HZcnMfX3yVchzJXSlcwk9FWt71F3zR7JBV9KlP9xbkzZAhKfPq6o6DB/yBkF87QK7meDIxrMzkWJw+PAGSfgY6kbt2axymaSevTVedKoh63ByNyeISnh2wHcDabH/rFekXs9o5SoEXsBqdzZngwocogFQvEntS00QX1nyYg/DHiElR7DIzIzbEJDAbQ7A9RTCB0Z128+MoqqaA5bKTXCn7TomnwJNORA4lQilef0iXINgG3HENGy71g5WtzkUAWrMzXVLu7NmkdW2Cm6NPy/fgUjnYBKZY+hr/Ut+h4GJTjGB2A4/C/KvgMcy7eN284sI5GVWSnxPPezZWZlZiWj6Jn2FsqmkD0is2SGsisjZWUXslLZki0UGvhu7/t93/v2f/4v/xzHlcvT4Xee93mf1+/8ndd9HTcZBv8xiTN65qmlpG7XI4c5l9Bl1hiD1o7rKmP3J0rdzHsYf1Ep3hswjDGuXMstQ7QLiAXzS784antSWeXqnPQ7v8vPF3bfNWzC1+LJ71XUrprXVqSh6KPztq/Nv1PMU2blSy/LNQ3GhvtrIxHLq2e+ji7fPXSrkuWeBfu5dD+s/OPPHFF3XeQ+vctr1Bd2K5qUf/Z+hqVBJfe4wWuJ40b31FoyaJ4fO3mXab3DMBFrf70oZemObi6Rd+GlUbHXq+1Ki2b+KHEgXoE6nklOuLG8nyqpWFXYgptDvNq5aIqj69NlW/t5hofa532LE/Tpr4nemHA6QNBAtyuIvnl72qlEgi9n7PkBC9U6CoSu5Vcj/jVAhCY+U1pRoe6XpPH5CMWhVbzTKYUvwscsvyg5ZQtwiIRJHhrmcJuHfPQeyvFSelfIz0+f51M4eKEkiboQerowCffiuMXzTdrDF3kij09v6sM7WfoFeYbH+Z0mmUeNAnI4j7FKv1k9HKIWDNG74hsWGfShT5xB9NsIdH7BN8KrhIOhQ2aTin1+YDkE9qR0Nhur2cT9ejSZWtCVtuj2B0HAWVPMZNxeWplgrMj4lsrl0m2GX78W8B7sduzptDWMvcEpBQoArUtx82dX+l6N2upcS8aFuGuatauCWYSvWrD4LmOdqksCDzF5fbYHckp/jL04lmUKyxRPCUYeNDpK/1Piir8/oNngcZP6aDnjUYs+n+jGNJQJY/8DWk+FykPR2fQiyXnCkAq1hnnRn8doPPu/SzR7+9KdoKm7tHht+nxFktKmhunNcPg1hxmK2OnO8hMldoyLjxJjUm/7a2pY8tLSSxD9grzdUC8aDBGVH287lHJIa7YKrBjQvMs8c/Vg3ZukE31hIn0HknQvOB46/yNOWDscdjNdgEe9pNYKzc8ReJHlSC6K1slLLG89CtlhTsMUYGzIDhHjEhn6LvwOxe1jQEd7vEMn3SMBTyUTltbL+GtCZ9jADWE2xkW/6rvyuX2cN3CYzfKxkr+/pDU1vVORZGbeo7muCa53z7Y379d8Zbg7HSM+9tYa8pxx8JBht6CdXnyVPmGHcf6glYvQCSM6DjtgPSQ555uo+K1Q01vE0GqF6WGiM29F9s/U02dZ9ebnRCq+VArE3+zh06pFwL+Za00q9vi8tChKWNxqs0aOuq+vUQR036YYeFx4UajE7UXSO63+QyUfqFQsWd/i7AN0Hz+N5nIjZpyPiN5qyG17wvbGc9q14gd7wge+peQo65dlsc3KHcMdnSOW/pkpsEHBwPgTXD3SuvVc3dUno34mnbnOaizP9Uo68DaL9rCty30m+rQaNlnV3vlBD9Xi19FCQXUSxxVFV4FLO+doRMvteZTHcB/pH7IN3F3S0+66OKT6avvg3VhxdfeVA9rPHb/gU4/YnnrfUIe0dA7s5UKvPNi4zVA0mhE75vTU5162aoWWTeYNhobGXFRA65VRKb3NrU9ekVrrw2e26xIMjaNZn4SFhqrfohALftuicLNb+9ADu7eZzfQc7LFWLyLNHgVjb3p4xpcCyc/ul6hWcPQpGrU05/4qlkO9qjxb9kSGrl27V4g7NmLG8cEHwe9q2PFyiV92kTIulFuiU+vQnpVakdb4nGGJUI/nUoJXO4wDvnCeKslh2rxlderu1DYhsEYwhKqm2brwHcJhUXbV+MxQLYO8xJw8l4+aVLYq6xnhlWZfpq/XRRWH9N2PKM1OP+U1dpjnOBj19swrykAZ61AuiZqWhxspX48GRlpsOnVfbytq8nc1fWV10DhVWJ71+RNiLWv/K44A2uSIqUNUW2kU0f9+47DE05B/vXHY5WiwnRP37huHS7y5Asv9bX3LxrnVh+43HFEkbOYjaVSF3O/ccRY/Qk0T9VjwvFkQ04nzxspCCncQ3u1RvB0dir60mab0Og+P4LTcNoY3Iyt1pY0Y6b6rww41PJMX7JqWFC7bKArQvTn3vaqMpcwnkN48I0SQyoRngEgxAYk4btwzdoE/uE6ZWBBvK23EqSRdZnAfFS+cmf7DX1k0UJb1+9PZ4b5m1YKWzx+yCd6f3SxulYSpN1GHhlu0bk5wRCVqHD9xxZ9CBM5Uns2d6SE8S/tB6m1k4UF1paymtuvJ3FiOWerKVdd3ut30HB0CyuHnn4SEWWzcqou4C3zS3t6BO8PlehFYfi93utoXRe1aN09vQXwljwqrIHduGzvfvrstHz2UMJuW20rrrhc6kLW5lNYalG8FYTVKL33jXjnkwJjAcbbrA/v51uPxAo+uNY7Uhb0PqIfQH5SmP2IkyvpB8SIzb69BwTW8csA4DsnF0aCmOlinvyzS6M46lnBHO3Di3ydlS+LoDMIXVhng59uqhdHediyPtyP+dVJWWkb5+sTncNakvMYYp3O0B9+sTuNUb0C5kP1wxU2R8mTliYdXxastlh9QKr0WC3scfEKF/itzOM1D7lk5C72UQaKnAvU57oM3K/1lcrupYmgc+ZcFE0+WnKY7vekoOh6J7aemSo3K56SkNFyRvNXZmRPrjaVz/o63gZVIupP02D71GEgz3HyofKObJ1034HVarhVrHbaj5Hq8XFCoBundw1LhFUVeepqNZde8JXiYY+GS3hmPJwGcp9/5XX0+H3o68YIVpN9UdD3VclwA2pcxEikhfEvwOwNV87NlbZ3nZzmP6f38dfTG1s9PaV4o1zb+1sFPWWitO3dbeI8DQec57s8sOEeMb1uJJOnIDwjYGKmkPJR0ozRT5dI6Xm91mjAQcLGJpG1KWcX9Lu/tgvmI+TXp5oR+LsmIs+vlstm0wsa7B2XfBI/Qsqrgk5JNznA4R2uPsoj4BlJ8vZx+38y67sYd4zcK7mcjL7Hns5xt2pB7z2HzasWxKfLwzUcfskxS1edUG0IM1FnSeeTiNDFMYXVD/PO7B2Ulsg4Ktlc9YfEyYQ9tkms7g7y6FX7xjYod1Z3Bk7qdH9tQgheCm67a3wiTix1ZvtUdlAENivlJx8k7bj6UyPF1WsB1jrJLtd/Y8+LE291XDifORH+/msQ7P6TxzuQ8G9cBXGZdEbdE4OuVu4lhPb7UXtTs7KadjX2vENO+t/XS9d2ZD4t9um2xdk/zaHV6hEVx5yGLr0su7V/Uul7TyFzYnLMUxb4T5i/bPShrJ/Kvg7JHk3Ko6xUbb6t4JT0aMvx2RRijmM9Gd4uylbc9FiVc1O1wf8zucUCeRk+7zLvzOOrwdmL2at1DmqpPavVXrzrYjlEzNoqpGsBZTivSRb8op6WQxYcpPKorMhXk9fNu/DbOwu1skHBdCeqYqClqpVihIlsyqGemGenrXOonmlTfSQu1F8xLY6WxjUXfMKJI9M+Mm4QwT4dZvi0NvGQzecBsOdirxV9ElLK6RJKXalWCli6K9/uj4x20vqWWW6/wg45S8qVJkTsBV1uOb2x8ebn7ymHk8DHsOyH+0fb27knIZ+3cTCkztbGCIy/9I8+h5o1UD12qN5T6YSybQq1oveAdc9XU5ZzXpx3HZSuPD82xxee40a2zqk9f2Dt2vcrNd2WJya0VHV6akKPSyMbb83ecaIs0OBy++4csGms7autqG2Lj7Drux8ncSZNYV7sYkkkKbkwed0KLKlqJvav+IN0v6ESrNXCki++hidc6Fev827KzWgUGp4kQhYIZ1wVb7/oqI6UrY7FHUxciD8pS5r/FHI3oE8OyuSD0TF4fUTCl1L7pfA0lnTHDxWujDM9+JHnGOpJJ5mtYevx0nCwlt/J6HIWLxkJM1RqdsCvbNU52Kra27WFvCjZeS5v6q8pBxe3N5ve8Ik91R2klhg7TPFU1+Bik8PCTlr2C6MUzVYEI403O9tNlB6jueRopPGgThk7UsPKF3KFiC5iR7Zs/urZYxXZw3uzi1Zv51c2NMxKste/OjjFe9vqo9CkqIM9/Ef2WtXlpQuc08+g6E73C1Y25OJkGCXedCu9W+oh4s3NoJ8b68fK8qssxG5SEsUyzjJqn2S7si2L3+FiYjC9hszwkwygfqwwYG8e7qfddo+xeaMghCFsJxxbM0sWRRA6YorZLN3wjsp9qpEVp2xmIhCnyaeu5hb/LflwoLRbG4No0wGV3q2jQgZbFrGE63u+hNU2EgcKTLkRW2IFzrPeCPgTT6K/QugqpEp+dELvseZUix+YgZ5AAobb1LuWcPzPHYg4+KiD7sG6LvqtTzssGnDpFUGJ5wGzSbUEMu/LpmG9MLveMyjOGWE1GEjLOU0dYl3J8XfqlLftg9wgu3wPJOK1ZMXp3Bv4ypRMK2UvVNymbx2hCM36eQeq4Y2kGotqTLS7OUygemP1m+9b/9aXUEpUrDONs2Lgsxbus2Vn6talhj/jgIkWm1h8/RQX1tvcBNeWtb1aOkoTMWgLa1LSNT/3oZYtmKUeUNGVLHnx8AhXSkE2wpqNYqGrqFvK4OUfJX3Y3lLJ4DT8SpTu6saT3hdsTuXNK4RD1HLgKj7Xc8Tp5bDL6+pWvjOosA6qChev3oynY7me/EUJqaUdHzSdzpr3Y8bxu4Ofs1tm09nUqt0jLrOCWWdKWQbRlwlxteKr0TkXHsc4QfG7CJTvxI0/tjFYWJrZ+Fp4PmG/vYcot693UyljrKN+4tKzjYNzhWHxhdH0kHV45k5428rXIodgLNRguspmrxp07fcG0J+4YlZ3bYRGOWtGcsMv+cdsH15QHPxIgLaR7j2OmNB8qUQkLjQTTUQkx6CRFnUF2G6rJPq74JunXxBthqGR77Ts1DXqkkpkqNueMyUgO/bbGRNG0OQ3Lgw7L56l1eVNreu5I6QMcZ0PD5uV/fbn1g7LQnY8FdaUtYOjOZwDtz1OlqYtNXF5si/581y8wRGLgZNqQToZoUVdpwPrJLn2lHCMFI7EK+PZD4ShZXazpE7jZ5ddISqTx5dALJa2J920opz7awRD6qYxUDtlGn+QE6CBMO252xVY/U6wPK8w0WSvcE3wWU3M3R3+i9oCuYs8hwQPK4YGCuIx5V311JppXnJwZwMpxR9bazJpngbIS3SZOWrJ2VuapRynTX6gcoYkokq3hCL4TXVadbzrcGz+femPrq32a99qi2VfNUtJLuH1thAX6y+IHmfctgl83cZ/ECtRYv0/SD3+h4vwm+U6T9pvkKB+/z47P+Tyhny60qdWUIW818EonBmdWJ2tG+r+L22nJ3XvNb9HENjzVdYPvo+51YRFIEX369l1baQ34Nch1iU6kEEmdWYTmmbeUhoKoDP9dr0uV+HXJ+dCR9uF1Cc58DTkFq3W+W2Vmh+R4Jr5vrmXavx0IpmKTPeQTQmLN5gKemUsDP9a+h+SRpG7yLaeGOQ/EC56ISF/LkNRN74DDhVF5GvRHFjtN87snEsLUuI/E9hYm1ZaMaF9pE/rR1C4RDTHga+LjSHV4EPqiA78cQM3bfWfqiZMCPD8fw6djYm0tmH/zAR2vztWdUAAhKPwi9UpkHt+DZf8jPJ3dw7l5pu8V3pVlm4ZOLeTDMzfFBREn7wvdtL6OLFYY43KhTUuUXD3XHsU6KMpP46cj/mVptuFU8qXniobEDk2B4bBhUVYhvSMO9u0knpKbsFgW05Wf96x2HLOMQ80VjzJMmhAlJacop9YEXISS8ktCqSOSDKslYqJpM/U5PxLKXo7UbX6XgE+PMd4pPqHBy3hP/wRlsgWHZ9t5txR1+5/Wx5+gT16PsMm5R2KnpfDMhcYgaJn1MVgXJyNCom26R/uLlwUMA+UfRYYffHGYOhSaaEglR3/wobYCRiJDHeN4WpNlXeG9BrfP1YZB75VRv22mpFCz8A3TwSzemOjqazP8rUxCNDZGZViOd5an2xbrp14seTa2bZ1875+8MMBcKputR8n64XgIazMtdDtohvQJRl+SqAmrv5OrL5pU90GNK5CBKatpEMsQdkLJcqnKqMhv+9VZWXa3lJbxrZvo2sVZBJVyz8/T2bwaeR3Hym27BRovsE+E8Ahu87o/NR9gL+eRgu7QcESxbywQSj9zsG5rHcMibV/rrlpzMRMYdA6UwBiVZa9qdxE/ZlbwCZ1htzs0rRUCxXaVcr0INfsZmVYfn3ycxba1CF/pL1viyiVKX8ZdDKi1WncdiHEO3zry65yT8Q7J7Cy39+ynvPi1VBiyoXb2StovPkfDtwknyg0YzrcIc7HS5N7U053JpeH2gXwMl/0qCLkUK/XEunj3SO5d+bha6fY+/TONwkYtmW1P0/MHojyWmnojUmeVBEm5sR2vQ72O3LRfdKBjha/oSZQwXQlrO/C2IilO6RLNYLA5a4XjqMJ9y+/IkoXbh3sVnG5GslqbMWbSk5SfsdHdkXigXM9cq6t/z7eF+GMJ4sAoB0dpzm6kdNedZ3e3eP3jIBtrJU7kLP3F0gDjX4JmH3MDv0g1041VbzKxvUi9SnzXeE4BpSjFzOt2pVw5ij6DSbQU40XTqlDUdsagtJo/hyN1oXpIDyQ/f4rlRsokzPABvN69xpN3qhm/0kDq7w5zwqaukwzz8zkjKiIV/TIquli6YKxP2hlohLQWVVmpT7zsYmp4Nq5glxGRI8j4TvNutq3h6SKFgxIVzPRWw1m3VhQ5fa4/GquMfjd2yO6+hclpw7dvWV7k0MICLl+m8Qvwf57zU1sxA5l0aozStIYUMeQ/ybNgMVprdngV4KPp+3xf0FfG75m7tloAb7XFSelj32R3BNSWb/SWcml5mypJzg7wTcxU26eWZXEYIA0bEz+4F0qdlhbKLt74QCf0ZMZ7R8uzUDtaPW1T78k045ar6d1U1reCzw/OcmtTb/yMPbsw4Cnn+rjqcsdR3c8wsWMlXTOM+cceGVrkEJ4/RDchif30B49ST3+6q/dzomGWOyTI4XEwu4StqB2tNN/w4/qI9vUDR6s3vhaiTPOureD8xpT4ino7OgDF40Dle5aOWuW8vmRR9k6010ZSj6ai/mL/z46Rxfn7jkN+t5Gd5o+8WdNvbYYNtVWa/voM3LaFiy5PPoNZ15ASvFHez92/aAnsVC76ZJrJ+1yVMJ2xKmjQMsvksTIXM0Kl6x+Y91FpbnIiNPawVNnnGw6U5lQYqpXzv3ooJCNw6FiXzA5zjZIGmnbY1K3OjoUNNTabTjAq6Vz1DxZCHSn8wW6Na9pOumFe+THwyUgoYayB5ZyD5vXwudfTN2ftup9/WfrY8z315UO/cElxze2IC9C6Trn3UFcuiqfnzM9+F2xBrdmmu/QlbGeIm6+9Cs/t8i05NOSKLJr6zvNqVPUADdfmEnEpJU1ORjitssjoTmX/h3wX76ZP3/12vqMaD7MoLuygb0dxOHUKhDNXm9z+EdcvxSivrq/D/rUPX+HfsfOewWBhRvVDtYbERCt/XmPf48eQa7bWiXazuT3AtSsos8VRtWdpWa+Wsz44ern9HPPKp1yy544a7XEaiy1vGyy201WPtnd0dJDL2DyjYd7COHic/7F9Mr+JSIEkb+Lj9qekZ4SOpz9U84izKfYX4S/sHeqk7+JhKuqXUcYc1Iq5D+03EJo9F00cxQvskhYPwlSSWk8tztz4UCH9dCi/+/Bj5LiajBtD2I9v0k3jogp5ApPagLrVfMpIGdxEz4x/qC5F3OPHwl0dyKxZQdbM44GIdXv/ga9Cs+2G31dT6dcWF1WWW0Ze2S/258UXaiJRWm7Hi+KChz5SuaUrFXIfvVashfx4NKxtW2Xcw7yC0QsWwbiwpfHts6Une2Pc6Hrnp52IoRDtF9/OKXpGXlXpL3lrxD/cAJTCT/Hy27Rp1STFa0vzG0APh6dcxAx9MCsrOpSfEsqQMVmDfzPhZltcPCrsgWW3edh1qkXJrJyNJmj6c+wGpJrfU5H7UXQsTneMoTz+xc+EuA9dX0vhcMkqMUpJrhuNzfc1m8dY1Ku4fc+wPbewObCZ4+FvcePApsrZMX5f5UcaocNsrjpBY/Vr6nV59eboDLkUvyr+NcGmKKUgXNiJg/bjkhyh1VYWgXpd0JDeEtPONdVLUuY9HpywG1HrghMJGUWXn08/DL+22nI1MKRRbaq3ToxPuuEk4+sHAR5dc9Vyqd2e2yKrm6lMHvBkpLz5vZ2bS6Uwp++PpLWDIoPqF+tYNrkOHG/0OHi+btwEsi67/ZlSvNKPeRsq8xzya87LHOrlxVOIZc039WZu+DZ71vClayP+sPdRBE9k1qfcMpR3WcPldUbW2sX05/kUkWeF3UwBAaN32VndHtbQQwR5rUM6Qe9ufXHK4ns7zirL7MT9+kTsoNqhPtL6u52GzrIOFSBUmLlTSy2nqFzCD9/CIHyxbuoetJ8hpYlkpaZ1k3eha272wXaJiexA/eY32+0p2YGrO5d0KAtlvy59nDu6DUnMIvptBxlApLXWWgAPqaSnCIYnJzxYVDU+KXvP1SZ2SXV5WsBzNxrbV2ocWD1eCUEObPrKZNdTOrlqjmyKPTSfwXWGsG5wrwk+P7aEYGAN9b1/2x/99dVxamGn0Um2F1m+2Odu7TIqU+s9/U1RMjWnFw5SR8VW+d7k6oQAY9Y3Syf7RdFNnct5kS2yzEyHq87i6la6t9pdeajmNuHPWWq73Pq+hHvxeXEo2QWnxmXYZN/0faDk6N1Fd5fO1e1jzJz4r58SPs48XLGebkAhd8uUvd1JU7P5jnelt+2SSGZPSydbdfJyTO37K+CZRNWN1I6Kmy+liheePF+9PdF1guM4b1b3tcyHyjfsb71U6SielDTkz3T7UXD8mfWxjmC8jUve47kym2eIGvsZn/CkHMlCu8Xyiw+mtDdjaAjs70uHPDoPJl58gu+gc08SnHgq9kEa8ZN/uCz0rSmubsH1a3Bb5zSzuFpd2bwtX+VBS/e4YlwFZ4uVXnKKcizLLZuyxxWGJs8in+aw2rGp3Y896lP9Vk/cxm8wQeLK0OXJ4OND59ko8aO8awezbhur3pLj9/KtvMruhzDzM6da9fvPK5BrjMIv9ZQn/1RloKDYFqGg4P7LK5BdiW5u1g6WrrtvPl7ksXf98PS71/KPYxCfUh8W8bkrq0NzcJP8YbGnXXfih+fMDworMjGolFBYmSwuvlymVNDPFjVdHS7qGPC9rTR23c/v6n2fnef0PRzjgWUzzwdK0nmEY1u8eWTvDS7lOT72Xfw5/mw07bqENCdzC8MT3Bs5jgvCdRFN+XlfpvWb875JX8/U7Ly9WKoyTDE4Lp0R/eTwpkk3n2fV5fcdia838bWz6Mgf8iMvXWsxJlfDVc9NtIoglH1i2o5WOL+cN6H+KGRUM5xmUvnBVSKPF347xLLJVcEqmkOCwf/ZgnuvwwDruqiPcPzMbZcjZ86Ldtlyidapn1Ss/1USLPxc8POT1CTlGZGYJA5zpfzgY0B5ny77T8x3RRvRF2Fil19ayrFWkoCzIr4szsLGDbIuLUmGm1djkxhOtT0W2kpcoU1sH3vMk8QlhL8qLMZtPhO/OlSfS291vkgx773u7J0CNyOpmILMg8D75AORG3bVoUpe4r+6jaYJsSXW/rI4zeZzsZQBGgbCU1fYVW5Gwz9a3HdKYsXe6mzE2nuu373fzJU1O5MHo6c+PbapN7R9kbICyX51lfPHOaPPCNQTrhtMGllmEk1xziUvpg+SipebqkWgk+xHufjC4/kEhEuoPsUxXL/BZPzT6sI9xOKxZZFTPfxsrA7CLbEyQlKTkQ1fWK245NngjNlh/Yel6x48pDlUukEb+Zmb7/ARziL/Y9/l2rW8WIOii1LNjmlfgg61YNm/Q7N6zF0LKs85UF0Pyq0U1ErIFDW8JX7NSZ11ka0j4TT9YYcl6mY2HdGgk/4xj4Wr2OMkWJs8tSqzCcXMtrGureeEJZ0ucyao37TKDitUa8KS5OFjjpgk6SftQuM54eN0m5ouVgktxnzT2VfEAxMN38Qauk3Ya74UnDsklDr+hXNJfX75NMRl0aWukB6QeqtH/bzFUE+xo5pJ4Hkdu8itFdypKJlPeDjR4nxFtI/kl4A3L7g0nr4aOXz5rp3gmc+Yzc2vlMZyLs+7L16UqWTq/DRKP33Ig+ZnYc9iAq12ie3ZQzDTBEQ8LkSbwQJmKDMSiSZBwsfUVlO+pCp70pn4+F1jrZhr1f2p9FJXRvHzobpImZ1WUibV8hwUl5bB8DniWOI9Ll2TGfMdnQcJmWyj91HVM3k9JUE7JrXvzELkd2Q+OvzI4SidbmiTYvikLBRGtXbt1Fz56uwpWc0LF1tZhJByr6zTeMx/VNI8pD22fta8a3bTt3jejWfk0acN9bxed9KZFut1Ot8PV3nf3fHwCb8+ezJeH2bCCCXF0qxxmOvSk9AyQVrBNaEzimIhp2wqWZ4qXZJnVRQsqPiKYb7PV//ci6enxLDBhVvqxLJGUXAJ1wNYjRG7yaUK5ib6Sw+0+4lDwiktn2+9c7YoOc0r5jJCQ9n3pao3WyyUf4DQHfp5Zk1/0I/WgGjMoO3jmfXwQe4i90kfo8CG6rq5HzcKmx1yvn4iuEGrYNw1S5o0R9AaTmjTIMXBzMt3f4lfYe2vCV4ieLv6jPOEhQjeQXOHP2cZckFX3zcf+XhlyxVeW121DX9RleT9Y9zBTRZxh8lfjCqNpoTYySQxyoGxfCHssSZgFcniK3b5Nk+S76MTi030V0YJx3HcO7dT8oP7dkQ50yN8xwu4PT/IjTq/EPn41Qe/9sL48P0M3SsTrYewikrtP20e7tAeOchwhulGOf/MsVmTp5O1NPoRF8edeTqwtVGXmX8eUkw5BrScB25i5dbZKeNFqtN0HHv4fgiL1lQzKDWxf281lB7V/jjLOzUS4cDWWqAYPcxBw6t38sUWXeuFz4Z1pBkOGvmjEWtsGjQrr6/OFXLK4LPKqAkZ99YjJ+58wx0Wjb2rI2zjS9Wesn7RfzrpJylezT+yomNEkMKSqdZX/IGMMWPGh+Cr2L6eUB7m9Kws97wPZ00NzOrlUs0DK6DBlAH+lLPFgpDIsuab5yBGSbfTL84LX3pdYIF7FclhJ8jI+lRf6bXZD/kbcU97b330FQXOuBZOihAPc4SqnZibDpo70nIiv9Ug+EiGd8mpsypmOywll+uyA/Qf0DCiQwuVOR726K7buyE4J031WIGt69aScFaWbmdG+tTCqEsrHvpxJdfdAt90xToMnphBRQYDc+5prcAXXnxq/GEHlCOrjXnMhIW1B6qnRueZ/tPnacqzWptRDW+oxS3xT3DVcU0mjBepDcVYuU2GLKLX/Q8X3mWTXWnUaIhpdxLZekeTyWh4TJXtApDkhePWuuiU/KWPIbgvPlAnUOyRgfItMdOJ85/FmvjSNmn4YkhJ7SmR7ziCdRvVJ5VvZ9Bd5VyFHJCre8o1Ksp+2SW2beWLE0Ehuey6cuIMzLcBSXyaEsMCqXAK5GrBPFmuaG+Hk16Vll842wRrjVnujj1zP2cVDveanPGsUjSXcjiGIVDI003T2QQt6V+5MOT8vDP0nXnrTR0aEdf1rfZN4665H9foNwJ9B1duGGUNXXvkDrE1rhxcf2TSPev1OGN0zjNSQmsk3/LY13qV+PlDCKeMC/e6bHUwqvR+mQJtBag77cwYH8YG6BOh3iziC3RhXkOEqmT2dbVuWmCR+0av7pmbis5AYe0p5a7T30KzRia+htzobJMvS7f2ST1oNkcRFjcEOPZrr0viBijlU+tC8vt+1NsWmYf/eJMRz4PmLOvjM9gKP/79Bp2t20zlZYakUa4nD/mSYYDUodczCXhX0sDj+uvh3eszEac+T8b1r5tZ7VBcGW19OndY9HVG77cP1IVsrLgnt0Me+7IyS7wcdjin714T5HuiIzNyynabLe7QI7EEm+6kqzdY54ZxqpAQjR8W7c2rwuuWYT5b4gMLFTcqR4WMGjfOGtX0LpuV+4YbpzdnqPzyHfOKVEw8HW9ZLnB47dGKWmu5fryr707Fj/sOLhY+Gg9Pzc2dMhXNveh8AtJnn5+7zCEw94VVanBcUQDCiD3TRtfrE0ignvY1GSj9wTNwqrePqSLDZlvqLTKaK+qHR+YIyaNp5b6jyU6xowmvw4XFl/ynUx+/irx9iVl4rcCColLarf49feQ1JW6H9aAnTs9ucVVem+5wubx8eDYjYG2DczaDbus+l3Wh+bQkIjmiw6+CcpR49KF804tRG5YU7Y7lZ6ZGNRdIAxmDVqaVQ6u8Pi28bmluyjm8K49OH3jjZxBJYmDZWjwSf4T18q8rF04lfT+5s3WQb4f3/2kvin9pL4r/+uL6i/a66GDt9q8/PeEq9btgo9crqRIFf0KAQ/R//xLRjmhPdHCTdHQhEF3WpM6/ZrqgLdF2/szbfpZWqYHC1tfjnxglXwdBfsXmbOn3CmVS/MeKmjXa+IU9jaAiLQXFg0MUFKf/t5X/+vjMGR2i5a5SfH3JzPED8rDvsZIdhYevfgCmcSptLkdqmN66afaIqi5IUofhMlqzkh5L5Ivyo3jXRz3cSic349yMkQuvbndFjn73lPw63iFVHvHRH1nQeiBqdIWPqupkdnvxgTc1bbY8Z6VCRn1dT4b9qgssbflIoXj/I19oO97G/vpYtVPWkctKaodhg4efp53m6s+vdjedlFJ9HMEVrmLJ5sbos+gu2+XhJ+t19ohBknOBC/66ZJ2QxsE0+FweECOwCMhndh7ybp8UzLFO2awNfRWjsMCaHzFmau5dTQPreqQof+8oc6xLwpWpE6ZcP+7Zvc3tmeuun8PMyVHewUNYOB77vLGEOElqtBb7fxC30nhDGQ/UPUmKctMLfMpoBH2Uogh9Rt3iGoM4ZzPCbBzunSKdXzmo/XOY3kqCSic5Aq2d2ZoVwNybRJ2BtPde9vJDiOS3j/FhzzZee3cYe6zadoXHc57dNaSyerb0Vty7D+xrg5sXGz9jtk30Xa4D92I6ch41HKeNlr3XZNjcmSexxJCyefuCUo+l81ib7o2zHLCl6pJ8nqlLoycpC+PGc+YEB79nqls2dxR48wW2hlUdgZxbqXMWe/Zx0f3csyeurcwLFTGfEdP3dY5nfwoSfSZ6muaZ55Bxpio/PNmItSTKLtXkVT27K5PuqPWGfmyJOd/1K4o1niZ3VO41fSCl/fh4d0uA+s3PzMDjnPf7WlbLOg2DmresWN/OdbIUDUydbaeuKS5faMplOmtjREq/FWvymVHe9I7807vqeXVi6y9gvyTL5a9mvTVcmz86NcDvwKXpNePe9uhBwOXEW+2LX+q9bHGP7FC4irGP2tcf9D9pv76uUxjS6Jig6DpSvaNq5aDV36IycuSXlIxB3C+Z5IjWdy5nUVOVMVffn7PM5/JQUvcZmNeng+rey6b8RtP49rOeRXZPmfY67Xuv6OZhI4QsdPCaz0eDQTpux1aZZa8GmZc/ZoyOKX6rL2g6/a02ZkkJyrsYFt0S2mAuHs53qWFzkQ1jeor3nsy0ly/rcfhsHlTFiVIblyxoQgGNE9NPfNTcZprGPyXTSlHN7BzNV90vv2Oa61hyplBc6U0lZ+/xxkrebz8Z5nsFxxmI51zCRD7m+UqRBKL1JcXMSMY1bBF2pbXnY+M2OtLk+85GnDja6h75S5tK4ybCe3v7FTAWfijE4cyHUwk/vjyAJZ+6rBrsJOzIls7ez/f4SnpKwnubxmRLk9JK/eRHiY+PDvxc6R6Ocdh8OP+8ux8AxLi+aOSIW3lfqWv3eVn/5nzLq0c8OrxLp2fjh2u7BaGZDQbuCBu6hkCZlA9zlLqPP4xbRxmomqyacsGAhpXUD5/SPiJHwlr1TBYDxq8rnlLiM3w5GGqWpPnt+PYwZD7mmOV05VC245vmYkGDzaYa2UYTiJPqibuTvStTU94TdpHv4mwljMJPY3nF7mU7rsS6nXWSOzsVbOnK7P5KfuWyi2VLn2l5y7fcqfbP3491xYRFt3aUZ/XMOoqZN2Z2r3apBXa6El+favVZWDL/stFb3V25tJ4G/Hp+WbP/rizy2nEL7KWgYftnlO4c+rxTqrPCxe03Lge+a+lIGRJ/c3BEc2VI6Ebf8kRQ3HhqzKpAo6UxzwQeFhmku7lh2WFKKWfa7m3BIN/efFzHezI4tql0No+iUoE26jV80aDNmCtWTU/+4M4hdA22e9KZvu8ukC0Rgb98lbK7e/mA4KQh48sdi/HLGh6DKllXvFKepnwTNw7nqV+9Pho653J5K855+SZP+7kPPQWPBwxrAmT6E3Y42J/NehUw+WoY/ixaW/ItsHh4cpPpdyYWVizkhYBMHPkHTKzr6Po3TKzcEXfS5A3OQzHRQTylKXT4moIe8+Hrh8sTxBKyJ0mN2z+jJN29taUleNfj3n1uXv4YHW3hm0ycOlKhpyLn9FxnUCgm/FzBL9LY8/TnmaVrLpuLqJbM1mgJbq92Fta+ttexD+G5A4lqRUzPbOoRbspQV+36jiqX2PQC3jzObVyfhmepsdsRxbxuVNHo4o2lYi7HZhwjTOeig0QXLVq5LYBDxfpOU2Cv6EFuovoWA9UpqgGWjMG1CYepf7OwTzUdyMJH0eJdzCnnq9qLVmGPmWoVUyscKmQMS25EPb9A8Ylbi+O2kdxnGDf6ktjU8r9oWPWWcyhl0Su37HD2ioslZdh+5rAqfvSVA1mq5/lR1AM4Ge1Fw49rvS+OUUaq1InHs0lzqlzhaYVEYihcelU9DH4WisQVMEuyPYVdDtFmWy+tIRUHPNOBboQWakWfudM0kjDzsrmYR65rZRQQHbScZKgyf2tjx3AXmwZJaQ7I6Fw7uhjiG31DfSGvYbKTKc4n6qhH+jtDluZLo6f+zcNXH62pTL6JuHvxO5omltP1zNWbUwGTGg5V8x7nniX8m4fvgjz85nh25AH1pfNG9A7Qf/Ew4t6/eHjehDNIbPpIxovPAswqDTec+77RfiMKiodXs5e/Rn+rPPFTli5tQ4VW+5Rc/v1PxOR8usifPYLZ/almpaZZy+KHFl68KeNIlVx4aJJ87YgqKd1jM0/lu1KqljStZOlG+rhH8pYAb0Juymin4LMlp2fG79U8NEksLFNlEoYOIYemH5eWxg2X9QS6Ppu9ZYQ69XnI7LEA8qUB3Wuv+R9muVXQi8e4rpt9eflFS311jQAI4zsWP8b0ngu0Ljtt8j5yS1c/+pt3uyBdezw840o9odOzj8u6wi5eKfjgdE9lzaPcE9PVRdEs7mf814PRaqdPFEbzzi0p/WDx+PQTr1j/4mQ4X8vO5msGjAmQmuSWPPgtEPJAXT5SvLELnUQIDKAMhUKEiW02bo+GhjhCD9SqJDQPzjW+nJ61tau3yYxhcnhVsQJZz/KVx/rwiMo80Dqv43zZq2/+1aOOrDuabYkCAzY0Z8zsxPSzp7befj707cWEOl3ZlaN+MAqxBh45vx2c9ZdXIfhnuYt3VLY2u5O1OCUFlNCxHqE6t21IAwU6/AmmNpq71OuZB5icMYI98hgvrVEZfquHuv6g8BVeQ3JMLSE3YyXOP+EHNqA2USfcBBH6tO9S34kOkHp7MhsurSOIu9Sb/MFm6FLhNc97k8p6ic/fvoqIcOqbdsdweNzykHAhGMH8PE1iNFhD3i4jJo5Mx9VG+sl3vp9qScbYP52eD1+JjhGX+bwk6XSEOa1n6NumtwymJg19drJiiie8f2JzVOW21OxZmdAlujeWIR9X7aKamw3ujTp9WkjWtV2tbL9zeVZmZ/Jo8IRI86ehtplfz9h7S05W/FpjE1m7bFIOlN0elqX37X18OrJwse50Y1cHp6EPRtDAa5XTBfFuy8Xs6jOhJ6oOCZKrBY9axEKVnE04zrYM1XuJ3+Om6jp9LFot8bjAJ9njVnHBnsYTDEcYHV2fPuIcy8rpPJTwJavnXfPtDTtudb5Uc0b/DnapAbT2T0NgWmT15FzL+A5l3jE6WYEQBVlxpfYGdJGDXcaDwUMKzfmHzXdeNlRlLxWHB9e4Bz9NA4k3nqdh9Y7j+WuYIt8nlRvKLMQHi1b9RraPthTunfq0IxpaM+5VQCMvVqA0+7zrwjfbwwx+//XH4fg0rS612ytt3aekoNChpqAQ+d/E+9+bpE/iFR0nBVlvLSesywsuNb3j5lJTL5Ct0M926D+VX3GJapImn47p/Mftn2LOcdW1C+brrZO146lHoTVejqPdlN6QN2+c5R5wB1zU4a1Jnxz8Rs226bAyScpNS1eld36CYtNlHIJcbGmVbHZIITpBar9C9IpeB8YPjxBmq6Fm3siXB1wRGz7ys0NN3+2NdFMsX/rJFvUdNFWPYNEzpeU+KtuSQ9JY09b2NIfp2xSEjqWwF1RU9lexctpCyspuNdloK88rcztNqMwo8wk296mjL3JoaaijAqcixPXbz8Ww4OMgV96mrLJMRgqUWfTuRLxNQnlqQDydbwqdSDJBFsD9IxO+tM1tuG/11OOu7aze2Kkw3/bmS+Pasll4Pl+nRi3Em/PAVU5O8/5ItHV61umSA5Pp9vXNFw/YfMTG/TrAczQx/+JJHvPZsuPXqRU0dONCc/NvS3ZkPrS62B9oMe1WJLLhvLEw7EwRnjMccKHG80uRCsPJi/w8R1PfMA9xThQb0lo+03cSrBpIu3M5e5GBLs/H/0ik0fUtv4eSn5cN+L7O551vP/b7/TXzOGFoTENBscxMQSHwv++vwTWH3Vtba2TiOIlk9ZXq3hGceeBYoTN/Hu8YBA8nlapHvPuwniCshvQgqovle5a/fJHVkVgsqhD0QnSAL82R9OLo6mrjxjWSTIBhZuuJXFiZNrWLkVOs1Inpu6/U2JOP5crvuLWF/ToX9HbQMCBArqr66pMWjfnVhrIxdbuHN9lODySesjJhYOrPN05JX/EQe9qc+ppUsaJ667Jpkf3ZgVGP+5/taG01lIvgr48mBY9xwMaEwq/IC92+i246RK0zcZOa8qxbHDwysI5JK4jp1cOpQ6MCiheTjThgOckNIvqnykJ+qbafW2o7coUn/SB/xSPdDZaMtCCb0z1Dn91YOFzNP+U+8Nd4mtKWSZNPazdcYaykN3vbOtX4ZKOVRo6CrcQDm1X6xqbPOq30ePETcp8pb789KRRgXzMm5sD9qvvHktfLKvr81jGB2BQD5RvWLFFWbCxiNgfKlj5fVrKe+cxefmdTfPw+48632/IjnVzNeClbF/W4k1/1BaMmdSfyvLUyKfjYVcXLswTd4vswCeFlwQ2JvMb630W5K5p0W5lNw2ILXMQPrwNqg7EntagDOBMIkKwbCOjj4oI690eKxYy+o3W/+s7H4Ljsj1+jJwQtxQxi1pOkKVzyZFNtWPP6NI+K3I78tm7AE5ekkuYkoDddxaApW9xcT3sFjrU2IQXqRdLYKDrgBfpwgvI9zmkP9OQvLEpENlV3qvK+Ku+x2MxT+m42KFFG1e4c+HpWKnmbsyUyO05yMMbW9oZWsOQMVIzOSvAzUchF1idfapHNrDdIRNpu4MHzGJy4S4pP7MSr3lSqp0LBkgfy9HLmsBKrUQ1+b7WcJqNf4UidiP4EoIjpYEHemsm1K+73AzVbzhPlv8UMFXWoH66WXOGnSNM7oS7jcG8xrSzq4pmO00MQ3IVh7qtT4ksvpdt+fL5X8y3Or3B4ettUz4m9narDplPe4uil2jJt6cwHHE2sMaL0shMt7pdPvD4/807oG+4sQ90HyaB6zAnGFdzTGYB/sGpAfuSMwfEAkde0S3MGkW3+1mOXEoqeudeK5G3c0vMTzvKFP/gBRT+VkY7KLBNYg1na9YeMXcDbRf2qNhpcFP7lhtrhBwI2vqzxx2FxbxwEPj9be/V6q0GG50GcxkJI82151duxU7ARQhdHvEHks16O16dkLnClyaWeQEs7ta5+GhBggJS1OH8N0/TZ2Dq5eoXvcmaxyoMbtos1Io5833+Km1q6fuzaVpx4e5bDJkzvx5ah373y9ruOJXPx3kHWV9Z6SQes+QOX33iyl7XOv5aVCkg/PVm3cESN+6Mbn5P8cR1GT23KrM3q8/gGn4/YAH4aZ/jIsUHKLK/q0enTMed4jxFLkSTPtakbLfPxsBUb6EHnarxUdg+3xUG+Yyzb6LDz7NcVmnUWKKP136Rt7jQMaV4YrOk/eI8+nVRZyKN3eua+3uOH1mvrsVaLN9nbz80NJb6j7rcWXO5f3dFvmlytvRQ0ytFf5b70w+Dlht4XKV1NSqrDFP/eE4oD5f5/7wmx/f8Z+//9/t8cJWlp7fbbrx+wrTL671/n+f8zVnBI/d2v41ywDngroutvOLqgG2L4Rqcj4Hx3HPu/KJQUguC/ln+Ho3RBW1vd0EJFWd1Q20DtP2D0/3KKsonXthP8SY7y3/tc/wGr/jswvKMDydryryCJsal0juBP3uDg/Q2khvJvQFRVDJXOW5xXUVT+a4ie4AmXOMH5/xv/AcJT/Q3Q30H8dePuP1Eu/DsIK0dH2/8OMf2/Qszkor+WSEdBEcry7zD/+2vXj7G/A7F2IBA993LkyG+OFDD8DYadoyW5HyKSlltcYAhbqf6TMv+Ox8j/xNgvKLy/+XKG6X/huBBJrnvmsNBvQKS9gayIWMLe1yf22/Xl/BM4e6y1w14eivzm4Q7znpAuRHtHN+Lel3zqN0AFln8E6OhibWnt8Nu164HXLldhhKEGr70TvHbJ36499I9w/xoE3b8w1dHffB48+DfYjjgbIt6NnGn+G4bvN5iDh/aAgSDIkBQUHTvlaEGaAce53zLo/D5IGAwcTUBgMSQ8hIAA8AQkHoJF4pBIAI9AQWEkLB6Gx8Kx/22PRi3i0v/2fPrwXvbQUn9F6rpe+mqdkYJid/zuuSDn3kgAEYsl4PA4OA6GIUCwaAwaDkHCcXgskQgl4ZBYHBKPxUH+uefugnvZw5B5Hrf26samOAXF7vjd85J9kLAwLAGMOgQHwNBoAhILxSDwcCQRh4LCYUgAhgE/xWAI/22v1e73hfK75/Sae9kjSv0V6XL1ltIWON8dv3t+bh8kKBYCgaBRWDgegyDg4QgsDA4lgTcBg0ITCDAEBo7DQOHofx7z+1p72INCyWL+VJqWUgFsXHbH754P7YMExRFQOBIUCqBIaCIKS4JhSEgYgkjCEUlECAlDgKNICMIfZMt1vb3sIcg8v6vwxqqTHqQj+r96Xr4PEg6DxSKJeBgMgoRBsDASAYrDg2sSj0AjAQIGALAwBAyB+OfcMmq6lz0cGbfIfL/qWQfO68iy5ajZ3khQPAQF0ggSTyTAYQQShEgg4aBYNAkAcGD8sQD4AQyA/jU7eYTzaBLBeSKZPczlfewR8HgUBonDwgEiHIsBsAQCBMDA8TgYeOcBOAEDJ2GwhH9+j6Wu7GEPIM/ONRWFWSTIwEgyFrbeBwmKxILpiYAT8CgUHIrAgvecgIZhkHAigIBiIDgcBoHD/8G62sHtZQ8g89xf5XWbHCh5dsdfYo7fGwmNg5JAziKh8VCQvwASADIBEo9DonFoJAyJJZKwCAgS8c+5bNBuL3tIMi5bh9enBIBScnf87jmb/d5IeNxuwcNBkBAEBIWEA+APYBVEIgA4DEVCwtFoFIKIBv55zFdd97KHIov5OY+3aQAoUHbH755LuO2NhMYRCFgSCYbDE5FIOBSDgZGQEJDTCCA5wxEQDBoFJUL+wPMX1/ayhyPznKu4mPXoAXD9H/ir55v7ICEB7K6wwMCgOBKAJhAhOAJ4GWgIgoTHAmiwDqKRJBz+n3vu7LOXPTyZ56sFNfbvwfnu+N3zwn2QYGBiwBBgEQGdBes0CokCkHgABtZDHBLkGjyBCOCIfxDzT7572IORcwtg2H5nA8zxDbI8P+a3NxIEQEHxSDCViVAAS0LA0HAMFAtDQrF4Ih6BQwFoHLh04f98hboH72UPR7ZCy6OY1uDgHE4W85J9kOBoCBEDgFWDhIaS8HAMuDhhcAxIKHCQa5AQkCxJeBT6n3uuHLKHPTiczPN83r7jGHCOIfPcdx8kUNSRoAQYHEfCgzEGiCQ4QIATQOlBIqDRUBwCAiDgxD9Q1Vyhe9kjVxsqA5WCDNQUFLvjd8/19kFCwQhIAIMnoRE4LBSOI+AhEJAosaBIxUNBFQL+H9gxAP885tXhe9kj53OB9vfKYEJT+JHF/Os+SBgCHgbAkBgoBHQb7FugYHrg4BAcDAslImFYEhEDpjnmn3veG7GXPSyZ55Rw6EtukMu5yficJXJvJDCzAVA2I6AoBBIGoCBEPB6KBdUoEYdHYmFoKAoFFiXUP8+WW1F72SPnc5qMOgNLUFFbkqnql/sg4cCgw2EkEgLAQsC8AFcpClQrIMNgiQQCAYUl4rEQGPKfex4cv4c9BITM8/fBlmhOMN6cZDGv2wcJj0IisEgChoDEQJAkOIoAwxBBhieCHQLILaCIBDsC1B94jkjYyx654qr6KozaBL3eJPPccR8kHBRU0ygAAEhYsHvBI0BKhyEANAyLwWGIEDQRVNhwGBm3yBZPS90A57vjd3std/e2hwebaiTYX+MBHAFDQuBJABIC4NAEAEFCYTEELBaNRGOI/zxSD5L2sgcni5RV0jMNDy4Kit3xu+cf9kEiAhAEgMCRUHgYEYvbdRQUqmCvhCRgMUg0HKx7JDzpD/qBspK97CHJPJdNfR/nSAXeUaq/er6wDxIEigWgUDQRggHpAAEQcRgIgYgFYCAfABgCEcxdAIOD/fOer6Z8L3sEMs+FAipYQYFC4UuWLd/2QcJg4XCwYpDgcCQaCsdjQXGKReJQJCgaS4DAkWD/h4OhSX/1vP4Uh9x3cQqK72R7Kb0Ve9sDby4C7CPhGBSOiIJBwUhhADiaBAElPYYI3ng0EQvFwv/5PZYY3csekSxSiOoEOXVwrk4WKdI+SAg8CouE4Yggb+IAAE8CdQ6AxkCRBBJYsKBEGBENfv8DjXBobA97SMhvG6S7SIf9G902L1BQVOr+1XP1fZBAAsITASToPAIMMRwJ3yVQMOwgT6BgOFAhgA0IgvjPK+0DCOUe9mBklfat3eknVWCtqiKrVx/2QYJD4DAEGoJGASQ8FAoDoCiQ10DdQEDAUCgSCkPAQSHIP+izvyL2skfOZdtXNieDQcYPJmN9SeTeSEgoBEEAqxQOg9/VMSQiEg2gUGgAFA5g4UKDFRhDIuH/ecwPo/eyhyCLeWjr7AYMnO+O3z3X2QcJ7K3xaCIow/BYHIKAwEPALAfLLJjscAhpd7sQD/77Byw8vqc9LFnMx3mfC38D4/2NLOa8mL2R0DAkEYYDKQxPRCEgJBScBHqLQYESDUtCQwAkCYYiYkj/3HOns3vZI9dlTsySIX+v4gv2QcISCGCAYWgAisfgiGhQT0KQeLAPwUHxYNkDUxwsfFiynbf/7TmH/F728GTZQhNplJcCzlPIskV7HyQ0iYhD4KEAFAIBdTAaBoUSAZDWCVgAbJgwSAyCiCeh/sBzNYW97JHvjZ+TWtosAudFZJ4H7IMEii8sAgODwwmgGCbhMWCHisdB4CgEDkIiwAEcHLwB2D/Yp41W3MseiWyf9sSCrPNhMMcPk+V52z5IGBjYkOJB8kZDYQQsCQsmPQSBhO4KTABKQAFILB6P/4NKJKu0hz0UuU7a2eCLSQbnyWQx99gHCYvHoIkIGBIBwYDqAgYSIYADJQAMIGFAyQeuX7CSov7gSYqT8l72MGTZ4hI3ylENrs5q8hW6DxKAgxF3d6uhAIAFdTUCiyeCLmOQAKhdkEgcBFy5cOgfxLzp/F72yBXeGHWIkz441yeL+fY+SCgABXaquzuOGAgAQ6CIMBSY71A4EQJHoJEYAgJsAyF/wOcl6nvZI1dcqzNT01dBRX2VTFXP7YME4EEGx8MwSCwSTHcwQQigaIFhABISjUPCiAQoAtSLf1D9C7T2skci8zzNsZPE939Rfvd8ah8kDI4EkKA4PIJIgoG9F4yEImBwoOwiEEDVCIHgcKBWxOH+uedXtfewhybvs+mEn672MoBqnOz5QMo+SDgcAo2GonEADAcFFSMBB4DacbcVgyFhKCRAwENQCNQfPHd7fWkve+SKC3u+qV8DnGuQxfyA8d5IBAgejYFjQEZEYUggGxIgUAACRQEEUD9CUHA8DA6u1T/oLEr3tEe+QpNbTOKZwHgzkcV8fh8kKAyHAmU4AMcCWCQJbLyIoPwCvUfCQJWLRhDAT1C/19C9PTfC7WEPAyPz/Oz75SuPwSr0mKwSxeyDBBARCACGAoUuBEuCEklENBFsg3CgWkdA0GDLAcdgSAiyPbzeJtrSetBWPZm9dMLe9pBYDAlFQoNNCw4Kw4PiFEDjcAAB5DEoZneLnwQGjfAnT1JIe9jDku8wt2GfNp4F52fJsnNzHySwVmNgIIcBcAC1m6YAgYAHhRIeIJDg6N0nKxAAXFl/9fwKfxKzBy1YV8meUMZb7m0PjUCSSGjwnqBAUQwHWxAsFAWWKQwWjSKABRcFJhwBjf/n6sbGfi97GDJ1g/y0nooDGR9HxvrZ+yCBmYOAo0H5jsEgUFgsggCuYgwEDQfr7e4uCx4GlgEE2e7q/ZsiWnUUf/fUm+S0tz0SDgFHYvC7G7pglURisFAIfvdICnhPAAgBCiEQ4QAG/s8jFey8hz0chCxSPNs29+rBeT2Z53X7IBHxGAQGwKBJIEnAoQCRgIKh8QAGbOqhJJC9ITg4HP0n+2XjLnvZI2e8c8e5gL/fBeJ13Rtpt7AQdnc/ISg8FpQjUCyMQCISALC04AhwEgIFdmrAH+xRuqXvYQ9PforpdYS3FukAmBtkT0SL9kGCYKAkDBqCByBYAEYCG3somCtgjQfARYZCoeAQDAkCkK3jPTzP2cseeY9ZH1f+6++ftxTtgwSHESAACr/bJoBNGyhGMEQMBuzWALDPB3b3seAosGD+8zyPzN3LHoEsz7WSgIELII9dIOOyln2QwH4GgoQS0Ggs2CMgsQgcmPI43O5eNh5AYdAEOIZEwP3B3r/7o73skSvYJT4vIx9w7kMW85J9kIgwsEFAEeFEsL/fPU4DhaLRCHBdIqAAAoHBgZKFQID9QZ5HPt7DHoG8sreZjxyGgnMomect+yABOBwRCdItFmzRUAQkHAXHwXFEIihjoaCqxYBFHg4H/kCTGBftZY9cBzZKvubZPb9tSeZ53D5ICBIKisKjYQAeCpY+HJGExUMhoIzdfaZAwkChMLAOE/7gKbRJ8V72yHvM0iPQRjw4x5N5Hr8PEhQK3z2cB0XjcUQAiyCCepUAfoYD4w2BgZeExIEE8wddg1HJXvbI+VyzHAH/++fnMfsggREG6yUOwBNhcBQBi0QSSKAqRCDwIK8g4aDGwYMl/A90mXjpHvaI5KzIkPPAGwXyCoqMW/D7IMFJEBKWAEORiCCvgHQCJ2EQUAQCiQT7ZBwCgsISEVgs5p97/uPpXvbIT7gEYrkjXekpKFzJzhnCn+2N9H9aO/vYJsowgBcZH8ahDoYDRD6CY1vkyvXaXjuDRHQs42MyM6QobPF6d4Vja6/c3RiLEHBuYByGBIwiCSFGYogSICRm0SgBh3z8gUQiIRpjxBLREYgYQ5Dhx/PSxvZ577MGoFtvXX/P877P513vfUlIobAUhA48xAdCtWGoniz4jQTOwkMnw4XZkBgWi/CWUccc5CXMd7hcr4h9egmeXzJ5yzwXksBKEg/OAb0WG2ElkWdDrJzgWEiJ0QAfgEkn9zJ717z7uJM8851cd65tqDkKz4+aNP/MhQStqcQFePLpbSIYCEMJFSOhCFE+woVg0oUgTHkRlei7L5zkmf28raeusxt8vNvk5+UDzqTa2pAs8oEoDy0uDyOIw2SLPLlWy0JBinOBEIQuqv70zf5TkOY3TzvIU1IJ1XHhAGZxZxxYaUFsQ5+FEdapKVPfmlUC9Rf6tyVoHlKuLPKFCcvRkBTmIyIEf4SLh9goub01Go9KoiBzgQibCCSCiajkV6T1tPAXjeW318Psn4NHExI+6qt7K5z8ttM04nU01x6+zyzdtGzFuambXmbHsF6x8mZLZlg1HMEZwN21GuRPdtXGCheS22IV7CLHbWlW61Sep8ZYiVh/ubJslqgUDrYGDfbpsR6RbqPGq5EO2WINYRUe8uT2iwhUhkC/UKA6wRDQ8Mgq410n+87fhtP1GyPpZWsV4yze/qxiKPLdteS0HlXRD4xSeF5aYMYsaOEjFiC0/xOt1Jihlz7sGubzHQDFHkOsHVaswiXuhWpdbjzrsFirfgKF6koJSUVkcsdMo0rlILK71Uopuu2hB3y+I9AuzUGa9XrBVXL1EmgM3zh/GL52Zl/Eio/2DdVvi61ovzFADNMD2Y5Bkq7P8CDJek5G+35esza255vPB9vgaKsvvzIqiw5WYbSNlcwuzKKpvUBhVhtGujI4DwYM/4S04lfhxdzYk0Ia8KuQXx8jd6SW8Z+QECaPp5CSM6qLpzu6261D2/vJBxXlI2mjvv8/RNnNvL93Y2znT9XyO1DGV07LXk7MS2p5onhJMSvv8fkaxNPINrORbRoDZkE6kqR3pDRFl+EbDMWvqCgICHzd8j6ezBO5nQbP1+7i4Y6WmVs6V+Og5J8EzSNIEssVLWmhrqZooxAh+pNHhEHINmNKaKP080ULcbL+6ROH/nkFWv7VNXSuvR3FghargnR3fweGswKdn3M4egectWI6DTo4zw4UpN2k94UNqEnFxSPTgEGNii4iRyBvX3xr8591cLTIR+f8sQss3m5rapKUBuaybe0QGmvL6Tq7w4o1f72QTLfLTJ0Mr0hySjSVpayKLbP79cmQQjOTaOz8JRbYBSlD1lJCO0MKC9OsdmiibIU9ckUcuHo/lBi/zzcTYfcvs5o4DcJXM7qYpZqQ0hPmjE9mQB7cd7kS/DAzjK56F1+2YNpVvUwDg+yKu4tIHKMKnkNaQRYmoDOPPriFhHgPPKqRTmlnkK2t25uSsf0Nh1tbwSiDFXRu/92ZmjOPoajERtlmJGsq4uP0pJKC3VU5dfwpiLmWGWBxJOqjNcWL6oSwb+5I2YskoxsfL1lbAr5xE6KzEYm8oN8DkQzDzH9uGROwSmW3Svc0XQH30SCVVSHRdRsdRdulLbLDW6Zt1q8jAJq4j8426U0YmtZUctrjF1UYScqgS3qhV5Yjrzy4GYM0Oa1qBm52TzlesPvRhmBFonXBS+QnvepMEtVkUk05Amci4AoXoELMnhCoa9D0cP2IudeF2Q55v0MBVdOCJmtQnRz1rULsq57YcH5jOEIDCMp2e4XqBkSAbiiis87VCL/JBZ+EnliXtXUKNcs09XFE/dKVmlIMVSuCOOo1Z2Iughw9AZ/YLnAh6rLYoSlGl6OSGLnNBUmsJAq680ziGDjnAakT+6MKNOKZ2pj0xr6/++Dooo++2DCux5ppVxjpeZyKNPzejtYR95KN8HAn9rrCLNIIzcQR1OLOLC7q8UYeB7ziXQM/hLh/FMP1GPs4X9VvcZXgJaxwQulzh3qKLEz92p3qKbhqELViqycqHV9mLL781mqDNWTovAV8+S3bbDXP2rl94gToXt+jY3U3xWrOdu/E8oxh07r91nmwdisDlQ8aYrzH0429FC1niWx/ZOqMSBOzq4y/8zrAWIBNR7CPzzrCzLhMayI2e+K3/SeWg6+fGU7hNgw54TjzCZ3V/3KTx21aOhzh7JKb1X7teVMOtWAK2r0dq0Lv355XhW21hdh2+1Z7teeJb9sTC378387tNJjeejgPniZ5A+c2IqbbaHprzTz4XcUWbNdCW+3lmAd2tdkCczs7Ni0aMZL8/g/wtxvOJ8akQSvfv1BLBwiMbeSGmlcDAKW9AwBQSwECFAAUAAgICABWb8VYjG3khppXAwClvQMADwAAAAAAAAAAAAAAAAAAAAAAT3BlbldlYXRoZXIuemlwUEsFBgAAAAABAAEAPQAAANdXAwAAAA==</con:data>
          <con:id>da91c42b-00c6-41ec-8d3b-7008a920cf17</con:id>
        </con:attachment>
        <con:jmsConfig JMSDeliveryMode="PERSISTENT"/>
        <con:parameters>
          <con:entry key="async" value="true"/>
          <con:entry key="testSuiteName" value="Unit Tests"/>
          <con:entry key="priorityJob" value="false"/>
        </con:parameters>
      </con:restRequest>
    </con:config>
  </con:testStep>
  <con:properties/>
  <con:reportParameters/>
</con:testCase>
